 VPA Version 3.3.0

 Model ID: k=0.3, 2009-2011 Ichtio.                                                        


 Input File: RUN1NWWG_R_10.DAT                                                               
 Date of Run: 15-NOV-2017                         Time of Run: 21:42


 Levenburg-Marquardt Algorithm Completed     5 Iterations
 Residual Sum of Squares =     34.1362    

 Number of Residuals     =    152
 Number of Parameters    =      9
 Degrees of Freedom      =    143
 Mean Squared Residual   =     0.238715    
 Standard Deviation      =     0.488584    


 Number of Years =    20
 Number of Ages  =    11
 First Year      =  1987
 Youngest Age    =     3
 Oldest True Age =    12

 Number of Survey Indices Available        =    10
 Number of Survey Indices Used in Estimate =     8


 VPA Classic Method - Auto Estimated Q's


 Stock Numbers Predicted in Terminal Year Plus One (2007)
 Age    Stock Predicted     Std. Error      CV

   4         557264.158   0.280289E+06   0.502972E+00
   5         494165.058   0.203422E+06   0.411648E+00
   6         297619.307   0.986525E+05   0.331472E+00
   7         464270.327   0.139783E+06   0.301082E+00
   8         635511.619   0.179129E+06   0.281866E+00
   9         100753.054   0.288514E+05   0.286357E+00
  10          59910.390   0.162916E+05   0.271933E+00
  11          47422.333   0.130474E+05   0.275133E+00
  12          19294.584   0.640280E+04   0.331844E+00

 Catchability Values for Each Survey Used in Estimate
 INDEX     Catchability    Std. Error      CV

   1       0.109140E+01   0.109323E+00   0.100167E+00
   2       0.136102E+01   0.149277E+00   0.109680E+00
   3       0.123912E+01   0.101503E+00   0.819150E-01
   4       0.128943E+01   0.107228E+00   0.831595E-01
   5       0.134357E+01   0.143427E+00   0.106750E+00
   6       0.153583E+01   0.200080E+00   0.130275E+00
   7       0.169245E+01   0.249398E+00   0.147359E+00
   8       0.144858E+01   0.197410E+00   0.136278E+00


 -- Non-Linear Least Squares Fit --

 Maximum Marquadt Iterations    =       100
 Scaled Gradient Tolerance      =    6.055454E-05
 Scaled Step Tolerance          =    1.000000E-18
 Relative Function Tolerance    =    1.000000E-18
 Absolute Function Tolerance    =    4.930381E-32

 Reported Machine Precision     =    2.220446E-16


 VPA Method Options

 - Catchability Values Estimated as an Analytic Function of N
 - Catch Equation Used in Cohort Solution
 - Plus Group Forward Calculation Method Used
 - Arithmetic Average Used in F-Oldest Calculation
 - F-Oldest Calculation in Years Prior to Terminal Year 
   Uses Fishing Mortality in Ages  8 to 11
 - Calculation of Population of Age 3 In Year 2007
   =  Geometric Mean of First Age Populations
      Year Range Applied =  1987 to  2003
 - Survey Weight Factors Were Used

 Stock Estimates 

 Age   4
 Age   5
 Age   6
 Age   7
 Age   8
 Age   9
 Age  10
 Age  11
 Age  12

 Full F in Terminal Year               =   0.0964

 F in Oldest True Age in Terminal Year =   0.0843

 Full F Calculated Using Classic Method

 F in Oldest True Age in Terminal Year has been
 Calculated in Same Manner as in All Other Years

 Age  Input Partial  Calc Partial   Fishing     Used In
      Recruitment    Recruitment    Mortality   Full F    Comments

   3      0.500          0.527       0.1839      NO      Stock Estimate in T+1   
   4      0.800          1.000       0.3490      NO      Stock Estimate in T+1   
   5      1.000          0.462       0.1611      YES     Stock Estimate in T+1   
   6      1.000          0.270       0.0943      YES     Stock Estimate in T+1   
   7      1.000          0.235       0.0821      YES     Stock Estimate in T+1   
   8      1.000          0.346       0.1207      YES     Stock Estimate in T+1   
   9      1.000          0.260       0.0908      YES     Stock Estimate in T+1   
  10      1.000          0.237       0.0826      YES     Stock Estimate in T+1   
  11      1.000          0.124       0.0433      YES     Stock Estimate in T+1   
  12      1.000          0.242       0.0843              F-Oldest                

 Catch At Age - Input Data


   AGE       1987        1988        1989        1990        1991
 ____________________________________________________________________

    3       3144.0      4757.0     22628.0     14884.0     88683.0
    4      44590.0     41331.0     26649.0     56995.0     49081.0
    5      60285.0     99366.0     77824.0     35593.0     86292.0
    6      20622.0     69331.0    188654.0     79757.0     34793.0
    7      19751.0     22955.0     43114.0    157225.0     55228.0
    8      46240.0     20131.0      8116.0     30248.0    110132.0
    9      15232.0     32201.0      5897.0      8187.0     10079.0
   10      13963.0     12349.0      7292.0      4372.0      4155.0
   11      10179.0     10250.0      4780.0      3379.0      2735.0
   12      13216.0      7378.0      3449.0      1786.0      2003.0
   13      13227.0     14048.0      2602.0      1726.0      1274.0

   AGE       1992        1993        1994        1995        1996
 ____________________________________________________________________

    3      94860.0     51153.0    134616.0     20991.0     15969.0
    4     122626.0    177780.0    113290.0    137232.0     40311.0
    5      38381.0     92680.0    142876.0     86864.0     86187.0
    6      58605.0     20791.0     87207.0    109140.0     68927.0
    7      27921.0     28560.0     24913.0     76780.0     84660.0
    8      38420.0     13313.0     20303.0     21361.0     39664.0
    9      53114.0     19617.0     16301.0     15225.0     14746.0
   10      11592.0     15266.0     15695.0      8541.0      8419.0
   11       1727.0      4254.0     14680.0      9617.0      5836.0
   12       1757.0       797.0      2936.0      7034.0      3152.0
   13        530.0       256.0      1874.0      3147.0      7750.0

   AGE       1997        1998        1999        2000        2001
 ____________________________________________________________________

    3      39240.0     45390.0     56315.0     57282.0     42304.0
    4      30141.0    175529.0     54779.0    136278.0     86422.0
    5      26307.0     22691.0    140913.0     49289.0     93597.0
    6      36738.0      8613.0     16093.0     76614.0     30336.0
    7      33705.0     40898.0     13506.0     11546.0     54491.0
    8      31022.0     25944.0     31467.0      8294.0     10375.0
    9      22277.0     32046.0     19845.0     16367.0      8762.0
   10       8531.0     14647.0     22031.0      9874.0     12244.0
   11       3383.0      2122.0     12609.0     11332.0      9907.0
   12       1141.0      2754.0      2673.0      6744.0      8259.0
   13      13767.0      4231.0      6676.0      5618.0      8838.0

 Catch At Age - Input Data


   AGE       2002        2003        2004        2005        2006
 ____________________________________________________________________

    3      80863.0    211495.0     63355.0     26091.0    118526.0
    4      70801.0    286017.0    139543.0     42116.0    217672.0
    5      45607.0     58120.0    182450.0    117910.0     54800.0
    6      54202.0     27979.0     40489.0    133437.0     48312.0
    7      21211.0     25592.0     13727.0     27565.0     57241.0
    8      42199.0     14203.0      9342.0     12074.0     13603.0
    9       9888.0     10944.0      5769.0      9203.0      5994.0
   10       4707.0      2230.0      7021.0      5172.0      4299.0
   11       6520.0      3424.0      3136.0      5116.0       898.0
   12       9108.0      4225.0      1861.0      1045.0      1626.0
   13      19046.0      5507.0      6720.0      4573.0      2995.0

 Weight At Age - Input Data


   AGE       1987        1988        1989        1990        1991
 ____________________________________________________________________

    3       0.1680      0.1570      0.1300      0.1270      0.1350
    4       0.2000      0.2210      0.2060      0.1970      0.1880
    5       0.2400      0.2390      0.2460      0.2450      0.2320
    6       0.2780      0.2710      0.2610      0.2720      0.2670
    7       0.3040      0.2980      0.2900      0.2850      0.2890
    8       0.3250      0.3190      0.3310      0.3050      0.3040
    9       0.3390      0.3340      0.3380      0.3240      0.3230
   10       0.3560      0.3540      0.3520      0.3360      0.3400
   11       0.3780      0.3520      0.3690      0.3620      0.3520
   12       0.4000      0.3710      0.3890      0.3700      0.3690
   13       0.4160      0.4030      0.4010      0.3790      0.3980

   AGE       1992        1993        1994        1995        1996
 ____________________________________________________________________

    3       0.1480      0.1450      0.1340      0.1300      0.1390
    4       0.1900      0.2110      0.2010      0.1830      0.1680
    5       0.2350      0.2460      0.2470      0.2400      0.2120
    6       0.2730      0.2920      0.2720      0.2770      0.2580
    7       0.3120      0.3240      0.3030      0.2980      0.2890
    8       0.3290      0.3500      0.3330      0.3250      0.3080
    9       0.3390      0.3620      0.3660      0.3580      0.3250
   10       0.3550      0.3760      0.3780      0.3780      0.3530
   11       0.3820      0.3860      0.3890      0.3970      0.3530
   12       0.4050      0.4190      0.3900      0.4090      0.3770
   13       0.3920      0.3890      0.4100      0.4330      0.4020

   AGE       1997        1998        1999        2000        2001
 ____________________________________________________________________

    3       0.1310      0.1340      0.1370      0.1590      0.1390
    4       0.1910      0.1850      0.2040      0.2170      0.2140
    5       0.2330      0.2380      0.2330      0.2680      0.2440
    6       0.2690      0.2640      0.2680      0.2890      0.2860
    7       0.3000      0.2880      0.2940      0.3250      0.2960
    8       0.3240      0.3240      0.3110      0.3420      0.3240
    9       0.3410      0.3400      0.3390      0.3630      0.3470
   10       0.3550      0.3480      0.3530      0.3780      0.3540
   11       0.3620      0.3750      0.3620      0.3930      0.3850
   12       0.3670      0.4060      0.3780      0.4070      0.4030
   13       0.3970      0.4150      0.4040      0.4290      0.4230

 Weight At Age - Input Data


   AGE       2002        2003        2004        2005        2006
 ____________________________________________________________________

    3       0.1610      0.1560      0.1490      0.1700      0.1890
    4       0.2110      0.1890      0.2130      0.2240      0.2340
    5       0.2580      0.2290      0.2480      0.2620      0.2630
    6       0.2800      0.2600      0.2800      0.2750      0.2900
    7       0.3190      0.2830      0.3150      0.2980      0.3040
    8       0.3320      0.3090      0.3310      0.3240      0.3390
    9       0.3540      0.3360      0.3490      0.3350      0.3490
   10       0.4050      0.3360      0.3550      0.3350      0.3690
   11       0.3960      0.3690      0.3790      0.3560      0.4160
   12       0.4160      0.3940      0.3880      0.3720      0.4020
   13       0.4470      0.3990      0.4170      0.4020      0.4300

 JAN-1 Weights at Age - Input Data


   AGE       1987        1988        1989        1990        1991
 ____________________________________________________________________

    3       0.1680      0.1570      0.1300      0.1270      0.1350
    4       0.2000      0.2210      0.2060      0.1970      0.1880
    5       0.2400      0.2390      0.2460      0.2450      0.2320
    6       0.2780      0.2710      0.2610      0.2720      0.2670
    7       0.3040      0.2980      0.2900      0.2850      0.2890
    8       0.3250      0.3190      0.3310      0.3050      0.3040
    9       0.3390      0.3340      0.3380      0.3240      0.3230
   10       0.3560      0.3540      0.3520      0.3360      0.3400
   11       0.3780      0.3520      0.3690      0.3620      0.3520
   12       0.4000      0.3710      0.3890      0.3700      0.3690
   13       0.4160      0.4030      0.4010      0.3790      0.3980

   AGE       1992        1993        1994        1995        1996
 ____________________________________________________________________

    3       0.1480      0.1450      0.1340      0.1300      0.1390
    4       0.1900      0.2110      0.2010      0.1830      0.1680
    5       0.2350      0.2460      0.2470      0.2400      0.2120
    6       0.2730      0.2920      0.2720      0.2770      0.2580
    7       0.3120      0.3240      0.3030      0.2980      0.2890
    8       0.3290      0.3500      0.3330      0.3250      0.3080
    9       0.3390      0.3620      0.3660      0.3580      0.3250
   10       0.3550      0.3760      0.3780      0.3780      0.3530
   11       0.3820      0.3860      0.3890      0.3970      0.3530
   12       0.4050      0.4190      0.3900      0.4090      0.3770
   13       0.3920      0.3890      0.4100      0.4330      0.4020

   AGE       1997        1998        1999        2000        2001
 ____________________________________________________________________

    3       0.1310      0.1340      0.1370      0.1590      0.1390
    4       0.1910      0.1850      0.2040      0.2170      0.2140
    5       0.2330      0.2380      0.2330      0.2680      0.2440
    6       0.2690      0.2640      0.2680      0.2890      0.2860
    7       0.3000      0.2880      0.2940      0.3250      0.2960
    8       0.3240      0.3240      0.3110      0.3420      0.3240
    9       0.3410      0.3400      0.3390      0.3630      0.3470
   10       0.3550      0.3480      0.3530      0.3780      0.3540
   11       0.3620      0.3750      0.3620      0.3930      0.3850
   12       0.3670      0.4060      0.3780      0.4070      0.4030
   13       0.3970      0.4150      0.4040      0.4290      0.4230

 JAN-1 Weights at Age - Input Data


   AGE       2002        2003        2004        2005        2006
 ____________________________________________________________________

    3       0.1610      0.1560      0.1490      0.1700      0.1890
    4       0.2110      0.1890      0.2130      0.2240      0.2340
    5       0.2580      0.2290      0.2480      0.2620      0.2630
    6       0.2800      0.2600      0.2800      0.2750      0.2900
    7       0.3190      0.2830      0.3150      0.2980      0.3040
    8       0.3320      0.3090      0.3310      0.3240      0.3390
    9       0.3540      0.3360      0.3490      0.3350      0.3490
   10       0.4050      0.3360      0.3550      0.3350      0.3690
   11       0.3960      0.3690      0.3790      0.3560      0.4160
   12       0.4160      0.3940      0.3880      0.3720      0.4020
   13       0.4470      0.3990      0.4170      0.4020      0.4300

   AGE       2007
 ____________________________________________________________________

    3       0.1570
    4       0.2200
    5       0.2450
    6       0.2610
    7       0.2770
    8       0.2870
    9       0.3110
   10       0.3380
   11       0.3340
   12       0.3460
   13       0.3690

 SSB Weight At Age - Input Data


   AGE       1987        1988        1989        1990        1991
 ____________________________________________________________________

    3       0.1680      0.1570      0.1300      0.1270      0.1350
    4       0.2000      0.2210      0.2060      0.1970      0.1880
    5       0.2400      0.2390      0.2460      0.2450      0.2320
    6       0.2780      0.2710      0.2610      0.2720      0.2670
    7       0.3040      0.2980      0.2900      0.2850      0.2890
    8       0.3250      0.3190      0.3310      0.3050      0.3040
    9       0.3390      0.3340      0.3380      0.3240      0.3230
   10       0.3560      0.3540      0.3520      0.3360      0.3400
   11       0.3780      0.3520      0.3690      0.3620      0.3520
   12       0.4000      0.3710      0.3890      0.3700      0.3690
   13       0.4160      0.4030      0.4010      0.3790      0.3980

   AGE       1992        1993        1994        1995        1996
 ____________________________________________________________________

    3       0.1480      0.1450      0.1340      0.1300      0.1390
    4       0.1900      0.2110      0.2010      0.1830      0.1680
    5       0.2350      0.2460      0.2470      0.2400      0.2120
    6       0.2730      0.2920      0.2720      0.2770      0.2580
    7       0.3120      0.3240      0.3030      0.2980      0.2890
    8       0.3290      0.3500      0.3330      0.3250      0.3080
    9       0.3390      0.3620      0.3660      0.3580      0.3250
   10       0.3550      0.3760      0.3780      0.3780      0.3530
   11       0.3820      0.3860      0.3890      0.3970      0.3530
   12       0.4050      0.4190      0.3900      0.4090      0.3770
   13       0.3920      0.3890      0.4100      0.4330      0.4020

   AGE       1997        1998        1999        2000        2001
 ____________________________________________________________________

    3       0.1310      0.1340      0.1370      0.1590      0.1390
    4       0.1910      0.1850      0.2040      0.2170      0.2140
    5       0.2330      0.2380      0.2330      0.2680      0.2440
    6       0.2690      0.2640      0.2680      0.2890      0.2860
    7       0.3000      0.2880      0.2940      0.3250      0.2960
    8       0.3240      0.3240      0.3110      0.3420      0.3240
    9       0.3410      0.3400      0.3390      0.3630      0.3470
   10       0.3550      0.3480      0.3530      0.3780      0.3540
   11       0.3620      0.3750      0.3620      0.3930      0.3850
   12       0.3670      0.4060      0.3780      0.4070      0.4030
   13       0.3970      0.4150      0.4040      0.4290      0.4230

 SSB Weight At Age - Input Data


   AGE       2002        2003        2004        2005        2006
 ____________________________________________________________________

    3       0.1610      0.1560      0.1490      0.1700      0.1890
    4       0.2110      0.1890      0.2130      0.2240      0.2340
    5       0.2580      0.2290      0.2480      0.2620      0.2630
    6       0.2800      0.2600      0.2800      0.2750      0.2900
    7       0.3190      0.2830      0.3150      0.2980      0.3040
    8       0.3320      0.3090      0.3310      0.3240      0.3390
    9       0.3540      0.3360      0.3490      0.3350      0.3490
   10       0.4050      0.3360      0.3550      0.3350      0.3690
   11       0.3960      0.3690      0.3790      0.3560      0.4160
   12       0.4160      0.3940      0.3880      0.3720      0.4020
   13       0.4470      0.3990      0.4170      0.4020      0.4300

 Natural Mortality - Input Data


   AGE       1987        1988        1989        1990        1991
 ____________________________________________________________________

    3       0.1000      0.1000      0.1000      0.1000      0.1000
    4       0.1000      0.1000      0.1000      0.1000      0.1000
    5       0.1000      0.1000      0.1000      0.1000      0.1000
    6       0.1000      0.1000      0.1000      0.1000      0.1000
    7       0.1000      0.1000      0.1000      0.1000      0.1000
    8       0.1000      0.1000      0.1000      0.1000      0.1000
    9       0.1000      0.1000      0.1000      0.1000      0.1000
   10       0.1000      0.1000      0.1000      0.1000      0.1000
   11       0.1000      0.1000      0.1000      0.1000      0.1000
   12       0.1000      0.1000      0.1000      0.1000      0.1000
   13       0.1000      0.1000      0.1000      0.1000      0.1000

   AGE       1992        1993        1994        1995        1996
 ____________________________________________________________________

    3       0.1000      0.1000      0.1000      0.1000      0.1000
    4       0.1000      0.1000      0.1000      0.1000      0.1000
    5       0.1000      0.1000      0.1000      0.1000      0.1000
    6       0.1000      0.1000      0.1000      0.1000      0.1000
    7       0.1000      0.1000      0.1000      0.1000      0.1000
    8       0.1000      0.1000      0.1000      0.1000      0.1000
    9       0.1000      0.1000      0.1000      0.1000      0.1000
   10       0.1000      0.1000      0.1000      0.1000      0.1000
   11       0.1000      0.1000      0.1000      0.1000      0.1000
   12       0.1000      0.1000      0.1000      0.1000      0.1000
   13       0.1000      0.1000      0.1000      0.1000      0.1000

   AGE       1997        1998        1999        2000        2001
 ____________________________________________________________________

    3       0.1000      0.1000      0.1000      0.1000      0.1000
    4       0.1000      0.1000      0.1000      0.1000      0.1000
    5       0.1000      0.1000      0.1000      0.1000      0.1000
    6       0.1000      0.1000      0.1000      0.1000      0.1000
    7       0.1000      0.1000      0.1000      0.1000      0.1000
    8       0.1000      0.1000      0.1000      0.1000      0.1000
    9       0.1000      0.1000      0.1000      0.1000      0.1000
   10       0.1000      0.1000      0.1000      0.1000      0.1000
   11       0.1000      0.1000      0.1000      0.1000      0.1000
   12       0.1000      0.1000      0.1000      0.1000      0.1000
   13       0.1000      0.1000      0.1000      0.1000      0.1000

 Natural Mortality - Input Data


   AGE       2002        2003        2004        2005        2006
 ____________________________________________________________________

    3       0.1000      0.1000      0.1000      0.1000      0.1000
    4       0.1000      0.1000      0.1000      0.1000      0.1000
    5       0.1000      0.1000      0.1000      0.1000      0.1000
    6       0.1000      0.1000      0.1000      0.1000      0.1000
    7       0.1000      0.1000      0.1000      0.1000      0.1000
    8       0.1000      0.1000      0.1000      0.1000      0.1000
    9       0.1000      0.1000      0.1000      0.1000      0.1000
   10       0.1000      0.1000      0.1000      0.1000      0.1000
   11       0.1000      0.1000      0.1000      0.1000      0.1000
   12       0.1000      0.1000      0.1000      0.1000      0.1000
   13       0.1000      0.1000      0.1000      0.1000      0.1000

 Proportion of Natural Mortality Before Spawning =       0.5000
 Proportion of Fishing Mortality Before Spawning =       0.0000

 Maturity - Input Data


   AGE       1987        1988        1989        1990        1991
 ____________________________________________________________________

    3       0.2000      0.2000      0.2000      0.2000      0.2000
    4       0.8500      0.8500      0.8500      0.8500      0.8500
    5       1.0000      1.0000      1.0000      1.0000      1.0000
    6       1.0000      1.0000      1.0000      1.0000      1.0000
    7       1.0000      1.0000      1.0000      1.0000      1.0000
    8       1.0000      1.0000      1.0000      1.0000      1.0000
    9       1.0000      1.0000      1.0000      1.0000      1.0000
   10       1.0000      1.0000      1.0000      1.0000      1.0000
   11       1.0000      1.0000      1.0000      1.0000      1.0000
   12       1.0000      1.0000      1.0000      1.0000      1.0000
   13       1.0000      1.0000      1.0000      1.0000      1.0000

   AGE       1992        1993        1994        1995        1996
 ____________________________________________________________________

    3       0.2000      0.2000      0.2000      0.2000      0.2000
    4       0.8500      0.8500      0.8500      0.8500      0.8500
    5       1.0000      1.0000      1.0000      1.0000      1.0000
    6       1.0000      1.0000      1.0000      1.0000      1.0000
    7       1.0000      1.0000      1.0000      1.0000      1.0000
    8       1.0000      1.0000      1.0000      1.0000      1.0000
    9       1.0000      1.0000      1.0000      1.0000      1.0000
   10       1.0000      1.0000      1.0000      1.0000      1.0000
   11       1.0000      1.0000      1.0000      1.0000      1.0000
   12       1.0000      1.0000      1.0000      1.0000      1.0000
   13       1.0000      1.0000      1.0000      1.0000      1.0000

   AGE       1997        1998        1999        2000        2001
 ____________________________________________________________________

    3       0.2000      0.2000      0.2000      0.2000      0.2000
    4       0.8500      0.8500      0.8500      0.8500      0.8500
    5       1.0000      1.0000      1.0000      1.0000      1.0000
    6       1.0000      1.0000      1.0000      1.0000      1.0000
    7       1.0000      1.0000      1.0000      1.0000      1.0000
    8       1.0000      1.0000      1.0000      1.0000      1.0000
    9       1.0000      1.0000      1.0000      1.0000      1.0000
   10       1.0000      1.0000      1.0000      1.0000      1.0000
   11       1.0000      1.0000      1.0000      1.0000      1.0000
   12       1.0000      1.0000      1.0000      1.0000      1.0000
   13       1.0000      1.0000      1.0000      1.0000      1.0000

 Maturity - Input Data


   AGE       2002        2003        2004        2005        2006
 ____________________________________________________________________

    3       0.2000      0.2000      0.2000      0.2000      0.2000
    4       0.8500      0.8500      0.8500      0.8500      0.8500
    5       1.0000      1.0000      1.0000      1.0000      1.0000
    6       1.0000      1.0000      1.0000      1.0000      1.0000
    7       1.0000      1.0000      1.0000      1.0000      1.0000
    8       1.0000      1.0000      1.0000      1.0000      1.0000
    9       1.0000      1.0000      1.0000      1.0000      1.0000
   10       1.0000      1.0000      1.0000      1.0000      1.0000
   11       1.0000      1.0000      1.0000      1.0000      1.0000
   12       1.0000      1.0000      1.0000      1.0000      1.0000
   13       1.0000      1.0000      1.0000      1.0000      1.0000

 Input Partial Recruitment

   AGE

    3       0.5000
    4       0.8000
    5       1.0000
    6       1.0000
    7       1.0000
    8       1.0000
    9       1.0000
   10       1.0000
   11       1.0000
   12       1.0000


 Input F-Plus Ratio

   YEAR

   1987       1.0000
   1988       1.0000
   1989       1.0000
   1990       1.0000
   1991       1.0000
   1992       1.0000
   1993       1.0000
   1994       1.0000
   1995       1.0000
   1996       1.0000
   1997       1.0000
   1998       1.0000
   1999       1.0000
   2000       1.0000
   2001       1.0000
   2002       1.0000
   2003       1.0000
   2004       1.0000
   2005       1.0000
   2006       1.0000

 SURVEY - INPUT DATA


INDEX                   1                  2                  3

SURVEY TAG      Acoustic            Acoustic            Acoustic          

AGE                   4                   5                   6       
TIME               JAN-1               JAN-1               JAN-1       
TYPE              NUMBERS             NUMBERS             NUMBERS      
RETRO FLAG           1                   1                   1
 ________________________________________________________________________

    1987              0.0000              0.0000              0.0000
    1988         401246.0000         858012.0000         308065.0000
    1989         201284.0000         232808.0000         381417.0000
    1990         655361.0000         179364.0000         278836.0000
    1991         132235.0000         258591.0000          94373.0000
    1992        1049990.0000         354521.0000         319866.0000
    1993         830608.0000         729556.0000         158778.0000
    1994         505279.0000         882868.0000         496297.0000
    1995              0.0000              0.0000              0.0000
    1996         133810.0000         761581.0000         277893.0000
    1997         270706.0000         133667.0000         468678.0000
    1998         601783.0000          81055.0000          57366.0000
    1999         255937.0000        1081504.0000         103344.0000
    2000         839491.0000         239064.0000         605858.0000
    2001         966960.0000        1316413.0000         191001.0000
    2002         287004.0000         217441.0000         260497.0000
    2003        1919368.0000         553149.0000         205656.0000
    2004        1434976.0000        2058222.0000         330800.0000
    2005         713730.0000        1022326.0000        1046657.0000
    2006         443877.0000         344983.0000         818738.0000
    2007         608205.0000        1059597.0000         410145.0000

 SURVEY - INPUT DATA


INDEX                   4                  5                  6

SURVEY TAG      Acoustic            Acoustic            Acoustic          

AGE                   7                   8                   9       
TIME               JAN-1               JAN-1               JAN-1       
TYPE              NUMBERS             NUMBERS             NUMBERS      
RETRO FLAG           1                   1                   1
 ________________________________________________________________________

    1987              0.0000              0.0000              0.0000
    1988          57103.0000          32532.0000          70426.0000
    1989         188456.0000          46448.0000          25798.0000
    1990         592982.0000         179665.0000          22182.0000
    1991         191054.0000         514403.0000          79353.0000
    1992          89825.0000         138333.0000         256921.0000
    1993         130781.0000          54156.0000          96330.0000
    1994          66963.0000          58295.0000         106172.0000
    1995              0.0000              0.0000              0.0000
    1996         385027.0000         176906.0000          98150.0000
    1997         269888.0000         325664.0000         217421.0000
    1998         287046.0000         155998.0000         203382.0000
    1999          51786.0000         135246.0000          70514.0000
    2000          88214.0000          43353.0000         165716.0000
    2001         482418.0000          34377.0000          15727.0000
    2002         161049.0000         345852.0000          62451.0000
    2003         262362.0000         153037.0000         276199.0000
    2004         109146.0000         100785.0000          38693.0000
    2005         171326.0000          62429.0000          44313.0000
    2006        1220902.0000         281448.0000         122183.0000
    2007         424525.0000         693423.0000          95997.0000

 SURVEY - INPUT DATA


INDEX                   7                  8                  9

SURVEY TAG      Acoustic            Acoustic            Acoustic          

AGE                  10                  11                  12       
TIME               JAN-1               JAN-1               JAN-1       
TYPE              NUMBERS             NUMBERS             NUMBERS      
RETRO FLAG           1                   1                   1
 ________________________________________________________________________

    1987              0.0000              0.0000              0.0000
    1988          36713.0000          23586.0000          18401.0000
    1989          32819.0000          17439.0000          10373.0000
    1990          21768.0000          13080.0000           9941.0000
    1991          37618.0000           9394.0000          12636.0000
    1992          21290.0000           9866.0000              0.0000
    1993          96649.0000          24542.0000           1130.0000
    1994          48874.0000          36201.0000              0.0000
    1995              0.0000              0.0000              0.0000
    1996          48503.0000          16226.0000          29390.0000
    1997          92979.0000          55494.0000          39048.0000
    1998         105730.0000          35469.0000          27373.0000
    1999         101626.0000          53935.0000          17414.0000
    2000          89916.0000         121345.0000          77600.0000
    2001          37940.0000          14320.0000          15413.0000
    2002          57105.0000          38405.0000          46044.0000
    2003          99206.0000          47621.0000          55126.0000
    2004          45582.0000           7039.0000           6362.0000
    2005          10947.0000          23942.0000          12669.0000
    2006         129588.0000          73339.0000          65287.0000
    2007         123748.0000          48773.0000              0.0000

INDEX                  10

SURVEY TAG      Acoustic          

AGE                  13       
TIME               JAN-1       
TYPE              NUMBERS      
RETRO FLAG           1
 ________________________________________________________________________

    1987              0.0000
    1988          24278.0000
    1989           9081.0000
    1990           1989.0000
    1991              0.0000
    1992           9327.0000
    1993           1130.0000
    1994           4224.0000
    1995              0.0000
    1996          47945.0000
    1997          30028.0000
    1998          14234.0000
    1999          13636.0000
    2000          21542.0000
    2001          14668.0000
    2002          38114.0000
    2003          18798.0000
    2004           7509.0000
    2005              0.0000
    2006          10115.0000
    2007              0.0000

     Additional Output Files 

Population File RUN1NWWG_R_10.PP2                                               
Auxilliary File RUN1NWWG_R_10.AUX                                               
Covariance File RUN1NWWG_R_10.CV                                                
Residuals File  RUN1NWWG_R_10.RSD                                               
Log File        RUN1NWWG_R_10.LOG                                               


                             Estimation Results

 JAN-1 Population Numbers


   AGE       1987        1988        1989        1990        1991
 _____________________________________________________________________________

    3      530282.     271401.     448809.     302338.     847557.
    4      989463.     476830.     241051.     384594.     259421.
    5      300779.     852922.     392186.     192799.     293878.
    6       84623.     214948.     677378.     281010.     140670.
    7       69155.      57010.     128796.     434052.     178655.
    8      107475.      43849.      29857.      75691.     243841.
    9       42639.      53498.      20638.      19320.      39856.
   10       38040.      24155.      18035.      13084.       9735.
   11       26411.      21196.      10188.       9417.       7697.
   12       34268.      14261.       9490.       4699.       5321.
   13       34296.      37004.      26114.      26477.      24878.
 ====================================================================
 Total    2257431.    2067073.    2002542.    1743482.    2051508.

   AGE       1992        1993        1994        1995        1996
 _____________________________________________________________________________

    3     1041772.     645134.     703001.     209809.     187311.
    4      682660.     852514.     535139.     508342.     169902.
    5      188152.     501302.     602694.     376719.     329843.
    6      184113.     133826.     365631.     409811.     258466.
    7       94283.     111056.     101351.     248116.     267321.
    8      109311.      58845.      73403.      68077.     151737.
    9      116471.      62517.      40615.      47167.      41355.
   10       26505.      55154.      37977.      21320.      28252.
   11        4877.      13016.      35431.      19509.      11206.
   12        4374.       2777.       7746.      18167.       8563.
   13       24218.      23703.      22961.      23225.      27805.
 ====================================================================
 Total    2476735.    2459844.    2525949.    1950262.    1481760.

   AGE       1997        1998        1999        2000        2001
 _____________________________________________________________________________

    3      790678.     346386.     601809.     432765.     508581.
    4      154314.     678141.     270318.     491040.     337184.
    5      115496.     111024.     447147.     192612.     315103.
    6      216722.      79548.      78927.     271056.     127538.
    7      168510.     161223.      63797.      56145.     172626.
    8      161653.     120489.     107094.      44911.      39846.
    9       99683.     116828.      84407.      67074.      32765.
   10       23453.      69062.      75326.      57549.      45167.
   11       17583.      13141.      48593.      47273.      42700.
   12        4627.      12699.       9876.      32011.      32026.
   13       22574.      10548.      14417.      13134.      29134.
 ====================================================================
 Total    1775293.    1719091.    1801710.    1705568.    1682669.

 JAN-1 Population Numbers


   AGE       2002        2003        2004        2005        2006
 _____________________________________________________________________________

    3     1976922.    1295931.     587365.     883046.     740233.
    4      419990.    1711934.     971824.     471290.     774212.
    5      223137.     312811.    1277503.     746841.     386429.
    6      196397.     158625.     227881.     982688.     563826.
    7       86626.     126316.     116972.     167763.     762459.
    8      104559.      58264.      90010.      92803.     125629.
    9       26215.      54667.      39247.      72570.      72505.
   10       21338.      14358.      39079.      30035.      56924.
   11       29259.      14842.      10874.      28696.      22267.
   12       29238.      20289.      10181.       6866.      21109.
   13       39130.      35227.      40995.      38160.      35406.
 ====================================================================
 Total    3152811.    3803263.    3411933.    3520759.    3560999.

   AGE       2007
 _____________________________________________________________________________

    3      540374.
    4      557264.
    5      494165.
    6      297619.
    7      464270.
    8      635512.
    9      100753.
   10       59910.
   11       47422.
   12       19295.
   13       46747.
 ====================================================================
 Total    3263332.



Fishing Mortality Calculated


   AGE       1987        1988        1989        1990        1991
 _____________________________________________________________________________

    3       0.0062      0.0186      0.0544      0.0531      0.1164
    4       0.0485      0.0954      0.1234      0.1690      0.2212
    5       0.2360      0.1304      0.2333      0.2152      0.3676
    6       0.2950      0.4122      0.3451      0.3529      0.3001
    7       0.3556      0.5468      0.4316      0.4766      0.3913
    8       0.5976      0.6536      0.3353      0.5414      0.6389
    9       0.4683      0.9873      0.3558      0.5855      0.3080
   10       0.4848      0.7633      0.5498      0.4306      0.5912
   11       0.5163      0.7036      0.6739      0.4709      0.4652
   12       0.5167      0.7770      0.4787      0.5071      0.5008
   13       0.5167      0.5063      0.1105      0.0709      0.0553

   AGE       1992        1993        1994        1995        1996
 _____________________________________________________________________________

    3       0.1005      0.0869      0.2242      0.1110      0.0938
    4       0.2088      0.2468      0.2510      0.3325      0.2860
    5       0.2407      0.2156      0.2857      0.2767      0.3200
    6       0.4055      0.1779      0.2877      0.3272      0.3278
    7       0.3714      0.3141      0.2980      0.3917      0.4030
    8       0.4588      0.2708      0.3423      0.3984      0.3201
    9       0.6475      0.3985      0.5445      0.4125      0.4672
   10       0.6112      0.3425      0.5661      0.5432      0.3742
   11       0.4631      0.4189      0.5680      0.7235      0.7846
   12       0.5451      0.3577      0.5052      0.5194      0.4866
   13       0.0233      0.0114      0.0896      0.1534      0.3454

   AGE       1997        1998        1999        2000        2001
 _____________________________________________________________________________

    3       0.0535      0.1480      0.1034      0.1496      0.0914
    4       0.2292      0.3165      0.2389      0.3436      0.3128
    5       0.2729      0.2412      0.4006      0.3123      0.3728
    6       0.1958      0.1207      0.2406      0.3512      0.2868
    7       0.2354      0.3091      0.2510      0.2429      0.4014
    8       0.2247      0.2559      0.3679      0.2153      0.3187
    9       0.2670      0.3389      0.2830      0.2954      0.3288
   10       0.4792      0.2515      0.3659      0.1984      0.3342
   11       0.2254      0.1856      0.3174      0.2894      0.2787
   12       0.2991      0.2580      0.3335      0.2497      0.3151
   13       1.0095      0.5441      0.6616      0.5929      0.3824



Fishing Mortality Calculated


   AGE       2002        2003        2004        2005        2006
 _____________________________________________________________________________

    3       0.0439      0.1878      0.1202      0.0315      0.1839
    4       0.1946      0.1927      0.1633      0.0985      0.3490
    5       0.2412      0.2168      0.1624      0.1811      0.1611
    6       0.3413      0.2046      0.2063      0.1537      0.0943
    7       0.2966      0.2389      0.1315      0.1892      0.0821
    8       0.5485      0.2951      0.1154      0.1468      0.1207
    9       0.5021      0.2357      0.1675      0.1428      0.0908
   10       0.2630      0.1779      0.2088      0.1992      0.0826
   11       0.2661      0.2769      0.3597      0.2071      0.0433
   12       0.3949      0.2464      0.2129      0.1740      0.0843
   13       0.7103      0.1792      0.1887      0.1344      0.0930


 Average Fishing Mortality For Ages   5- 10

 Year      Average F   N Weighted  Biomass Wtd  Catch Wtd

 _____________________________________________________________________________

 1987       0.4062      0.3472      0.3655      0.3911
 1988       0.5823      0.2655      0.2917      0.4231
 1989       0.3751      0.3221      0.3263      0.3345
 1990       0.4337      0.3991      0.4061      0.4243
 1991       0.4328      0.4345      0.4434      0.4646
 1992       0.4558      0.4128      0.4300      0.4494
 1993       0.2866      0.2455      0.2536      0.2592
 1994       0.3874      0.3080      0.3153      0.3191
 1995       0.3916      0.3362      0.3425      0.3437
 1996       0.3687      0.3496      0.3533      0.3537
 1997       0.2792      0.2391      0.2408      0.2479
 1998       0.2529      0.2644      0.2683      0.2785
 1999       0.3182      0.3560      0.3509      0.3648
 2000       0.2693      0.3045      0.2999      0.3121
 2001       0.3404      0.3573      0.3557      0.3610
 2002       0.3655      0.3383      0.3466      0.3664
 2003       0.2282      0.2249      0.2266      0.2273
 2004       0.1653      0.1647      0.1644      0.1673
 2005       0.1688      0.1663      0.1660      0.1677
 2006       0.1053      0.1039      0.1024      0.1119

 Back Calculated Partial Recruitment


   AGE       1987        1988        1989        1990        1991
 _____________________________________________________________________________

    3       0.0105      0.0188      0.0807      0.0907      0.1821
    4       0.0811      0.0967      0.1830      0.2887      0.3462
    5       0.3949      0.1321      0.3462      0.3676      0.5754
    6       0.4936      0.4175      0.5120      0.6028      0.4697
    7       0.5950      0.5538      0.6404      0.8142      0.6124
    8       1.0000      0.6620      0.4975      0.9247      1.0000
    9       0.7836      1.0000      0.5279      1.0000      0.4820
   10       0.8112      0.7731      0.8158      0.7355      0.9254
   11       0.8639      0.7127      1.0000      0.8044      0.7281
   12       0.8647      0.7869      0.7103      0.8662      0.7839
   13       0.8647      0.5128      0.1640      0.1211      0.0865

   AGE       1992        1993        1994        1995        1996
 _____________________________________________________________________________

    3       0.1552      0.2075      0.3947      0.1534      0.1195
    4       0.3224      0.5891      0.4420      0.4597      0.3645
    5       0.3717      0.5146      0.5030      0.3825      0.4078
    6       0.6263      0.4248      0.5066      0.4523      0.4177
    7       0.5736      0.7497      0.5246      0.5415      0.5136
    8       0.7085      0.6463      0.6026      0.5508      0.4080
    9       1.0000      0.9511      0.9586      0.5702      0.5954
   10       0.9439      0.8176      0.9966      0.7508      0.4769
   11       0.7153      1.0000      1.0000      1.0000      1.0000
   12       0.8419      0.8538      0.8895      0.7179      0.6201
   13       0.0359      0.0272      0.1577      0.2120      0.4402

   AGE       1997        1998        1999        2000        2001
 _____________________________________________________________________________

    3       0.0530      0.2719      0.1563      0.2522      0.2277
    4       0.2271      0.5816      0.3611      0.5795      0.7794
    5       0.2703      0.4434      0.6055      0.5266      0.9287
    6       0.1940      0.2218      0.3637      0.5923      0.7146
    7       0.2332      0.5681      0.3794      0.4097      1.0000
    8       0.2226      0.4703      0.5561      0.3631      0.7940
    9       0.2645      0.6228      0.4278      0.4982      0.8193
   10       0.4747      0.4623      0.5530      0.3347      0.8326
   11       0.2233      0.3412      0.4798      0.4881      0.6944
   12       0.2963      0.4742      0.5042      0.4210      0.7851
   13       1.0000      1.0000      1.0000      1.0000      0.9527

 Back Calculated Partial Recruitment


   AGE       2002        2003        2004        2005        2006
 _____________________________________________________________________________

    3       0.0618      0.6364      0.3341      0.1523      0.5270
    4       0.2740      0.6531      0.4540      0.4759      1.0000
    5       0.3396      0.7346      0.4514      0.8747      0.4617
    6       0.4806      0.6934      0.5734      0.7425      0.2702
    7       0.4176      0.8095      0.3654      0.9138      0.2353
    8       0.7722      1.0000      0.3207      0.7091      0.3458
    9       0.7068      0.7986      0.4657      0.6898      0.2602
   10       0.3703      0.6029      0.5805      0.9623      0.2368
   11       0.3747      0.9383      1.0000      1.0000      0.1240
   12       0.5560      0.8350      0.5917      0.8403      0.2417
   13       1.0000      0.6072      0.5246      0.6493      0.2665

 JAN-1 Biomass


   AGE       1987        1988        1989        1990        1991
 _____________________________________________________________________________

    3       89087.      42610.      58345.      38397.     114420.
    4      197893.     105379.      49657.      75765.      48771.
    5       72187.     203848.      96478.      47236.      68180.
    6       23525.      58251.     176796.      76435.      37559.
    7       21023.      16989.      37351.     123705.      51631.
    8       34929.      13988.       9883.      23086.      74128.
    9       14455.      17868.       6976.       6260.      12874.
   10       13542.       8551.       6348.       4396.       3310.
   11        9983.       7461.       3759.       3409.       2709.
   12       13707.       5291.       3692.       1738.       1963.
   13       14267.      14913.      10472.      10035.       9901.
 ====================================================================
 Total     504599.     495149.     459755.     410462.     425446.

   AGE       1992        1993        1994        1995        1996
 _____________________________________________________________________________

    3      154182.      93545.      94202.      27275.      26036.
    4      129705.     179880.     107563.      93027.      28544.
    5       44216.     123320.     148865.      90412.      69927.
    6       50263.      39077.      99452.     113518.      66684.
    7       29416.      35982.      30709.      73939.      77256.
    8       35963.      20596.      24443.      22125.      46735.
    9       39484.      22631.      14865.      16886.      13440.
   10        9409.      20738.      14355.       8059.       9973.
   11        1863.       5024.      13783.       7745.       3956.
   12        1771.       1164.       3021.       7430.       3228.
   13        9493.       9221.       9414.      10056.      11178.
 ====================================================================
 Total     505766.     551177.     560673.     470472.     356956.

   AGE       1997        1998        1999        2000        2001
 _____________________________________________________________________________

    3      103579.      46416.      82448.      68810.      70693.
    4       29474.     125456.      55145.     106556.      72157.
    5       26911.      26424.     104185.      51620.      76885.
    6       58298.      21001.      21152.      78335.      36476.
    7       50553.      46432.      18756.      18247.      51097.
    8       52376.      39038.      33306.      15359.      12910.
    9       33992.      39722.      28614.      24348.      11369.
   10        8326.      24034.      26590.      21754.      15989.
   11        6365.       4928.      17590.      18578.      16439.
   12        1698.       5156.       3733.      13028.      12906.
   13        8962.       4377.       5824.       5634.      12324.
 ====================================================================
 Total     380533.     382984.     397345.     422269.     389246.

 JAN-1 Biomass


   AGE       2002        2003        2004        2005        2006
 _____________________________________________________________________________

    3      318284.     202165.      87517.     150118.     139904.
    4       88618.     323556.     206999.     105569.     181166.
    5       57569.      71634.     316821.     195672.     101631.
    6       54991.      41243.      63807.     270239.     163510.
    7       27634.      35747.      36846.      49993.     231787.
    8       34714.      18003.      29793.      30068.      42588.
    9        9280.      18368.      13697.      24311.      25304.
   10        8642.       4824.      13873.      10062.      21005.
   11       11586.       5477.       4121.      10216.       9263.
   12       12163.       7994.       3950.       2554.       8486.
   13       17491.      14055.      17095.      15340.      15225.
 ====================================================================
 Total     640973.     743066.     794520.     864143.     939869.

   AGE       2007
 _____________________________________________________________________________

    3       84839.
    4      122598.
    5      121070.
    6       77679.
    7      128603.
    8      182392.
    9       31334.
   10       20250.
   11       15839.
   12        6676.
   13       17250.
 ====================================================================
 Total     808529.

 Mean Biomass


   AGE       1987        1988        1989        1990        1991
 _____________________________________________________________________________

    3       84518.      40180.      54064.      35602.     102889.
    4      183901.      95722.      44502.      66429.      41714.
    5       61312.     182066.      82045.      40515.      54458.
    6       19435.      45585.     142694.      61467.      30954.
    7       16886.      12510.      28972.      94009.      40794.
    8       25146.       9825.       8013.      17041.      52405.
    9       11026.      10893.       5602.       4531.      10571.
   10       10253.       5727.       4669.       3411.       2390.
   11        7453.       5128.       2617.       2597.       2070.
   12       10230.       3523.       2803.       1303.       1476.
   13       10648.      11182.       9443.       9224.       9171.
 ====================================================================
 Total     440808.     422342.     385423.     336131.     348891.

   AGE       1992        1993        1994        1995        1996
 _____________________________________________________________________________

    3      139710.      85322.      80456.      24590.      23669.
    4      111591.     152004.      90712.      75520.      23680.
    5       37471.     105757.     123517.      75333.      57099.
    6       39454.      34116.      82439.      92382.      54255.
    7       23455.      29463.      25335.      58406.      60712.
    8       27553.      17209.      19754.      17423.      38159.
    9       27808.      17822.      10957.      13212.      10258.
   10        6733.      16758.      10480.       5944.       7942.
   11        1424.       3920.      10054.       5277.       2626.
   12        1305.        934.       2266.       5539.       2442.
   13        8932.       8726.       8576.       8883.       9020.
 ====================================================================
 Total     425435.     472028.     464547.     382510.     289861.

   AGE       1997        1998        1999        2000        2001
 _____________________________________________________________________________

    3       96019.      41109.      74603.      60895.      64339.
    4       25113.     102610.      46772.      86060.      59117.
    5       22463.      22387.      81966.      42303.      61266.
    6       50466.      18845.      17927.      63046.      30249.
    7       42948.      38108.      15818.      15447.      40185.
    8       44722.      32847.      26599.      13174.      10548.
    9       28453.      32152.      23772.      20110.       9246.
   10        6320.      20264.      21256.      18808.      12970.
   11        5433.       4287.      14381.      15388.      13685.
   12        1400.       4334.       3029.      10995.      10563.
   13        5414.       3227.       4077.       4065.       9777.
 ====================================================================
 Total     328751.     320170.     330200.     350290.     321945.

 Mean Biomass


   AGE       2002        2003        2004        2005        2006
 _____________________________________________________________________________

    3      296441.     175674.      78553.     140664.     121796.
    4       76756.     280502.     181988.      95750.     145956.
    5       48775.      61397.     278667.     170576.      89445.
    6       44460.      35553.      54961.     238678.     148607.
    7       22812.      30321.      32893.      43413.     211906.
    8       25543.      14873.      26804.      26645.      38217.
    9        6972.      15603.      12018.      21584.      23037.
   10        7247.       4212.      11935.       8696.      19199.
   11        9702.       4563.       3304.       8796.       8630.
   12        9594.       6756.       3392.       2234.       7750.
   13       11986.      12264.      14848.      13675.      13846.
 ====================================================================
 Total     560289.     641717.     699363.     770712.     828388.

 Spawning Stock Biomass


   AGE       1987        1988        1989        1990        1991
 _____________________________________________________________________________

    3       16949.       8106.      11100.       7305.      21768.
    4      160005.      85204.      40150.      61259.      39434.
    5       68666.     193907.      91772.      44932.      64855.
    6       22378.      55410.     168173.      72707.      35727.
    7       19998.      16160.      35529.     117672.      49113.
    8       33226.      13306.       9401.      21960.      70513.
    9       13750.      16997.       6636.       5954.      12246.
   10       12882.       8134.       6039.       4182.       3148.
   11        9497.       7097.       3576.       3243.       2577.
   12       13039.       5033.       3511.       1654.       1868.
   13       13571.      14185.       9961.       9546.       9419.
 ====================================================================
 Total     383960.     423539.     385848.     350413.     310666.

   AGE       1992        1993        1994        1995        1996
 _____________________________________________________________________________

    3       29333.      17796.      17922.       5189.       4953.
    4      104873.     145441.      86969.      75216.      23079.
    5       42059.     117306.     141605.      86003.      66516.
    6       47811.      37171.      94601.     107981.      63432.
    7       27982.      34227.      29212.      70332.      73488.
    8       34209.      19591.      23251.      21046.      44456.
    9       37558.      21527.      14140.      16062.      12785.
   10        8950.      19727.      13655.       7666.       9487.
   11        1772.       4779.      13111.       7367.       3763.
   12        1685.       1107.       2874.       7068.       3071.
   13        9030.       8771.       8955.       9566.      10633.
 ====================================================================
 Total     345263.     427444.     446295.     413498.     315661.

   AGE       1997        1998        1999        2000        2001
 _____________________________________________________________________________

    3       19705.       8830.      15685.      13091.      13449.
    4       23831.     101437.      44587.      86155.      58343.
    5       25598.      25135.      99104.      49102.      73135.
    6       55455.      19977.      20121.      74515.      34697.
    7       48087.      44168.      17842.      17357.      48605.
    8       49821.      37134.      31682.      14610.      12280.
    9       32334.      37784.      27218.      23160.      10815.
   10        7920.      22862.      25293.      20693.      15209.
   11        6055.       4688.      16733.      17672.      15638.
   12        1615.       4904.       3551.      12393.      12277.
   13        8525.       4164.       5540.       5359.      11722.
 ====================================================================
 Total     278947.     311083.     307356.     334108.     306171.

 Spawning Stock Biomass


   AGE       2002        2003        2004        2005        2006
 _____________________________________________________________________________

    3       60552.      38461.      16650.      28559.      26616.
    4       71652.     261609.     167368.      85357.     146480.
    5       54762.      68140.     301369.     186129.      96674.
    6       52309.      39231.      60695.     257059.     155535.
    7       26286.      34004.      35049.      47555.     220483.
    8       33021.      17125.      28340.      28602.      40511.
    9        8828.      17472.      13029.      23125.      24070.
   10        8221.       4589.      13196.       9571.      19981.
   11       11021.       5210.       3920.       9718.       8811.
   12       11570.       7604.       3758.       2430.       8072.
   13       16638.      13370.      16261.      14592.      14482.
 ====================================================================
 Total     354859.     506816.     659636.     692698.     761717.

 Catch Biomass


   AGE       1987        1988        1989        1990        1991
 _____________________________________________________________________________

    3         528.        747.       2942.       1890.      11972.
    4        8918.       9134.       5490.      11228.       9227.
    5       14468.      23748.      19145.       8720.      20020.
    6        5733.      18789.      49239.      21694.       9290.
    7        6004.       6841.      12503.      44809.      15961.
    8       15028.       6422.       2686.       9226.      33480.
    9        5164.      10755.       1993.       2653.       3256.
   10        4971.       4372.       2567.       1469.       1413.
   11        3848.       3608.       1764.       1223.        963.
   12        5286.       2737.       1342.        661.        739.
   13        5502.       5661.       1043.        654.        507.
 ====================================================================
 Total      75451.      92814.     100713.     104227.     106827.

   AGE       1992        1993        1994        1995        1996
 _____________________________________________________________________________

    3       14039.       7417.      18039.       2729.       2220.
    4       23299.      37512.      22771.      25113.       6772.
    5        9020.      22799.      35290.      20847.      18272.
    6       15999.       6071.      23720.      30232.      17783.
    7        8711.       9253.       7549.      22880.      24467.
    8       12640.       4660.       6761.       6942.      12217.
    9       18006.       7101.       5966.       5451.       4792.
   10        4115.       5740.       5933.       3228.       2972.
   11         660.       1642.       5711.       3818.       2060.
   12         712.        334.       1145.       2877.       1188.
   13         208.        100.        768.       1363.       3116.
 ====================================================================
 Total     107408.     102629.     133653.     125481.      95858.

   AGE       1997        1998        1999        2000        2001
 _____________________________________________________________________________

    3        5140.       6082.       7715.       9108.       5880.
    4        5757.      32473.      11175.      29572.      18494.
    5        6130.       5400.      32833.      13209.      22838.
    6        9883.       2274.       4313.      22141.       8676.
    7       10112.      11779.       3971.       3752.      16129.
    8       10051.       8406.       9786.       2837.       3362.
    9        7596.      10896.       6727.       5941.       3040.
   10        3029.       5097.       7777.       3732.       4334.
   11        1225.        796.       4564.       4453.       3814.
   12         419.       1118.       1010.       2745.       3328.
   13        5465.       1756.       2697.       2410.       3738.
 ====================================================================
 Total      64806.      86076.      92569.      99902.      93635.

 Catch Biomass


   AGE       2002        2003        2004        2005        2006
 _____________________________________________________________________________

    3       13019.      32993.       9440.       4435.      22401.
    4       14939.      54057.      29723.       9434.      50935.
    5       11767.      13309.      45248.      30892.      14412.
    6       15177.       7275.      11337.      36695.      14010.
    7        6766.       7243.       4324.       8214.      17401.
    8       14010.       4389.       3092.       3912.       4611.
    9        3500.       3677.       2013.       3083.       2092.
   10        1906.        749.       2492.       1733.       1586.
   11        2582.       1263.       1189.       1821.        374.
   12        3789.       1665.        722.        389.        654.
   13        8514.       2197.       2802.       1838.       1288.
 ====================================================================
 Total      95969.     128818.     112382.     102447.     129766.

 Catch Numbers


   AGE       1987        1988        1989        1990        1991
 _____________________________________________________________________________

    3       3144.0      4757.0     22628.0     14884.0     88683.0
    4      44590.0     41331.0     26649.0     56995.0     49081.0
    5      60285.0     99366.0     77824.0     35593.0     86292.0
    6      20622.0     69331.0    188654.0     79757.0     34793.0
    7      19751.0     22955.0     43114.0    157225.0     55228.0
    8      46240.0     20131.0      8116.0     30248.0    110132.0
    9      15232.0     32201.0      5897.0      8187.0     10079.0
   10      13963.0     12349.0      7292.0      4372.0      4155.0
   11      10179.0     10250.0      4780.0      3379.0      2735.0
   12      13216.0      7378.0      3449.0      1786.0      2003.0
   13      13227.0     14048.0      2602.0      1726.0      1274.0
 ====================================================================
 Total    260449.0    334097.0    391005.0    394152.0    444455.0

   AGE       1992        1993        1994        1995        1996
 _____________________________________________________________________________

    3      94860.0     51153.0    134616.0     20991.0     15969.0
    4     122626.0    177780.0    113290.0    137232.0     40311.0
    5      38381.0     92680.0    142876.0     86864.0     86187.0
    6      58605.0     20791.0     87207.0    109140.0     68927.0
    7      27921.0     28560.0     24913.0     76780.0     84660.0
    8      38420.0     13313.0     20303.0     21361.0     39664.0
    9      53114.0     19617.0     16301.0     15225.0     14746.0
   10      11592.0     15266.0     15695.0      8541.0      8419.0
   11       1727.0      4254.0     14680.0      9617.0      5836.0
   12       1757.0       797.0      2936.0      7034.0      3152.0
   13        530.0       256.0      1874.0      3147.0      7750.0
 ====================================================================
 Total    449533.0    424467.0    574691.0    495932.0    375621.0

   AGE       1997        1998        1999        2000        2001
 _____________________________________________________________________________

    3      39240.0     45390.0     56315.0     57282.0     42304.0
    4      30141.0    175529.0     54779.0    136278.0     86422.0
    5      26307.0     22691.0    140913.0     49289.0     93597.0
    6      36738.0      8613.0     16093.0     76614.0     30336.0
    7      33705.0     40898.0     13506.0     11546.0     54491.0
    8      31022.0     25944.0     31467.0      8294.0     10375.0
    9      22277.0     32046.0     19845.0     16367.0      8762.0
   10       8531.0     14647.0     22031.0      9874.0     12244.0
   11       3383.0      2122.0     12609.0     11332.0      9907.0
   12       1141.0      2754.0      2673.0      6744.0      8259.0
   13      13767.0      4231.0      6676.0      5618.0      8838.0
 ====================================================================
 Total    246252.0    374865.0    376907.0    389238.0    365535.0

 Catch Numbers


   AGE       2002        2003        2004        2005        2006
 _____________________________________________________________________________

    3      80863.0    211495.0     63355.0     26091.0    118526.0
    4      70801.0    286017.0    139543.0     42116.0    217672.0
    5      45607.0     58120.0    182450.0    117910.0     54800.0
    6      54202.0     27979.0     40489.0    133437.0     48312.0
    7      21211.0     25592.0     13727.0     27565.0     57241.0
    8      42199.0     14203.0      9342.0     12074.0     13603.0
    9       9888.0     10944.0      5769.0      9203.0      5994.0
   10       4707.0      2230.0      7021.0      5172.0      4299.0
   11       6520.0      3424.0      3136.0      5116.0       898.0
   12       9108.0      4225.0      1861.0      1045.0      1626.0
   13      19046.0      5507.0      6720.0      4573.0      2995.0
 ====================================================================
 Total    364152.0    649736.0    473413.0    384302.0    525966.0


               Surplus Production

     Average Adjustment Factor (Delta) =   1.0000

 Year        Biomass  Delta Biomass  Catch Biomass  Surplus Production

 1987     504599.322      -9450.361      75450.782      66000.421
 1988     495148.961     -35393.614      92813.816      57420.202
 1989     459755.348     -49293.708     100713.041      51419.333
 1990     410461.639      14984.659     104226.989     119211.648
 1991     425446.298      80320.045     106827.024     187147.069
 1992     505766.344      45411.040     107408.317     152819.357
 1993     551177.384       9495.539     102628.948     112124.487
 1994     560672.923     -90200.735     133652.824      43452.089
 1995     470472.188    -113516.176     125480.745      11964.569
 1996     356956.012      23576.798      95858.270     119435.068
 1997     380532.810       2450.803      64805.906      67256.709
 1998     382983.613      14361.278      86076.430     100437.708
 1999     397344.891      24924.456      92569.079     117493.535
 2000     422269.347     -33023.031      99902.059      66879.028
 2001     389246.316     251726.680      93635.000     345361.680
 2002     640972.996     102093.099      95968.594     198061.693
 2003     743066.095      51453.815     128817.579     180271.394
 2004     794519.910      69623.117     112381.969     182005.086
 2005     864143.027      75725.571     102447.402     178172.973
 2006     939868.599    -131339.479     129765.530      -1573.949
 2007     808529.120


 Summary of Survey Indices Used in the Estimate

 INDEX    Survey Tag    Age   Time  Type  Catchability Std. Error   CV
 _____________________________________________________________________________

   1 Acoustic              4   JAN-1 NUMBER  0.1091E+01  0.1093E+00  0.1002E+00
   2 Acoustic              5   JAN-1 NUMBER  0.1361E+01  0.1493E+00  0.1097E+00
   3 Acoustic              6   JAN-1 NUMBER  0.1239E+01  0.1015E+00  0.8191E-01
   4 Acoustic              7   JAN-1 NUMBER  0.1289E+01  0.1072E+00  0.8316E-01
   5 Acoustic              8   JAN-1 NUMBER  0.1344E+01  0.1434E+00  0.1068E+00
   6 Acoustic              9   JAN-1 NUMBER  0.1536E+01  0.2001E+00  0.1303E+00
   7 Acoustic             10   JAN-1 NUMBER  0.1692E+01  0.2494E+00  0.1474E+00
   8 Acoustic             11   JAN-1 NUMBER  0.1449E+01  0.1974E+00  0.1363E+00


 Survey Index:    1 Tag: Acoustic           AGE =  4
 Time = JAN-1           Type = NUMBER
 Catchability =    0.109140E+01   % Variance Contribution =    10.0522
 Unweighted Residual = LN(Observed) - LN(Predicted)

 Year      Observed        Predicted         Residual      Unweighted Resid
 _____________________________________________________________________________

 1987     N/A              0.107990E+07     N/A              N/A
 1988     0.401246E+06     0.520414E+06    -0.260049E+00    -0.260049E+00
 1989     0.201284E+06     0.263084E+06    -0.267757E+00    -0.267757E+00
 1990     0.655361E+06     0.419747E+06     0.445534E+00     0.445534E+00
 1991     0.132235E+06     0.283133E+06    -0.761336E+00    -0.761336E+00
 1992     0.104999E+07     0.745058E+06     0.343074E+00     0.343074E+00
 1993     0.830608E+06     0.930437E+06    -0.113496E+00    -0.113496E+00
 1994     0.505279E+06     0.584053E+06    -0.144880E+00    -0.144880E+00
 1995     N/A              0.554807E+06     N/A              N/A
 1996     0.133810E+06     0.185432E+06    -0.326268E+00    -0.326268E+00
 1997     0.270706E+06     0.168419E+06     0.474580E+00     0.474580E+00
 1998     0.601783E+06     0.740126E+06    -0.206923E+00    -0.206923E+00
 1999     0.255937E+06     0.295026E+06    -0.142133E+00    -0.142133E+00
 2000     0.839491E+06     0.535922E+06     0.448806E+00     0.448806E+00
 2001     0.966960E+06     0.368004E+06     0.966063E+00     0.966063E+00
 2002     0.287004E+06     0.458378E+06    -0.468199E+00    -0.468199E+00
 2003     0.191937E+07     0.186841E+07     0.269076E-01     0.269076E-01
 2004     0.143498E+07     0.106065E+07     0.302264E+00     0.302264E+00
 2005     0.713730E+06     0.514368E+06     0.327566E+00     0.327566E+00
 2006     0.443877E+06     0.844977E+06    -0.643762E+00    -0.643762E+00
 2007     0.608205E+06     0.608200E+06     0.804614E-05     0.804614E-05

 Survey Index:    2 Tag: Acoustic           AGE =  5
 Time = JAN-1           Type = NUMBER
 Catchability =    0.136102E+01   % Variance Contribution =    12.0522
 Unweighted Residual = LN(Observed) - LN(Predicted)

 Year      Observed        Predicted         Residual      Unweighted Resid
 _____________________________________________________________________________

 1987     N/A              0.409368E+06     N/A              N/A
 1988     0.858012E+06     0.116085E+07    -0.302288E+00    -0.302288E+00
 1989     0.232808E+06     0.533774E+06    -0.829759E+00    -0.829759E+00
 1990     0.179364E+06     0.262405E+06    -0.380470E+00    -0.380470E+00
 1991     0.258591E+06     0.399975E+06    -0.436156E+00    -0.436156E+00
 1992     0.354521E+06     0.256079E+06     0.325281E+00     0.325281E+00
 1993     0.729556E+06     0.682284E+06     0.669902E-01     0.669902E-01
 1994     0.882868E+06     0.820281E+06     0.735284E-01     0.735284E-01
 1995     N/A              0.512723E+06     N/A              N/A
 1996     0.761581E+06     0.448924E+06     0.528544E+00     0.528544E+00
 1997     0.133667E+06     0.157193E+06    -0.162122E+00    -0.162122E+00
 1998     0.810550E+05     0.151107E+06    -0.622860E+00    -0.622860E+00
 1999     0.108150E+07     0.608578E+06     0.574982E+00     0.574982E+00
 2000     0.239064E+06     0.262149E+06    -0.921827E-01    -0.921827E-01
 2001     0.131641E+07     0.428862E+06     0.112153E+01     0.112153E+01
 2002     0.217441E+06     0.303695E+06    -0.334097E+00    -0.334097E+00
 2003     0.553149E+06     0.425744E+06     0.261789E+00     0.261789E+00
 2004     0.205822E+07     0.173871E+07     0.168697E+00     0.168697E+00
 2005     0.102233E+07     0.101647E+07     0.574553E-02     0.574553E-02
 2006     0.344983E+06     0.525939E+06    -0.421690E+00    -0.421690E+00
 2007     0.105960E+07     0.672571E+06     0.454537E+00     0.454537E+00

 Survey Index:    3 Tag: Acoustic           AGE =  6
 Time = JAN-1           Type = NUMBER
 Catchability =    0.123912E+01   % Variance Contribution =     6.7226
 Unweighted Residual = LN(Observed) - LN(Predicted)

 Year      Observed        Predicted         Residual      Unweighted Resid
 _____________________________________________________________________________

 1987     N/A              0.104858E+06     N/A              N/A
 1988     0.308065E+06     0.266347E+06     0.145511E+00     0.145511E+00
 1989     0.381417E+06     0.839356E+06    -0.788741E+00    -0.788741E+00
 1990     0.278836E+06     0.348207E+06    -0.222172E+00    -0.222172E+00
 1991     0.943730E+05     0.174307E+06    -0.613564E+00    -0.613564E+00
 1992     0.319866E+06     0.228139E+06     0.337948E+00     0.337948E+00
 1993     0.158778E+06     0.165827E+06    -0.434369E-01    -0.434369E-01
 1994     0.496297E+06     0.453063E+06     0.911439E-01     0.911439E-01
 1995     N/A              0.507807E+06     N/A              N/A
 1996     0.277893E+06     0.320271E+06    -0.141932E+00    -0.141932E+00
 1997     0.468678E+06     0.268546E+06     0.556895E+00     0.556895E+00
 1998     0.573660E+05     0.985702E+05    -0.541317E+00    -0.541317E+00
 1999     0.103344E+06     0.978004E+05     0.551349E-01     0.551349E-01
 2000     0.605858E+06     0.335872E+06     0.589917E+00     0.589917E+00
 2001     0.191001E+06     0.158036E+06     0.189458E+00     0.189458E+00
 2002     0.260497E+06     0.243360E+06     0.680496E-01     0.680496E-01
 2003     0.205656E+06     0.196556E+06     0.452551E-01     0.452551E-01
 2004     0.330800E+06     0.282372E+06     0.158287E+00     0.158287E+00
 2005     0.104666E+07     0.121767E+07    -0.151340E+00    -0.151340E+00
 2006     0.818738E+06     0.698651E+06     0.158613E+00     0.158613E+00
 2007     0.410145E+06     0.368787E+06     0.106291E+00     0.106291E+00

 Survey Index:    4 Tag: Acoustic           AGE =  7
 Time = JAN-1           Type = NUMBER
 Catchability =    0.128943E+01   % Variance Contribution =     6.9284
 Unweighted Residual = LN(Observed) - LN(Predicted)

 Year      Observed        Predicted         Residual      Unweighted Resid
 _____________________________________________________________________________

 1987     N/A              0.891702E+05     N/A              N/A
 1988     0.571030E+05     0.735099E+05    -0.252563E+00    -0.252563E+00
 1989     0.188456E+06     0.166072E+06     0.126440E+00     0.126440E+00
 1990     0.592982E+06     0.559678E+06     0.578022E-01     0.578022E-01
 1991     0.191054E+06     0.230362E+06    -0.187098E+00    -0.187098E+00
 1992     0.898250E+05     0.121571E+06    -0.302637E+00    -0.302637E+00
 1993     0.130781E+06     0.143198E+06    -0.907073E-01    -0.907073E-01
 1994     0.669630E+05     0.130685E+06    -0.668648E+00    -0.668648E+00
 1995     N/A              0.319927E+06     N/A              N/A
 1996     0.385027E+06     0.344690E+06     0.110668E+00     0.110668E+00
 1997     0.269888E+06     0.217281E+06     0.216816E+00     0.216816E+00
 1998     0.287046E+06     0.207886E+06     0.322654E+00     0.322654E+00
 1999     0.517860E+05     0.822615E+05    -0.462783E+00    -0.462783E+00
 2000     0.882140E+05     0.723948E+05     0.197632E+00     0.197632E+00
 2001     0.482418E+06     0.222589E+06     0.773484E+00     0.773484E+00
 2002     0.161049E+06     0.111697E+06     0.365917E+00     0.365917E+00
 2003     0.262362E+06     0.162875E+06     0.476741E+00     0.476741E+00
 2004     0.109146E+06     0.150827E+06    -0.323446E+00    -0.323446E+00
 2005     0.171326E+06     0.216318E+06    -0.233179E+00    -0.233179E+00
 2006     0.122090E+07     0.983134E+06     0.216600E+00     0.216600E+00
 2007     0.424525E+06     0.598642E+06    -0.343693E+00    -0.343693E+00

 Survey Index:    5 Tag: Acoustic           AGE =  8
 Time = JAN-1           Type = NUMBER
 Catchability =    0.134357E+01   % Variance Contribution =    11.4169
 Unweighted Residual = LN(Observed) - LN(Predicted)

 Year      Observed        Predicted         Residual      Unweighted Resid
 _____________________________________________________________________________

 1987     N/A              0.144401E+06     N/A              N/A
 1988     0.325320E+05     0.589150E+05    -0.593871E+00    -0.593871E+00
 1989     0.464480E+05     0.401148E+05     0.146588E+00     0.146588E+00
 1990     0.179665E+06     0.101697E+06     0.569096E+00     0.569096E+00
 1991     0.514403E+06     0.327619E+06     0.451156E+00     0.451156E+00
 1992     0.138333E+06     0.146868E+06    -0.598698E-01    -0.598698E-01
 1993     0.541560E+05     0.790620E+05    -0.378363E+00    -0.378363E+00
 1994     0.582950E+05     0.986218E+05    -0.525776E+00    -0.525776E+00
 1995     N/A              0.914661E+05     N/A              N/A
 1996     0.176906E+06     0.203869E+06    -0.141860E+00    -0.141860E+00
 1997     0.325664E+06     0.217193E+06     0.405082E+00     0.405082E+00
 1998     0.155998E+06     0.161886E+06    -0.370464E-01    -0.370464E-01
 1999     0.135246E+06     0.143888E+06    -0.619407E-01    -0.619407E-01
 2000     0.433530E+05     0.603408E+05    -0.330633E+00    -0.330633E+00
 2001     0.343770E+05     0.535359E+05    -0.442964E+00    -0.442964E+00
 2002     0.345852E+06     0.140483E+06     0.900924E+00     0.900924E+00
 2003     0.153037E+06     0.782814E+05     0.670369E+00     0.670369E+00
 2004     0.100785E+06     0.120935E+06    -0.182265E+00    -0.182265E+00
 2005     0.624290E+05     0.124687E+06    -0.691780E+00    -0.691780E+00
 2006     0.281448E+06     0.168792E+06     0.511278E+00     0.511278E+00
 2007     0.693423E+06     0.853857E+06    -0.208123E+00    -0.208123E+00

 Survey Index:    6 Tag: Acoustic           AGE =  9
 Time = JAN-1           Type = NUMBER
 Catchability =    0.153583E+01   % Variance Contribution =    16.8790
 Unweighted Residual = LN(Observed) - LN(Predicted)

 Year      Observed        Predicted         Residual      Unweighted Resid
 _____________________________________________________________________________

 1987     N/A              0.654869E+05     N/A              N/A
 1988     0.704260E+05     0.821637E+05    -0.154151E+00    -0.154151E+00
 1989     0.257980E+05     0.316972E+05    -0.205930E-02    -0.205930E+00
 1990     0.221820E+05     0.296723E+05    -0.290933E+00    -0.290933E+00
 1991     0.793530E+05     0.612124E+05     0.259556E+00     0.259556E+00
 1992     0.256921E+06     0.178880E+06     0.362056E+00     0.362056E+00
 1993     0.963300E+05     0.960150E+05     0.327496E-02     0.327496E-02
 1994     0.106172E+06     0.623773E+05     0.531859E+00     0.531859E+00
 1995     N/A              0.724411E+05     N/A              N/A
 1996     0.981500E+05     0.635138E+05     0.435240E+00     0.435240E+00
 1997     0.217421E+06     0.153096E+06     0.350767E+00     0.350767E+00
 1998     0.203382E+06     0.179428E+06     0.125313E+00     0.125313E+00
 1999     0.705140E+05     0.129634E+06    -0.608907E+00    -0.608907E+00
 2000     0.165716E+06     0.103014E+06     0.475413E+00     0.475413E+00
 2001     0.157270E+05     0.503211E+05    -0.116305E+01    -0.116305E+01
 2002     0.624510E+05     0.402621E+05     0.438971E+00     0.438971E+00
 2003     0.276199E+06     0.839588E+05     0.119080E+01     0.119080E+01
 2004     0.386930E+05     0.602774E+05    -0.443299E+00    -0.443299E+00
 2005     0.443130E+05     0.111456E+06    -0.922348E+00    -0.922348E+00
 2006     0.122183E+06     0.111356E+06     0.927921E-01     0.927921E-01
 2007     0.959970E+05     0.154739E+06    -0.477426E+00    -0.477426E+00

 Survey Index:    7 Tag: Acoustic           AGE = 10
 Time = JAN-1           Type = NUMBER
 Catchability =    0.169245E+01   % Variance Contribution =    19.7424
 Unweighted Residual = LN(Observed) - LN(Predicted)

 Year      Observed        Predicted         Residual      Unweighted Resid
 _____________________________________________________________________________

 1987     N/A              0.643803E+05     N/A              N/A
 1988     0.367130E+05     0.408808E+05    -0.107530E+00    -0.107530E+00
 1989     0.328190E+05     0.305241E+05     0.724918E-03     0.724918E-01
 1990     0.217680E+05     0.221439E+05    -0.171222E-03    -0.171222E-01
 1991     0.376180E+05     0.164754E+05     0.825614E-02     0.825614E+00
 1992     0.212900E+05     0.448576E+05    -0.745255E+00    -0.745255E+00
 1993     0.966490E+05     0.933458E+05     0.347754E-01     0.347754E-01
 1994     0.488740E+05     0.642735E+05    -0.273902E+00    -0.273902E+00
 1995     N/A              0.360829E+05     N/A              N/A
 1996     0.485030E+05     0.478150E+05     0.142863E-01     0.142863E-01
 1997     0.929790E+05     0.396922E+05     0.851218E+00     0.851218E+00
 1998     0.105730E+06     0.116885E+06    -0.100300E+00    -0.100300E+00
 1999     0.101626E+06     0.127485E+06    -0.226698E+00    -0.226698E+00
 2000     0.899160E+05     0.973997E+05    -0.799470E-01    -0.799470E-01
 2001     0.379400E+05     0.764424E+05    -0.700531E+00    -0.700531E+00
 2002     0.571050E+05     0.361141E+05     0.458208E+00     0.458208E+00
 2003     0.992060E+05     0.242998E+05     0.140673E+01     0.140673E+01
 2004     0.455820E+05     0.661393E+05    -0.372250E+00    -0.372250E+00
 2005     0.109470E+05     0.508326E+05    -0.153547E+01    -0.153547E+01
 2006     0.129588E+06     0.963414E+05     0.296462E+00     0.296462E+00
 2007     0.123748E+06     0.101395E+06     0.199220E+00     0.199220E+00

 Survey Index:    8 Tag: Acoustic           AGE = 11
 Time = JAN-1           Type = NUMBER
 Catchability =    0.144858E+01   % Variance Contribution =    16.2062
 Unweighted Residual = LN(Observed) - LN(Predicted)

 Year      Observed        Predicted         Residual      Unweighted Resid
 _____________________________________________________________________________

 1987     N/A              0.382591E+05     N/A              N/A
 1988     0.235860E+05     0.307049E+05    -0.263768E+00    -0.263768E+00
 1989     0.174390E+05     0.147580E+05     0.166921E-02     0.166921E+00
 1990     0.130800E+05     0.136415E+05    -0.420340E-03    -0.420340E-01
 1991     0.939400E+04     0.111492E+05    -0.171297E-02    -0.171297E+00
 1992     0.986600E+04     0.706450E+04     0.334012E-02     0.334012E+00
 1993     0.245420E+05     0.188544E+05     0.263638E+00     0.263638E+00
 1994     0.362010E+05     0.513254E+05    -0.349098E+00    -0.349098E+00
 1995     N/A              0.282605E+05     N/A              N/A
 1996     0.162260E+05     0.162335E+05    -0.461346E-03    -0.461346E-03
 1997     0.554940E+05     0.254707E+05     0.778746E+00     0.778746E+00
 1998     0.354690E+05     0.190363E+05     0.622311E+00     0.622311E+00
 1999     0.539350E+05     0.703904E+05    -0.266277E+00    -0.266277E+00
 2000     0.121345E+06     0.684791E+05     0.572109E+00     0.572109E+00
 2001     0.143200E+05     0.618544E+05    -0.146313E+01    -0.146313E+01
 2002     0.384050E+05     0.423838E+05    -0.985787E-01    -0.985787E-01
 2003     0.476210E+05     0.214998E+05     0.795230E+00     0.795230E+00
 2004     0.703900E+04     0.157522E+05    -0.805512E-02    -0.805512E+00
 2005     0.239420E+05     0.415684E+05    -0.551707E+00    -0.551707E+00
 2006     0.733390E+05     0.322558E+05     0.821395E+00     0.821395E+00
 2007     0.487730E+05     0.686952E+05    -0.342503E+00    -0.342503E+00


Survey Weight Factors - Survey Index =     6

      1987        1.0000
      1988        1.0000
      1989        0.0100
      1990        1.0000
      1991        1.0000
      1992        1.0000
      1993        1.0000
      1994        1.0000
      1995        1.0000
      1996        1.0000
      1997        1.0000
      1998        1.0000
      1999        1.0000
      2000        1.0000
      2001        1.0000
      2002        1.0000
      2003        1.0000
      2004        1.0000
      2005        1.0000
      2006        1.0000
      2007        1.0000


Survey Weight Factors - Survey Index =     7

      1987        1.0000
      1988        1.0000
      1989        0.0100
      1990        0.0100
      1991        0.0100
      1992        1.0000
      1993        1.0000
      1994        1.0000
      1995        1.0000
      1996        1.0000
      1997        1.0000
      1998        1.0000
      1999        1.0000
      2000        1.0000
      2001        1.0000
      2002        1.0000
      2003        1.0000
      2004        1.0000
      2005        1.0000
      2006        1.0000
      2007        1.0000


Survey Weight Factors - Survey Index =     8

      1987        1.0000
      1988        1.0000
      1989        0.0100
      1990        0.0100
      1991        0.0100
      1992        0.0100
      1993        1.0000
      1994        1.0000
      1995        1.0000
      1996        1.0000
      1997        1.0000
      1998        1.0000
      1999        1.0000
      2000        1.0000
      2001        1.0000
      2002        1.0000
      2003        1.0000
      2004        0.0100
      2005        1.0000
      2006        1.0000
      2007        1.0000



 Plus Group Diagnostic Report 

 Calculation Method Selected = Forward

          Population  Population    F            F
 Year     Backward     Forward    Forward     Backward    Ratio

 1987      34296.      34296.    0.516748    0.516748    1.000000
 1988      27153.      37004.    0.506278    0.776954    1.534638
 1989       7159.      26114.    0.110494    0.478694    4.332311
 1990       4541.      26477.    0.070917    0.507095    7.150554
 1991       3384.      24878.    0.055289    0.500803    9.057971
 1992       1319.      24218.    0.023261    0.545143   23.435455
 1993        892.      23703.    0.011413    0.357676   31.339690
 1994       4944.      22961.    0.089596    0.505208    5.638722
 1995       8128.      23225.    0.153391    0.519400    3.386109
 1996      21054.      27805.    0.345389    0.486556    1.408721
 1997      55824.      22574.    1.009474    0.299087    0.296280
 1998      19510.      10548.    0.544086    0.257991    0.474173
 1999      24667.      14417.    0.661568    0.333546    0.504175
 2000      26666.      13134.    0.592947    0.249653    0.421037
 2001      34271.      29134.    0.382390    0.315105    0.824041
 2002      61141.      39130.    0.710278    0.394929    0.556020
 2003      26445.      35227.    0.179166    0.246388    1.375196
 2004      36765.      40995.    0.188725    0.212867    1.127922
 2005      30048.      38160.    0.134432    0.173989    1.294252
 2006      38882.      35406.    0.093015    0.084347    0.906802
 2007      49891.      46747.       N/A         N/A
