 VPA Version 3.3.0

 Model ID: k=0.3, 2009-2011 Ichtio.                                                        


 Input File: RUN1NWWG_R_16.DAT                                                               
 Date of Run: 15-NOV-2017                         Time of Run: 21:43


 Levenburg-Marquardt Algorithm Completed     9 Iterations
 Residual Sum of Squares =     13.1461    

 Number of Residuals     =    104
 Number of Parameters    =      9
 Degrees of Freedom      =     95
 Mean Squared Residual   =     0.138380    
 Standard Deviation      =     0.371995    


 Number of Years =    14
 Number of Ages  =    11
 First Year      =  1987
 Youngest Age    =     3
 Oldest True Age =    12

 Number of Survey Indices Available        =    10
 Number of Survey Indices Used in Estimate =     8


 VPA Classic Method - Auto Estimated Q's


 Stock Numbers Predicted in Terminal Year Plus One (2001)
 Age    Stock Predicted     Std. Error      CV

   4         994937.289   0.386643E+06   0.388610E+00
   5         868892.886   0.255446E+06   0.293990E+00
   6         142877.113   0.401243E+05   0.280831E+00
   7         369984.323   0.932378E+05   0.252005E+00
   8          35896.890   0.931593E+04   0.259519E+00
   9          12840.442   0.382715E+04   0.298054E+00
  10          51766.090   0.138483E+05   0.267517E+00
  11          19371.387   0.598420E+04   0.308920E+00
  12          53478.510   0.172189E+05   0.321978E+00

 Catchability Values for Each Survey Used in Estimate
 INDEX     Catchability    Std. Error      CV

   1       0.971880E+00   0.100127E+00   0.103023E+00
   2       0.122432E+01   0.129209E+00   0.105535E+00
   3       0.119796E+01   0.116968E+00   0.976395E-01
   4       0.126234E+01   0.100720E+00   0.797887E-01
   5       0.133584E+01   0.138817E+00   0.103918E+00
   6       0.169457E+01   0.146051E+00   0.861875E-01
   7       0.168294E+01   0.246817E+00   0.146658E+00
   8       0.154930E+01   0.176135E+00   0.113687E+00


 -- Non-Linear Least Squares Fit --

 Maximum Marquadt Iterations    =       100
 Scaled Gradient Tolerance      =    6.055454E-05
 Scaled Step Tolerance          =    1.000000E-18
 Relative Function Tolerance    =    1.000000E-18
 Absolute Function Tolerance    =    4.930381E-32

 Reported Machine Precision     =    2.220446E-16


 VPA Method Options

 - Catchability Values Estimated as an Analytic Function of N
 - Catch Equation Used in Cohort Solution
 - Plus Group Forward Calculation Method Used
 - Arithmetic Average Used in F-Oldest Calculation
 - F-Oldest Calculation in Years Prior to Terminal Year 
   Uses Fishing Mortality in Ages  8 to 11
 - Calculation of Population of Age 3 In Year 2001
   =  Geometric Mean of First Age Populations
      Year Range Applied =  1987 to  1997
 - Survey Weight Factors Were Used

 Stock Estimates 

 Age   4
 Age   5
 Age   6
 Age   7
 Age   8
 Age   9
 Age  10
 Age  11
 Age  12

 Full F in Terminal Year               =   0.2923

 F in Oldest True Age in Terminal Year =   0.3293

 Full F Calculated Using Classic Method

 F in Oldest True Age in Terminal Year has been
 Calculated in Same Manner as in All Other Years

 Age  Input Partial  Calc Partial   Fishing     Used In
      Recruitment    Recruitment    Mortality   Full F    Comments

   3      0.500          0.112       0.0533      NO      Stock Estimate in T+1   
   4      0.800          0.291       0.1389      NO      Stock Estimate in T+1   
   5      1.000          0.593       0.2831      YES     Stock Estimate in T+1   
   6      1.000          0.376       0.1795      YES     Stock Estimate in T+1   
   7      1.000          0.558       0.2663      YES     Stock Estimate in T+1   
   8      1.000          1.000       0.4773      YES     Stock Estimate in T+1   
   9      1.000          0.550       0.2623      YES     Stock Estimate in T+1   
  10      1.000          0.826       0.3941      YES     Stock Estimate in T+1   
  11      1.000          0.384       0.1833      YES     Stock Estimate in T+1   
  12      1.000          0.690       0.3293              F-Oldest                

 Catch At Age - Input Data


   AGE       1987        1988        1989        1990        1991
 ____________________________________________________________________

    3       3144.0      4757.0     22628.0     14884.0     88683.0
    4      44590.0     41331.0     26649.0     56995.0     49081.0
    5      60285.0     99366.0     77824.0     35593.0     86292.0
    6      20622.0     69331.0    188654.0     79757.0     34793.0
    7      19751.0     22955.0     43114.0    157225.0     55228.0
    8      46240.0     20131.0      8116.0     30248.0    110132.0
    9      15232.0     32201.0      5897.0      8187.0     10079.0
   10      13963.0     12349.0      7292.0      4372.0      4155.0
   11      10179.0     10250.0      4780.0      3379.0      2735.0
   12      13216.0      7378.0      3449.0      1786.0      2003.0
   13      13227.0     14048.0      2602.0      1726.0      1274.0

   AGE       1992        1993        1994        1995        1996
 ____________________________________________________________________

    3      94860.0     51153.0    134616.0     20991.0     15969.0
    4     122626.0    177780.0    113290.0    137232.0     40311.0
    5      38381.0     92680.0    142876.0     86864.0     86187.0
    6      58605.0     20791.0     87207.0    109140.0     68927.0
    7      27921.0     28560.0     24913.0     76780.0     84660.0
    8      38420.0     13313.0     20303.0     21361.0     39664.0
    9      53114.0     19617.0     16301.0     15225.0     14746.0
   10      11592.0     15266.0     15695.0      8541.0      8419.0
   11       1727.0      4254.0     14680.0      9617.0      5836.0
   12       1757.0       797.0      2936.0      7034.0      3152.0
   13        530.0       256.0      1874.0      3147.0      7750.0

   AGE       1997        1998        1999        2000
 ____________________________________________________________________

    3      39240.0     45390.0     56315.0     57282.0
    4      30141.0    175529.0     54779.0    136278.0
    5      26307.0     22691.0    140913.0     49289.0
    6      36738.0      8613.0     16093.0     76614.0
    7      33705.0     40898.0     13506.0     11546.0
    8      31022.0     25944.0     31467.0      8294.0
    9      22277.0     32046.0     19845.0     16367.0
   10       8531.0     14647.0     22031.0      9874.0
   11       3383.0      2122.0     12609.0     11332.0
   12       1141.0      2754.0      2673.0      6744.0
   13      13767.0      4231.0      6676.0      5618.0

 Weight At Age - Input Data


   AGE       1987        1988        1989        1990        1991
 ____________________________________________________________________

    3       0.1680      0.1570      0.1300      0.1270      0.1350
    4       0.2000      0.2210      0.2060      0.1970      0.1880
    5       0.2400      0.2390      0.2460      0.2450      0.2320
    6       0.2780      0.2710      0.2610      0.2720      0.2670
    7       0.3040      0.2980      0.2900      0.2850      0.2890
    8       0.3250      0.3190      0.3310      0.3050      0.3040
    9       0.3390      0.3340      0.3380      0.3240      0.3230
   10       0.3560      0.3540      0.3520      0.3360      0.3400
   11       0.3780      0.3520      0.3690      0.3620      0.3520
   12       0.4000      0.3710      0.3890      0.3700      0.3690
   13       0.4160      0.4030      0.4010      0.3790      0.3980

   AGE       1992        1993        1994        1995        1996
 ____________________________________________________________________

    3       0.1480      0.1450      0.1340      0.1300      0.1390
    4       0.1900      0.2110      0.2010      0.1830      0.1680
    5       0.2350      0.2460      0.2470      0.2400      0.2120
    6       0.2730      0.2920      0.2720      0.2770      0.2580
    7       0.3120      0.3240      0.3030      0.2980      0.2890
    8       0.3290      0.3500      0.3330      0.3250      0.3080
    9       0.3390      0.3620      0.3660      0.3580      0.3250
   10       0.3550      0.3760      0.3780      0.3780      0.3530
   11       0.3820      0.3860      0.3890      0.3970      0.3530
   12       0.4050      0.4190      0.3900      0.4090      0.3770
   13       0.3920      0.3890      0.4100      0.4330      0.4020

   AGE       1997        1998        1999        2000
 ____________________________________________________________________

    3       0.1310      0.1340      0.1370      0.1590
    4       0.1910      0.1850      0.2040      0.2170
    5       0.2330      0.2380      0.2330      0.2680
    6       0.2690      0.2640      0.2680      0.2890
    7       0.3000      0.2880      0.2940      0.3250
    8       0.3240      0.3240      0.3110      0.3420
    9       0.3410      0.3400      0.3390      0.3630
   10       0.3550      0.3480      0.3530      0.3780
   11       0.3620      0.3750      0.3620      0.3930
   12       0.3670      0.4060      0.3780      0.4070
   13       0.3970      0.4150      0.4040      0.4290

 JAN-1 Weights at Age - Input Data


   AGE       1987        1988        1989        1990        1991
 ____________________________________________________________________

    3       0.1680      0.1570      0.1300      0.1270      0.1350
    4       0.2000      0.2210      0.2060      0.1970      0.1880
    5       0.2400      0.2390      0.2460      0.2450      0.2320
    6       0.2780      0.2710      0.2610      0.2720      0.2670
    7       0.3040      0.2980      0.2900      0.2850      0.2890
    8       0.3250      0.3190      0.3310      0.3050      0.3040
    9       0.3390      0.3340      0.3380      0.3240      0.3230
   10       0.3560      0.3540      0.3520      0.3360      0.3400
   11       0.3780      0.3520      0.3690      0.3620      0.3520
   12       0.4000      0.3710      0.3890      0.3700      0.3690
   13       0.4160      0.4030      0.4010      0.3790      0.3980

   AGE       1992        1993        1994        1995        1996
 ____________________________________________________________________

    3       0.1480      0.1450      0.1340      0.1300      0.1390
    4       0.1900      0.2110      0.2010      0.1830      0.1680
    5       0.2350      0.2460      0.2470      0.2400      0.2120
    6       0.2730      0.2920      0.2720      0.2770      0.2580
    7       0.3120      0.3240      0.3030      0.2980      0.2890
    8       0.3290      0.3500      0.3330      0.3250      0.3080
    9       0.3390      0.3620      0.3660      0.3580      0.3250
   10       0.3550      0.3760      0.3780      0.3780      0.3530
   11       0.3820      0.3860      0.3890      0.3970      0.3530
   12       0.4050      0.4190      0.3900      0.4090      0.3770
   13       0.3920      0.3890      0.4100      0.4330      0.4020

   AGE       1997        1998        1999        2000        2001
 ____________________________________________________________________

    3       0.1310      0.1340      0.1370      0.1590      0.1390
    4       0.1910      0.1850      0.2040      0.2170      0.2140
    5       0.2330      0.2380      0.2330      0.2680      0.2440
    6       0.2690      0.2640      0.2680      0.2890      0.2860
    7       0.3000      0.2880      0.2940      0.3250      0.2960
    8       0.3240      0.3240      0.3110      0.3420      0.3240
    9       0.3410      0.3400      0.3390      0.3630      0.3470
   10       0.3550      0.3480      0.3530      0.3780      0.3540
   11       0.3620      0.3750      0.3620      0.3930      0.3850
   12       0.3670      0.4060      0.3780      0.4070      0.4030
   13       0.3970      0.4150      0.4040      0.4290      0.4230

 SSB Weight At Age - Input Data


   AGE       1987        1988        1989        1990        1991
 ____________________________________________________________________

    3       0.1680      0.1570      0.1300      0.1270      0.1350
    4       0.2000      0.2210      0.2060      0.1970      0.1880
    5       0.2400      0.2390      0.2460      0.2450      0.2320
    6       0.2780      0.2710      0.2610      0.2720      0.2670
    7       0.3040      0.2980      0.2900      0.2850      0.2890
    8       0.3250      0.3190      0.3310      0.3050      0.3040
    9       0.3390      0.3340      0.3380      0.3240      0.3230
   10       0.3560      0.3540      0.3520      0.3360      0.3400
   11       0.3780      0.3520      0.3690      0.3620      0.3520
   12       0.4000      0.3710      0.3890      0.3700      0.3690
   13       0.4160      0.4030      0.4010      0.3790      0.3980

   AGE       1992        1993        1994        1995        1996
 ____________________________________________________________________

    3       0.1480      0.1450      0.1340      0.1300      0.1390
    4       0.1900      0.2110      0.2010      0.1830      0.1680
    5       0.2350      0.2460      0.2470      0.2400      0.2120
    6       0.2730      0.2920      0.2720      0.2770      0.2580
    7       0.3120      0.3240      0.3030      0.2980      0.2890
    8       0.3290      0.3500      0.3330      0.3250      0.3080
    9       0.3390      0.3620      0.3660      0.3580      0.3250
   10       0.3550      0.3760      0.3780      0.3780      0.3530
   11       0.3820      0.3860      0.3890      0.3970      0.3530
   12       0.4050      0.4190      0.3900      0.4090      0.3770
   13       0.3920      0.3890      0.4100      0.4330      0.4020

   AGE       1997        1998        1999        2000
 ____________________________________________________________________

    3       0.1310      0.1340      0.1370      0.1590
    4       0.1910      0.1850      0.2040      0.2170
    5       0.2330      0.2380      0.2330      0.2680
    6       0.2690      0.2640      0.2680      0.2890
    7       0.3000      0.2880      0.2940      0.3250
    8       0.3240      0.3240      0.3110      0.3420
    9       0.3410      0.3400      0.3390      0.3630
   10       0.3550      0.3480      0.3530      0.3780
   11       0.3620      0.3750      0.3620      0.3930
   12       0.3670      0.4060      0.3780      0.4070
   13       0.3970      0.4150      0.4040      0.4290

 Natural Mortality - Input Data


   AGE       1987        1988        1989        1990        1991
 ____________________________________________________________________

    3       0.1000      0.1000      0.1000      0.1000      0.1000
    4       0.1000      0.1000      0.1000      0.1000      0.1000
    5       0.1000      0.1000      0.1000      0.1000      0.1000
    6       0.1000      0.1000      0.1000      0.1000      0.1000
    7       0.1000      0.1000      0.1000      0.1000      0.1000
    8       0.1000      0.1000      0.1000      0.1000      0.1000
    9       0.1000      0.1000      0.1000      0.1000      0.1000
   10       0.1000      0.1000      0.1000      0.1000      0.1000
   11       0.1000      0.1000      0.1000      0.1000      0.1000
   12       0.1000      0.1000      0.1000      0.1000      0.1000
   13       0.1000      0.1000      0.1000      0.1000      0.1000

   AGE       1992        1993        1994        1995        1996
 ____________________________________________________________________

    3       0.1000      0.1000      0.1000      0.1000      0.1000
    4       0.1000      0.1000      0.1000      0.1000      0.1000
    5       0.1000      0.1000      0.1000      0.1000      0.1000
    6       0.1000      0.1000      0.1000      0.1000      0.1000
    7       0.1000      0.1000      0.1000      0.1000      0.1000
    8       0.1000      0.1000      0.1000      0.1000      0.1000
    9       0.1000      0.1000      0.1000      0.1000      0.1000
   10       0.1000      0.1000      0.1000      0.1000      0.1000
   11       0.1000      0.1000      0.1000      0.1000      0.1000
   12       0.1000      0.1000      0.1000      0.1000      0.1000
   13       0.1000      0.1000      0.1000      0.1000      0.1000

   AGE       1997        1998        1999        2000
 ____________________________________________________________________

    3       0.1000      0.1000      0.1000      0.1000
    4       0.1000      0.1000      0.1000      0.1000
    5       0.1000      0.1000      0.1000      0.1000
    6       0.1000      0.1000      0.1000      0.1000
    7       0.1000      0.1000      0.1000      0.1000
    8       0.1000      0.1000      0.1000      0.1000
    9       0.1000      0.1000      0.1000      0.1000
   10       0.1000      0.1000      0.1000      0.1000
   11       0.1000      0.1000      0.1000      0.1000
   12       0.1000      0.1000      0.1000      0.1000
   13       0.1000      0.1000      0.1000      0.1000

 Proportion of Natural Mortality Before Spawning =       0.5000
 Proportion of Fishing Mortality Before Spawning =       0.0000

 Maturity - Input Data


   AGE       1987        1988        1989        1990        1991
 ____________________________________________________________________

    3       0.2000      0.2000      0.2000      0.2000      0.2000
    4       0.8500      0.8500      0.8500      0.8500      0.8500
    5       1.0000      1.0000      1.0000      1.0000      1.0000
    6       1.0000      1.0000      1.0000      1.0000      1.0000
    7       1.0000      1.0000      1.0000      1.0000      1.0000
    8       1.0000      1.0000      1.0000      1.0000      1.0000
    9       1.0000      1.0000      1.0000      1.0000      1.0000
   10       1.0000      1.0000      1.0000      1.0000      1.0000
   11       1.0000      1.0000      1.0000      1.0000      1.0000
   12       1.0000      1.0000      1.0000      1.0000      1.0000
   13       1.0000      1.0000      1.0000      1.0000      1.0000

   AGE       1992        1993        1994        1995        1996
 ____________________________________________________________________

    3       0.2000      0.2000      0.2000      0.2000      0.2000
    4       0.8500      0.8500      0.8500      0.8500      0.8500
    5       1.0000      1.0000      1.0000      1.0000      1.0000
    6       1.0000      1.0000      1.0000      1.0000      1.0000
    7       1.0000      1.0000      1.0000      1.0000      1.0000
    8       1.0000      1.0000      1.0000      1.0000      1.0000
    9       1.0000      1.0000      1.0000      1.0000      1.0000
   10       1.0000      1.0000      1.0000      1.0000      1.0000
   11       1.0000      1.0000      1.0000      1.0000      1.0000
   12       1.0000      1.0000      1.0000      1.0000      1.0000
   13       1.0000      1.0000      1.0000      1.0000      1.0000

   AGE       1997        1998        1999        2000
 ____________________________________________________________________

    3       0.2000      0.2000      0.2000      0.2000
    4       0.8500      0.8500      0.8500      0.8500
    5       1.0000      1.0000      1.0000      1.0000
    6       1.0000      1.0000      1.0000      1.0000
    7       1.0000      1.0000      1.0000      1.0000
    8       1.0000      1.0000      1.0000      1.0000
    9       1.0000      1.0000      1.0000      1.0000
   10       1.0000      1.0000      1.0000      1.0000
   11       1.0000      1.0000      1.0000      1.0000
   12       1.0000      1.0000      1.0000      1.0000
   13       1.0000      1.0000      1.0000      1.0000

 Input Partial Recruitment

   AGE

    3       0.5000
    4       0.8000
    5       1.0000
    6       1.0000
    7       1.0000
    8       1.0000
    9       1.0000
   10       1.0000
   11       1.0000
   12       1.0000


 Input F-Plus Ratio

   YEAR

   1987       1.0000
   1988       1.0000
   1989       1.0000
   1990       1.0000
   1991       1.0000
   1992       1.0000
   1993       1.0000
   1994       1.0000
   1995       1.0000
   1996       1.0000
   1997       1.0000
   1998       1.0000
   1999       1.0000
   2000       1.0000

 SURVEY - INPUT DATA


INDEX                   1                  2                  3

SURVEY TAG      Acoustic            Acoustic            Acoustic          

AGE                   4                   5                   6       
TIME               JAN-1               JAN-1               JAN-1       
TYPE              NUMBERS             NUMBERS             NUMBERS      
RETRO FLAG           1                   1                   1
 ________________________________________________________________________

    1987              0.0000              0.0000              0.0000
    1988         401246.0000         858012.0000         308065.0000
    1989         201284.0000         232808.0000         381417.0000
    1990         655361.0000         179364.0000         278836.0000
    1991         132235.0000         258591.0000          94373.0000
    1992        1049990.0000         354521.0000         319866.0000
    1993         830608.0000         729556.0000         158778.0000
    1994         505279.0000         882868.0000         496297.0000
    1995              0.0000              0.0000              0.0000
    1996         133810.0000         761581.0000         277893.0000
    1997         270706.0000         133667.0000         468678.0000
    1998         601783.0000          81055.0000          57366.0000
    1999         255937.0000        1081504.0000         103344.0000
    2000         839491.0000         239064.0000         605858.0000
    2001         966960.0000        1316413.0000         191001.0000

 SURVEY - INPUT DATA


INDEX                   4                  5                  6

SURVEY TAG      Acoustic            Acoustic            Acoustic          

AGE                   7                   8                   9       
TIME               JAN-1               JAN-1               JAN-1       
TYPE              NUMBERS             NUMBERS             NUMBERS      
RETRO FLAG           1                   1                   1
 ________________________________________________________________________

    1987              0.0000              0.0000              0.0000
    1988          57103.0000          32532.0000          70426.0000
    1989         188456.0000          46448.0000          25798.0000
    1990         592982.0000         179665.0000          22182.0000
    1991         191054.0000         514403.0000          79353.0000
    1992          89825.0000         138333.0000         256921.0000
    1993         130781.0000          54156.0000          96330.0000
    1994          66963.0000          58295.0000         106172.0000
    1995              0.0000              0.0000              0.0000
    1996         385027.0000         176906.0000          98150.0000
    1997         269888.0000         325664.0000         217421.0000
    1998         287046.0000         155998.0000         203382.0000
    1999          51786.0000         135246.0000          70514.0000
    2000          88214.0000          43353.0000         165716.0000
    2001         482418.0000          34377.0000          15727.0000

 SURVEY - INPUT DATA


INDEX                   7                  8                  9

SURVEY TAG      Acoustic            Acoustic            Acoustic          

AGE                  10                  11                  12       
TIME               JAN-1               JAN-1               JAN-1       
TYPE              NUMBERS             NUMBERS             NUMBERS      
RETRO FLAG           1                   1                   1
 ________________________________________________________________________

    1987              0.0000              0.0000              0.0000
    1988          36713.0000          23586.0000          18401.0000
    1989          32819.0000          17439.0000          10373.0000
    1990          21768.0000          13080.0000           9941.0000
    1991          37618.0000           9394.0000          12636.0000
    1992          21290.0000           9866.0000              0.0000
    1993          96649.0000          24542.0000           1130.0000
    1994          48874.0000          36201.0000              0.0000
    1995              0.0000              0.0000              0.0000
    1996          48503.0000          16226.0000          29390.0000
    1997          92979.0000          55494.0000          39048.0000
    1998         105730.0000          35469.0000          27373.0000
    1999         101626.0000          53935.0000          17414.0000
    2000          89916.0000         121345.0000          77600.0000
    2001          37940.0000          14320.0000              0.0000

INDEX                  10

SURVEY TAG      Acoustic          

AGE                  13       
TIME               JAN-1       
TYPE              NUMBERS      
RETRO FLAG           1
 ________________________________________________________________________

    1987              0.0000
    1988          24278.0000
    1989           9081.0000
    1990           1989.0000
    1991              0.0000
    1992           9327.0000
    1993           1130.0000
    1994           4224.0000
    1995              0.0000
    1996          47945.0000
    1997          30028.0000
    1998          14234.0000
    1999          13636.0000
    2000          21542.0000
    2001              0.0000

     Additional Output Files 

Population File RUN1NWWG_R_16.PP2                                               
Auxilliary File RUN1NWWG_R_16.AUX                                               
Covariance File RUN1NWWG_R_16.CV                                                
Residuals File  RUN1NWWG_R_16.RSD                                               
Log File        RUN1NWWG_R_16.LOG                                               


                             Estimation Results

 JAN-1 Population Numbers


   AGE       1987        1988        1989        1990        1991
 _____________________________________________________________________________

    3      529718.     271182.     446730.     300705.     830679.
    4      988908.     476320.     240853.     382713.     257943.
    5      300655.     852421.     391724.     192620.     292177.
    6       84599.     214836.     676924.     280593.     140508.
    7       69134.      56988.     128694.     433642.     178278.
    8      107461.      43830.      29837.      75600.     243471.
    9       42632.      53485.      20621.      19302.      39774.
   10       38032.      24148.      18024.      13068.       9719.
   11       26407.      21190.      10182.       9407.       7682.
   12       34262.      14256.       9483.       4693.       5311.
   13       34290.      36993.      26101.      26460.      24857.
 ====================================================================
 Total    2256099.    2065649.    1999175.    1738804.    2030399.

   AGE       1992        1993        1994        1995        1996
 _____________________________________________________________________________

    3     1094827.     592925.     716355.     173364.     180786.
    4      667391.     900516.     487901.     520421.     136930.
    5      186815.     487491.     646107.     334001.     340762.
    6      182575.     132617.     353139.     449069.     219841.
    7       94137.     109666.     100258.     236821.     302813.
    8      108970.      58712.      72146.      67088.     141530.
    9      116137.      62209.      40495.      46032.      40461.
   10       26430.      54853.      37698.      21212.      27226.
   11        4862.      12948.      35159.      19258.      11109.
   12        4361.       2764.       7686.      17921.       8336.
   13       24190.      23667.      22917.      23130.      27497.
 ====================================================================
 Total    2510695.    2438368.    2519861.    1908316.    1437293.

   AGE       1997        1998        1999        2000        2001
 _____________________________________________________________________________

    3     1085667.     367120.    1278506.    1159743.     471098.
    4      148411.     945053.     289075.    1103315.     994937.
    5       85687.     105686.     688521.     209576.     868893.
    6      226594.      52600.      74099.     489284.     142877.
    7      133599.     170153.      39418.      51778.     369984.
    8      193731.      88919.     115168.      22872.      35897.
    9       90457.     145843.      55864.      74372.      12840.
   10       22646.      60719.     101560.      31751.      51766.
   11       16656.      12413.      41048.      70993.      19371.
   12        4539.      11861.       9217.      25191.      53479.
   13       22092.      10036.      13196.      11438.      21439.
 ====================================================================
 Total    2030078.    1970403.    2705672.    3250314.    3042581.



Fishing Mortality Calculated


   AGE       1987        1988        1989        1990        1991
 _____________________________________________________________________________

    3       0.0063      0.0186      0.0547      0.0534      0.1189
    4       0.0485      0.0955      0.1235      0.1699      0.2226
    5       0.2361      0.1305      0.2337      0.2155      0.3702
    6       0.2951      0.4124      0.3453      0.3536      0.3005
    7       0.3557      0.5471      0.4320      0.4772      0.3923
    8       0.5977      0.6540      0.3355      0.5422      0.6402
    9       0.4684      0.9877      0.3561      0.5862      0.3087
   10       0.4849      0.7636      0.5503      0.4313      0.5925
   11       0.5164      0.7040      0.6745      0.4716      0.4663
   12       0.5169      0.7773      0.4791      0.5078      0.5019
   13       0.5169      0.5065      0.1106      0.0710      0.0553

   AGE       1992        1993        1994        1995        1996
 _____________________________________________________________________________

    3       0.0954      0.0950      0.2195      0.1359      0.0973
    4       0.2141      0.2320      0.2790      0.3235      0.3688
    5       0.2427      0.2224      0.2638      0.3182      0.3080
    6       0.4097      0.1797      0.2996      0.2941      0.3981
    7       0.3721      0.3187      0.3017      0.4148      0.3466
    8       0.4606      0.2715      0.3494      0.4057      0.3476
    9       0.6501      0.4009      0.5466      0.4252      0.4804
   10       0.6135      0.3448      0.5717      0.5468      0.3914
   11       0.4649      0.4216      0.5739      0.7373      0.7951
   12       0.5473      0.3597      0.5104      0.5287      0.5036
   13       0.0233      0.0114      0.0898      0.1541      0.3500

   AGE       1997        1998        1999        2000
 _____________________________________________________________________________

    3       0.0387      0.1390      0.0474      0.0533
    4       0.2395      0.2167      0.2216      0.1389
    5       0.3880      0.2551      0.2416      0.2831
    6       0.1865      0.1885      0.2584      0.1795
    7       0.3071      0.2903      0.4443      0.2663
    8       0.1839      0.3648      0.3373      0.4773
    9       0.2986      0.2619      0.4650      0.2623
   10       0.5012      0.2915      0.2581      0.3941
   11       0.2395      0.1977      0.3882      0.1833
   12       0.3058      0.2790      0.3622      0.3293
   13       1.0478      0.5814      0.7515      0.7197


 Average Fishing Mortality For Ages   5- 10

 Year      Average F   N Weighted  Biomass Wtd  Catch Wtd

 _____________________________________________________________________________

 1987       0.4063      0.3474      0.3656      0.3912
 1988       0.5826      0.2657      0.2919      0.4234
 1989       0.3755      0.3224      0.3266      0.3348
 1990       0.4343      0.3997      0.4067      0.4248
 1991       0.4341      0.4361      0.4449      0.4661
 1992       0.4581      0.4154      0.4326      0.4519
 1993       0.2897      0.2507      0.2586      0.2639
 1994       0.3888      0.3003      0.3087      0.3134
 1995       0.4008      0.3422      0.3472      0.3504
 1996       0.3787      0.3512      0.3550      0.3553
 1997       0.3109      0.2531      0.2524      0.2777
 1998       0.2753      0.2798      0.2821      0.2859
 1999       0.3341      0.2736      0.2803      0.2860
 2000       0.3104      0.2318      0.2347      0.2496

 Back Calculated Partial Recruitment


   AGE       1987        1988        1989        1990        1991
 _____________________________________________________________________________

    3       0.0105      0.0188      0.0811      0.0911      0.1857
    4       0.0812      0.0967      0.1831      0.2899      0.3477
    5       0.3950      0.1321      0.3464      0.3676      0.5782
    6       0.4937      0.4176      0.5120      0.6032      0.4694
    7       0.5951      0.5539      0.6405      0.8141      0.6127
    8       1.0000      0.6622      0.4975      0.9251      1.0000
    9       0.7836      1.0000      0.5280      1.0000      0.4822
   10       0.8113      0.7731      0.8159      0.7357      0.9255
   11       0.8640      0.7127      1.0000      0.8045      0.7283
   12       0.8647      0.7870      0.7103      0.8663      0.7840
   13       0.8647      0.5128      0.1639      0.1211      0.0864

   AGE       1992        1993        1994        1995        1996
 _____________________________________________________________________________

    3       0.1467      0.2252      0.3825      0.1844      0.1224
    4       0.3293      0.5502      0.4861      0.4387      0.4638
    5       0.3732      0.5275      0.4596      0.4316      0.3874
    6       0.6302      0.4262      0.5220      0.3988      0.5007
    7       0.5724      0.7560      0.5258      0.5626      0.4360
    8       0.7085      0.6438      0.6088      0.5502      0.4372
    9       1.0000      0.9508      0.9525      0.5767      0.6042
   10       0.9437      0.8177      0.9962      0.7417      0.4923
   11       0.7151      1.0000      1.0000      1.0000      1.0000
   12       0.8418      0.8531      0.8893      0.7171      0.6334
   13       0.0358      0.0271      0.1564      0.2090      0.4402

   AGE       1997        1998        1999        2000
 _____________________________________________________________________________

    3       0.0369      0.2391      0.0630      0.0740
    4       0.2286      0.3727      0.2949      0.1929
    5       0.3703      0.4387      0.3215      0.3934
    6       0.1780      0.3242      0.3439      0.2494
    7       0.2931      0.4993      0.5912      0.3701
    8       0.1756      0.6274      0.4489      0.6633
    9       0.2850      0.4504      0.6188      0.3645
   10       0.4784      0.5014      0.3434      0.5476
   11       0.2286      0.3399      0.5166      0.2547
   12       0.2919      0.4798      0.4819      0.4575
   13       1.0000      1.0000      1.0000      1.0000

 JAN-1 Biomass


   AGE       1987        1988        1989        1990        1991
 _____________________________________________________________________________

    3       88993.      42576.      58075.      38190.     112142.
    4      197782.     105267.      49616.      75394.      48493.
    5       72157.     203729.      96364.      47192.      67785.
    6       23518.      58220.     176677.      76321.      37516.
    7       21017.      16982.      37321.     123588.      51522.
    8       34925.      13982.       9876.      23058.      74015.
    9       14452.      17864.       6970.       6254.      12847.
   10       13539.       8549.       6344.       4391.       3304.
   11        9982.       7459.       3757.       3405.       2704.
   12       13705.       5289.       3689.       1737.       1960.
   13       14265.      14908.      10466.      10028.       9893.
 ====================================================================
 Total     504335.     494824.     459157.     409558.     422182.

   AGE       1992        1993        1994        1995        1996
 _____________________________________________________________________________

    3      162034.      85974.      95992.      22537.      25129.
    4      126804.     190009.      98068.      95237.      23004.
    5       43902.     119923.     159588.      80160.      72242.
    6       49843.      38724.      96054.     124392.      56719.
    7       29371.      35532.      30378.      70573.      87513.
    8       35851.      20549.      24025.      21804.      43591.
    9       39370.      22520.      14821.      16479.      13150.
   10        9383.      20625.      14250.       8018.       9611.
   11        1857.       4998.      13677.       7645.       3921.
   12        1766.       1158.       2997.       7330.       3143.
   13        9483.       9207.       9396.      10015.      11054.
 ====================================================================
 Total     509664.     549218.     559246.     464191.     349077.

   AGE       1997        1998        1999        2000        2001
 _____________________________________________________________________________

    3      142222.      49194.     175155.     184399.      65483.
    4       28346.     174835.      58971.     239419.     212917.
    5       19965.      25153.     160426.      56166.     212010.
    6       60954.      13886.      19858.     141403.      40863.
    7       40080.      49004.      11589.      16828.     109515.
    8       62769.      28810.      35817.       7822.      11631.
    9       30846.      49587.      18938.      26997.       4456.
   10        8039.      21130.      35851.      12002.      18325.
   11        6029.       4655.      14859.      27900.       7458.
   12        1666.       4815.       3484.      10253.      21552.
   13        8770.       4165.       5331.       4907.       9069.
 ====================================================================
 Total     409687.     425234.     540280.     728097.     713277.

 Mean Biomass


   AGE       1987        1988        1989        1990        1991
 _____________________________________________________________________________

    3       84428.      40148.      53807.      35405.     100718.
    4      183795.      95614.      44463.      66076.      41448.
    5       61283.     181952.      81936.      40473.      54079.
    6       19429.      45556.     142580.      61358.      30913.
    7       16879.      12504.      28943.      93896.      40689.
    8       25142.       9819.       8006.      17014.      52294.
    9       11024.      10889.       5597.       4525.      10546.
   10       10251.       5725.       4665.       3406.       2384.
   11        7451.       5125.       2615.       2594.       2065.
   12       10228.       3521.       2800.       1301.       1473.
   13       10646.      11178.       9438.       9218.       9163.
 ====================================================================
 Total     440556.     422031.     384851.     335266.     345771.

   AGE       1992        1993        1994        1995        1996
 _____________________________________________________________________________

    3      147187.      78113.      82166.      20076.      22805.
    4      108820.     161686.      81627.      77641.      18365.
    5       37170.     102511.     133782.      65509.      59319.
    6       39049.      33780.      79184.     102809.      44674.
    7       23411.      29031.      25017.      55161.      70581.
    8       27444.      17164.      19352.      17114.      35141.
    9       27696.      17714.      10915.      12820.       9976.
   10        6707.      16649.      10377.       5904.       7593.
   11        1419.       3894.       9950.       5178.       2591.
   12        1300.        928.       2243.       5441.       2360.
   13        8921.       8712.       8558.       8844.       8901.
 ====================================================================
 Total     429127.     470183.     463172.     376498.     282307.

   AGE       1997        1998        1999        2000
 _____________________________________________________________________________

    3      132799.      43757.     162860.     170963.
    4       24036.     149855.      50429.     212973.
    5       15798.      21172.     135895.      46659.
    6       53001.      12063.      16689.     123362.
    7       32924.      40572.       8937.      14090.
    8       54644.      23041.      29012.       5943.
    9       25440.      41606.      14468.      22647.
   10        6042.      17485.      30134.       9470.
   11        5112.       4026.      11757.      24296.
   12        1369.       4008.       2790.       8336.
   13        5216.       3020.       3589.       3349.
 ====================================================================
 Total     356382.     360606.     466561.     642088.

 Spawning Stock Biomass


   AGE       1987        1988        1989        1990        1991
 _____________________________________________________________________________

    3       16930.       8100.      11049.       7265.      21335.
    4      159915.      85113.      40117.      60960.      39209.
    5       68638.     193793.      91664.      44890.      64479.
    6       22371.      55381.     168061.      72599.      35686.
    7       19992.      16154.      35501.     117560.      49009.
    8       33222.      13300.       9394.      21933.      70405.
    9       13748.      16993.       6630.       5949.      12220.
   10       12879.       8132.       6035.       4177.       3143.
   11        9495.       7095.       3574.       3239.       2572.
   12       13036.       5031.       3509.       1652.       1864.
   13       13569.      14181.       9956.       9539.       9411.
 ====================================================================
 Total     383796.     423272.     385490.     349764.     309334.

   AGE       1992        1993        1994        1995        1996
 _____________________________________________________________________________

    3       30826.      16356.      18262.       4288.       4781.
    4      102527.     153631.      79292.      77003.      18600.
    5       41761.     114074.     151805.      76251.      68718.
    6       47412.      36836.      91369.     118325.      53953.
    7       27938.      33799.      28897.      67131.      83245.
    8       34103.      19547.      22853.      20740.      41465.
    9       37450.      21421.      14098.      15676.      12509.
   10        8925.      19619.      13555.       7627.       9142.
   11        1767.       4754.      13010.       7273.       3730.
   12        1680.       1102.       2851.       6972.       2990.
   13        9020.       8758.       8938.       9527.      10515.
 ====================================================================
 Total     343409.     429896.     444931.     410812.     309647.

   AGE       1997        1998        1999        2000
 _____________________________________________________________________________

    3       27057.       9359.      33323.      35081.
    4       22919.     141362.      47681.     193581.
    5       18991.      23926.     152601.      53427.
    6       57981.      13209.      18890.     134507.
    7       38125.      46614.      11024.      16007.
    8       59708.      27405.      34070.       7441.
    9       29341.      47168.      18014.      25680.
   10        7647.      20100.      34102.      11416.
   11        5735.       4428.      14135.      26539.
   12        1585.       4581.       3314.       9753.
   13        8343.       3962.       5071.       4668.
 ====================================================================
 Total     277433.     342113.     372226.     518101.

 Catch Biomass


   AGE       1987        1988        1989        1990        1991
 _____________________________________________________________________________

    3         528.        747.       2942.       1890.      11972.
    4        8918.       9134.       5490.      11228.       9227.
    5       14468.      23748.      19145.       8720.      20020.
    6        5733.      18789.      49239.      21694.       9290.
    7        6004.       6841.      12503.      44809.      15961.
    8       15028.       6422.       2686.       9226.      33480.
    9        5164.      10755.       1993.       2653.       3256.
   10        4971.       4372.       2567.       1469.       1413.
   11        3848.       3608.       1764.       1223.        963.
   12        5286.       2737.       1342.        661.        739.
   13        5502.       5661.       1043.        654.        507.
 ====================================================================
 Total      75451.      92814.     100713.     104227.     106827.

   AGE       1992        1993        1994        1995        1996
 _____________________________________________________________________________

    3       14039.       7417.      18039.       2729.       2220.
    4       23299.      37512.      22771.      25113.       6772.
    5        9020.      22799.      35290.      20847.      18272.
    6       15999.       6071.      23720.      30232.      17783.
    7        8711.       9253.       7549.      22880.      24467.
    8       12640.       4660.       6761.       6942.      12217.
    9       18006.       7101.       5966.       5451.       4792.
   10        4115.       5740.       5933.       3228.       2972.
   11         660.       1642.       5711.       3818.       2060.
   12         712.        334.       1145.       2877.       1188.
   13         208.        100.        768.       1363.       3116.
 ====================================================================
 Total     107408.     102629.     133653.     125481.      95858.

   AGE       1997        1998        1999        2000
 _____________________________________________________________________________

    3        5140.       6082.       7715.       9108.
    4        5757.      32473.      11175.      29572.
    5        6130.       5400.      32833.      13209.
    6        9883.       2274.       4313.      22141.
    7       10112.      11779.       3971.       3752.
    8       10051.       8406.       9786.       2837.
    9        7596.      10896.       6727.       5941.
   10        3029.       5097.       7777.       3732.
   11        1225.        796.       4564.       4453.
   12         419.       1118.       1010.       2745.
   13        5465.       1756.       2697.       2410.
 ====================================================================
 Total      64806.      86076.      92569.      99902.

 Catch Numbers


   AGE       1987        1988        1989        1990        1991
 _____________________________________________________________________________

    3       3144.0      4757.0     22628.0     14884.0     88683.0
    4      44590.0     41331.0     26649.0     56995.0     49081.0
    5      60285.0     99366.0     77824.0     35593.0     86292.0
    6      20622.0     69331.0    188654.0     79757.0     34793.0
    7      19751.0     22955.0     43114.0    157225.0     55228.0
    8      46240.0     20131.0      8116.0     30248.0    110132.0
    9      15232.0     32201.0      5897.0      8187.0     10079.0
   10      13963.0     12349.0      7292.0      4372.0      4155.0
   11      10179.0     10250.0      4780.0      3379.0      2735.0
   12      13216.0      7378.0      3449.0      1786.0      2003.0
   13      13227.0     14048.0      2602.0      1726.0      1274.0
 ====================================================================
 Total    260449.0    334097.0    391005.0    394152.0    444455.0

   AGE       1992        1993        1994        1995        1996
 _____________________________________________________________________________

    3      94860.0     51153.0    134616.0     20991.0     15969.0
    4     122626.0    177780.0    113290.0    137232.0     40311.0
    5      38381.0     92680.0    142876.0     86864.0     86187.0
    6      58605.0     20791.0     87207.0    109140.0     68927.0
    7      27921.0     28560.0     24913.0     76780.0     84660.0
    8      38420.0     13313.0     20303.0     21361.0     39664.0
    9      53114.0     19617.0     16301.0     15225.0     14746.0
   10      11592.0     15266.0     15695.0      8541.0      8419.0
   11       1727.0      4254.0     14680.0      9617.0      5836.0
   12       1757.0       797.0      2936.0      7034.0      3152.0
   13        530.0       256.0      1874.0      3147.0      7750.0
 ====================================================================
 Total    449533.0    424467.0    574691.0    495932.0    375621.0

   AGE       1997        1998        1999        2000
 _____________________________________________________________________________

    3      39240.0     45390.0     56315.0     57282.0
    4      30141.0    175529.0     54779.0    136278.0
    5      26307.0     22691.0    140913.0     49289.0
    6      36738.0      8613.0     16093.0     76614.0
    7      33705.0     40898.0     13506.0     11546.0
    8      31022.0     25944.0     31467.0      8294.0
    9      22277.0     32046.0     19845.0     16367.0
   10       8531.0     14647.0     22031.0      9874.0
   11       3383.0      2122.0     12609.0     11332.0
   12       1141.0      2754.0      2673.0      6744.0
   13      13767.0      4231.0      6676.0      5618.0
 ====================================================================
 Total    246252.0    374865.0    376907.0    389238.0


               Surplus Production

     Average Adjustment Factor (Delta) =   1.0000

 Year        Biomass  Delta Biomass  Catch Biomass  Surplus Production

 1987     504334.610      -9510.359      75450.782      65940.423
 1988     494824.251     -35667.545      92813.816      57146.271
 1989     459156.706     -49598.601     100713.041      51114.440
 1990     409558.105      12623.534     104226.989     116850.523
 1991     422181.639      87482.709     106827.024     194309.733
 1992     509664.348      39553.694     107408.317     146962.011
 1993     549218.042      10028.197     102628.948     112657.145
 1994     559246.239     -95055.584     133652.824      38597.240
 1995     464190.655    -115113.259     125480.745      10367.486
 1996     349077.396      60609.448      95858.270     156467.718
 1997     409686.844      15547.641      64805.906      80353.547
 1998     425234.485     115045.491      86076.430     201121.921
 1999     540279.976     187817.062      92569.079     280386.141
 2000     728097.038     -14820.044      99902.059      85082.015
 2001     713276.995


 Summary of Survey Indices Used in the Estimate

 INDEX    Survey Tag    Age   Time  Type  Catchability Std. Error   CV
 _____________________________________________________________________________

   1 Acoustic              4   JAN-1 NUMBER  0.9719E+00  0.1001E+00  0.1030E+00
   2 Acoustic              5   JAN-1 NUMBER  0.1224E+01  0.1292E+00  0.1055E+00
   3 Acoustic              6   JAN-1 NUMBER  0.1198E+01  0.1170E+00  0.9764E-01
   4 Acoustic              7   JAN-1 NUMBER  0.1262E+01  0.1007E+00  0.7979E-01
   5 Acoustic              8   JAN-1 NUMBER  0.1336E+01  0.1388E+00  0.1039E+00
   6 Acoustic              9   JAN-1 NUMBER  0.1695E+01  0.1461E+00  0.8619E-01
   7 Acoustic             10   JAN-1 NUMBER  0.1683E+01  0.2468E+00  0.1467E+00
   8 Acoustic             11   JAN-1 NUMBER  0.1549E+01  0.1761E+00  0.1137E+00


 Survey Index:    1 Tag: Acoustic           AGE =  4
 Time = JAN-1           Type = NUMBER
 Catchability =    0.971880E+00   % Variance Contribution =    12.5950
 Unweighted Residual = LN(Observed) - LN(Predicted)

 Year      Observed        Predicted         Residual      Unweighted Resid
 _____________________________________________________________________________

 1987     N/A              0.961100E+06     N/A              N/A
 1988     0.401246E+06     0.462926E+06    -0.142992E+00    -0.142992E+00
 1989     0.201284E+06     0.234080E+06    -0.150948E+00    -0.150948E+00
 1990     0.655361E+06     0.371951E+06     0.566424E+00     0.566424E+00
 1991     0.132235E+06     0.250690E+06    -0.639637E+00    -0.639637E+00
 1992     0.104999E+07     0.648624E+06     0.481683E+00     0.481683E+00
 1993     0.830608E+06     0.875194E+06    -0.522872E-01    -0.522872E-01
 1994     0.505279E+06     0.474181E+06     0.635211E-01     0.635211E-01
 1995     N/A              0.505787E+06     N/A              N/A
 1996     0.133810E+06     0.133080E+06     0.547417E-02     0.547417E-02
 1997     0.270706E+06     0.144237E+06     0.629573E+00     0.629573E+00
 1998     0.601783E+06     0.918479E+06    -0.422822E+00    -0.422822E+00
 1999     0.255937E+06     0.280947E+06    -0.932331E-01    -0.932331E-01
 2000     0.839491E+06     0.107229E+07    -0.244756E+00    -0.244756E+00
 2001     0.966960E+06     0.966960E+06     0.127581E-07     0.127581E-07

 Survey Index:    2 Tag: Acoustic           AGE =  5
 Time = JAN-1           Type = NUMBER
 Catchability =    0.122432E+01   % Variance Contribution =    13.2167
 Unweighted Residual = LN(Observed) - LN(Predicted)

 Year      Observed        Predicted         Residual      Unweighted Resid
 _____________________________________________________________________________

 1987     N/A              0.368097E+06     N/A              N/A
 1988     0.858012E+06     0.104363E+07    -0.195844E+00    -0.195844E+00
 1989     0.232808E+06     0.479594E+06    -0.722726E+00    -0.722726E+00
 1990     0.179364E+06     0.235828E+06    -0.273686E+00    -0.273686E+00
 1991     0.258591E+06     0.357717E+06    -0.324494E+00    -0.324494E+00
 1992     0.354521E+06     0.228721E+06     0.438265E+00     0.438265E+00
 1993     0.729556E+06     0.596843E+06     0.200783E+00     0.200783E+00
 1994     0.882868E+06     0.791039E+06     0.109828E+00     0.109828E+00
 1995     N/A              0.408922E+06     N/A              N/A
 1996     0.761581E+06     0.417200E+06     0.601831E+00     0.601831E+00
 1997     0.133667E+06     0.104909E+06     0.242262E+00     0.242262E+00
 1998     0.810550E+05     0.129392E+06    -0.467722E+00    -0.467722E+00
 1999     0.108150E+07     0.842968E+06     0.249179E+00     0.249179E+00
 2000     0.239064E+06     0.256588E+06    -0.707392E-01    -0.707392E-01
 2001     0.131641E+07     0.106380E+07     0.213064E+00     0.213064E+00

 Survey Index:    3 Tag: Acoustic           AGE =  6
 Time = JAN-1           Type = NUMBER
 Catchability =    0.119796E+01   % Variance Contribution =    11.3130
 Unweighted Residual = LN(Observed) - LN(Predicted)

 Year      Observed        Predicted         Residual      Unweighted Resid
 _____________________________________________________________________________

 1987     N/A              0.101346E+06     N/A              N/A
 1988     0.308065E+06     0.257365E+06     0.179817E+00     0.179817E+00
 1989     0.381417E+06     0.810928E+06    -0.754286E+00    -0.754286E+00
 1990     0.278836E+06     0.336139E+06    -0.186900E+00    -0.186900E+00
 1991     0.943730E+05     0.168322E+06    -0.578626E+00    -0.578626E+00
 1992     0.319866E+06     0.218718E+06     0.380121E+00     0.380121E+00
 1993     0.158778E+06     0.158870E+06    -0.579596E-03    -0.579596E-03
 1994     0.496297E+06     0.423047E+06     0.159692E+00     0.159692E+00
 1995     N/A              0.537966E+06     N/A              N/A
 1996     0.277893E+06     0.263361E+06     0.537104E-01     0.537104E-01
 1997     0.468678E+06     0.271451E+06     0.546136E+00     0.546136E+00
 1998     0.573660E+05     0.630128E+05    -0.938869E-01    -0.938869E-01
 1999     0.103344E+06     0.887671E+05     0.152047E+00     0.152047E+00
 2000     0.605858E+06     0.586143E+06     0.330822E-01     0.330822E-01
 2001     0.191001E+06     0.171161E+06     0.109674E+00     0.109674E+00

 Survey Index:    4 Tag: Acoustic           AGE =  7
 Time = JAN-1           Type = NUMBER
 Catchability =    0.126234E+01   % Variance Contribution =     7.5546
 Unweighted Residual = LN(Observed) - LN(Predicted)

 Year      Observed        Predicted         Residual      Unweighted Resid
 _____________________________________________________________________________

 1987     N/A              0.872698E+05     N/A              N/A
 1988     0.571030E+05     0.719382E+05    -0.230951E+00    -0.230951E+00
 1989     0.188456E+06     0.162456E+06     0.148459E+00     0.148459E+00
 1990     0.592982E+06     0.547402E+06     0.799806E-01     0.799806E-01
 1991     0.191054E+06     0.225046E+06    -0.163750E+00    -0.163750E+00
 1992     0.898250E+05     0.118832E+06    -0.279850E+00    -0.279850E+00
 1993     0.130781E+06     0.138436E+06    -0.568828E-01    -0.568828E-01
 1994     0.669630E+05     0.126559E+06    -0.636569E+00    -0.636569E+00
 1995     N/A              0.298947E+06     N/A              N/A
 1996     0.385027E+06     0.382253E+06     0.723195E-02     0.723195E-02
 1997     0.269888E+06     0.168647E+06     0.470201E+00     0.470201E+00
 1998     0.287046E+06     0.214791E+06     0.289978E+00     0.289978E+00
 1999     0.517860E+05     0.497586E+05     0.399356E-01     0.399356E-01
 2000     0.882140E+05     0.653616E+05     0.299830E+00     0.299830E+00
 2001     0.482418E+06     0.467045E+06     0.323858E-01     0.323858E-01

 Survey Index:    5 Tag: Acoustic           AGE =  8
 Time = JAN-1           Type = NUMBER
 Catchability =    0.133584E+01   % Variance Contribution =    12.8146
 Unweighted Residual = LN(Observed) - LN(Predicted)

 Year      Observed        Predicted         Residual      Unweighted Resid
 _____________________________________________________________________________

 1987     N/A              0.143551E+06     N/A              N/A
 1988     0.325320E+05     0.585500E+05    -0.587656E+00    -0.587656E+00
 1989     0.464480E+05     0.398578E+05     0.153015E+00     0.153015E+00
 1990     0.179665E+06     0.100989E+06     0.576078E+00     0.576078E+00
 1991     0.514403E+06     0.325238E+06     0.458450E+00     0.458450E+00
 1992     0.138333E+06     0.145567E+06    -0.509718E-01    -0.509718E-01
 1993     0.541560E+05     0.784300E+05    -0.370338E+00    -0.370338E+00
 1994     0.582950E+05     0.963758E+05    -0.502739E+00    -0.502739E+00
 1995     N/A              0.896191E+05     N/A              N/A
 1996     0.176906E+06     0.189062E+06    -0.664543E-01    -0.664543E-01
 1997     0.325664E+06     0.258793E+06     0.229836E+00     0.229836E+00
 1998     0.155998E+06     0.118782E+06     0.272557E+00     0.272557E+00
 1999     0.135246E+06     0.153845E+06    -0.128853E+00    -0.128853E+00
 2000     0.433530E+05     0.305534E+05     0.349900E+00     0.349900E+00
 2001     0.343770E+05     0.479525E+05    -0.332823E+00    -0.332823E+00

 Survey Index:    6 Tag: Acoustic           AGE =  9
 Time = JAN-1           Type = NUMBER
 Catchability =    0.169457E+01   % Variance Contribution =     8.1145
 Unweighted Residual = LN(Observed) - LN(Predicted)

 Year      Observed        Predicted         Residual      Unweighted Resid
 _____________________________________________________________________________

 1987     N/A              0.722437E+05     N/A              N/A
 1988     0.704260E+05     0.906347E+05    -0.252275E+00    -0.252275E+00
 1989     0.257980E+05     0.349438E+05    -0.303444E-02    -0.303444E+00
 1990     0.221820E+05     0.327093E+05    -0.388379E+00    -0.388379E+00
 1991     0.793530E+05     0.673995E+05     0.163268E+00     0.163268E+00
 1992     0.256921E+06     0.196802E+06     0.266568E+00     0.266568E+00
 1993     0.963300E+05     0.105417E+06    -0.901457E-01    -0.901457E-01
 1994     0.106172E+06     0.686218E+05     0.436450E+00     0.436450E+00
 1995     N/A              0.780042E+05     N/A              N/A
 1996     0.981500E+05     0.685649E+05     0.358716E+00     0.358716E+00
 1997     0.217421E+06     0.153285E+06     0.349533E+00     0.349533E+00
 1998     0.203382E+06     0.247142E+06    -0.194878E+00    -0.194878E+00
 1999     0.705140E+05     0.946648E+05    -0.294531E+00    -0.294531E+00
 2000     0.165716E+06     0.126029E+06     0.273767E+00     0.273767E+00
 2001     0.157270E+05     0.217591E+05    -0.324651E+00    -0.324651E+00

 Survey Index:    7 Tag: Acoustic           AGE = 10
 Time = JAN-1           Type = NUMBER
 Catchability =    0.168294E+01   % Variance Contribution =    20.1992
 Unweighted Residual = LN(Observed) - LN(Predicted)

 Year      Observed        Predicted         Residual      Unweighted Resid
 _____________________________________________________________________________

 1987     N/A              0.640056E+05     N/A              N/A
 1988     0.367130E+05     0.406404E+05    -0.101632E+00    -0.101632E+00
 1989     0.328190E+05     0.303335E+05     0.787553E-03     0.787553E-01
 1990     0.217680E+05     0.219930E+05    -0.102814E-03    -0.102814E-01
 1991     0.376180E+05     0.163560E+05     0.832885E-02     0.832885E+00
 1992     0.212900E+05     0.444800E+05    -0.736802E+00    -0.736802E+00
 1993     0.966490E+05     0.923143E+05     0.458866E-01     0.458866E-01
 1994     0.488740E+05     0.634439E+05    -0.260911E+00    -0.260911E+00
 1995     N/A              0.356984E+05     N/A              N/A
 1996     0.485030E+05     0.458195E+05     0.569153E-01     0.569153E-01
 1997     0.929790E+05     0.381115E+05     0.891856E+00     0.891856E+00
 1998     0.105730E+06     0.102187E+06     0.340816E-01     0.340816E-01
 1999     0.101626E+06     0.170920E+06    -0.519898E+00    -0.519898E+00
 2000     0.899160E+05     0.534346E+05     0.520417E+00     0.520417E+00
 2001     0.379400E+05     0.871193E+05    -0.831273E+00    -0.831273E+00

 Survey Index:    8 Tag: Acoustic           AGE = 11
 Time = JAN-1           Type = NUMBER
 Catchability =    0.154930E+01   % Variance Contribution =    14.1924
 Unweighted Residual = LN(Observed) - LN(Predicted)

 Year      Observed        Predicted         Residual      Unweighted Resid
 _____________________________________________________________________________

 1987     N/A              0.409116E+05     N/A              N/A
 1988     0.235860E+05     0.328289E+05    -0.330655E+00    -0.330655E+00
 1989     0.174390E+05     0.157752E+05     0.100267E-02     0.100267E+00
 1990     0.130800E+05     0.145741E+05    -0.108161E-02    -0.108161E+00
 1991     0.939400E+04     0.119023E+05    -0.236658E-02    -0.236658E+00
 1992     0.986600E+04     0.753341E+04     0.269747E-02     0.269747E+00
 1993     0.245420E+05     0.200610E+05     0.201606E+00     0.201606E+00
 1994     0.362010E+05     0.544719E+05    -0.408598E+00    -0.408598E+00
 1995     N/A              0.298362E+05     N/A              N/A
 1996     0.162260E+05     0.172110E+05    -0.589361E-01    -0.589361E-01
 1997     0.554940E+05     0.258049E+05     0.765710E+00     0.765710E+00
 1998     0.354690E+05     0.192312E+05     0.612128E+00     0.612128E+00
 1999     0.539350E+05     0.635957E+05    -0.164766E+00    -0.164766E+00
 2000     0.121345E+06     0.109989E+06     0.982582E-01     0.982582E-01
 2001     0.143200E+05     0.300120E+05    -0.739941E+00    -0.739941E+00


Survey Weight Factors - Survey Index =     6

      1987        1.0000
      1988        1.0000
      1989        0.0100
      1990        1.0000
      1991        1.0000
      1992        1.0000
      1993        1.0000
      1994        1.0000
      1995        1.0000
      1996        1.0000
      1997        1.0000
      1998        1.0000
      1999        1.0000
      2000        1.0000
      2001        1.0000


Survey Weight Factors - Survey Index =     7

      1987        1.0000
      1988        1.0000
      1989        0.0100
      1990        0.0100
      1991        0.0100
      1992        1.0000
      1993        1.0000
      1994        1.0000
      1995        1.0000
      1996        1.0000
      1997        1.0000
      1998        1.0000
      1999        1.0000
      2000        1.0000
      2001        1.0000


Survey Weight Factors - Survey Index =     8

      1987        1.0000
      1988        1.0000
      1989        0.0100
      1990        0.0100
      1991        0.0100
      1992        0.0100
      1993        1.0000
      1994        1.0000
      1995        1.0000
      1996        1.0000
      1997        1.0000
      1998        1.0000
      1999        1.0000
      2000        1.0000
      2001        1.0000



 Plus Group Diagnostic Report 

 Calculation Method Selected = Forward

          Population  Population    F            F
 Year     Backward     Forward    Forward     Backward    Ratio

 1987      34290.      34290.    0.516861    0.516861    1.000000
 1988      27145.      36993.    0.506463    0.777311    1.534784
 1989       7155.      26101.    0.110553    0.479097    4.333625
 1990       4536.      26460.    0.070966    0.507816    7.155761
 1991       3378.      24857.    0.055336    0.501930    9.070582
 1992       1315.      24190.    0.023288    0.547272   23.500387
 1993        888.      23667.    0.011430    0.359689   31.467775
 1994       4906.      22917.    0.089778    0.510393    5.685084
 1995       8018.      23130.    0.154072    0.528729    3.431694
 1996      20497.      27497.    0.350002    0.503621    1.438911
 1997      54765.      22092.    1.047762    0.305832    0.291891
 1998      18222.      10036.    0.581438    0.278967    0.479788
 1999      23021.      13196.    0.751489    0.362156    0.481918
 2000      20985.      11438.    0.719659    0.329269    0.457535
 2001      30060.      21439.       N/A         N/A
