 VPA Version 3.3.0

 Model ID: k=0.3, 2009-2011 Ichtio.                                                        


 Input File: C:\USERS\JACOB\GITHUB_PROJETS\MGWG\STATE-SPACE\ICEHERRING\RETRO\RUN1NWWG_R_12.DA
 Date of Run: 16-NOV-2017                         Time of Run: 13:20


 Levenburg-Marquardt Algorithm Completed     6 Iterations
 Residual Sum of Squares =     29.3948    

 Number of Residuals     =    136
 Number of Parameters    =      9
 Degrees of Freedom      =    127
 Mean Squared Residual   =     0.231455    
 Standard Deviation      =     0.481097    


 Number of Years =    18
 Number of Ages  =    11
 First Year      =  1987
 Youngest Age    =     3
 Oldest True Age =    12

 Number of Survey Indices Available        =    10
 Number of Survey Indices Used in Estimate =     8


 VPA Classic Method - Auto Estimated Q's


 Stock Numbers Predicted in Terminal Year Plus One (2005)
 Age    Stock Predicted     Std. Error      CV

   4         643552.843   0.319883E+06   0.497059E+00
   5         865249.457   0.325566E+06   0.376268E+00
   6         986084.752   0.330465E+06   0.335129E+00
   7         153574.531   0.504915E+05   0.328776E+00
   8          68364.452   0.217540E+05   0.318207E+00
   9          64042.530   0.199752E+05   0.311906E+00
  10          15827.384   0.563888E+04   0.356274E+00
  11          37888.664   0.122558E+05   0.323469E+00
  12          16694.421   0.697161E+04   0.417601E+00

 Catchability Values for Each Survey Used in Estimate
 INDEX     Catchability    Std. Error      CV

   1       0.110905E+01   0.115882E+00   0.104488E+00
   2       0.135728E+01   0.164316E+00   0.121063E+00
   3       0.123234E+01   0.117247E+00   0.951423E-01
   4       0.131691E+01   0.120135E+00   0.912246E-01
   5       0.133305E+01   0.162651E+00   0.122014E+00
   6       0.155407E+01   0.205092E+00   0.131971E+00
   7       0.159407E+01   0.205965E+00   0.129207E+00
   8       0.129647E+01   0.214418E+00   0.165387E+00


 -- Non-Linear Least Squares Fit --

 Maximum Marquadt Iterations    =       100
 Scaled Gradient Tolerance      =    6.055454E-05
 Scaled Step Tolerance          =    1.000000E-18
 Relative Function Tolerance    =    1.000000E-18
 Absolute Function Tolerance    =    4.930381E-32

 Reported Machine Precision     =    2.220446E-16


 VPA Method Options

 - Catchability Values Estimated as an Analytic Function of N
 - Catch Equation Used in Cohort Solution
 - Plus Group Forward Calculation Method Used
 - Arithmetic Average Used in F-Oldest Calculation
 - F-Oldest Calculation in Years Prior to Terminal Year 
   Uses Fishing Mortality in Ages  8 to 11
 - Calculation of Population of Age 3 In Year 2005
   =  Geometric Mean of First Age Populations
      Year Range Applied =  1987 to  2001
 - Survey Weight Factors Were Used

 Stock Estimates 

 Age   4
 Age   5
 Age   6
 Age   7
 Age   8
 Age   9
 Age  10
 Age  11
 Age  12

 Full F in Terminal Year               =   0.1875

 F in Oldest True Age in Terminal Year =   0.1882

 Full F Calculated Using Classic Method

 F in Oldest True Age in Terminal Year has been
 Calculated in Same Manner as in All Other Years

 Age  Input Partial  Calc Partial   Fishing     Used In
      Recruitment    Recruitment    Mortality   Full F    Comments

   3      0.500          0.301       0.0894      NO      Stock Estimate in T+1   
   4      0.800          0.480       0.1425      NO      Stock Estimate in T+1   
   5      1.000          0.545       0.1619      YES     Stock Estimate in T+1   
   6      1.000          0.752       0.2233      YES     Stock Estimate in T+1   
   7      1.000          0.588       0.1745      YES     Stock Estimate in T+1   
   8      1.000          0.437       0.1298      YES     Stock Estimate in T+1   
   9      1.000          1.000       0.2969      YES     Stock Estimate in T+1   
  10      1.000          0.546       0.1621      YES     Stock Estimate in T+1   
  11      1.000          0.553       0.1641      YES     Stock Estimate in T+1   
  12      1.000          0.634       0.1882              F-Oldest                

 Catch At Age - Input Data


   AGE       1987        1988        1989        1990        1991
 ____________________________________________________________________

    3       3144.0      4757.0     22628.0     14884.0     88683.0
    4      44590.0     41331.0     26649.0     56995.0     49081.0
    5      60285.0     99366.0     77824.0     35593.0     86292.0
    6      20622.0     69331.0    188654.0     79757.0     34793.0
    7      19751.0     22955.0     43114.0    157225.0     55228.0
    8      46240.0     20131.0      8116.0     30248.0    110132.0
    9      15232.0     32201.0      5897.0      8187.0     10079.0
   10      13963.0     12349.0      7292.0      4372.0      4155.0
   11      10179.0     10250.0      4780.0      3379.0      2735.0
   12      13216.0      7378.0      3449.0      1786.0      2003.0
   13      13227.0     14048.0      2602.0      1726.0      1274.0

   AGE       1992        1993        1994        1995        1996
 ____________________________________________________________________

    3      94860.0     51153.0    134616.0     20991.0     15969.0
    4     122626.0    177780.0    113290.0    137232.0     40311.0
    5      38381.0     92680.0    142876.0     86864.0     86187.0
    6      58605.0     20791.0     87207.0    109140.0     68927.0
    7      27921.0     28560.0     24913.0     76780.0     84660.0
    8      38420.0     13313.0     20303.0     21361.0     39664.0
    9      53114.0     19617.0     16301.0     15225.0     14746.0
   10      11592.0     15266.0     15695.0      8541.0      8419.0
   11       1727.0      4254.0     14680.0      9617.0      5836.0
   12       1757.0       797.0      2936.0      7034.0      3152.0
   13        530.0       256.0      1874.0      3147.0      7750.0

   AGE       1997        1998        1999        2000        2001
 ____________________________________________________________________

    3      39240.0     45390.0     56315.0     57282.0     42304.0
    4      30141.0    175529.0     54779.0    136278.0     86422.0
    5      26307.0     22691.0    140913.0     49289.0     93597.0
    6      36738.0      8613.0     16093.0     76614.0     30336.0
    7      33705.0     40898.0     13506.0     11546.0     54491.0
    8      31022.0     25944.0     31467.0      8294.0     10375.0
    9      22277.0     32046.0     19845.0     16367.0      8762.0
   10       8531.0     14647.0     22031.0      9874.0     12244.0
   11       3383.0      2122.0     12609.0     11332.0      9907.0
   12       1141.0      2754.0      2673.0      6744.0      8259.0
   13      13767.0      4231.0      6676.0      5618.0      8838.0

 Catch At Age - Input Data


   AGE       2002        2003        2004
 ____________________________________________________________________

    3      80863.0    211495.0     63355.0
    4      70801.0    286017.0    139543.0
    5      45607.0     58120.0    182450.0
    6      54202.0     27979.0     40489.0
    7      21211.0     25592.0     13727.0
    8      42199.0     14203.0      9342.0
    9       9888.0     10944.0      5769.0
   10       4707.0      2230.0      7021.0
   11       6520.0      3424.0      3136.0
   12       9108.0      4225.0      1861.0
   13      19046.0      5507.0      6720.0

 Weight At Age - Input Data


   AGE       1987        1988        1989        1990        1991
 ____________________________________________________________________

    3       0.1680      0.1570      0.1300      0.1270      0.1350
    4       0.2000      0.2210      0.2060      0.1970      0.1880
    5       0.2400      0.2390      0.2460      0.2450      0.2320
    6       0.2780      0.2710      0.2610      0.2720      0.2670
    7       0.3040      0.2980      0.2900      0.2850      0.2890
    8       0.3250      0.3190      0.3310      0.3050      0.3040
    9       0.3390      0.3340      0.3380      0.3240      0.3230
   10       0.3560      0.3540      0.3520      0.3360      0.3400
   11       0.3780      0.3520      0.3690      0.3620      0.3520
   12       0.4000      0.3710      0.3890      0.3700      0.3690
   13       0.4160      0.4030      0.4010      0.3790      0.3980

   AGE       1992        1993        1994        1995        1996
 ____________________________________________________________________

    3       0.1480      0.1450      0.1340      0.1300      0.1390
    4       0.1900      0.2110      0.2010      0.1830      0.1680
    5       0.2350      0.2460      0.2470      0.2400      0.2120
    6       0.2730      0.2920      0.2720      0.2770      0.2580
    7       0.3120      0.3240      0.3030      0.2980      0.2890
    8       0.3290      0.3500      0.3330      0.3250      0.3080
    9       0.3390      0.3620      0.3660      0.3580      0.3250
   10       0.3550      0.3760      0.3780      0.3780      0.3530
   11       0.3820      0.3860      0.3890      0.3970      0.3530
   12       0.4050      0.4190      0.3900      0.4090      0.3770
   13       0.3920      0.3890      0.4100      0.4330      0.4020

   AGE       1997        1998        1999        2000        2001
 ____________________________________________________________________

    3       0.1310      0.1340      0.1370      0.1590      0.1390
    4       0.1910      0.1850      0.2040      0.2170      0.2140
    5       0.2330      0.2380      0.2330      0.2680      0.2440
    6       0.2690      0.2640      0.2680      0.2890      0.2860
    7       0.3000      0.2880      0.2940      0.3250      0.2960
    8       0.3240      0.3240      0.3110      0.3420      0.3240
    9       0.3410      0.3400      0.3390      0.3630      0.3470
   10       0.3550      0.3480      0.3530      0.3780      0.3540
   11       0.3620      0.3750      0.3620      0.3930      0.3850
   12       0.3670      0.4060      0.3780      0.4070      0.4030
   13       0.3970      0.4150      0.4040      0.4290      0.4230

 Weight At Age - Input Data


   AGE       2002        2003        2004
 ____________________________________________________________________

    3       0.1610      0.1560      0.1490
    4       0.2110      0.1890      0.2130
    5       0.2580      0.2290      0.2480
    6       0.2800      0.2600      0.2800
    7       0.3190      0.2830      0.3150
    8       0.3320      0.3090      0.3310
    9       0.3540      0.3360      0.3490
   10       0.4050      0.3360      0.3550
   11       0.3960      0.3690      0.3790
   12       0.4160      0.3940      0.3880
   13       0.4470      0.3990      0.4170

 JAN-1 Weights at Age - Input Data


   AGE       1987        1988        1989        1990        1991
 ____________________________________________________________________

    3       0.1680      0.1570      0.1300      0.1270      0.1350
    4       0.2000      0.2210      0.2060      0.1970      0.1880
    5       0.2400      0.2390      0.2460      0.2450      0.2320
    6       0.2780      0.2710      0.2610      0.2720      0.2670
    7       0.3040      0.2980      0.2900      0.2850      0.2890
    8       0.3250      0.3190      0.3310      0.3050      0.3040
    9       0.3390      0.3340      0.3380      0.3240      0.3230
   10       0.3560      0.3540      0.3520      0.3360      0.3400
   11       0.3780      0.3520      0.3690      0.3620      0.3520
   12       0.4000      0.3710      0.3890      0.3700      0.3690
   13       0.4160      0.4030      0.4010      0.3790      0.3980

   AGE       1992        1993        1994        1995        1996
 ____________________________________________________________________

    3       0.1480      0.1450      0.1340      0.1300      0.1390
    4       0.1900      0.2110      0.2010      0.1830      0.1680
    5       0.2350      0.2460      0.2470      0.2400      0.2120
    6       0.2730      0.2920      0.2720      0.2770      0.2580
    7       0.3120      0.3240      0.3030      0.2980      0.2890
    8       0.3290      0.3500      0.3330      0.3250      0.3080
    9       0.3390      0.3620      0.3660      0.3580      0.3250
   10       0.3550      0.3760      0.3780      0.3780      0.3530
   11       0.3820      0.3860      0.3890      0.3970      0.3530
   12       0.4050      0.4190      0.3900      0.4090      0.3770
   13       0.3920      0.3890      0.4100      0.4330      0.4020

   AGE       1997        1998        1999        2000        2001
 ____________________________________________________________________

    3       0.1310      0.1340      0.1370      0.1590      0.1390
    4       0.1910      0.1850      0.2040      0.2170      0.2140
    5       0.2330      0.2380      0.2330      0.2680      0.2440
    6       0.2690      0.2640      0.2680      0.2890      0.2860
    7       0.3000      0.2880      0.2940      0.3250      0.2960
    8       0.3240      0.3240      0.3110      0.3420      0.3240
    9       0.3410      0.3400      0.3390      0.3630      0.3470
   10       0.3550      0.3480      0.3530      0.3780      0.3540
   11       0.3620      0.3750      0.3620      0.3930      0.3850
   12       0.3670      0.4060      0.3780      0.4070      0.4030
   13       0.3970      0.4150      0.4040      0.4290      0.4230

 JAN-1 Weights at Age - Input Data


   AGE       2002        2003        2004        2005
 ____________________________________________________________________

    3       0.1610      0.1560      0.1490      0.1700
    4       0.2110      0.1890      0.2130      0.2240
    5       0.2580      0.2290      0.2480      0.2620
    6       0.2800      0.2600      0.2800      0.2750
    7       0.3190      0.2830      0.3150      0.2980
    8       0.3320      0.3090      0.3310      0.3240
    9       0.3540      0.3360      0.3490      0.3350
   10       0.4050      0.3360      0.3550      0.3350
   11       0.3960      0.3690      0.3790      0.3560
   12       0.4160      0.3940      0.3880      0.3720
   13       0.4470      0.3990      0.4170      0.4020

 SSB Weight At Age - Input Data


   AGE       1987        1988        1989        1990        1991
 ____________________________________________________________________

    3       0.1680      0.1570      0.1300      0.1270      0.1350
    4       0.2000      0.2210      0.2060      0.1970      0.1880
    5       0.2400      0.2390      0.2460      0.2450      0.2320
    6       0.2780      0.2710      0.2610      0.2720      0.2670
    7       0.3040      0.2980      0.2900      0.2850      0.2890
    8       0.3250      0.3190      0.3310      0.3050      0.3040
    9       0.3390      0.3340      0.3380      0.3240      0.3230
   10       0.3560      0.3540      0.3520      0.3360      0.3400
   11       0.3780      0.3520      0.3690      0.3620      0.3520
   12       0.4000      0.3710      0.3890      0.3700      0.3690
   13       0.4160      0.4030      0.4010      0.3790      0.3980

   AGE       1992        1993        1994        1995        1996
 ____________________________________________________________________

    3       0.1480      0.1450      0.1340      0.1300      0.1390
    4       0.1900      0.2110      0.2010      0.1830      0.1680
    5       0.2350      0.2460      0.2470      0.2400      0.2120
    6       0.2730      0.2920      0.2720      0.2770      0.2580
    7       0.3120      0.3240      0.3030      0.2980      0.2890
    8       0.3290      0.3500      0.3330      0.3250      0.3080
    9       0.3390      0.3620      0.3660      0.3580      0.3250
   10       0.3550      0.3760      0.3780      0.3780      0.3530
   11       0.3820      0.3860      0.3890      0.3970      0.3530
   12       0.4050      0.4190      0.3900      0.4090      0.3770
   13       0.3920      0.3890      0.4100      0.4330      0.4020

   AGE       1997        1998        1999        2000        2001
 ____________________________________________________________________

    3       0.1310      0.1340      0.1370      0.1590      0.1390
    4       0.1910      0.1850      0.2040      0.2170      0.2140
    5       0.2330      0.2380      0.2330      0.2680      0.2440
    6       0.2690      0.2640      0.2680      0.2890      0.2860
    7       0.3000      0.2880      0.2940      0.3250      0.2960
    8       0.3240      0.3240      0.3110      0.3420      0.3240
    9       0.3410      0.3400      0.3390      0.3630      0.3470
   10       0.3550      0.3480      0.3530      0.3780      0.3540
   11       0.3620      0.3750      0.3620      0.3930      0.3850
   12       0.3670      0.4060      0.3780      0.4070      0.4030
   13       0.3970      0.4150      0.4040      0.4290      0.4230

 SSB Weight At Age - Input Data


   AGE       2002        2003        2004
 ____________________________________________________________________

    3       0.1610      0.1560      0.1490
    4       0.2110      0.1890      0.2130
    5       0.2580      0.2290      0.2480
    6       0.2800      0.2600      0.2800
    7       0.3190      0.2830      0.3150
    8       0.3320      0.3090      0.3310
    9       0.3540      0.3360      0.3490
   10       0.4050      0.3360      0.3550
   11       0.3960      0.3690      0.3790
   12       0.4160      0.3940      0.3880
   13       0.4470      0.3990      0.4170

 Natural Mortality - Input Data


   AGE       1987        1988        1989        1990        1991
 ____________________________________________________________________

    3       0.1000      0.1000      0.1000      0.1000      0.1000
    4       0.1000      0.1000      0.1000      0.1000      0.1000
    5       0.1000      0.1000      0.1000      0.1000      0.1000
    6       0.1000      0.1000      0.1000      0.1000      0.1000
    7       0.1000      0.1000      0.1000      0.1000      0.1000
    8       0.1000      0.1000      0.1000      0.1000      0.1000
    9       0.1000      0.1000      0.1000      0.1000      0.1000
   10       0.1000      0.1000      0.1000      0.1000      0.1000
   11       0.1000      0.1000      0.1000      0.1000      0.1000
   12       0.1000      0.1000      0.1000      0.1000      0.1000
   13       0.1000      0.1000      0.1000      0.1000      0.1000

   AGE       1992        1993        1994        1995        1996
 ____________________________________________________________________

    3       0.1000      0.1000      0.1000      0.1000      0.1000
    4       0.1000      0.1000      0.1000      0.1000      0.1000
    5       0.1000      0.1000      0.1000      0.1000      0.1000
    6       0.1000      0.1000      0.1000      0.1000      0.1000
    7       0.1000      0.1000      0.1000      0.1000      0.1000
    8       0.1000      0.1000      0.1000      0.1000      0.1000
    9       0.1000      0.1000      0.1000      0.1000      0.1000
   10       0.1000      0.1000      0.1000      0.1000      0.1000
   11       0.1000      0.1000      0.1000      0.1000      0.1000
   12       0.1000      0.1000      0.1000      0.1000      0.1000
   13       0.1000      0.1000      0.1000      0.1000      0.1000

   AGE       1997        1998        1999        2000        2001
 ____________________________________________________________________

    3       0.1000      0.1000      0.1000      0.1000      0.1000
    4       0.1000      0.1000      0.1000      0.1000      0.1000
    5       0.1000      0.1000      0.1000      0.1000      0.1000
    6       0.1000      0.1000      0.1000      0.1000      0.1000
    7       0.1000      0.1000      0.1000      0.1000      0.1000
    8       0.1000      0.1000      0.1000      0.1000      0.1000
    9       0.1000      0.1000      0.1000      0.1000      0.1000
   10       0.1000      0.1000      0.1000      0.1000      0.1000
   11       0.1000      0.1000      0.1000      0.1000      0.1000
   12       0.1000      0.1000      0.1000      0.1000      0.1000
   13       0.1000      0.1000      0.1000      0.1000      0.1000

 Natural Mortality - Input Data


   AGE       2002        2003        2004
 ____________________________________________________________________

    3       0.1000      0.1000      0.1000
    4       0.1000      0.1000      0.1000
    5       0.1000      0.1000      0.1000
    6       0.1000      0.1000      0.1000
    7       0.1000      0.1000      0.1000
    8       0.1000      0.1000      0.1000
    9       0.1000      0.1000      0.1000
   10       0.1000      0.1000      0.1000
   11       0.1000      0.1000      0.1000
   12       0.1000      0.1000      0.1000
   13       0.1000      0.1000      0.1000

 Proportion of Natural Mortality Before Spawning =       0.5000
 Proportion of Fishing Mortality Before Spawning =       0.0000

 Maturity - Input Data


   AGE       1987        1988        1989        1990        1991
 ____________________________________________________________________

    3       0.2000      0.2000      0.2000      0.2000      0.2000
    4       0.8500      0.8500      0.8500      0.8500      0.8500
    5       1.0000      1.0000      1.0000      1.0000      1.0000
    6       1.0000      1.0000      1.0000      1.0000      1.0000
    7       1.0000      1.0000      1.0000      1.0000      1.0000
    8       1.0000      1.0000      1.0000      1.0000      1.0000
    9       1.0000      1.0000      1.0000      1.0000      1.0000
   10       1.0000      1.0000      1.0000      1.0000      1.0000
   11       1.0000      1.0000      1.0000      1.0000      1.0000
   12       1.0000      1.0000      1.0000      1.0000      1.0000
   13       1.0000      1.0000      1.0000      1.0000      1.0000

   AGE       1992        1993        1994        1995        1996
 ____________________________________________________________________

    3       0.2000      0.2000      0.2000      0.2000      0.2000
    4       0.8500      0.8500      0.8500      0.8500      0.8500
    5       1.0000      1.0000      1.0000      1.0000      1.0000
    6       1.0000      1.0000      1.0000      1.0000      1.0000
    7       1.0000      1.0000      1.0000      1.0000      1.0000
    8       1.0000      1.0000      1.0000      1.0000      1.0000
    9       1.0000      1.0000      1.0000      1.0000      1.0000
   10       1.0000      1.0000      1.0000      1.0000      1.0000
   11       1.0000      1.0000      1.0000      1.0000      1.0000
   12       1.0000      1.0000      1.0000      1.0000      1.0000
   13       1.0000      1.0000      1.0000      1.0000      1.0000

   AGE       1997        1998        1999        2000        2001
 ____________________________________________________________________

    3       0.2000      0.2000      0.2000      0.2000      0.2000
    4       0.8500      0.8500      0.8500      0.8500      0.8500
    5       1.0000      1.0000      1.0000      1.0000      1.0000
    6       1.0000      1.0000      1.0000      1.0000      1.0000
    7       1.0000      1.0000      1.0000      1.0000      1.0000
    8       1.0000      1.0000      1.0000      1.0000      1.0000
    9       1.0000      1.0000      1.0000      1.0000      1.0000
   10       1.0000      1.0000      1.0000      1.0000      1.0000
   11       1.0000      1.0000      1.0000      1.0000      1.0000
   12       1.0000      1.0000      1.0000      1.0000      1.0000
   13       1.0000      1.0000      1.0000      1.0000      1.0000

 Maturity - Input Data


   AGE       2002        2003        2004
 ____________________________________________________________________

    3       0.2000      0.2000      0.2000
    4       0.8500      0.8500      0.8500
    5       1.0000      1.0000      1.0000
    6       1.0000      1.0000      1.0000
    7       1.0000      1.0000      1.0000
    8       1.0000      1.0000      1.0000
    9       1.0000      1.0000      1.0000
   10       1.0000      1.0000      1.0000
   11       1.0000      1.0000      1.0000
   12       1.0000      1.0000      1.0000
   13       1.0000      1.0000      1.0000

 Input Partial Recruitment

   AGE

    3       0.5000
    4       0.8000
    5       1.0000
    6       1.0000
    7       1.0000
    8       1.0000
    9       1.0000
   10       1.0000
   11       1.0000
   12       1.0000


 Input F-Plus Ratio

   YEAR

   1987       1.0000
   1988       1.0000
   1989       1.0000
   1990       1.0000
   1991       1.0000
   1992       1.0000
   1993       1.0000
   1994       1.0000
   1995       1.0000
   1996       1.0000
   1997       1.0000
   1998       1.0000
   1999       1.0000
   2000       1.0000
   2001       1.0000
   2002       1.0000
   2003       1.0000
   2004       1.0000

 SURVEY - INPUT DATA


INDEX                   1                  2                  3

SURVEY TAG      Acoustic            Acoustic            Acoustic          

AGE                   4                   5                   6       
TIME               JAN-1               JAN-1               JAN-1       
TYPE              NUMBERS             NUMBERS             NUMBERS      
RETRO FLAG           1                   1                   1
 ________________________________________________________________________

    1987              0.0000              0.0000              0.0000
    1988         401246.0000         858012.0000         308065.0000
    1989         201284.0000         232808.0000         381417.0000
    1990         655361.0000         179364.0000         278836.0000
    1991         132235.0000         258591.0000          94373.0000
    1992        1049990.0000         354521.0000         319866.0000
    1993         830608.0000         729556.0000         158778.0000
    1994         505279.0000         882868.0000         496297.0000
    1995              0.0000              0.0000              0.0000
    1996         133810.0000         761581.0000         277893.0000
    1997         270706.0000         133667.0000         468678.0000
    1998         601783.0000          81055.0000          57366.0000
    1999         255937.0000        1081504.0000         103344.0000
    2000         839491.0000         239064.0000         605858.0000
    2001         966960.0000        1316413.0000         191001.0000
    2002         287004.0000         217441.0000         260497.0000
    2003        1919368.0000         553149.0000         205656.0000
    2004        1434976.0000        2058222.0000         330800.0000
    2005         713730.0000        1022326.0000        1046657.0000

 SURVEY - INPUT DATA


INDEX                   4                  5                  6

SURVEY TAG      Acoustic            Acoustic            Acoustic          

AGE                   7                   8                   9       
TIME               JAN-1               JAN-1               JAN-1       
TYPE              NUMBERS             NUMBERS             NUMBERS      
RETRO FLAG           1                   1                   1
 ________________________________________________________________________

    1987              0.0000              0.0000              0.0000
    1988          57103.0000          32532.0000          70426.0000
    1989         188456.0000          46448.0000          25798.0000
    1990         592982.0000         179665.0000          22182.0000
    1991         191054.0000         514403.0000          79353.0000
    1992          89825.0000         138333.0000         256921.0000
    1993         130781.0000          54156.0000          96330.0000
    1994          66963.0000          58295.0000         106172.0000
    1995              0.0000              0.0000              0.0000
    1996         385027.0000         176906.0000          98150.0000
    1997         269888.0000         325664.0000         217421.0000
    1998         287046.0000         155998.0000         203382.0000
    1999          51786.0000         135246.0000          70514.0000
    2000          88214.0000          43353.0000         165716.0000
    2001         482418.0000          34377.0000          15727.0000
    2002         161049.0000         345852.0000          62451.0000
    2003         262362.0000         153037.0000         276199.0000
    2004         109146.0000         100785.0000          38693.0000
    2005         171326.0000          62429.0000          44313.0000

 SURVEY - INPUT DATA


INDEX                   7                  8                  9

SURVEY TAG      Acoustic            Acoustic            Acoustic          

AGE                  10                  11                  12       
TIME               JAN-1               JAN-1               JAN-1       
TYPE              NUMBERS             NUMBERS             NUMBERS      
RETRO FLAG           1                   1                   1
 ________________________________________________________________________

    1987              0.0000              0.0000              0.0000
    1988          36713.0000          23586.0000          18401.0000
    1989          32819.0000          17439.0000          10373.0000
    1990          21768.0000          13080.0000           9941.0000
    1991          37618.0000           9394.0000          12636.0000
    1992          21290.0000           9866.0000              0.0000
    1993          96649.0000          24542.0000           1130.0000
    1994          48874.0000          36201.0000              0.0000
    1995              0.0000              0.0000              0.0000
    1996          48503.0000          16226.0000          29390.0000
    1997          92979.0000          55494.0000          39048.0000
    1998         105730.0000          35469.0000          27373.0000
    1999         101626.0000          53935.0000          17414.0000
    2000          89916.0000         121345.0000          77600.0000
    2001          37940.0000          14320.0000          15413.0000
    2002          57105.0000          38405.0000          46044.0000
    2003          99206.0000          47621.0000          55126.0000
    2004          45582.0000           7039.0000           6362.0000
    2005          10947.0000          23942.0000              0.0000

INDEX                  10

SURVEY TAG      Acoustic          

AGE                  13       
TIME               JAN-1       
TYPE              NUMBERS      
RETRO FLAG           1
 ________________________________________________________________________

    1987              0.0000
    1988          24278.0000
    1989           9081.0000
    1990           1989.0000
    1991              0.0000
    1992           9327.0000
    1993           1130.0000
    1994           4224.0000
    1995              0.0000
    1996          47945.0000
    1997          30028.0000
    1998          14234.0000
    1999          13636.0000
    2000          21542.0000
    2001          14668.0000
    2002          38114.0000
    2003          18798.0000
    2004           7509.0000
    2005              0.0000

     Additional Output Files 

Population File C:\USERS\JACOB\GITHUB_PROJETS\MGWG\STATE-SPACE\ICEHERRING\RETRO\
Auxilliary File C:\USERS\JACOB\GITHUB_PROJETS\MGWG\STATE-SPACE\ICEHERRING\RETRO\
Covariance File C:\USERS\JACOB\GITHUB_PROJETS\MGWG\STATE-SPACE\ICEHERRING\RETRO\
Residuals File  C:\USERS\JACOB\GITHUB_PROJETS\MGWG\STATE-SPACE\ICEHERRING\RETRO\
Log File        C:\USERS\JACOB\GITHUB_PROJETS\MGWG\STATE-SPACE\ICEHERRING\RETRO\


                             Estimation Results

 JAN-1 Population Numbers


   AGE       1987        1988        1989        1990        1991
 _____________________________________________________________________________

    3      530632.     271721.     450228.     303392.     851867.
    4      989865.     477146.     241341.     385877.     260374.
    5      300873.     853287.     392472.     193061.     295039.
    6       84641.     215032.     677708.     281269.     140907.
    7       69170.      57026.     128872.     434350.     178889.
    8      107486.      43863.      29872.      75761.     244111.
    9       42645.      53507.      20651.      19334.      39919.
   10       38045.      24160.      18044.      13095.       9747.
   11       26415.      21202.      10192.       9425.       7707.
   12       34272.      14264.       9494.       4702.       5328.
   13       34301.      37011.      26124.      26491.      24893.
 ====================================================================
 Total    2258345.    2068220.    2004998.    1746757.    2058781.

   AGE       1992        1993        1994        1995        1996
 _____________________________________________________________________________

    3     1051098.     658515.     702907.     212771.     211583.
    4      686560.     860951.     547246.     508258.     172582.
    5      189014.     504829.     610325.     387668.     329766.
    6      185162.     134606.     368822.     416711.     268367.
    7       94497.     112004.     102057.     251001.     273558.
    8      109523.      59038.      74260.      68715.     154344.
    9      116714.      62708.      40790.      47942.      41931.
   10       26561.      55373.      38149.      21478.      28952.
   11        4888.      13067.      35629.      19665.      11349.
   12        4383.       2787.       7792.      18345.       8703.
   13       24238.      23730.      22995.      23297.      28031.
 ====================================================================
 Total    2492637.    2487608.    2550971.    1975850.    1529166.

   AGE       1997        1998        1999        2000        2001
 _____________________________________________________________________________

    3      811283.     317631.     586208.     392378.     487389.
    4      176275.     696785.     244305.     476924.     300648.
    5      117919.     130888.     464003.     169086.     302344.
    6      216653.      81739.      96893.     286288.     106272.
    7      177461.     161161.      65779.      72395.     186396.
    8      167289.     128584.     107037.      46704.      54544.
    9      102040.     121926.      91728.      67023.      34386.
   10       23973.      71194.      79934.      64170.      45121.
   11       18216.      13612.      50520.      51439.      48689.
   12        4755.      13272.      10302.      33754.      35793.
   13       22905.      10961.      15307.      14321.      31782.
 ====================================================================
 Total    1838770.    1747753.    1812017.    1674482.    1633363.

 JAN-1 Population Numbers


   AGE       2002        2003        2004        2005
 _____________________________________________________________________________

    3     1981510.    1440621.     777762.     466012.
    4      400816.    1716085.    1102711.     643553.
    5      190109.     295468.    1281259.     865249.
    6      184866.     128757.     212194.     986085.
    7       67399.     115893.      89958.     153575.
    8      117003.      40884.      80584.      68364.
    9       39507.      65902.      23539.      64043.
   10       22804.      26369.      49241.      15827.
   11       29217.      16168.      21741.      37889.
   12       34654.      20251.      11380.      16694.
   13       44929.      45351.      50120.      47500.
 ====================================================================
 Total    3112816.    3911751.    3700491.    3364790.



Fishing Mortality Calculated


   AGE       1987        1988        1989        1990        1991
 _____________________________________________________________________________

    3       0.0062      0.0186      0.0542      0.0529      0.1157
    4       0.0485      0.0954      0.1232      0.1684      0.2203
    5       0.2359      0.1304      0.2332      0.2149      0.3659
    6       0.2949      0.4120      0.3449      0.3525      0.2995
    7       0.3555      0.5466      0.4312      0.4762      0.3906
    8       0.5975      0.6533      0.3351      0.5407      0.6379
    9       0.4682      0.9870      0.3555      0.5849      0.3074
   10       0.4847      0.7631      0.5495      0.4301      0.5902
   11       0.5162      0.7034      0.6735      0.4705      0.4644
   12       0.5167      0.7767      0.4784      0.5066      0.5000
   13       0.5167      0.5061      0.1104      0.0709      0.0553

   AGE       1992        1993        1994        1995        1996
 _____________________________________________________________________________

    3       0.0996      0.0851      0.2242      0.1093      0.0826
    4       0.2075      0.2440      0.2447      0.3326      0.2809
    5       0.2395      0.2139      0.2816      0.2678      0.3201
    6       0.4027      0.1768      0.2849      0.3209      0.3136
    7       0.3704      0.3110      0.2956      0.3863      0.3918
    8       0.4576      0.2698      0.3376      0.3939      0.3138
    9       0.6456      0.3970      0.5414      0.4044      0.4591
   10       0.6094      0.3409      0.5627      0.5379      0.3633
   11       0.4618      0.4169      0.5638      0.7151      0.7699
   12       0.5436      0.3561      0.5014      0.5128      0.4765
   13       0.0232      0.0114      0.0895      0.1529      0.3421

   AGE       1997        1998        1999        2000        2001
 _____________________________________________________________________________

    3       0.0521      0.1625      0.1063      0.1663      0.0956
    4       0.1977      0.3066      0.2680      0.3558      0.3583
    5       0.2665      0.2007      0.3829      0.3644      0.3919
    6       0.1959      0.1172      0.1915      0.3291      0.3554
    7       0.2222      0.3092      0.2425      0.1831      0.3657
    8       0.2163      0.2378      0.3681      0.2062      0.2225
    9       0.2600      0.3222      0.2573      0.2957      0.3107
   10       0.4660      0.2430      0.3408      0.1761      0.3346
   11       0.2167      0.1786      0.3033      0.2627      0.2400
   12       0.2897      0.2454      0.3174      0.2351      0.2770
   13       0.9849      0.5173      0.6088      0.5284      0.3444



Fishing Mortality Calculated


   AGE       2002        2003        2004
 _____________________________________________________________________________

    3       0.0438      0.1673      0.0894
    4       0.2049      0.1922      0.1425
    5       0.2897      0.2311      0.1619
    6       0.3670      0.2586      0.2233
    7       0.3999      0.2634      0.1745
    8       0.4740      0.4521      0.1298
    9       0.3043      0.1914      0.2969
   10       0.2439      0.0930      0.1621
   11       0.2665      0.2511      0.1641
   12       0.3222      0.2469      0.1882
   13       0.5857      0.1363      0.1517


 Average Fishing Mortality For Ages   5- 10

 Year      Average F   N Weighted  Biomass Wtd  Catch Wtd

 _____________________________________________________________________________

 1987       0.4061      0.3471      0.3654      0.3910
 1988       0.5821      0.2654      0.2916      0.4230
 1989       0.3749      0.3219      0.3261      0.3343
 1990       0.4332      0.3987      0.4057      0.4238
 1991       0.4319      0.4334      0.4423      0.4635
 1992       0.4542      0.4110      0.4282      0.4476
 1993       0.2849      0.2437      0.2519      0.2574
 1994       0.3839      0.3044      0.3116      0.3155
 1995       0.3852      0.3289      0.3353      0.3369
 1996       0.3603      0.3420      0.3451      0.3458
 1997       0.2711      0.2324      0.2338      0.2407
 1998       0.2384      0.2485      0.2532      0.2642
 1999       0.2972      0.3340      0.3290      0.3466
 2000       0.2591      0.2974      0.2906      0.3115
 2001       0.3301      0.3598      0.3556      0.3647
 2002       0.3465      0.3585      0.3619      0.3697
 2003       0.2483      0.2460      0.2461      0.2598
 2004       0.1914      0.1704      0.1712      0.1740

 Back Calculated Partial Recruitment


   AGE       1987        1988        1989        1990        1991
 _____________________________________________________________________________

    3       0.0105      0.0188      0.0805      0.0905      0.1814
    4       0.0811      0.0966      0.1829      0.2879      0.3454
    5       0.3948      0.1321      0.3462      0.3674      0.5736
    6       0.4935      0.4174      0.5120      0.6027      0.4695
    7       0.5949      0.5538      0.6403      0.8142      0.6124
    8       1.0000      0.6619      0.4975      0.9245      1.0000
    9       0.7836      1.0000      0.5278      1.0000      0.4819
   10       0.8112      0.7731      0.8158      0.7354      0.9252
   11       0.8639      0.7126      1.0000      0.8043      0.7280
   12       0.8647      0.7869      0.7103      0.8661      0.7838
   13       0.8647      0.5128      0.1640      0.1212      0.0866

   AGE       1992        1993        1994        1995        1996
 _____________________________________________________________________________

    3       0.1542      0.2041      0.3977      0.1529      0.1072
    4       0.3213      0.5854      0.4341      0.4651      0.3648
    5       0.3709      0.5131      0.4995      0.3745      0.4157
    6       0.6237      0.4241      0.5053      0.4487      0.4073
    7       0.5737      0.7459      0.5243      0.5401      0.5089
    8       0.7088      0.6470      0.5988      0.5508      0.4076
    9       1.0000      0.9522      0.9603      0.5654      0.5963
   10       0.9438      0.8177      0.9980      0.7521      0.4719
   11       0.7153      1.0000      1.0000      1.0000      1.0000
   12       0.8420      0.8542      0.8893      0.7171      0.6190
   13       0.0360      0.0273      0.1587      0.2138      0.4443

   AGE       1997        1998        1999        2000        2001
 _____________________________________________________________________________

    3       0.0529      0.3141      0.1746      0.3147      0.2438
    4       0.2007      0.5926      0.4402      0.6734      0.9143
    5       0.2705      0.3880      0.6289      0.6897      1.0000
    6       0.1989      0.2266      0.3145      0.6229      0.9067
    7       0.2256      0.5977      0.3983      0.3466      0.9330
    8       0.2196      0.4596      0.6047      0.3902      0.5678
    9       0.2639      0.6228      0.4226      0.5596      0.7928
   10       0.4732      0.4698      0.5598      0.3333      0.8537
   11       0.2200      0.3453      0.4982      0.4971      0.6124
   12       0.2942      0.4744      0.5213      0.4451      0.7067
   13       1.0000      1.0000      1.0000      1.0000      0.8788

 Back Calculated Partial Recruitment


   AGE       2002        2003        2004
 _____________________________________________________________________________

    3       0.0748      0.3701      0.3011
    4       0.3499      0.4252      0.4799
    5       0.4945      0.5111      0.5451
    6       0.6265      0.5720      0.7521
    7       0.6827      0.5826      0.5877
    8       0.8093      1.0000      0.4370
    9       0.5195      0.4235      1.0000
   10       0.4165      0.2057      0.5459
   11       0.4551      0.5555      0.5528
   12       0.5501      0.5462      0.6339
   13       1.0000      0.3016      0.5107

 JAN-1 Biomass


   AGE       1987        1988        1989        1990        1991
 _____________________________________________________________________________

    3       89146.      42660.      58530.      38531.     115002.
    4      197973.     105449.      49716.      76018.      48950.
    5       72209.     203936.      96548.      47300.      68449.
    6       23530.      58274.     176882.      76505.      37622.
    7       21028.      16994.      37373.     123790.      51699.
    8       34933.      13992.       9888.      23107.      74210.
    9       14457.      17871.       6980.       6264.      12894.
   10       13544.       8552.       6351.       4400.       3314.
   11        9985.       7463.       3761.       3412.       2713.
   12       13709.       5292.       3693.       1740.       1966.
   13       14269.      14916.      10476.      10040.       9908.
 ====================================================================
 Total     504783.     495400.     460198.     411106.     426726.

   AGE       1992        1993        1994        1995        1996
 _____________________________________________________________________________

    3      155562.      95485.      94190.      27660.      29410.
    4      130446.     181661.     109996.      93011.      28994.
    5       44418.     124188.     150750.      93040.      69910.
    6       50549.      39305.     100320.     115429.      69239.
    7       29483.      36289.      30923.      74798.      79058.
    8       36033.      20663.      24729.      22332.      47538.
    9       39566.      22700.      14929.      17163.      13628.
   10        9429.      20820.      14420.       8119.      10220.
   11        1867.       5044.      13860.       7807.       4006.
   12        1775.       1168.       3039.       7503.       3281.
   13        9501.       9231.       9428.      10087.      11268.
 ====================================================================
 Total     508631.     556554.     566583.     476951.     366552.

   AGE       1997        1998        1999        2000        2001
 _____________________________________________________________________________

    3      106278.      42563.      80311.      62388.      67747.
    4       33668.     128905.      49838.     103493.      64339.
    5       27475.      31151.     108113.      45315.      73772.
    6       58280.      21579.      25967.      82737.      30394.
    7       53238.      46414.      19339.      23528.      55173.
    8       54202.      41661.      33289.      15973.      17672.
    9       34796.      41455.      31096.      24329.      11932.
   10        8510.      24775.      28217.      24256.      15973.
   11        6594.       5104.      18288.      20216.      18745.
   12        1745.       5388.       3894.      13738.      14424.
   13        9093.       4549.       6184.       6144.      13444.
 ====================================================================
 Total     393880.     393546.     404536.     422117.     383615.

 JAN-1 Biomass


   AGE       2002        2003        2004        2005
 _____________________________________________________________________________

    3      319023.     224737.     115887.      79222.
    4       84572.     324340.     234877.     144156.
    5       49048.      67662.     317752.     226695.
    6       51762.      33477.      59414.     271173.
    7       21500.      32798.      28337.      45765.
    8       38845.      12633.      26673.      22150.
    9       13985.      22143.       8215.      21454.
   10        9236.       8860.      17481.       5302.
   11       11570.       5966.       8240.      13488.
   12       14416.       7979.       4416.       6210.
   13       20083.      18095.      20900.      19095.
 ====================================================================
 Total     634042.     758690.     842192.     854712.

 Mean Biomass


   AGE       1987        1988        1989        1990        1991
 _____________________________________________________________________________

    3       84574.      40228.      54239.      35730.     103443.
    4      183977.      95788.      44559.      66670.      41885.
    5       61333.     182149.      82112.      40576.      54717.
    6       19440.      45607.     142777.      61535.      31015.
    7       16890.      12515.      28993.      94091.      40859.
    8       25150.       9830.       8017.      17061.      52485.
    9       11028.      10897.       5607.       4535.      10590.
   10       10255.       5729.       4671.       3415.       2394.
   11        7454.       5130.       2619.       2600.       2073.
   12       10232.       3524.       2805.       1305.       1478.
   13       10650.      11185.       9447.       9229.       9177.
 ====================================================================
 Total     440983.     422582.     385845.     336748.     350117.

   AGE       1992        1993        1994        1995        1996
 _____________________________________________________________________________

    3      141024.      87169.      80445.      24957.      26881.
    4      112299.     153706.      93039.      75505.      24111.
    5       37664.     106585.     125322.      77849.      57083.
    6       39730.      34334.      83271.      94216.      56706.
    7       23519.      29757.      25540.      59234.      62449.
    8       27620.      17274.      20028.      17623.      38929.
    9       27888.      17889.      11020.      13480.      10439.
   10        6753.      16837.      10544.       6002.       8179.
   11        1429.       3938.      10129.       5339.       2676.
   12        1309.        938.       2284.       5610.       2494.
   13        8939.       8735.       8588.       8913.       9107.
 ====================================================================
 Total     428174.     477162.     470209.     388726.     299055.

   AGE       1997        1998        1999        2000        2001
 _____________________________________________________________________________

    3       98588.      37435.      72567.      54772.      61534.
    4       29119.     105918.      41696.      83117.      51611.
    5       23003.      26903.      85749.      36249.      58269.
    6       50448.      19396.      22525.      67274.      24415.
    7       45514.      38090.      16375.      20491.      44109.
    8       46466.      35355.      26583.      13759.      15106.
    9       29222.      33815.      26147.      20093.       9785.
   10        6499.      20973.      22819.      21196.      12955.
   11        5652.       4455.      15050.      16956.      15891.
   12        1445.       4556.       3184.      11673.      12017.
   13        5549.       3394.       4430.       4562.      10854.
 ====================================================================
 Total     341506.     330292.     337126.     350140.     316545.

 Mean Biomass


   AGE       2002        2003        2004
 _____________________________________________________________________________

    3      297144.     197207.     105572.
    4       72894.     281251.     208567.
    5       40621.      57602.     279555.
    6       41358.      28132.      50766.
    7       16920.      27500.      24780.
    8       29555.       9708.      23831.
    9       11504.      19208.       6781.
   10        7815.       8058.      15378.
   11        9686.       5031.       7241.
   12       11760.       6742.       3836.
   13       14535.      16116.      18478.
 ====================================================================
 Total     553792.     656555.     744785.

 Spawning Stock Biomass


   AGE       1987        1988        1989        1990        1991
 _____________________________________________________________________________

    3       16960.       8116.      11135.       7330.      21879.
    4      160070.      85261.      40198.      61464.      39579.
    5       68688.     193989.      91839.      44993.      65111.
    6       22383.      55432.     168255.      72774.      35787.
    7       20002.      16165.      35550.     117752.      49178.
    8       33229.      13310.       9405.      21980.      70590.
    9       13751.      17000.       6640.       5959.      12265.
   10       12884.       8135.       6042.       4185.       3152.
   11        9498.       7099.       3577.       3245.       2581.
   12       13040.       5034.       3513.       1655.       1870.
   13       13573.      14188.       9965.       9550.       9424.
 ====================================================================
 Total     384078.     423729.     386120.     350889.     311415.

   AGE       1992        1993        1994        1995        1996
 _____________________________________________________________________________

    3       29595.      18166.      17919.       5262.       5595.
    4      105472.     146881.      88937.      75204.      23443.
    5       42252.     118131.     143398.      88503.      66501.
    6       48084.      37388.      95427.     109799.      65862.
    7       28045.      34520.      29415.      71150.      75203.
    8       34276.      19656.      23523.      21243.      45219.
    9       37636.      21593.      14201.      16326.      12963.
   10        8969.      19805.      13717.       7723.       9722.
   11        1776.       4798.      13184.       7426.       3811.
   12        1689.       1111.       2891.       7137.       3121.
   13        9038.       8781.       8968.       9595.      10719.
 ====================================================================
 Total     346832.     430828.     451579.     419369.     322158.

   AGE       1997        1998        1999        2000        2001
 _____________________________________________________________________________

    3       20219.       8097.      15279.      11869.      12889.
    4       27222.     104226.      40296.      83678.      52021.
    5       26135.      29632.     102840.      43105.      70174.
    6       55437.      20527.      24701.      78702.      28911.
    7       50642.      44151.      18396.      22381.      52482.
    8       51558.      39630.      31665.      15194.      16810.
    9       33099.      39433.      29579.      23143.      11350.
   10        8095.      23567.      26841.      23073.      15194.
   11        6273.       4855.      17396.      19230.      17831.
   12        1660.       5126.       3704.      13068.      13721.
   13        8650.       4327.       5883.       5844.      12788.
 ====================================================================
 Total     288991.     323570.     316580.     339287.     304171.

 Spawning Stock Biomass


   AGE       2002        2003        2004
 _____________________________________________________________________________

    3       60693.      42755.      22047.
    4       68380.     262244.     189909.
    5       46656.      64362.     302255.
    6       49238.      31844.      56517.
    7       20452.      31198.      26955.
    8       36951.      12017.      25373.
    9       13303.      21063.       7815.
   10        8785.       8428.      16628.
   11       11006.       5675.       7838.
   12       13713.       7590.       4200.
   13       19104.      17213.      19881.
 ====================================================================
 Total     348281.     504389.     679417.

 Catch Biomass


   AGE       1987        1988        1989        1990        1991
 _____________________________________________________________________________

    3         528.        747.       2942.       1890.      11972.
    4        8918.       9134.       5490.      11228.       9227.
    5       14468.      23748.      19145.       8720.      20020.
    6        5733.      18789.      49239.      21694.       9290.
    7        6004.       6841.      12503.      44809.      15961.
    8       15028.       6422.       2686.       9226.      33480.
    9        5164.      10755.       1993.       2653.       3256.
   10        4971.       4372.       2567.       1469.       1413.
   11        3848.       3608.       1764.       1223.        963.
   12        5286.       2737.       1342.        661.        739.
   13        5502.       5661.       1043.        654.        507.
 ====================================================================
 Total      75451.      92814.     100713.     104227.     106827.

   AGE       1992        1993        1994        1995        1996
 _____________________________________________________________________________

    3       14039.       7417.      18039.       2729.       2220.
    4       23299.      37512.      22771.      25113.       6772.
    5        9020.      22799.      35290.      20847.      18272.
    6       15999.       6071.      23720.      30232.      17783.
    7        8711.       9253.       7549.      22880.      24467.
    8       12640.       4660.       6761.       6942.      12217.
    9       18006.       7101.       5966.       5451.       4792.
   10        4115.       5740.       5933.       3228.       2972.
   11         660.       1642.       5711.       3818.       2060.
   12         712.        334.       1145.       2877.       1188.
   13         208.        100.        768.       1363.       3116.
 ====================================================================
 Total     107408.     102629.     133653.     125481.      95858.

   AGE       1997        1998        1999        2000        2001
 _____________________________________________________________________________

    3        5140.       6082.       7715.       9108.       5880.
    4        5757.      32473.      11175.      29572.      18494.
    5        6130.       5400.      32833.      13209.      22838.
    6        9883.       2274.       4313.      22141.       8676.
    7       10112.      11779.       3971.       3752.      16129.
    8       10051.       8406.       9786.       2837.       3362.
    9        7596.      10896.       6727.       5941.       3040.
   10        3029.       5097.       7777.       3732.       4334.
   11        1225.        796.       4564.       4453.       3814.
   12         419.       1118.       1010.       2745.       3328.
   13        5465.       1756.       2697.       2410.       3738.
 ====================================================================
 Total      64806.      86076.      92569.      99902.      93635.

 Catch Biomass


   AGE       2002        2003        2004
 _____________________________________________________________________________

    3       13019.      32993.       9440.
    4       14939.      54057.      29723.
    5       11767.      13309.      45248.
    6       15177.       7275.      11337.
    7        6766.       7243.       4324.
    8       14010.       4389.       3092.
    9        3500.       3677.       2013.
   10        1906.        749.       2492.
   11        2582.       1263.       1189.
   12        3789.       1665.        722.
   13        8514.       2197.       2802.
 ====================================================================
 Total      95969.     128818.     112382.

 Catch Numbers


   AGE       1987        1988        1989        1990        1991
 _____________________________________________________________________________

    3       3144.0      4757.0     22628.0     14884.0     88683.0
    4      44590.0     41331.0     26649.0     56995.0     49081.0
    5      60285.0     99366.0     77824.0     35593.0     86292.0
    6      20622.0     69331.0    188654.0     79757.0     34793.0
    7      19751.0     22955.0     43114.0    157225.0     55228.0
    8      46240.0     20131.0      8116.0     30248.0    110132.0
    9      15232.0     32201.0      5897.0      8187.0     10079.0
   10      13963.0     12349.0      7292.0      4372.0      4155.0
   11      10179.0     10250.0      4780.0      3379.0      2735.0
   12      13216.0      7378.0      3449.0      1786.0      2003.0
   13      13227.0     14048.0      2602.0      1726.0      1274.0
 ====================================================================
 Total    260449.0    334097.0    391005.0    394152.0    444455.0

   AGE       1992        1993        1994        1995        1996
 _____________________________________________________________________________

    3      94860.0     51153.0    134616.0     20991.0     15969.0
    4     122626.0    177780.0    113290.0    137232.0     40311.0
    5      38381.0     92680.0    142876.0     86864.0     86187.0
    6      58605.0     20791.0     87207.0    109140.0     68927.0
    7      27921.0     28560.0     24913.0     76780.0     84660.0
    8      38420.0     13313.0     20303.0     21361.0     39664.0
    9      53114.0     19617.0     16301.0     15225.0     14746.0
   10      11592.0     15266.0     15695.0      8541.0      8419.0
   11       1727.0      4254.0     14680.0      9617.0      5836.0
   12       1757.0       797.0      2936.0      7034.0      3152.0
   13        530.0       256.0      1874.0      3147.0      7750.0
 ====================================================================
 Total    449533.0    424467.0    574691.0    495932.0    375621.0

   AGE       1997        1998        1999        2000        2001
 _____________________________________________________________________________

    3      39240.0     45390.0     56315.0     57282.0     42304.0
    4      30141.0    175529.0     54779.0    136278.0     86422.0
    5      26307.0     22691.0    140913.0     49289.0     93597.0
    6      36738.0      8613.0     16093.0     76614.0     30336.0
    7      33705.0     40898.0     13506.0     11546.0     54491.0
    8      31022.0     25944.0     31467.0      8294.0     10375.0
    9      22277.0     32046.0     19845.0     16367.0      8762.0
   10       8531.0     14647.0     22031.0      9874.0     12244.0
   11       3383.0      2122.0     12609.0     11332.0      9907.0
   12       1141.0      2754.0      2673.0      6744.0      8259.0
   13      13767.0      4231.0      6676.0      5618.0      8838.0
 ====================================================================
 Total    246252.0    374865.0    376907.0    389238.0    365535.0

 Catch Numbers


   AGE       2002        2003        2004
 _____________________________________________________________________________

    3      80863.0    211495.0     63355.0
    4      70801.0    286017.0    139543.0
    5      45607.0     58120.0    182450.0
    6      54202.0     27979.0     40489.0
    7      21211.0     25592.0     13727.0
    8      42199.0     14203.0      9342.0
    9       9888.0     10944.0      5769.0
   10       4707.0      2230.0      7021.0
   11       6520.0      3424.0      3136.0
   12       9108.0      4225.0      1861.0
   13      19046.0      5507.0      6720.0
 ====================================================================
 Total    364152.0    649736.0    473413.0


               Surplus Production

     Average Adjustment Factor (Delta) =   1.0000

 Year        Biomass  Delta Biomass  Catch Biomass  Surplus Production

 1987     504783.009      -9383.390      75450.782      66067.392
 1988     495399.619     -35201.923      92813.816      57611.893
 1989     460197.696     -49091.298     100713.041      51621.743
 1990     411106.398      15619.780     104226.989     119846.769
 1991     426726.178      81905.032     106827.024     188732.056
 1992     508631.211      47922.709     107408.317     155331.026
 1993     556553.919      10029.502     102628.948     112658.450
 1994     566583.422     -89632.696     133652.824      44020.128
 1995     476950.725    -110398.256     125480.745      15082.489
 1996     366552.470      27327.839      95858.270     123186.109
 1997     393880.309       -334.526      64805.906      64471.380
 1998     393545.783      10989.877      86076.430      97066.307
 1999     404535.659      17581.096      92569.079     110150.175
 2000     422116.755     -38501.834      99902.059      61400.225
 2001     383614.921     250427.290      93635.000     344062.290
 2002     634042.210     124648.103      95968.594     220616.697
 2003     758690.313      83501.902     128817.579     212319.481
 2004     842192.215      12519.570     112381.969     124901.539
 2005     854711.785


 Summary of Survey Indices Used in the Estimate

 INDEX    Survey Tag    Age   Time  Type  Catchability Std. Error   CV
 _____________________________________________________________________________

   1 Acoustic              4   JAN-1 NUMBER  0.1109E+01  0.1159E+00  0.1045E+00
   2 Acoustic              5   JAN-1 NUMBER  0.1357E+01  0.1643E+00  0.1211E+00
   3 Acoustic              6   JAN-1 NUMBER  0.1232E+01  0.1172E+00  0.9514E-01
   4 Acoustic              7   JAN-1 NUMBER  0.1317E+01  0.1201E+00  0.9122E-01
   5 Acoustic              8   JAN-1 NUMBER  0.1333E+01  0.1627E+00  0.1220E+00
   6 Acoustic              9   JAN-1 NUMBER  0.1554E+01  0.2051E+00  0.1320E+00
   7 Acoustic             10   JAN-1 NUMBER  0.1594E+01  0.2060E+00  0.1292E+00
   8 Acoustic             11   JAN-1 NUMBER  0.1296E+01  0.2144E+00  0.1654E+00


 Survey Index:    1 Tag: Acoustic           AGE =  4
 Time = JAN-1           Type = NUMBER
 Catchability =    0.110905E+01   % Variance Contribution =    10.1026
 Unweighted Residual = LN(Observed) - LN(Predicted)

 Year      Observed        Predicted         Residual      Unweighted Resid
 _____________________________________________________________________________

 1987     N/A              0.109781E+07     N/A              N/A
 1988     0.401246E+06     0.529178E+06    -0.276749E+00    -0.276749E+00
 1989     0.201284E+06     0.267658E+06    -0.284994E+00    -0.284994E+00
 1990     0.655361E+06     0.427956E+06     0.426166E+00     0.426166E+00
 1991     0.132235E+06     0.288767E+06    -0.781040E+00    -0.781040E+00
 1992     0.104999E+07     0.761427E+06     0.321342E+00     0.321342E+00
 1993     0.830608E+06     0.954835E+06    -0.139380E+00    -0.139380E+00
 1994     0.505279E+06     0.606921E+06    -0.183288E+00    -0.183288E+00
 1995     N/A              0.563682E+06     N/A              N/A
 1996     0.133810E+06     0.191402E+06    -0.357953E+00    -0.357953E+00
 1997     0.270706E+06     0.195497E+06     0.325490E+00     0.325490E+00
 1998     0.601783E+06     0.772767E+06    -0.250081E+00    -0.250081E+00
 1999     0.255937E+06     0.270945E+06    -0.569861E-01    -0.569861E-01
 2000     0.839491E+06     0.528931E+06     0.461937E+00     0.461937E+00
 2001     0.966960E+06     0.333433E+06     0.106472E+01     0.106472E+01
 2002     0.287004E+06     0.444524E+06    -0.437507E+00    -0.437507E+00
 2003     0.191937E+07     0.190322E+07     0.844958E-02     0.844958E-02
 2004     0.143498E+07     0.122296E+07     0.159876E+00     0.159876E+00
 2005     0.713730E+06     0.713730E+06    -0.152577E-07    -0.152577E-07

 Survey Index:    2 Tag: Acoustic           AGE =  5
 Time = JAN-1           Type = NUMBER
 Catchability =    0.135728E+01   % Variance Contribution =    13.5619
 Unweighted Residual = LN(Observed) - LN(Predicted)

 Year      Observed        Predicted         Residual      Unweighted Resid
 _____________________________________________________________________________

 1987     N/A              0.408368E+06     N/A              N/A
 1988     0.858012E+06     0.115815E+07    -0.299958E+00    -0.299958E+00
 1989     0.232808E+06     0.532694E+06    -0.827733E+00    -0.827733E+00
 1990     0.179364E+06     0.262038E+06    -0.379071E+00    -0.379071E+00
 1991     0.258591E+06     0.400450E+06    -0.437342E+00    -0.437342E+00
 1992     0.354521E+06     0.256544E+06     0.323466E+00     0.323466E+00
 1993     0.729556E+06     0.685193E+06     0.627354E-01     0.627354E-01
 1994     0.882868E+06     0.828380E+06     0.637042E-01     0.637042E-01
 1995     N/A              0.526172E+06     N/A              N/A
 1996     0.761581E+06     0.447584E+06     0.531532E+00     0.531532E+00
 1997     0.133667E+06     0.160049E+06    -0.180128E+00    -0.180128E+00
 1998     0.810550E+05     0.177651E+06    -0.784694E+00    -0.784694E+00
 1999     0.108150E+07     0.629781E+06     0.540736E+00     0.540736E+00
 2000     0.239064E+06     0.229497E+06     0.408406E-01     0.408406E-01
 2001     0.131641E+07     0.410364E+06     0.116562E+01     0.116562E+01
 2002     0.217441E+06     0.258031E+06    -0.171150E+00    -0.171150E+00
 2003     0.553149E+06     0.401032E+06     0.321586E+00     0.321586E+00
 2004     0.205822E+07     0.173902E+07     0.168519E+00     0.168519E+00
 2005     0.102233E+07     0.117438E+07    -0.138663E+00    -0.138663E+00

 Survey Index:    3 Tag: Acoustic           AGE =  6
 Time = JAN-1           Type = NUMBER
 Catchability =    0.123234E+01   % Variance Contribution =     8.3762
 Unweighted Residual = LN(Observed) - LN(Predicted)

 Year      Observed        Predicted         Residual      Unweighted Resid
 _____________________________________________________________________________

 1987     N/A              0.104306E+06     N/A              N/A
 1988     0.308065E+06     0.264992E+06     0.150609E+00     0.150609E+00
 1989     0.381417E+06     0.835165E+06    -0.783736E+00    -0.783736E+00
 1990     0.278836E+06     0.346619E+06    -0.217602E+00    -0.217602E+00
 1991     0.943730E+05     0.173644E+06    -0.609755E+00    -0.609755E+00
 1992     0.319866E+06     0.228182E+06     0.337756E+00     0.337756E+00
 1993     0.158778E+06     0.165880E+06    -0.437552E-01    -0.437552E-01
 1994     0.496297E+06     0.454513E+06     0.879483E-01     0.879483E-01
 1995     N/A              0.513529E+06     N/A              N/A
 1996     0.277893E+06     0.330718E+06    -0.174031E+00    -0.174031E+00
 1997     0.468678E+06     0.266990E+06     0.562706E+00     0.562706E+00
 1998     0.573660E+05     0.100731E+06    -0.562997E+00    -0.562997E+00
 1999     0.103344E+06     0.119405E+06    -0.144456E+00    -0.144456E+00
 2000     0.605858E+06     0.352803E+06     0.540734E+00     0.540734E+00
 2001     0.191001E+06     0.130963E+06     0.377366E+00     0.377366E+00
 2002     0.260497E+06     0.227817E+06     0.134048E+00     0.134048E+00
 2003     0.205656E+06     0.158672E+06     0.259363E+00     0.259363E+00
 2004     0.330800E+06     0.261495E+06     0.235099E+00     0.235099E+00
 2005     0.104666E+07     0.121519E+07    -0.149298E+00    -0.149298E+00

 Survey Index:    4 Tag: Acoustic           AGE =  7
 Time = JAN-1           Type = NUMBER
 Catchability =    0.131691E+01   % Variance Contribution =     7.7006
 Unweighted Residual = LN(Observed) - LN(Predicted)

 Year      Observed        Predicted         Residual      Unweighted Resid
 _____________________________________________________________________________

 1987     N/A              0.910912E+05     N/A              N/A
 1988     0.571030E+05     0.750987E+05    -0.273946E+00    -0.273946E+00
 1989     0.188456E+06     0.169713E+06     0.104755E+00     0.104755E+00
 1990     0.592982E+06     0.572000E+06     0.360243E-01     0.360243E-01
 1991     0.191054E+06     0.235581E+06    -0.209499E+00    -0.209499E+00
 1992     0.898250E+05     0.124445E+06    -0.325999E+00    -0.325999E+00
 1993     0.130781E+06     0.147500E+06    -0.120301E+00    -0.120301E+00
 1994     0.669630E+05     0.134399E+06    -0.696675E+00    -0.696675E+00
 1995     N/A              0.330545E+06     N/A              N/A
 1996     0.385027E+06     0.360252E+06     0.665107E-01     0.665107E-01
 1997     0.269888E+06     0.233700E+06     0.143969E+00     0.143969E+00
 1998     0.287046E+06     0.212235E+06     0.301950E+00     0.301950E+00
 1999     0.517860E+05     0.866255E+05    -0.514475E+00    -0.514475E+00
 2000     0.882140E+05     0.953377E+05    -0.776592E-01    -0.776592E-01
 2001     0.482418E+06     0.245467E+06     0.675649E+00     0.675649E+00
 2002     0.161049E+06     0.887588E+05     0.595787E+00     0.595787E+00
 2003     0.262362E+06     0.152621E+06     0.541765E+00     0.541765E+00
 2004     0.109146E+06     0.118467E+06    -0.819480E-01    -0.819480E-01
 2005     0.171326E+06     0.202244E+06    -0.165907E+00    -0.165907E+00

 Survey Index:    5 Tag: Acoustic           AGE =  8
 Time = JAN-1           Type = NUMBER
 Catchability =    0.133305E+01   % Variance Contribution =    13.7759
 Unweighted Residual = LN(Observed) - LN(Predicted)

 Year      Observed        Predicted         Residual      Unweighted Resid
 _____________________________________________________________________________

 1987     N/A              0.143283E+06     N/A              N/A
 1988     0.325320E+05     0.584719E+05    -0.586322E+00    -0.586322E+00
 1989     0.464480E+05     0.398205E+05     0.153953E+00     0.153953E+00
 1990     0.179665E+06     0.100992E+06     0.576050E+00     0.576050E+00
 1991     0.514403E+06     0.325411E+06     0.457919E+00     0.457919E+00
 1992     0.138333E+06     0.145999E+06    -0.539377E-01    -0.539377E-01
 1993     0.541560E+05     0.787006E+05    -0.373782E+00    -0.373782E+00
 1994     0.582950E+05     0.989918E+05    -0.529521E+00    -0.529521E+00
 1995     N/A              0.915997E+05     N/A              N/A
 1996     0.176906E+06     0.205747E+06    -0.151029E+00    -0.151029E+00
 1997     0.325664E+06     0.223004E+06     0.378674E+00     0.378674E+00
 1998     0.155998E+06     0.171409E+06    -0.942087E-01    -0.942087E-01
 1999     0.135246E+06     0.142685E+06    -0.535468E-01    -0.535468E-01
 2000     0.433530E+05     0.622579E+05    -0.361910E+00    -0.361910E+00
 2001     0.343770E+05     0.727097E+05    -0.749087E+00    -0.749087E+00
 2002     0.345852E+06     0.155971E+06     0.796342E+00     0.796342E+00
 2003     0.153037E+06     0.545003E+05     0.103247E+01     0.103247E+01
 2004     0.100785E+06     0.107422E+06    -0.637795E-01    -0.637795E-01
 2005     0.624290E+05     0.911329E+05    -0.378289E+00    -0.378289E+00

 Survey Index:    6 Tag: Acoustic           AGE =  9
 Time = JAN-1           Type = NUMBER
 Catchability =    0.155407E+01   % Variance Contribution =    15.9539
 Unweighted Residual = LN(Observed) - LN(Predicted)

 Year      Observed        Predicted         Residual      Unweighted Resid
 _____________________________________________________________________________

 1987     N/A              0.662726E+05     N/A              N/A
 1988     0.704260E+05     0.831539E+05    -0.166130E+00    -0.166130E+00
 1989     0.257980E+05     0.320931E+05    -0.218343E-02    -0.218343E+00
 1990     0.221820E+05     0.300457E+05    -0.303438E+00    -0.303438E+00
 1991     0.793530E+05     0.620362E+05     0.246187E+00     0.246187E+00
 1992     0.256921E+06     0.181381E+06     0.348170E+00     0.348170E+00
 1993     0.963300E+05     0.974523E+05    -0.115831E-01    -0.115831E-01
 1994     0.106172E+06     0.633902E+05     0.515752E+00     0.515752E+00
 1995     N/A              0.745057E+05     N/A              N/A
 1996     0.981500E+05     0.651637E+05     0.409595E+00     0.409595E+00
 1997     0.217421E+06     0.158577E+06     0.315594E+00     0.315594E+00
 1998     0.203382E+06     0.189481E+06     0.707967E-01     0.707967E-01
 1999     0.705140E+05     0.142552E+06    -0.703894E+00    -0.703894E+00
 2000     0.165716E+06     0.104158E+06     0.464370E+00     0.464370E+00
 2001     0.157270E+05     0.534387E+05    -0.122316E+01    -0.122316E+01
 2002     0.624510E+05     0.613962E+05     0.170343E-01     0.170343E-01
 2003     0.276199E+06     0.102416E+06     0.992076E+00     0.992076E+00
 2004     0.386930E+05     0.365816E+05     0.561142E-01     0.561142E-01
 2005     0.443130E+05     0.995263E+05    -0.809144E+00    -0.809144E+00

 Survey Index:    7 Tag: Acoustic           AGE = 10
 Time = JAN-1           Type = NUMBER
 Catchability =    0.159407E+01   % Variance Contribution =    12.7232
 Unweighted Residual = LN(Observed) - LN(Predicted)

 Year      Observed        Predicted         Residual      Unweighted Resid
 _____________________________________________________________________________

 1987     N/A              0.606470E+05     N/A              N/A
 1988     0.367130E+05     0.385120E+05    -0.478394E-01    -0.478394E-01
 1989     0.328190E+05     0.287632E+05     0.131912E-02     0.131912E+00
 1990     0.217680E+05     0.208748E+05     0.418961E-03     0.418961E-01
 1991     0.376180E+05     0.155372E+05     0.884245E-02     0.884245E+00
 1992     0.212900E+05     0.423400E+05    -0.687495E+00    -0.687495E+00
 1993     0.966490E+05     0.882686E+05     0.907018E-01     0.907018E-01
 1994     0.488740E+05     0.608128E+05    -0.218555E+00    -0.218555E+00
 1995     N/A              0.342375E+05     N/A              N/A
 1996     0.485030E+05     0.461518E+05     0.496891E-01     0.496891E-01
 1997     0.929790E+05     0.382149E+05     0.889149E+00     0.889149E+00
 1998     0.105730E+06     0.113488E+06    -0.708083E-01    -0.708083E-01
 1999     0.101626E+06     0.127421E+06    -0.226197E+00    -0.226197E+00
 2000     0.899160E+05     0.102292E+06    -0.128955E+00    -0.128955E+00
 2001     0.379400E+05     0.719254E+05    -0.639623E+00    -0.639623E+00
 2002     0.571050E+05     0.363518E+05     0.451647E+00     0.451647E+00
 2003     0.992060E+05     0.420343E+05     0.858712E+00     0.858712E+00
 2004     0.455820E+05     0.784943E+05    -0.543512E+00    -0.543512E+00
 2005     0.109470E+05     0.252300E+05    -0.834967E+00    -0.834967E+00

 Survey Index:    8 Tag: Acoustic           AGE = 11
 Time = JAN-1           Type = NUMBER
 Catchability =    0.129647E+01   % Variance Contribution =    17.8057
 Unweighted Residual = LN(Observed) - LN(Predicted)

 Year      Observed        Predicted         Residual      Unweighted Resid
 _____________________________________________________________________________

 1987     N/A              0.342461E+05     N/A              N/A
 1988     0.235860E+05     0.274872E+05    -0.153067E+00    -0.153067E+00
 1989     0.174390E+05     0.132138E+05     0.277445E-02     0.277445E+00
 1990     0.130800E+05     0.122189E+05     0.681037E-03     0.681037E-01
 1991     0.939400E+04     0.999172E+04    -0.616861E-03    -0.616861E-01
 1992     0.986600E+04     0.633696E+04     0.442696E-02     0.442696E+00
 1993     0.245420E+05     0.169405E+05     0.370680E+00     0.370680E+00
 1994     0.362010E+05     0.461921E+05    -0.243723E+00    -0.243723E+00
 1995     N/A              0.254950E+05     N/A              N/A
 1996     0.162260E+05     0.147138E+05     0.978305E-01     0.978305E-01
 1997     0.554940E+05     0.236165E+05     0.854328E+00     0.854328E+00
 1998     0.354690E+05     0.176469E+05     0.698101E+00     0.698101E+00
 1999     0.539350E+05     0.654976E+05    -0.194234E+00    -0.194234E+00
 2000     0.121345E+06     0.666890E+05     0.598598E+00     0.598598E+00
 2001     0.143200E+05     0.631235E+05    -0.148344E+01    -0.148344E+01
 2002     0.384050E+05     0.378790E+05     0.137913E-01     0.137913E-01
 2003     0.476210E+05     0.209610E+05     0.820612E+00     0.820612E+00
 2004     0.703900E+04     0.281866E+05    -0.138738E-01    -0.138738E+01
 2005     0.239420E+05     0.491214E+05    -0.718660E+00    -0.718660E+00


Survey Weight Factors - Survey Index =     6

      1987        1.0000
      1988        1.0000
      1989        0.0100
      1990        1.0000
      1991        1.0000
      1992        1.0000
      1993        1.0000
      1994        1.0000
      1995        1.0000
      1996        1.0000
      1997        1.0000
      1998        1.0000
      1999        1.0000
      2000        1.0000
      2001        1.0000
      2002        1.0000
      2003        1.0000
      2004        1.0000
      2005        1.0000


Survey Weight Factors - Survey Index =     7

      1987        1.0000
      1988        1.0000
      1989        0.0100
      1990        0.0100
      1991        0.0100
      1992        1.0000
      1993        1.0000
      1994        1.0000
      1995        1.0000
      1996        1.0000
      1997        1.0000
      1998        1.0000
      1999        1.0000
      2000        1.0000
      2001        1.0000
      2002        1.0000
      2003        1.0000
      2004        1.0000
      2005        1.0000


Survey Weight Factors - Survey Index =     8

      1987        1.0000
      1988        1.0000
      1989        0.0100
      1990        0.0100
      1991        0.0100
      1992        0.0100
      1993        1.0000
      1994        1.0000
      1995        1.0000
      1996        1.0000
      1997        1.0000
      1998        1.0000
      1999        1.0000
      2000        1.0000
      2001        1.0000
      2002        1.0000
      2003        1.0000
      2004        0.0100
      2005        1.0000



 Plus Group Diagnostic Report 

 Calculation Method Selected = Forward

          Population  Population    F            F
 Year     Backward     Forward    Forward     Backward    Ratio

 1987      34301.      34301.    0.516664    0.516664    1.000000
 1988      27159.      37011.    0.506141    0.776691    1.534533
 1989       7163.      26124.    0.110450    0.478394    4.331330
 1990       4545.      26491.    0.070880    0.506556    7.146637
 1991       3389.      24893.    0.055254    0.499971    9.048656
 1992       1322.      24238.    0.023242    0.543619   23.389566
 1993        895.      23730.    0.011400    0.356145   31.240667
 1994       4974.      22995.    0.089462    0.501357    5.604166
 1995       8208.      23297.    0.152884    0.512830    3.354374
 1996      21399.      28031.    0.342082    0.476541    1.393062
 1997      57374.      22905.    0.984908    0.289740    0.294179
 1998      20389.      10961.    0.517348    0.245405    0.474352
 1999      25729.      15307.    0.608794    0.317382    0.521329
 2000      28118.      14321.    0.528355    0.235149    0.445059
 2001      38302.      31782.    0.344445    0.276963    0.804085
 2002      72467.      44929.    0.585735    0.322198    0.550074
 2003      26396.      45351.    0.136344    0.246907    1.810918
 2004      41094.      50120.    0.151655    0.188224    1.241133
 2005      39334.      47500.       N/A         N/A
