 VPA Version 3.3.0

 Model ID: k=0.3, 2009-2011 Ichtio.                                                        


 Input File: RUN1NWWG_R_25.DAT                                                               
 Date of Run: 15-NOV-2017                         Time of Run: 21:43


 Levenburg-Marquardt Algorithm Completed     9 Iterations
 Residual Sum of Squares =     3.35740    

 Number of Residuals     =     40
 Number of Parameters    =      9
 Degrees of Freedom      =     31
 Mean Squared Residual   =     0.108303    
 Standard Deviation      =     0.329094    


 Number of Years =     5
 Number of Ages  =    11
 First Year      =  1987
 Youngest Age    =     3
 Oldest True Age =    12

 Number of Survey Indices Available        =    10
 Number of Survey Indices Used in Estimate =     8


 VPA Classic Method - Auto Estimated Q's


 Stock Numbers Predicted in Terminal Year Plus One (1992)
 Age    Stock Predicted     Std. Error      CV

   4        1360019.664   0.529285E+06   0.389174E+00
   5         245734.498   0.761000E+05   0.309684E+00
   6         344018.952   0.968496E+05   0.281524E+00
   7          83526.720   0.246285E+05   0.294858E+00
   8         100800.330   0.325618E+05   0.323033E+00
   9         186096.031   0.653974E+05   0.351418E+00
  10          30990.163   0.113787E+05   0.367171E+00
  11           7610.798   0.555265E+04   0.729575E+00
  12           4789.778   0.667320E+04   0.139322E+01

 Catchability Values for Each Survey Used in Estimate
 INDEX     Catchability    Std. Error      CV

   1       0.772043E+00   0.131508E+00   0.170338E+00
   2       0.846156E+00   0.147457E+00   0.174267E+00
   3       0.864275E+00   0.149885E+00   0.173423E+00
   4       0.112591E+01   0.728475E-01   0.647012E-01
   5       0.137565E+01   0.247683E+00   0.180048E+00
   6       0.130049E+01   0.124926E+00   0.960612E-01
   7       0.151955E+01   0.353667E+00   0.232745E+00
   8       0.126062E+01   0.885815E-01   0.702684E-01


 -- Non-Linear Least Squares Fit --

 Maximum Marquadt Iterations    =       100
 Scaled Gradient Tolerance      =    6.055454E-05
 Scaled Step Tolerance          =    1.000000E-18
 Relative Function Tolerance    =    1.000000E-18
 Absolute Function Tolerance    =    4.930381E-32

 Reported Machine Precision     =    2.220446E-16


 VPA Method Options

 - Catchability Values Estimated as an Analytic Function of N
 - Catch Equation Used in Cohort Solution
 - Plus Group Forward Calculation Method Used
 - Arithmetic Average Used in F-Oldest Calculation
 - F-Oldest Calculation in Years Prior to Terminal Year 
   Uses Fishing Mortality in Ages  8 to 11
 - Calculation of Population of Age 3 In Year 1992
   =  Geometric Mean of First Age Populations
      Year Range Applied =  1987 to  1988
 - Survey Weight Factors Were Used

 Stock Estimates 

 Age   4
 Age   5
 Age   6
 Age   7
 Age   8
 Age   9
 Age  10
 Age  11
 Age  12

 Full F in Terminal Year               =   0.3611

 F in Oldest True Age in Terminal Year =   0.3908

 Full F Calculated Using Classic Method

 F in Oldest True Age in Terminal Year has been
 Calculated in Same Manner as in All Other Years

 Age  Input Partial  Calc Partial   Fishing     Used In
      Recruitment    Recruitment    Mortality   Full F    Comments

   3      0.500          0.135       0.0601      NO      Stock Estimate in T+1   
   4      0.800          0.390       0.1736      NO      Stock Estimate in T+1   
   5      1.000          0.480       0.2136      YES     Stock Estimate in T+1   
   6      1.000          0.748       0.3329      YES     Stock Estimate in T+1   
   7      1.000          0.939       0.4182      YES     Stock Estimate in T+1   
   8      1.000          1.000       0.4451      YES     Stock Estimate in T+1   
   9      1.000          0.604       0.2689      YES     Stock Estimate in T+1   
  10      1.000          0.937       0.4169      YES     Stock Estimate in T+1   
  11      1.000          0.972       0.4324      YES     Stock Estimate in T+1   
  12      1.000          0.878       0.3908              F-Oldest                

 Catch At Age - Input Data


   AGE       1987        1988        1989        1990        1991
 ____________________________________________________________________

    3       3144.0      4757.0     22628.0     14884.0     88683.0
    4      44590.0     41331.0     26649.0     56995.0     49081.0
    5      60285.0     99366.0     77824.0     35593.0     86292.0
    6      20622.0     69331.0    188654.0     79757.0     34793.0
    7      19751.0     22955.0     43114.0    157225.0     55228.0
    8      46240.0     20131.0      8116.0     30248.0    110132.0
    9      15232.0     32201.0      5897.0      8187.0     10079.0
   10      13963.0     12349.0      7292.0      4372.0      4155.0
   11      10179.0     10250.0      4780.0      3379.0      2735.0
   12      13216.0      7378.0      3449.0      1786.0      2003.0
   13      13227.0     14048.0      2602.0      1726.0      1274.0

 Weight At Age - Input Data


   AGE       1987        1988        1989        1990        1991
 ____________________________________________________________________

    3       0.1680      0.1570      0.1300      0.1270      0.1350
    4       0.2000      0.2210      0.2060      0.1970      0.1880
    5       0.2400      0.2390      0.2460      0.2450      0.2320
    6       0.2780      0.2710      0.2610      0.2720      0.2670
    7       0.3040      0.2980      0.2900      0.2850      0.2890
    8       0.3250      0.3190      0.3310      0.3050      0.3040
    9       0.3390      0.3340      0.3380      0.3240      0.3230
   10       0.3560      0.3540      0.3520      0.3360      0.3400
   11       0.3780      0.3520      0.3690      0.3620      0.3520
   12       0.4000      0.3710      0.3890      0.3700      0.3690
   13       0.4160      0.4030      0.4010      0.3790      0.3980

 JAN-1 Weights at Age - Input Data


   AGE       1987        1988        1989        1990        1991
 ____________________________________________________________________

    3       0.1680      0.1570      0.1300      0.1270      0.1350
    4       0.2000      0.2210      0.2060      0.1970      0.1880
    5       0.2400      0.2390      0.2460      0.2450      0.2320
    6       0.2780      0.2710      0.2610      0.2720      0.2670
    7       0.3040      0.2980      0.2900      0.2850      0.2890
    8       0.3250      0.3190      0.3310      0.3050      0.3040
    9       0.3390      0.3340      0.3380      0.3240      0.3230
   10       0.3560      0.3540      0.3520      0.3360      0.3400
   11       0.3780      0.3520      0.3690      0.3620      0.3520
   12       0.4000      0.3710      0.3890      0.3700      0.3690
   13       0.4160      0.4030      0.4010      0.3790      0.3980

   AGE       1992
 ____________________________________________________________________

    3       0.1480
    4       0.1900
    5       0.2350
    6       0.2730
    7       0.3120
    8       0.3290
    9       0.3390
   10       0.3550
   11       0.3820
   12       0.4050
   13       0.3920

 SSB Weight At Age - Input Data


   AGE       1987        1988        1989        1990        1991
 ____________________________________________________________________

    3       0.1680      0.1570      0.1300      0.1270      0.1350
    4       0.2000      0.2210      0.2060      0.1970      0.1880
    5       0.2400      0.2390      0.2460      0.2450      0.2320
    6       0.2780      0.2710      0.2610      0.2720      0.2670
    7       0.3040      0.2980      0.2900      0.2850      0.2890
    8       0.3250      0.3190      0.3310      0.3050      0.3040
    9       0.3390      0.3340      0.3380      0.3240      0.3230
   10       0.3560      0.3540      0.3520      0.3360      0.3400
   11       0.3780      0.3520      0.3690      0.3620      0.3520
   12       0.4000      0.3710      0.3890      0.3700      0.3690
   13       0.4160      0.4030      0.4010      0.3790      0.3980

 Natural Mortality - Input Data


   AGE       1987        1988        1989        1990        1991
 ____________________________________________________________________

    3       0.1000      0.1000      0.1000      0.1000      0.1000
    4       0.1000      0.1000      0.1000      0.1000      0.1000
    5       0.1000      0.1000      0.1000      0.1000      0.1000
    6       0.1000      0.1000      0.1000      0.1000      0.1000
    7       0.1000      0.1000      0.1000      0.1000      0.1000
    8       0.1000      0.1000      0.1000      0.1000      0.1000
    9       0.1000      0.1000      0.1000      0.1000      0.1000
   10       0.1000      0.1000      0.1000      0.1000      0.1000
   11       0.1000      0.1000      0.1000      0.1000      0.1000
   12       0.1000      0.1000      0.1000      0.1000      0.1000
   13       0.1000      0.1000      0.1000      0.1000      0.1000

 Proportion of Natural Mortality Before Spawning =       0.5000
 Proportion of Fishing Mortality Before Spawning =       0.0000

 Maturity - Input Data


   AGE       1987        1988        1989        1990        1991
 ____________________________________________________________________

    3       0.2000      0.2000      0.2000      0.2000      0.2000
    4       0.8500      0.8500      0.8500      0.8500      0.8500
    5       1.0000      1.0000      1.0000      1.0000      1.0000
    6       1.0000      1.0000      1.0000      1.0000      1.0000
    7       1.0000      1.0000      1.0000      1.0000      1.0000
    8       1.0000      1.0000      1.0000      1.0000      1.0000
    9       1.0000      1.0000      1.0000      1.0000      1.0000
   10       1.0000      1.0000      1.0000      1.0000      1.0000
   11       1.0000      1.0000      1.0000      1.0000      1.0000
   12       1.0000      1.0000      1.0000      1.0000      1.0000
   13       1.0000      1.0000      1.0000      1.0000      1.0000

 Input Partial Recruitment

   AGE

    3       0.5000
    4       0.8000
    5       1.0000
    6       1.0000
    7       1.0000
    8       1.0000
    9       1.0000
   10       1.0000
   11       1.0000
   12       1.0000


 Input F-Plus Ratio

   YEAR

   1987       1.0000
   1988       1.0000
   1989       1.0000
   1990       1.0000
   1991       1.0000

 SURVEY - INPUT DATA


INDEX                   1                  2                  3

SURVEY TAG      Acoustic            Acoustic            Acoustic          

AGE                   4                   5                   6       
TIME               JAN-1               JAN-1               JAN-1       
TYPE              NUMBERS             NUMBERS             NUMBERS      
RETRO FLAG           1                   1                   1
 ________________________________________________________________________

    1987              0.0000              0.0000              0.0000
    1988         401246.0000         858012.0000         308065.0000
    1989         201284.0000         232808.0000         381417.0000
    1990         655361.0000         179364.0000         278836.0000
    1991         132235.0000         258591.0000          94373.0000
    1992        1049990.0000         354521.0000         319866.0000

 SURVEY - INPUT DATA


INDEX                   4                  5                  6

SURVEY TAG      Acoustic            Acoustic            Acoustic          

AGE                   7                   8                   9       
TIME               JAN-1               JAN-1               JAN-1       
TYPE              NUMBERS             NUMBERS             NUMBERS      
RETRO FLAG           1                   1                   1
 ________________________________________________________________________

    1987              0.0000              0.0000              0.0000
    1988          57103.0000          32532.0000          70426.0000
    1989         188456.0000          46448.0000          25798.0000
    1990         592982.0000         179665.0000          22182.0000
    1991         191054.0000         514403.0000          79353.0000
    1992          89825.0000         138333.0000         256921.0000

 SURVEY - INPUT DATA


INDEX                   7                  8                  9

SURVEY TAG      Acoustic            Acoustic            Acoustic          

AGE                  10                  11                  12       
TIME               JAN-1               JAN-1               JAN-1       
TYPE              NUMBERS             NUMBERS             NUMBERS      
RETRO FLAG           1                   1                   1
 ________________________________________________________________________

    1987              0.0000              0.0000              0.0000
    1988          36713.0000          23586.0000          18401.0000
    1989          32819.0000          17439.0000          10373.0000
    1990          21768.0000          13080.0000           9941.0000
    1991          37618.0000           9394.0000          12636.0000
    1992          21290.0000           9866.0000              0.0000

INDEX                  10

SURVEY TAG      Acoustic          

AGE                  13       
TIME               JAN-1       
TYPE              NUMBERS      
RETRO FLAG           1
 ________________________________________________________________________

    1987              0.0000
    1988          24278.0000
    1989           9081.0000
    1990           1989.0000
    1991              0.0000
    1992              0.0000

     Additional Output Files 

Population File RUN1NWWG_R_25.PP2                                               
Auxilliary File RUN1NWWG_R_25.AUX                                               
Covariance File RUN1NWWG_R_25.CV                                                
Residuals File  RUN1NWWG_R_25.RSD                                               
Log File        RUN1NWWG_R_25.LOG                                               


                             Estimation Results

 JAN-1 Population Numbers


   AGE       1987        1988        1989        1990        1991
 _____________________________________________________________________________

    3      516208.     255332.     664838.     372694.    1596199.
    4     1104817.     464095.     226511.     580061.     323080.
    5      308221.     957297.     380663.     179645.     470717.
    6       89167.     221678.     771808.     270589.     128772.
    7       69847.      61119.     134877.     519424.     169236.
    8      109238.      44475.      33566.      81186.     320972.
    9       43328.      55088.      21202.      22674.      44817.
   10       38845.      24777.      19463.      13594.      12762.
   11       26839.      21924.      10748.      10706.       8157.
   12       34865.      14647.      10145.       5204.       6485.
   13       34894.      38083.      27436.      28266.      26953.
 ====================================================================
 Total    2376269.    2158514.    2301260.    2084042.    3108150.

   AGE       1992
 _____________________________________________________________________________

    3      363048.
    4     1360020.
    5      245734.
    6      344019.
    7       83527.
    8      100800.
    9      186096.
   10       30990.
   11        7611.
   12        4790.
   13       27146.
 ====================================================================
 Total    2753782.



Fishing Mortality Calculated


   AGE       1987        1988        1989        1990        1991
 _____________________________________________________________________________

    3       0.0064      0.0198      0.0364      0.0429      0.0601
    4       0.0433      0.0982      0.1318      0.1089      0.1736
    5       0.2296      0.1154      0.2413      0.2329      0.2136
    6       0.2777      0.3969      0.2960      0.3693      0.3329
    7       0.3514      0.4993      0.4076      0.3814      0.4182
    8       0.5846      0.6408      0.2923      0.4942      0.4451
    9       0.4589      0.9404      0.3445      0.4747      0.2689
   10       0.4720      0.7352      0.4977      0.4107      0.4169
   11       0.5056      0.6706      0.6253      0.4013      0.4324
   12       0.5053      0.7467      0.4400      0.4452      0.3908
   13       0.5053      0.4879      0.1049      0.0663      0.0509


 Average Fishing Mortality For Ages   5- 10

 Year      Average F   N Weighted  Biomass Wtd  Catch Wtd

 _____________________________________________________________________________

 1987       0.3957      0.3373      0.3551      0.3812
 1988       0.5547      0.2400      0.2645      0.4007
 1989       0.3466      0.2953      0.2986      0.3029
 1990       0.3939      0.3646      0.3688      0.3752
 1991       0.3493      0.3263      0.3378      0.3544

 Back Calculated Partial Recruitment


   AGE       1987        1988        1989        1990        1991
 _____________________________________________________________________________

    3       0.0110      0.0210      0.0582      0.0867      0.1351
    4       0.0741      0.1044      0.2108      0.2203      0.3901
    5       0.3927      0.1227      0.3859      0.4714      0.4798
    6       0.4750      0.4220      0.4734      0.7474      0.7479
    7       0.6011      0.5309      0.6518      0.7718      0.9395
    8       1.0000      0.6814      0.4674      1.0000      1.0000
    9       0.7850      1.0000      0.5509      0.9607      0.6042
   10       0.8074      0.7817      0.7959      0.8311      0.9367
   11       0.8649      0.7131      1.0000      0.8121      0.9715
   12       0.8643      0.7941      0.7036      0.9010      0.8781
   13       0.8643      0.5188      0.1677      0.1341      0.1144

 JAN-1 Biomass


   AGE       1987        1988        1989        1990        1991
 _____________________________________________________________________________

    3       86723.      40087.      86429.      47332.     215487.
    4      220963.     102565.      46661.     114272.      60739.
    5       73973.     228794.      93643.      44013.     109206.
    6       24788.      60075.     201442.      73600.      34382.
    7       21233.      18213.      39114.     148036.      48909.
    8       35502.      14188.      11111.      24762.      97575.
    9       14688.      18399.       7166.       7346.      14476.
   10       13829.       8771.       6851.       4568.       4339.
   11       10145.       7717.       3966.       3876.       2871.
   12       13946.       5434.       3947.       1925.       2393.
   13       14516.      15348.      11002.      10713.      10727.
 ====================================================================
 Total     530308.     519591.     511332.     480443.     601106.

   AGE       1992
 _____________________________________________________________________________

    3       53731.
    4      258404.
    5       57748.
    6       93917.
    7       26060.
    8       33163.
    9       63087.
   10       11002.
   11        2907.
   12        1940.
   13       10641.
 ====================================================================
 Total     612600.

 Mean Biomass


   AGE       1987        1988        1989        1990        1991
 _____________________________________________________________________________

    3       82268.      37780.      80793.      44107.     199119.
    4      205859.      93041.      41648.     103127.      53137.
    5       63018.     205833.      79335.      37436.      93743.
    6       20645.      47343.     166338.      58742.      27907.
    7       17088.      13701.      30673.     117496.      38170.
    8       25707.      10021.       9190.      18669.      75221.
    9       11252.      11437.       5786.       5588.      12106.
   10       10531.       5946.       5157.       3577.       3388.
   11        7610.       5381.       2821.       3048.       2226.
   12       10462.       3666.       3049.       1484.       1891.
   13       10890.      11604.       9948.       9869.       9957.
 ====================================================================
 Total     465330.     445753.     434738.     403144.     516866.

 Spawning Stock Biomass


   AGE       1987        1988        1989        1990        1991
 _____________________________________________________________________________

    3       16499.       7626.      16443.       9005.      40995.
    4      178659.      82928.      37728.      92394.      49110.
    5       70365.     217636.      89076.      41866.     103880.
    6       23580.      57145.     191618.      70011.      32705.
    7       20198.      17325.      37207.     140816.      46524.
    8       33771.      13496.      10569.      23554.      92817.
    9       13972.      17502.       6817.       6988.      13770.
   10       13154.       8343.       6517.       4345.       4128.
   11        9650.       7341.       3773.       3687.       2731.
   12       13266.       5169.       3754.       1832.       2276.
   13       13808.      14599.      10465.      10190.      10204.
 ====================================================================
 Total     406922.     449110.     413966.     404687.     399141.

 Catch Biomass


   AGE       1987        1988        1989        1990        1991
 _____________________________________________________________________________

    3         528.        747.       2942.       1890.      11972.
    4        8918.       9134.       5490.      11228.       9227.
    5       14468.      23748.      19145.       8720.      20020.
    6        5733.      18789.      49239.      21694.       9290.
    7        6004.       6841.      12503.      44809.      15961.
    8       15028.       6422.       2686.       9226.      33480.
    9        5164.      10755.       1993.       2653.       3256.
   10        4971.       4372.       2567.       1469.       1413.
   11        3848.       3608.       1764.       1223.        963.
   12        5286.       2737.       1342.        661.        739.
   13        5502.       5661.       1043.        654.        507.
 ====================================================================
 Total      75451.      92814.     100713.     104227.     106827.

 Catch Numbers


   AGE       1987        1988        1989        1990        1991
 _____________________________________________________________________________

    3       3144.0      4757.0     22628.0     14884.0     88683.0
    4      44590.0     41331.0     26649.0     56995.0     49081.0
    5      60285.0     99366.0     77824.0     35593.0     86292.0
    6      20622.0     69331.0    188654.0     79757.0     34793.0
    7      19751.0     22955.0     43114.0    157225.0     55228.0
    8      46240.0     20131.0      8116.0     30248.0    110132.0
    9      15232.0     32201.0      5897.0      8187.0     10079.0
   10      13963.0     12349.0      7292.0      4372.0      4155.0
   11      10179.0     10250.0      4780.0      3379.0      2735.0
   12      13216.0      7378.0      3449.0      1786.0      2003.0
   13      13227.0     14048.0      2602.0      1726.0      1274.0
 ====================================================================
 Total    260449.0    334097.0    391005.0    394152.0    444455.0


               Surplus Production

     Average Adjustment Factor (Delta) =   1.0000

 Year        Biomass  Delta Biomass  Catch Biomass  Surplus Production

 1987     530307.840     -10716.932      75450.782      64733.850
 1988     519590.908      -8258.515      92813.816      84555.301
 1989     511332.393     -30889.799     100713.041      69823.242
 1990     480442.593     120662.983     104226.989     224889.972
 1991     601105.576      11494.394     106827.024     118321.418
 1992     612599.970


 Summary of Survey Indices Used in the Estimate

 INDEX    Survey Tag    Age   Time  Type  Catchability Std. Error   CV
 _____________________________________________________________________________

   1 Acoustic              4   JAN-1 NUMBER  0.7720E+00  0.1315E+00  0.1703E+00
   2 Acoustic              5   JAN-1 NUMBER  0.8462E+00  0.1475E+00  0.1743E+00
   3 Acoustic              6   JAN-1 NUMBER  0.8643E+00  0.1499E+00  0.1734E+00
   4 Acoustic              7   JAN-1 NUMBER  0.1126E+01  0.7285E-01  0.6470E-01
   5 Acoustic              8   JAN-1 NUMBER  0.1376E+01  0.2477E+00  0.1800E+00
   6 Acoustic              9   JAN-1 NUMBER  0.1300E+01  0.1249E+00  0.9606E-01
   7 Acoustic             10   JAN-1 NUMBER  0.1520E+01  0.3537E+00  0.2327E+00
   8 Acoustic             11   JAN-1 NUMBER  0.1261E+01  0.8858E-01  0.7027E-01


 Survey Index:    1 Tag: Acoustic           AGE =  4
 Time = JAN-1           Type = NUMBER
 Catchability =    0.772043E+00   % Variance Contribution =    17.2842
 Unweighted Residual = LN(Observed) - LN(Predicted)

 Year      Observed        Predicted         Residual      Unweighted Resid
 _____________________________________________________________________________

 1987     N/A              0.852966E+06     N/A              N/A
 1988     0.401246E+06     0.358301E+06     0.113202E+00     0.113202E+00
 1989     0.201284E+06     0.174876E+06     0.140638E+00     0.140638E+00
 1990     0.655361E+06     0.447832E+06     0.380768E+00     0.380768E+00
 1991     0.132235E+06     0.249432E+06    -0.634604E+00    -0.634604E+00
 1992     0.104999E+07     0.104999E+07    -0.319968E-05    -0.319968E-05

 Survey Index:    2 Tag: Acoustic           AGE =  5
 Time = JAN-1           Type = NUMBER
 Catchability =    0.846156E+00   % Variance Contribution =    18.0908
 Unweighted Residual = LN(Observed) - LN(Predicted)

 Year      Observed        Predicted         Residual      Unweighted Resid
 _____________________________________________________________________________

 1987     N/A              0.260803E+06     N/A              N/A
 1988     0.858012E+06     0.810023E+06     0.575556E-01     0.575556E-01
 1989     0.232808E+06     0.322101E+06    -0.324650E+00    -0.324650E+00
 1990     0.179364E+06     0.152008E+06     0.165486E+00     0.165486E+00
 1991     0.258591E+06     0.398300E+06    -0.431959E+00    -0.431959E+00
 1992     0.354521E+06     0.207930E+06     0.533567E+00     0.533567E+00

 Survey Index:    3 Tag: Acoustic           AGE =  6
 Time = JAN-1           Type = NUMBER
 Catchability =    0.864275E+00   % Variance Contribution =    17.9159
 Unweighted Residual = LN(Observed) - LN(Predicted)

 Year      Observed        Predicted         Residual      Unweighted Resid
 _____________________________________________________________________________

 1987     N/A              0.770650E+05     N/A              N/A
 1988     0.308065E+06     0.191591E+06     0.474948E+00     0.474948E+00
 1989     0.381417E+06     0.667055E+06    -0.558979E+00    -0.558979E+00
 1990     0.278836E+06     0.233864E+06     0.175886E+00     0.175886E+00
 1991     0.943730E+05     0.111294E+06    -0.164924E+00    -0.164924E+00
 1992     0.319866E+06     0.297327E+06     0.730693E-01     0.730693E-01

 Survey Index:    4 Tag: Acoustic           AGE =  7
 Time = JAN-1           Type = NUMBER
 Catchability =    0.112591E+01   % Variance Contribution =     2.4937
 Unweighted Residual = LN(Observed) - LN(Predicted)

 Year      Observed        Predicted         Residual      Unweighted Resid
 _____________________________________________________________________________

 1987     N/A              0.786411E+05     N/A              N/A
 1988     0.571030E+05     0.688142E+05    -0.186553E+00    -0.186553E+00
 1989     0.188456E+06     0.151859E+06     0.215912E+00     0.215912E+00
 1990     0.592982E+06     0.584822E+06     0.138570E-01     0.138570E-01
 1991     0.191054E+06     0.190544E+06     0.267473E-02     0.267473E-02
 1992     0.898250E+05     0.940432E+05    -0.458907E-01    -0.458907E-01

 Survey Index:    5 Tag: Acoustic           AGE =  8
 Time = JAN-1           Type = NUMBER
 Catchability =    0.137565E+01   % Variance Contribution =    19.3110
 Unweighted Residual = LN(Observed) - LN(Predicted)

 Year      Observed        Predicted         Residual      Unweighted Resid
 _____________________________________________________________________________

 1987     N/A              0.150273E+06     N/A              N/A
 1988     0.325320E+05     0.611820E+05    -0.631628E+00    -0.631628E+00
 1989     0.464480E+05     0.461757E+05     0.588036E-02     0.588036E-02
 1990     0.179665E+06     0.111684E+06     0.475423E+00     0.475423E+00
 1991     0.514403E+06     0.441544E+06     0.152728E+00     0.152728E+00
 1992     0.138333E+06     0.138666E+06    -0.240317E-02    -0.240317E-02

 Survey Index:    6 Tag: Acoustic           AGE =  9
 Time = JAN-1           Type = NUMBER
 Catchability =    0.130049E+01   % Variance Contribution =     5.3650
 Unweighted Residual = LN(Observed) - LN(Predicted)

 Year      Observed        Predicted         Residual      Unweighted Resid
 _____________________________________________________________________________

 1987     N/A              0.563480E+05     N/A              N/A
 1988     0.704260E+05     0.716415E+05    -0.171124E-01    -0.171124E-01
 1989     0.257980E+05     0.275735E+05    -0.665597E-03    -0.665597E-01
 1990     0.221820E+05     0.294872E+05    -0.284674E+00    -0.284674E+00
 1991     0.793530E+05     0.582840E+05     0.308578E+00     0.308578E+00
 1992     0.256921E+06     0.242015E+06     0.597680E-01     0.597680E-01

 Survey Index:    7 Tag: Acoustic           AGE = 10
 Time = JAN-1           Type = NUMBER
 Catchability =    0.151955E+01   % Variance Contribution =    18.7906
 Unweighted Residual = LN(Observed) - LN(Predicted)

 Year      Observed        Predicted         Residual      Unweighted Resid
 _____________________________________________________________________________

 1987     N/A              0.590270E+05     N/A              N/A
 1988     0.367130E+05     0.376501E+05    -0.252035E-01    -0.252035E-01
 1989     0.328190E+05     0.295753E+05     0.104069E-02     0.104069E+00
 1990     0.217680E+05     0.206564E+05     0.524142E-03     0.524142E-01
 1991     0.376180E+05     0.193931E+05     0.662567E-02     0.662567E+00
 1992     0.212900E+05     0.470911E+05    -0.793847E+00    -0.793847E+00

 Survey Index:    8 Tag: Acoustic           AGE = 11
 Time = JAN-1           Type = NUMBER
 Catchability =    0.126062E+01   % Variance Contribution =     0.7487
 Unweighted Residual = LN(Observed) - LN(Predicted)

 Year      Observed        Predicted         Residual      Unweighted Resid
 _____________________________________________________________________________

 1987     N/A              0.338334E+05     N/A              N/A
 1988     0.235860E+05     0.276375E+05    -0.158520E+00    -0.158520E+00
 1989     0.174390E+05     0.135495E+05     0.252357E-02     0.252357E+00
 1990     0.130800E+05     0.134962E+05    -0.313255E-03    -0.313255E-01
 1991     0.939400E+04     0.102832E+05    -0.904375E-03    -0.904375E-01
 1992     0.986600E+04     0.959429E+04     0.279260E-03     0.279260E-01


Survey Weight Factors - Survey Index =     6

      1987        1.0000
      1988        1.0000
      1989        0.0100
      1990        1.0000
      1991        1.0000
      1992        1.0000


Survey Weight Factors - Survey Index =     7

      1987        1.0000
      1988        1.0000
      1989        0.0100
      1990        0.0100
      1991        0.0100
      1992        1.0000


Survey Weight Factors - Survey Index =     8

      1987        1.0000
      1988        1.0000
      1989        0.0100
      1990        0.0100
      1991        0.0100
      1992        0.0100



 Plus Group Diagnostic Report 

 Calculation Method Selected = Forward

          Population  Population    F            F
 Year     Backward     Forward    Forward     Backward    Ratio

 1987      34894.      34894.    0.505281    0.505281    1.000000
 1988      27888.      38083.    0.487864    0.746739    1.530632
 1989       7654.      27436.    0.104885    0.439966    4.194766
 1990       5029.      28266.    0.066280    0.445221    6.717231
 1991       4125.      26953.    0.050925    0.390842    7.674871
 1992       6494.      27146.       N/A         N/A
