 VPA Version 3.3.0

 Model ID: k=0.3, 2009-2011 Ichtio.                                                        


 Input File: RUN1NWWG_R_15.DAT                                                               
 Date of Run: 15-NOV-2017                         Time of Run: 21:42


 Levenburg-Marquardt Algorithm Completed     9 Iterations
 Residual Sum of Squares =     17.3164    

 Number of Residuals     =    112
 Number of Parameters    =      9
 Degrees of Freedom      =    103
 Mean Squared Residual   =     0.168121    
 Standard Deviation      =     0.410025    


 Number of Years =    15
 Number of Ages  =    11
 First Year      =  1987
 Youngest Age    =     3
 Oldest True Age =    12

 Number of Survey Indices Available        =    10
 Number of Survey Indices Used in Estimate =     8


 VPA Classic Method - Auto Estimated Q's


 Stock Numbers Predicted in Terminal Year Plus One (2002)
 Age    Stock Predicted     Std. Error      CV

   4         274362.308   0.117127E+06   0.426907E+00
   5         324949.413   0.108694E+06   0.334495E+00
   6         422649.896   0.124089E+06   0.293597E+00
   7         114343.845   0.326031E+05   0.285132E+00
   8         281989.413   0.736208E+05   0.261077E+00
   9          29785.580   0.831532E+04   0.279173E+00
  10          14819.185   0.463118E+04   0.312513E+00
  11          29283.052   0.914006E+04   0.312128E+00
  12          10052.708   0.637503E+04   0.634160E+00

 Catchability Values for Each Survey Used in Estimate
 INDEX     Catchability    Std. Error      CV

   1       0.104608E+01   0.112470E+00   0.107516E+00
   2       0.118973E+01   0.141865E+00   0.119242E+00
   3       0.110624E+01   0.115635E+00   0.104529E+00
   4       0.125014E+01   0.945855E-01   0.756597E-01
   5       0.129450E+01   0.131269E+00   0.101405E+00
   6       0.168706E+01   0.186290E+00   0.110423E+00
   7       0.186279E+01   0.256173E+00   0.137521E+00
   8       0.160672E+01   0.201261E+00   0.125262E+00


 -- Non-Linear Least Squares Fit --

 Maximum Marquadt Iterations    =       100
 Scaled Gradient Tolerance      =    6.055454E-05
 Scaled Step Tolerance          =    1.000000E-18
 Relative Function Tolerance    =    1.000000E-18
 Absolute Function Tolerance    =    4.930381E-32

 Reported Machine Precision     =    2.220446E-16


 VPA Method Options

 - Catchability Values Estimated as an Analytic Function of N
 - Catch Equation Used in Cohort Solution
 - Plus Group Forward Calculation Method Used
 - Arithmetic Average Used in F-Oldest Calculation
 - F-Oldest Calculation in Years Prior to Terminal Year 
   Uses Fishing Mortality in Ages  8 to 11
 - Calculation of Population of Age 3 In Year 2002
   =  Geometric Mean of First Age Populations
      Year Range Applied =  1987 to  1998
 - Survey Weight Factors Were Used

 Stock Estimates 

 Age   4
 Age   5
 Age   6
 Age   7
 Age   8
 Age   9
 Age  10
 Age  11
 Age  12

 Full F in Terminal Year               =   0.3295

 F in Oldest True Age in Terminal Year =   0.4307

 Full F Calculated Using Classic Method

 F in Oldest True Age in Terminal Year has been
 Calculated in Same Manner as in All Other Years

 Age  Input Partial  Calc Partial   Fishing     Used In
      Recruitment    Recruitment    Mortality   Full F    Comments

   3      0.500          0.208       0.1367      NO      Stock Estimate in T+1   
   4      0.800          0.342       0.2251      NO      Stock Estimate in T+1   
   5      1.000          0.290       0.1908      YES     Stock Estimate in T+1   
   6      1.000          0.341       0.2246      YES     Stock Estimate in T+1   
   7      1.000          0.256       0.1685      YES     Stock Estimate in T+1   
   8      1.000          0.434       0.2855      YES     Stock Estimate in T+1   
   9      1.000          0.675       0.4448      YES     Stock Estimate in T+1   
  10      1.000          0.507       0.3339      YES     Stock Estimate in T+1   
  11      1.000          1.000       0.6585      YES     Stock Estimate in T+1   
  12      1.000          0.654       0.4307              F-Oldest                

 Catch At Age - Input Data


   AGE       1987        1988        1989        1990        1991
 ____________________________________________________________________

    3       3144.0      4757.0     22628.0     14884.0     88683.0
    4      44590.0     41331.0     26649.0     56995.0     49081.0
    5      60285.0     99366.0     77824.0     35593.0     86292.0
    6      20622.0     69331.0    188654.0     79757.0     34793.0
    7      19751.0     22955.0     43114.0    157225.0     55228.0
    8      46240.0     20131.0      8116.0     30248.0    110132.0
    9      15232.0     32201.0      5897.0      8187.0     10079.0
   10      13963.0     12349.0      7292.0      4372.0      4155.0
   11      10179.0     10250.0      4780.0      3379.0      2735.0
   12      13216.0      7378.0      3449.0      1786.0      2003.0
   13      13227.0     14048.0      2602.0      1726.0      1274.0

   AGE       1992        1993        1994        1995        1996
 ____________________________________________________________________

    3      94860.0     51153.0    134616.0     20991.0     15969.0
    4     122626.0    177780.0    113290.0    137232.0     40311.0
    5      38381.0     92680.0    142876.0     86864.0     86187.0
    6      58605.0     20791.0     87207.0    109140.0     68927.0
    7      27921.0     28560.0     24913.0     76780.0     84660.0
    8      38420.0     13313.0     20303.0     21361.0     39664.0
    9      53114.0     19617.0     16301.0     15225.0     14746.0
   10      11592.0     15266.0     15695.0      8541.0      8419.0
   11       1727.0      4254.0     14680.0      9617.0      5836.0
   12       1757.0       797.0      2936.0      7034.0      3152.0
   13        530.0       256.0      1874.0      3147.0      7750.0

   AGE       1997        1998        1999        2000        2001
 ____________________________________________________________________

    3      39240.0     45390.0     56315.0     57282.0     42304.0
    4      30141.0    175529.0     54779.0    136278.0     86422.0
    5      26307.0     22691.0    140913.0     49289.0     93597.0
    6      36738.0      8613.0     16093.0     76614.0     30336.0
    7      33705.0     40898.0     13506.0     11546.0     54491.0
    8      31022.0     25944.0     31467.0      8294.0     10375.0
    9      22277.0     32046.0     19845.0     16367.0      8762.0
   10       8531.0     14647.0     22031.0      9874.0     12244.0
   11       3383.0      2122.0     12609.0     11332.0      9907.0
   12       1141.0      2754.0      2673.0      6744.0      8259.0
   13      13767.0      4231.0      6676.0      5618.0      8838.0

 Weight At Age - Input Data


   AGE       1987        1988        1989        1990        1991
 ____________________________________________________________________

    3       0.1680      0.1570      0.1300      0.1270      0.1350
    4       0.2000      0.2210      0.2060      0.1970      0.1880
    5       0.2400      0.2390      0.2460      0.2450      0.2320
    6       0.2780      0.2710      0.2610      0.2720      0.2670
    7       0.3040      0.2980      0.2900      0.2850      0.2890
    8       0.3250      0.3190      0.3310      0.3050      0.3040
    9       0.3390      0.3340      0.3380      0.3240      0.3230
   10       0.3560      0.3540      0.3520      0.3360      0.3400
   11       0.3780      0.3520      0.3690      0.3620      0.3520
   12       0.4000      0.3710      0.3890      0.3700      0.3690
   13       0.4160      0.4030      0.4010      0.3790      0.3980

   AGE       1992        1993        1994        1995        1996
 ____________________________________________________________________

    3       0.1480      0.1450      0.1340      0.1300      0.1390
    4       0.1900      0.2110      0.2010      0.1830      0.1680
    5       0.2350      0.2460      0.2470      0.2400      0.2120
    6       0.2730      0.2920      0.2720      0.2770      0.2580
    7       0.3120      0.3240      0.3030      0.2980      0.2890
    8       0.3290      0.3500      0.3330      0.3250      0.3080
    9       0.3390      0.3620      0.3660      0.3580      0.3250
   10       0.3550      0.3760      0.3780      0.3780      0.3530
   11       0.3820      0.3860      0.3890      0.3970      0.3530
   12       0.4050      0.4190      0.3900      0.4090      0.3770
   13       0.3920      0.3890      0.4100      0.4330      0.4020

   AGE       1997        1998        1999        2000        2001
 ____________________________________________________________________

    3       0.1310      0.1340      0.1370      0.1590      0.1390
    4       0.1910      0.1850      0.2040      0.2170      0.2140
    5       0.2330      0.2380      0.2330      0.2680      0.2440
    6       0.2690      0.2640      0.2680      0.2890      0.2860
    7       0.3000      0.2880      0.2940      0.3250      0.2960
    8       0.3240      0.3240      0.3110      0.3420      0.3240
    9       0.3410      0.3400      0.3390      0.3630      0.3470
   10       0.3550      0.3480      0.3530      0.3780      0.3540
   11       0.3620      0.3750      0.3620      0.3930      0.3850
   12       0.3670      0.4060      0.3780      0.4070      0.4030
   13       0.3970      0.4150      0.4040      0.4290      0.4230

 JAN-1 Weights at Age - Input Data


   AGE       1987        1988        1989        1990        1991
 ____________________________________________________________________

    3       0.1680      0.1570      0.1300      0.1270      0.1350
    4       0.2000      0.2210      0.2060      0.1970      0.1880
    5       0.2400      0.2390      0.2460      0.2450      0.2320
    6       0.2780      0.2710      0.2610      0.2720      0.2670
    7       0.3040      0.2980      0.2900      0.2850      0.2890
    8       0.3250      0.3190      0.3310      0.3050      0.3040
    9       0.3390      0.3340      0.3380      0.3240      0.3230
   10       0.3560      0.3540      0.3520      0.3360      0.3400
   11       0.3780      0.3520      0.3690      0.3620      0.3520
   12       0.4000      0.3710      0.3890      0.3700      0.3690
   13       0.4160      0.4030      0.4010      0.3790      0.3980

   AGE       1992        1993        1994        1995        1996
 ____________________________________________________________________

    3       0.1480      0.1450      0.1340      0.1300      0.1390
    4       0.1900      0.2110      0.2010      0.1830      0.1680
    5       0.2350      0.2460      0.2470      0.2400      0.2120
    6       0.2730      0.2920      0.2720      0.2770      0.2580
    7       0.3120      0.3240      0.3030      0.2980      0.2890
    8       0.3290      0.3500      0.3330      0.3250      0.3080
    9       0.3390      0.3620      0.3660      0.3580      0.3250
   10       0.3550      0.3760      0.3780      0.3780      0.3530
   11       0.3820      0.3860      0.3890      0.3970      0.3530
   12       0.4050      0.4190      0.3900      0.4090      0.3770
   13       0.3920      0.3890      0.4100      0.4330      0.4020

   AGE       1997        1998        1999        2000        2001
 ____________________________________________________________________

    3       0.1310      0.1340      0.1370      0.1590      0.1390
    4       0.1910      0.1850      0.2040      0.2170      0.2140
    5       0.2330      0.2380      0.2330      0.2680      0.2440
    6       0.2690      0.2640      0.2680      0.2890      0.2860
    7       0.3000      0.2880      0.2940      0.3250      0.2960
    8       0.3240      0.3240      0.3110      0.3420      0.3240
    9       0.3410      0.3400      0.3390      0.3630      0.3470
   10       0.3550      0.3480      0.3530      0.3780      0.3540
   11       0.3620      0.3750      0.3620      0.3930      0.3850
   12       0.3670      0.4060      0.3780      0.4070      0.4030
   13       0.3970      0.4150      0.4040      0.4290      0.4230

 JAN-1 Weights at Age - Input Data


   AGE       2002
 ____________________________________________________________________

    3       0.1610
    4       0.2110
    5       0.2580
    6       0.2800
    7       0.3190
    8       0.3320
    9       0.3540
   10       0.4050
   11       0.3960
   12       0.4160
   13       0.4470

 SSB Weight At Age - Input Data


   AGE       1987        1988        1989        1990        1991
 ____________________________________________________________________

    3       0.1680      0.1570      0.1300      0.1270      0.1350
    4       0.2000      0.2210      0.2060      0.1970      0.1880
    5       0.2400      0.2390      0.2460      0.2450      0.2320
    6       0.2780      0.2710      0.2610      0.2720      0.2670
    7       0.3040      0.2980      0.2900      0.2850      0.2890
    8       0.3250      0.3190      0.3310      0.3050      0.3040
    9       0.3390      0.3340      0.3380      0.3240      0.3230
   10       0.3560      0.3540      0.3520      0.3360      0.3400
   11       0.3780      0.3520      0.3690      0.3620      0.3520
   12       0.4000      0.3710      0.3890      0.3700      0.3690
   13       0.4160      0.4030      0.4010      0.3790      0.3980

   AGE       1992        1993        1994        1995        1996
 ____________________________________________________________________

    3       0.1480      0.1450      0.1340      0.1300      0.1390
    4       0.1900      0.2110      0.2010      0.1830      0.1680
    5       0.2350      0.2460      0.2470      0.2400      0.2120
    6       0.2730      0.2920      0.2720      0.2770      0.2580
    7       0.3120      0.3240      0.3030      0.2980      0.2890
    8       0.3290      0.3500      0.3330      0.3250      0.3080
    9       0.3390      0.3620      0.3660      0.3580      0.3250
   10       0.3550      0.3760      0.3780      0.3780      0.3530
   11       0.3820      0.3860      0.3890      0.3970      0.3530
   12       0.4050      0.4190      0.3900      0.4090      0.3770
   13       0.3920      0.3890      0.4100      0.4330      0.4020

   AGE       1997        1998        1999        2000        2001
 ____________________________________________________________________

    3       0.1310      0.1340      0.1370      0.1590      0.1390
    4       0.1910      0.1850      0.2040      0.2170      0.2140
    5       0.2330      0.2380      0.2330      0.2680      0.2440
    6       0.2690      0.2640      0.2680      0.2890      0.2860
    7       0.3000      0.2880      0.2940      0.3250      0.2960
    8       0.3240      0.3240      0.3110      0.3420      0.3240
    9       0.3410      0.3400      0.3390      0.3630      0.3470
   10       0.3550      0.3480      0.3530      0.3780      0.3540
   11       0.3620      0.3750      0.3620      0.3930      0.3850
   12       0.3670      0.4060      0.3780      0.4070      0.4030
   13       0.3970      0.4150      0.4040      0.4290      0.4230

 Natural Mortality - Input Data


   AGE       1987        1988        1989        1990        1991
 ____________________________________________________________________

    3       0.1000      0.1000      0.1000      0.1000      0.1000
    4       0.1000      0.1000      0.1000      0.1000      0.1000
    5       0.1000      0.1000      0.1000      0.1000      0.1000
    6       0.1000      0.1000      0.1000      0.1000      0.1000
    7       0.1000      0.1000      0.1000      0.1000      0.1000
    8       0.1000      0.1000      0.1000      0.1000      0.1000
    9       0.1000      0.1000      0.1000      0.1000      0.1000
   10       0.1000      0.1000      0.1000      0.1000      0.1000
   11       0.1000      0.1000      0.1000      0.1000      0.1000
   12       0.1000      0.1000      0.1000      0.1000      0.1000
   13       0.1000      0.1000      0.1000      0.1000      0.1000

   AGE       1992        1993        1994        1995        1996
 ____________________________________________________________________

    3       0.1000      0.1000      0.1000      0.1000      0.1000
    4       0.1000      0.1000      0.1000      0.1000      0.1000
    5       0.1000      0.1000      0.1000      0.1000      0.1000
    6       0.1000      0.1000      0.1000      0.1000      0.1000
    7       0.1000      0.1000      0.1000      0.1000      0.1000
    8       0.1000      0.1000      0.1000      0.1000      0.1000
    9       0.1000      0.1000      0.1000      0.1000      0.1000
   10       0.1000      0.1000      0.1000      0.1000      0.1000
   11       0.1000      0.1000      0.1000      0.1000      0.1000
   12       0.1000      0.1000      0.1000      0.1000      0.1000
   13       0.1000      0.1000      0.1000      0.1000      0.1000

   AGE       1997        1998        1999        2000        2001
 ____________________________________________________________________

    3       0.1000      0.1000      0.1000      0.1000      0.1000
    4       0.1000      0.1000      0.1000      0.1000      0.1000
    5       0.1000      0.1000      0.1000      0.1000      0.1000
    6       0.1000      0.1000      0.1000      0.1000      0.1000
    7       0.1000      0.1000      0.1000      0.1000      0.1000
    8       0.1000      0.1000      0.1000      0.1000      0.1000
    9       0.1000      0.1000      0.1000      0.1000      0.1000
   10       0.1000      0.1000      0.1000      0.1000      0.1000
   11       0.1000      0.1000      0.1000      0.1000      0.1000
   12       0.1000      0.1000      0.1000      0.1000      0.1000
   13       0.1000      0.1000      0.1000      0.1000      0.1000

 Proportion of Natural Mortality Before Spawning =       0.5000
 Proportion of Fishing Mortality Before Spawning =       0.0000

 Maturity - Input Data


   AGE       1987        1988        1989        1990        1991
 ____________________________________________________________________

    3       0.2000      0.2000      0.2000      0.2000      0.2000
    4       0.8500      0.8500      0.8500      0.8500      0.8500
    5       1.0000      1.0000      1.0000      1.0000      1.0000
    6       1.0000      1.0000      1.0000      1.0000      1.0000
    7       1.0000      1.0000      1.0000      1.0000      1.0000
    8       1.0000      1.0000      1.0000      1.0000      1.0000
    9       1.0000      1.0000      1.0000      1.0000      1.0000
   10       1.0000      1.0000      1.0000      1.0000      1.0000
   11       1.0000      1.0000      1.0000      1.0000      1.0000
   12       1.0000      1.0000      1.0000      1.0000      1.0000
   13       1.0000      1.0000      1.0000      1.0000      1.0000

   AGE       1992        1993        1994        1995        1996
 ____________________________________________________________________

    3       0.2000      0.2000      0.2000      0.2000      0.2000
    4       0.8500      0.8500      0.8500      0.8500      0.8500
    5       1.0000      1.0000      1.0000      1.0000      1.0000
    6       1.0000      1.0000      1.0000      1.0000      1.0000
    7       1.0000      1.0000      1.0000      1.0000      1.0000
    8       1.0000      1.0000      1.0000      1.0000      1.0000
    9       1.0000      1.0000      1.0000      1.0000      1.0000
   10       1.0000      1.0000      1.0000      1.0000      1.0000
   11       1.0000      1.0000      1.0000      1.0000      1.0000
   12       1.0000      1.0000      1.0000      1.0000      1.0000
   13       1.0000      1.0000      1.0000      1.0000      1.0000

   AGE       1997        1998        1999        2000        2001
 ____________________________________________________________________

    3       0.2000      0.2000      0.2000      0.2000      0.2000
    4       0.8500      0.8500      0.8500      0.8500      0.8500
    5       1.0000      1.0000      1.0000      1.0000      1.0000
    6       1.0000      1.0000      1.0000      1.0000      1.0000
    7       1.0000      1.0000      1.0000      1.0000      1.0000
    8       1.0000      1.0000      1.0000      1.0000      1.0000
    9       1.0000      1.0000      1.0000      1.0000      1.0000
   10       1.0000      1.0000      1.0000      1.0000      1.0000
   11       1.0000      1.0000      1.0000      1.0000      1.0000
   12       1.0000      1.0000      1.0000      1.0000      1.0000
   13       1.0000      1.0000      1.0000      1.0000      1.0000

 Input Partial Recruitment

   AGE

    3       0.5000
    4       0.8000
    5       1.0000
    6       1.0000
    7       1.0000
    8       1.0000
    9       1.0000
   10       1.0000
   11       1.0000
   12       1.0000


 Input F-Plus Ratio

   YEAR

   1987       1.0000
   1988       1.0000
   1989       1.0000
   1990       1.0000
   1991       1.0000
   1992       1.0000
   1993       1.0000
   1994       1.0000
   1995       1.0000
   1996       1.0000
   1997       1.0000
   1998       1.0000
   1999       1.0000
   2000       1.0000
   2001       1.0000

 SURVEY - INPUT DATA


INDEX                   1                  2                  3

SURVEY TAG      Acoustic            Acoustic            Acoustic          

AGE                   4                   5                   6       
TIME               JAN-1               JAN-1               JAN-1       
TYPE              NUMBERS             NUMBERS             NUMBERS      
RETRO FLAG           1                   1                   1
 ________________________________________________________________________

    1987              0.0000              0.0000              0.0000
    1988         401246.0000         858012.0000         308065.0000
    1989         201284.0000         232808.0000         381417.0000
    1990         655361.0000         179364.0000         278836.0000
    1991         132235.0000         258591.0000          94373.0000
    1992        1049990.0000         354521.0000         319866.0000
    1993         830608.0000         729556.0000         158778.0000
    1994         505279.0000         882868.0000         496297.0000
    1995              0.0000              0.0000              0.0000
    1996         133810.0000         761581.0000         277893.0000
    1997         270706.0000         133667.0000         468678.0000
    1998         601783.0000          81055.0000          57366.0000
    1999         255937.0000        1081504.0000         103344.0000
    2000         839491.0000         239064.0000         605858.0000
    2001         966960.0000        1316413.0000         191001.0000
    2002         287004.0000         217441.0000         260497.0000

 SURVEY - INPUT DATA


INDEX                   4                  5                  6

SURVEY TAG      Acoustic            Acoustic            Acoustic          

AGE                   7                   8                   9       
TIME               JAN-1               JAN-1               JAN-1       
TYPE              NUMBERS             NUMBERS             NUMBERS      
RETRO FLAG           1                   1                   1
 ________________________________________________________________________

    1987              0.0000              0.0000              0.0000
    1988          57103.0000          32532.0000          70426.0000
    1989         188456.0000          46448.0000          25798.0000
    1990         592982.0000         179665.0000          22182.0000
    1991         191054.0000         514403.0000          79353.0000
    1992          89825.0000         138333.0000         256921.0000
    1993         130781.0000          54156.0000          96330.0000
    1994          66963.0000          58295.0000         106172.0000
    1995              0.0000              0.0000              0.0000
    1996         385027.0000         176906.0000          98150.0000
    1997         269888.0000         325664.0000         217421.0000
    1998         287046.0000         155998.0000         203382.0000
    1999          51786.0000         135246.0000          70514.0000
    2000          88214.0000          43353.0000         165716.0000
    2001         482418.0000          34377.0000          15727.0000
    2002         161049.0000         345852.0000          62451.0000

 SURVEY - INPUT DATA


INDEX                   7                  8                  9

SURVEY TAG      Acoustic            Acoustic            Acoustic          

AGE                  10                  11                  12       
TIME               JAN-1               JAN-1               JAN-1       
TYPE              NUMBERS             NUMBERS             NUMBERS      
RETRO FLAG           1                   1                   1
 ________________________________________________________________________

    1987              0.0000              0.0000              0.0000
    1988          36713.0000          23586.0000          18401.0000
    1989          32819.0000          17439.0000          10373.0000
    1990          21768.0000          13080.0000           9941.0000
    1991          37618.0000           9394.0000          12636.0000
    1992          21290.0000           9866.0000              0.0000
    1993          96649.0000          24542.0000           1130.0000
    1994          48874.0000          36201.0000              0.0000
    1995              0.0000              0.0000              0.0000
    1996          48503.0000          16226.0000          29390.0000
    1997          92979.0000          55494.0000          39048.0000
    1998         105730.0000          35469.0000          27373.0000
    1999         101626.0000          53935.0000          17414.0000
    2000          89916.0000         121345.0000          77600.0000
    2001          37940.0000          14320.0000          15413.0000
    2002          57105.0000          38405.0000              0.0000

INDEX                  10

SURVEY TAG      Acoustic          

AGE                  13       
TIME               JAN-1       
TYPE              NUMBERS      
RETRO FLAG           1
 ________________________________________________________________________

    1987              0.0000
    1988          24278.0000
    1989           9081.0000
    1990           1989.0000
    1991              0.0000
    1992           9327.0000
    1993           1130.0000
    1994           4224.0000
    1995              0.0000
    1996          47945.0000
    1997          30028.0000
    1998          14234.0000
    1999          13636.0000
    2000          21542.0000
    2001          14668.0000
    2002              0.0000

     Additional Output Files 

Population File RUN1NWWG_R_15.PP2                                               
Auxilliary File RUN1NWWG_R_15.AUX                                               
Covariance File RUN1NWWG_R_15.CV                                                
Residuals File  RUN1NWWG_R_15.RSD                                               
Log File        RUN1NWWG_R_15.LOG                                               


                             Estimation Results

 JAN-1 Population Numbers


   AGE       1987        1988        1989        1990        1991
 _____________________________________________________________________________

    3      529139.     270417.     444346.     298734.     831930.
    4      988161.     475796.     240161.     380556.     256160.
    5      300480.     851745.     391250.     191994.     290225.
    6       84564.     214677.     676313.     280164.     139941.
    7       69105.      56957.     128551.     433089.     177890.
    8      107442.      43805.      29809.      75471.     242972.
    9       42623.      53468.      20598.      19277.      39657.
   10       38021.      24140.      18008.      13047.       9695.
   11       26400.      21180.      10174.       9393.       7664.
   12       34254.      14250.       9475.       4686.       5299.
   13       34282.      36979.      26082.      26435.      24829.
 ====================================================================
 Total    2254472.    2063412.    1994768.    1732846.    2026262.

   AGE       1992        1993        1994        1995        1996
 _____________________________________________________________________________

    3     1023653.     597617.     703055.     196628.     193833.
    4      668522.     836120.     492147.     508391.     157977.
    5      185202.     488514.     587868.     337840.     329887.
    6      180811.     131159.     354065.     396406.     223312.
    7       93625.     108073.      98938.     237658.     255202.
    8      108620.      58249.      70706.      65895.     142287.
    9      115687.      61893.      40077.      44730.      39383.
   10       26324.      54447.      37413.      20834.      26049.
   11        4841.      12853.      34792.      19000.      10768.
   12        4344.       2745.       7599.      17590.       8104.
   13       24153.      23618.      22855.      22996.      27078.
 ====================================================================
 Total    2435783.    2375288.    2449515.    1867969.    1413881.

   AGE       1997        1998        1999        2000        2001
 _____________________________________________________________________________

    3     1083939.     387811.     907598.     557209.     347621.
    4      160215.     943490.     307795.     767712.     449770.
    5      104714.     116362.     687107.     226508.     565299.
    6      216762.      69799.      83754.     488005.     158188.
    7      136736.     161260.      54977.      60511.     368827.
    8      150703.      91755.     107126.      36935.      43795.
    9       91140.     106925.      58427.      67103.      25551.
   10       21672.      61338.      66374.      34066.      45194.
   11       15593.      11534.      41607.      39184.      21464.
   12        4232.      10899.       8422.      25697.      24713.
   13       21503.       9230.      11601.       9284.      19958.
 ====================================================================
 Total    2007209.    1970402.    2334788.    2312215.    2070380.

 JAN-1 Population Numbers


   AGE       2002
 _____________________________________________________________________________

    3      467463.
    4      274362.
    5      324949.
    6      422650.
    7      114344.
    8      281989.
    9       29786.
   10       14819.
   11       29283.
   12       10053.
   13       24235.
 ====================================================================
 Total    1993933.



Fishing Mortality Calculated


   AGE       1987        1988        1989        1990        1991
 _____________________________________________________________________________

    3       0.0063      0.0187      0.0550      0.0538      0.1187
    4       0.0486      0.0956      0.1238      0.1710      0.2244
    5       0.2362      0.1306      0.2340      0.2162      0.3732
    6       0.2952      0.4128      0.3457      0.3542      0.3019
    7       0.3559      0.5475      0.4326      0.4780      0.3933
    8       0.5979      0.6545      0.3359      0.5435      0.6421
    9       0.4685      0.9882      0.3566      0.5872      0.3098
   10       0.4851      0.7640      0.5509      0.4321      0.5944
   11       0.5166      0.7044      0.6752      0.4725      0.4677
   12       0.5170      0.7778      0.4797      0.5088      0.5035
   13       0.5170      0.5067      0.1106      0.0710      0.0554

   AGE       1992        1993        1994        1995        1996
 _____________________________________________________________________________

    3       0.1024      0.0942      0.2242      0.1189      0.0905
    4       0.2137      0.2523      0.2762      0.3325      0.3112
    5       0.2450      0.2219      0.2941      0.3140      0.3199
    6       0.4146      0.1819      0.2986      0.3404      0.3905
    7       0.3746      0.3243      0.3064      0.4130      0.4267
    8       0.4625      0.2739      0.3579      0.4147      0.3454
    9       0.6537      0.4034      0.5542      0.4406      0.4973
   10       0.6169      0.3478      0.5776      0.5600      0.4132
   11       0.4674      0.4255      0.5821      0.7520      0.8339
   12       0.5501      0.3627      0.5179      0.5419      0.5224
   13       0.0233      0.0115      0.0900      0.1550      0.3565

   AGE       1997        1998        1999        2000        2001
 _____________________________________________________________________________

    3       0.0388      0.1311      0.0674      0.1142      0.1367
    4       0.2198      0.2171      0.2067      0.2061      0.2251
    5       0.3056      0.2288      0.2422      0.2590      0.1908
    6       0.1958      0.1387      0.2251      0.1800      0.2246
    7       0.2989      0.3090      0.2978      0.2233      0.1685
    8       0.2432      0.3513      0.3678      0.2685      0.2855
    9       0.2960      0.3768      0.4395      0.2953      0.4448
   10       0.5307      0.2881      0.4270      0.3619      0.3339
   11       0.2581      0.2144      0.3819      0.3610      0.6585
   12       0.3320      0.3077      0.4040      0.3217      0.4307
   13       1.0990      0.6522      0.9168      0.9962      0.6217


 Average Fishing Mortality For Ages   5- 10

 Year      Average F   N Weighted  Biomass Wtd  Catch Wtd

 _____________________________________________________________________________

 1987       0.4065      0.3475      0.3658      0.3914
 1988       0.5830      0.2659      0.2922      0.4237
 1989       0.3759      0.3228      0.3270      0.3352
 1990       0.4352      0.4005      0.4075      0.4256
 1991       0.4358      0.4382      0.4469      0.4681
 1992       0.4612      0.4189      0.4361      0.4552
 1993       0.2922      0.2517      0.2599      0.2654
 1994       0.3981      0.3179      0.3254      0.3289
 1995       0.4138      0.3606      0.3662      0.3664
 1996       0.3989      0.3751      0.3805      0.3805
 1997       0.3117      0.2639      0.2664      0.2773
 1998       0.2821      0.2903      0.2974      0.3068
 1999       0.3332      0.2789      0.2892      0.2931
 2000       0.2647      0.2213      0.2239      0.2312
 2001       0.2747      0.2026      0.2058      0.2135

 Back Calculated Partial Recruitment


   AGE       1987        1988        1989        1990        1991
 _____________________________________________________________________________

    3       0.0105      0.0189      0.0814      0.0915      0.1848
    4       0.0812      0.0968      0.1834      0.2912      0.3494
    5       0.3951      0.1322      0.3465      0.3682      0.5813
    6       0.4938      0.4177      0.5120      0.6032      0.4703
    7       0.5953      0.5540      0.6407      0.8140      0.6126
    8       1.0000      0.6623      0.4975      0.9255      1.0000
    9       0.7837      1.0000      0.5281      1.0000      0.4825
   10       0.8114      0.7731      0.8159      0.7358      0.9258
   11       0.8640      0.7128      1.0000      0.8046      0.7285
   12       0.8648      0.7871      0.7104      0.8665      0.7842
   13       0.8648      0.5127      0.1639      0.1210      0.0863

   AGE       1992        1993        1994        1995        1996
 _____________________________________________________________________________

    3       0.1566      0.2213      0.3852      0.1581      0.1085
    4       0.3269      0.5929      0.4745      0.4421      0.3732
    5       0.3749      0.5215      0.5052      0.4175      0.3837
    6       0.6344      0.4275      0.5131      0.4526      0.4683
    7       0.5730      0.7621      0.5265      0.5492      0.5118
    8       0.7075      0.6438      0.6149      0.5515      0.4143
    9       1.0000      0.9480      0.9521      0.5859      0.5964
   10       0.9438      0.8174      0.9923      0.7446      0.4955
   11       0.7151      1.0000      1.0000      1.0000      1.0000
   12       0.8416      0.8523      0.8898      0.7205      0.6265
   13       0.0357      0.0269      0.1547      0.2062      0.4275

   AGE       1997        1998        1999        2000        2001
 _____________________________________________________________________________

    3       0.0353      0.2010      0.0735      0.1146      0.2075
    4       0.2000      0.3329      0.2254      0.2069      0.3418
    5       0.2781      0.3509      0.2641      0.2600      0.2897
    6       0.1781      0.2127      0.2455      0.1807      0.3410
    7       0.2720      0.4738      0.3248      0.2242      0.2558
    8       0.2213      0.5387      0.4012      0.2695      0.4335
    9       0.2693      0.5778      0.4794      0.2964      0.6754
   10       0.4829      0.4418      0.4658      0.3633      0.5071
   11       0.2349      0.3288      0.4166      0.3623      1.0000
   12       0.3021      0.4718      0.4407      0.3229      0.6540
   13       1.0000      1.0000      1.0000      1.0000      0.9440

 JAN-1 Biomass


   AGE       1987        1988        1989        1990        1991
 _____________________________________________________________________________

    3       88895.      42455.      57765.      37939.     112311.
    4      197632.     105151.      49473.      74969.      48158.
    5       72115.     203567.      96248.      47039.      67332.
    6       23509.      58177.     176518.      76205.      37364.
    7       21008.      16973.      37280.     123430.      51410.
    8       34919.      13974.       9867.      23019.      73863.
    9       14449.      17858.       6962.       6246.      12809.
   10       13536.       8545.       6339.       4384.       3296.
   11        9979.       7455.       3754.       3400.       2698.
   12       13702.       5287.       3686.       1734.       1955.
   13       14262.      14902.      10459.      10019.       9882.
 ====================================================================
 Total     504005.     494346.     458350.     408383.     421079.

   AGE       1992        1993        1994        1995        1996
 _____________________________________________________________________________

    3      151501.      86655.      94209.      25562.      26943.
    4      127019.     176421.      98921.      93036.      26540.
    5       43523.     120174.     145203.      81082.      69936.
    6       49362.      38298.      96306.     109804.      57615.
    7       29211.      35016.      29978.      70822.      73753.
    8       35736.      20387.      23545.      21416.      43824.
    9       39218.      22405.      14668.      16013.      12800.
   10        9345.      20472.      14142.       7875.       9195.
   11        1849.       4961.      13534.       7543.       3801.
   12        1759.       1150.       2964.       7194.       3055.
   13        9468.       9187.       9371.       9957.      10885.
 ====================================================================
 Total     497990.     535128.     542842.     450305.     338348.

   AGE       1997        1998        1999        2000        2001
 _____________________________________________________________________________

    3      141996.      51967.     124341.      88596.      48319.
    4       30601.     174546.      62790.     166594.      96251.
    5       24398.      27694.     160096.      60704.     137933.
    6       58309.      18427.      22446.     141033.      45242.
    7       41021.      46443.      16163.      19666.     109173.
    8       48828.      29729.      33316.      12632.      14189.
    9       31079.      36354.      19807.      24359.       8866.
   10        7694.      21345.      23430.      12877.      15999.
   11        5645.       4325.      15062.      15399.       8264.
   12        1553.       4425.       3184.      10458.       9959.
   13        8537.       3831.       4687.       3983.       8442.
 ====================================================================
 Total     399660.     419086.     485322.     556302.     502637.

 JAN-1 Biomass


   AGE       2002
 _____________________________________________________________________________

    3       75261.
    4       57890.
    5       83837.
    6      118342.
    7       36476.
    8       93620.
    9       10544.
   10        6002.
   11       11596.
   12        4182.
   13       10833.
 ====================================================================
 Total     508584.

 Mean Biomass


   AGE       1987        1988        1989        1990        1991
 _____________________________________________________________________________

    3       84335.      40033.      53512.      35167.     100879.
    4      183653.      95504.      44327.      65671.      41128.
    5       61243.     181798.      81825.      40327.      53643.
    6       19419.      45514.     142427.      61246.      30768.
    7       16871.      12495.      28903.      93743.      40581.
    8       25136.       9811.       7997.      16975.      52145.
    9       11021.      10883.       5589.       4517.      10509.
   10       10247.       5722.       4659.       3400.       2377.
   11        7448.       5122.       2612.       2589.       2058.
   12       10225.       3519.       2797.       1299.       1468.
   13       10643.      11173.       9431.       9209.       9152.
 ====================================================================
 Total     440241.     421574.     384080.     334141.     344708.

   AGE       1992        1993        1994        1995        1996
 _____________________________________________________________________________

    3      137156.      78761.      80463.      22958.      24532.
    4      109026.     148696.      82444.      75529.      21760.
    5       36808.     102752.     120009.      66393.      57108.
    6       38585.      33373.      79425.      88817.      45537.
    7       23258.      28535.      24634.      55402.      57334.
    8       27333.      17009.      18891.      16740.      35365.
    9       27546.      17604.      10765.      12370.       9637.
   10        6671.      16502.      10272.       5765.       7193.
   11        1411.       3859.       9811.       5077.       2471.
   12        1294.        921.       2211.       5309.       2274.
   13        8907.       8694.       8534.       8789.       8739.
 ====================================================================
 Total     417993.     456706.     447460.     363148.     271950.

   AGE       1997        1998        1999        2000        2001
 _____________________________________________________________________________

    3      132584.      46399.     114492.      79750.      43027.
    4       26190.     149579.      54076.     143513.      82173.
    5       20057.      23602.     135580.      51003.     119687.
    6       50476.      16393.      19163.     123010.      38633.
    7       33826.      38118.      13336.      16804.      95747.
    8       41331.      23925.      26609.      10566.      11775.
    9       25663.      28915.      15308.      20121.       6836.
   10        5706.      17691.      18211.      10313.      12979.
   11        4744.       3711.      11952.      12338.       5792.
   12        1261.       3634.       2501.       8533.       7728.
   13        4973.       2692.       2942.       2419.       6014.
 ====================================================================
 Total     346812.     354658.     414169.     478369.     430391.

 Spawning Stock Biomass


   AGE       1987        1988        1989        1990        1991
 _____________________________________________________________________________

    3       16912.       8077.      10990.       7218.      21367.
    4      159795.      85019.      40001.      60616.      38938.
    5       68598.     193639.      91554.      44744.      64048.
    6       22362.      55340.     167909.      72488.      35542.
    7       19983.      16145.      35462.     117411.      48903.
    8       33216.      13292.       9385.      21896.      70261.
    9       13744.      16987.       6623.       5941.      12184.
   10       12875.       8129.       6030.       4170.       3136.
   11        9492.       7092.       3571.       3234.       2566.
   12       13033.       5029.       3506.       1649.       1860.
   13       13566.      14176.       9949.       9530.       9400.
 ====================================================================
 Total     383577.     422925.     384979.     348898.     308205.

   AGE       1992        1993        1994        1995        1996
 _____________________________________________________________________________

    3       28822.      16486.      17923.       4863.       5126.
    4      102701.     142645.      79982.      75224.      21459.
    5       41400.     114314.     138122.      77127.      66525.
    6       46954.      36430.      91609.     104449.      54805.
    7       27786.      33308.      28516.      67368.      70156.
    8       33993.      19393.      22397.      20371.      41687.
    9       37305.      21312.      13953.      15232.      12175.
   10        8889.      19474.      13452.       7491.       8747.
   11        1759.       4719.      12874.       7175.       3616.
   12        1673.       1094.       2819.       6843.       2906.
   13        9006.       8739.       8914.       9472.      10354.
 ====================================================================
 Total     340290.     417914.     430561.     395616.     297557.

   AGE       1997        1998        1999        2000        2001
 _____________________________________________________________________________

    3       27014.       9886.      23655.      16855.       9193.
    4       24742.     141128.      50769.     134698.      77823.
    5       23208.      26344.     152288.      57744.     131206.
    6       55465.      17528.      21351.     134155.      43035.
    7       39020.      44178.      15375.      18707.     103848.
    8       46446.      28279.      31691.      12016.      13497.
    9       29563.      34581.      18841.      23171.       8434.
   10        7318.      20304.      22287.      12249.      15218.
   11        5369.       4114.      14327.      14648.       7861.
   12        1477.       4209.       3028.       9948.       9474.
   13        8120.       3644.       4458.       3789.       8031.
 ====================================================================
 Total     267745.     334196.     358072.     437980.     427620.

 Catch Biomass


   AGE       1987        1988        1989        1990        1991
 _____________________________________________________________________________

    3         528.        747.       2942.       1890.      11972.
    4        8918.       9134.       5490.      11228.       9227.
    5       14468.      23748.      19145.       8720.      20020.
    6        5733.      18789.      49239.      21694.       9290.
    7        6004.       6841.      12503.      44809.      15961.
    8       15028.       6422.       2686.       9226.      33480.
    9        5164.      10755.       1993.       2653.       3256.
   10        4971.       4372.       2567.       1469.       1413.
   11        3848.       3608.       1764.       1223.        963.
   12        5286.       2737.       1342.        661.        739.
   13        5502.       5661.       1043.        654.        507.
 ====================================================================
 Total      75451.      92814.     100713.     104227.     106827.

   AGE       1992        1993        1994        1995        1996
 _____________________________________________________________________________

    3       14039.       7417.      18039.       2729.       2220.
    4       23299.      37512.      22771.      25113.       6772.
    5        9020.      22799.      35290.      20847.      18272.
    6       15999.       6071.      23720.      30232.      17783.
    7        8711.       9253.       7549.      22880.      24467.
    8       12640.       4660.       6761.       6942.      12217.
    9       18006.       7101.       5966.       5451.       4792.
   10        4115.       5740.       5933.       3228.       2972.
   11         660.       1642.       5711.       3818.       2060.
   12         712.        334.       1145.       2877.       1188.
   13         208.        100.        768.       1363.       3116.
 ====================================================================
 Total     107408.     102629.     133653.     125481.      95858.

   AGE       1997        1998        1999        2000        2001
 _____________________________________________________________________________

    3        5140.       6082.       7715.       9108.       5880.
    4        5757.      32473.      11175.      29572.      18494.
    5        6130.       5400.      32833.      13209.      22838.
    6        9883.       2274.       4313.      22141.       8676.
    7       10112.      11779.       3971.       3752.      16129.
    8       10051.       8406.       9786.       2837.       3362.
    9        7596.      10896.       6727.       5941.       3040.
   10        3029.       5097.       7777.       3732.       4334.
   11        1225.        796.       4564.       4453.       3814.
   12         419.       1118.       1010.       2745.       3328.
   13        5465.       1756.       2697.       2410.       3738.
 ====================================================================
 Total      64806.      86076.      92569.      99902.      93635.

 Catch Numbers


   AGE       1987        1988        1989        1990        1991
 _____________________________________________________________________________

    3       3144.0      4757.0     22628.0     14884.0     88683.0
    4      44590.0     41331.0     26649.0     56995.0     49081.0
    5      60285.0     99366.0     77824.0     35593.0     86292.0
    6      20622.0     69331.0    188654.0     79757.0     34793.0
    7      19751.0     22955.0     43114.0    157225.0     55228.0
    8      46240.0     20131.0      8116.0     30248.0    110132.0
    9      15232.0     32201.0      5897.0      8187.0     10079.0
   10      13963.0     12349.0      7292.0      4372.0      4155.0
   11      10179.0     10250.0      4780.0      3379.0      2735.0
   12      13216.0      7378.0      3449.0      1786.0      2003.0
   13      13227.0     14048.0      2602.0      1726.0      1274.0
 ====================================================================
 Total    260449.0    334097.0    391005.0    394152.0    444455.0

   AGE       1992        1993        1994        1995        1996
 _____________________________________________________________________________

    3      94860.0     51153.0    134616.0     20991.0     15969.0
    4     122626.0    177780.0    113290.0    137232.0     40311.0
    5      38381.0     92680.0    142876.0     86864.0     86187.0
    6      58605.0     20791.0     87207.0    109140.0     68927.0
    7      27921.0     28560.0     24913.0     76780.0     84660.0
    8      38420.0     13313.0     20303.0     21361.0     39664.0
    9      53114.0     19617.0     16301.0     15225.0     14746.0
   10      11592.0     15266.0     15695.0      8541.0      8419.0
   11       1727.0      4254.0     14680.0      9617.0      5836.0
   12       1757.0       797.0      2936.0      7034.0      3152.0
   13        530.0       256.0      1874.0      3147.0      7750.0
 ====================================================================
 Total    449533.0    424467.0    574691.0    495932.0    375621.0

   AGE       1997        1998        1999        2000        2001
 _____________________________________________________________________________

    3      39240.0     45390.0     56315.0     57282.0     42304.0
    4      30141.0    175529.0     54779.0    136278.0     86422.0
    5      26307.0     22691.0    140913.0     49289.0     93597.0
    6      36738.0      8613.0     16093.0     76614.0     30336.0
    7      33705.0     40898.0     13506.0     11546.0     54491.0
    8      31022.0     25944.0     31467.0      8294.0     10375.0
    9      22277.0     32046.0     19845.0     16367.0      8762.0
   10       8531.0     14647.0     22031.0      9874.0     12244.0
   11       3383.0      2122.0     12609.0     11332.0      9907.0
   12       1141.0      2754.0      2673.0      6744.0      8259.0
   13      13767.0      4231.0      6676.0      5618.0      8838.0
 ====================================================================
 Total    246252.0    374865.0    376907.0    389238.0    365535.0


               Surplus Production

     Average Adjustment Factor (Delta) =   1.0000

 Year        Biomass  Delta Biomass  Catch Biomass  Surplus Production

 1987     504005.048      -9659.178      75450.782      65791.604
 1988     494345.870     -35995.899      92813.816      56817.917
 1989     458349.971     -49966.588     100713.041      50746.453
 1990     408383.383      12695.780     104226.989     116922.769
 1991     421079.163      76911.301     106827.024     183738.325
 1992     497990.464      37137.173     107408.317     144545.490
 1993     535127.638       7714.255     102628.948     110343.203
 1994     542841.892     -92537.300     133652.824      41115.524
 1995     450304.593    -111956.658     125480.745      13524.087
 1996     338347.934      61311.877      95858.270     157170.147
 1997     399659.811      19425.804      64805.906      84231.710
 1998     419085.615      66235.894      86076.430     152312.324
 1999     485321.509      70980.085      92569.079     163549.164
 2000     556301.594     -53664.349      99902.059      46237.710
 2001     502637.245       5946.603      93635.000      99581.603
 2002     508583.848


 Summary of Survey Indices Used in the Estimate

 INDEX    Survey Tag    Age   Time  Type  Catchability Std. Error   CV
 _____________________________________________________________________________

   1 Acoustic              4   JAN-1 NUMBER  0.1046E+01  0.1125E+00  0.1075E+00
   2 Acoustic              5   JAN-1 NUMBER  0.1190E+01  0.1419E+00  0.1192E+00
   3 Acoustic              6   JAN-1 NUMBER  0.1106E+01  0.1156E+00  0.1045E+00
   4 Acoustic              7   JAN-1 NUMBER  0.1250E+01  0.9459E-01  0.7566E-01
   5 Acoustic              8   JAN-1 NUMBER  0.1294E+01  0.1313E+00  0.1014E+00
   6 Acoustic              9   JAN-1 NUMBER  0.1687E+01  0.1863E+00  0.1104E+00
   7 Acoustic             10   JAN-1 NUMBER  0.1863E+01  0.2562E+00  0.1375E+00
   8 Acoustic             11   JAN-1 NUMBER  0.1607E+01  0.2013E+00  0.1253E+00


 Survey Index:    1 Tag: Acoustic           AGE =  4
 Time = JAN-1           Type = NUMBER
 Catchability =    0.104608E+01   % Variance Contribution =    12.1496
 Unweighted Residual = LN(Observed) - LN(Predicted)

 Year      Observed        Predicted         Residual      Unweighted Resid
 _____________________________________________________________________________

 1987     N/A              0.103369E+07     N/A              N/A
 1988     0.401246E+06     0.497719E+06    -0.215461E+00    -0.215461E+00
 1989     0.201284E+06     0.251227E+06    -0.221640E+00    -0.221640E+00
 1990     0.655361E+06     0.398090E+06     0.498507E+00     0.498507E+00
 1991     0.132235E+06     0.267963E+06    -0.706269E+00    -0.706269E+00
 1992     0.104999E+07     0.699325E+06     0.406420E+00     0.406420E+00
 1993     0.830608E+06     0.874646E+06    -0.516612E-01    -0.516612E-01
 1994     0.505279E+06     0.514823E+06    -0.187128E-01    -0.187128E-01
 1995     N/A              0.531816E+06     N/A              N/A
 1996     0.133810E+06     0.165256E+06    -0.211077E+00    -0.211077E+00
 1997     0.270706E+06     0.167597E+06     0.479468E+00     0.479468E+00
 1998     0.601783E+06     0.986962E+06    -0.494735E+00    -0.494735E+00
 1999     0.255937E+06     0.321977E+06    -0.229548E+00    -0.229548E+00
 2000     0.839491E+06     0.803086E+06     0.443342E-01     0.443342E-01
 2001     0.966960E+06     0.470494E+06     0.720375E+00     0.720375E+00
 2002     0.287004E+06     0.287004E+06     0.260610E-07     0.260610E-07

 Survey Index:    2 Tag: Acoustic           AGE =  5
 Time = JAN-1           Type = NUMBER
 Catchability =    0.118973E+01   % Variance Contribution =    14.9441
 Unweighted Residual = LN(Observed) - LN(Predicted)

 Year      Observed        Predicted         Residual      Unweighted Resid
 _____________________________________________________________________________

 1987     N/A              0.357489E+06     N/A              N/A
 1988     0.858012E+06     0.101334E+07    -0.166392E+00    -0.166392E+00
 1989     0.232808E+06     0.465481E+06    -0.692857E+00    -0.692857E+00
 1990     0.179364E+06     0.228420E+06    -0.241771E+00    -0.241771E+00
 1991     0.258591E+06     0.345289E+06    -0.289133E+00    -0.289133E+00
 1992     0.354521E+06     0.220340E+06     0.475595E+00     0.475595E+00
 1993     0.729556E+06     0.581198E+06     0.227344E+00     0.227344E+00
 1994     0.882868E+06     0.699402E+06     0.232950E+00     0.232950E+00
 1995     N/A              0.401937E+06     N/A              N/A
 1996     0.761581E+06     0.392475E+06     0.662923E+00     0.662923E+00
 1997     0.133667E+06     0.124581E+06     0.703974E-01     0.703974E-01
 1998     0.810550E+05     0.138439E+06    -0.535302E+00    -0.535302E+00
 1999     0.108150E+07     0.817469E+06     0.279895E+00     0.279895E+00
 2000     0.239064E+06     0.269482E+06    -0.119772E+00    -0.119772E+00
 2001     0.131641E+07     0.672551E+06     0.671588E+00     0.671588E+00
 2002     0.217441E+06     0.386601E+06    -0.575465E+00    -0.575465E+00

 Survey Index:    3 Tag: Acoustic           AGE =  6
 Time = JAN-1           Type = NUMBER
 Catchability =    0.110624E+01   % Variance Contribution =    11.4839
 Unweighted Residual = LN(Observed) - LN(Predicted)

 Year      Observed        Predicted         Residual      Unweighted Resid
 _____________________________________________________________________________

 1987     N/A              0.935483E+05     N/A              N/A
 1988     0.308065E+06     0.237485E+06     0.260206E+00     0.260206E+00
 1989     0.381417E+06     0.748167E+06    -0.673732E+00    -0.673732E+00
 1990     0.278836E+06     0.309930E+06    -0.105722E+00    -0.105722E+00
 1991     0.943730E+05     0.154809E+06    -0.494939E+00    -0.494939E+00
 1992     0.319866E+06     0.200021E+06     0.469478E+00     0.469478E+00
 1993     0.158778E+06     0.145093E+06     0.901301E-01     0.901301E-01
 1994     0.496297E+06     0.391682E+06     0.236723E+00     0.236723E+00
 1995     N/A              0.438521E+06     N/A              N/A
 1996     0.277893E+06     0.247038E+06     0.117694E+00     0.117694E+00
 1997     0.468678E+06     0.239792E+06     0.670145E+00     0.670145E+00
 1998     0.573660E+05     0.772146E+05    -0.297136E+00    -0.297136E+00
 1999     0.103344E+06     0.926528E+05     0.109204E+00     0.109204E+00
 2000     0.605858E+06     0.539853E+06     0.115350E+00     0.115350E+00
 2001     0.191001E+06     0.174995E+06     0.875239E-01     0.875239E-01
 2002     0.260497E+06     0.467554E+06    -0.584923E+00    -0.584923E+00

 Survey Index:    4 Tag: Acoustic           AGE =  7
 Time = JAN-1           Type = NUMBER
 Catchability =    0.125014E+01   % Variance Contribution =     6.0165
 Unweighted Residual = LN(Observed) - LN(Predicted)

 Year      Observed        Predicted         Residual      Unweighted Resid
 _____________________________________________________________________________

 1987     N/A              0.863915E+05     N/A              N/A
 1988     0.571030E+05     0.712039E+05    -0.220691E+00    -0.220691E+00
 1989     0.188456E+06     0.160707E+06     0.159279E+00     0.159279E+00
 1990     0.592982E+06     0.541424E+06     0.909619E-01     0.909619E-01
 1991     0.191054E+06     0.222388E+06    -0.151870E+00    -0.151870E+00
 1992     0.898250E+05     0.117044E+06    -0.264690E+00    -0.264690E+00
 1993     0.130781E+06     0.135107E+06    -0.325396E-01    -0.325396E-01
 1994     0.669630E+05     0.123687E+06    -0.613615E+00    -0.613615E+00
 1995     N/A              0.297107E+06     N/A              N/A
 1996     0.385027E+06     0.319039E+06     0.188000E+00     0.188000E+00
 1997     0.269888E+06     0.170939E+06     0.456700E+00     0.456700E+00
 1998     0.287046E+06     0.201598E+06     0.353367E+00     0.353367E+00
 1999     0.517860E+05     0.687286E+05    -0.283046E+00    -0.283046E+00
 2000     0.882140E+05     0.756475E+05     0.153681E+00     0.153681E+00
 2001     0.482418E+06     0.461087E+06     0.452237E-01     0.452237E-01
 2002     0.161049E+06     0.142946E+06     0.119240E+00     0.119240E+00

 Survey Index:    5 Tag: Acoustic           AGE =  8
 Time = JAN-1           Type = NUMBER
 Catchability =    0.129450E+01   % Variance Contribution =    10.8077
 Unweighted Residual = LN(Observed) - LN(Predicted)

 Year      Observed        Predicted         Residual      Unweighted Resid
 _____________________________________________________________________________

 1987     N/A              0.139084E+06     N/A              N/A
 1988     0.325320E+05     0.567049E+05    -0.555637E+00    -0.555637E+00
 1989     0.464480E+05     0.385874E+05     0.185407E+00     0.185407E+00
 1990     0.179665E+06     0.976966E+05     0.609227E+00     0.609227E+00
 1991     0.514403E+06     0.314527E+06     0.491938E+00     0.491938E+00
 1992     0.138333E+06     0.140609E+06    -0.163190E-01    -0.163190E-01
 1993     0.541560E+05     0.754039E+05    -0.330990E+00    -0.330990E+00
 1994     0.582950E+05     0.915284E+05    -0.451133E+00    -0.451133E+00
 1995     N/A              0.853013E+05     N/A              N/A
 1996     0.176906E+06     0.184190E+06    -0.403488E-01    -0.403488E-01
 1997     0.325664E+06     0.195085E+06     0.512430E+00     0.512430E+00
 1998     0.155998E+06     0.118777E+06     0.272595E+00     0.272595E+00
 1999     0.135246E+06     0.138675E+06    -0.250388E-01    -0.250388E-01
 2000     0.433530E+05     0.478119E+05    -0.978985E-01    -0.978985E-01
 2001     0.343770E+05     0.566922E+05    -0.500250E+00    -0.500250E+00
 2002     0.345852E+06     0.365035E+06    -0.539830E-01    -0.539830E-01

 Survey Index:    6 Tag: Acoustic           AGE =  9
 Time = JAN-1           Type = NUMBER
 Catchability =    0.168706E+01   % Variance Contribution =    12.3030
 Unweighted Residual = LN(Observed) - LN(Predicted)

 Year      Observed        Predicted         Residual      Unweighted Resid
 _____________________________________________________________________________

 1987     N/A              0.719068E+05     N/A              N/A
 1988     0.704260E+05     0.902033E+05    -0.247504E+00    -0.247504E+00
 1989     0.257980E+05     0.347500E+05    -0.297882E-02    -0.297882E+00
 1990     0.221820E+05     0.325208E+05    -0.382599E+00    -0.382599E+00
 1991     0.793530E+05     0.669035E+05     0.170654E+00     0.170654E+00
 1992     0.256921E+06     0.195170E+06     0.274896E+00     0.274896E+00
 1993     0.963300E+05     0.104416E+06    -0.806071E-01    -0.806071E-01
 1994     0.106172E+06     0.676116E+05     0.451280E+00     0.451280E+00
 1995     N/A              0.754615E+05     N/A              N/A
 1996     0.981500E+05     0.664423E+05     0.390163E+00     0.390163E+00
 1997     0.217421E+06     0.153759E+06     0.346447E+00     0.346447E+00
 1998     0.203382E+06     0.180388E+06     0.119974E+00     0.119974E+00
 1999     0.705140E+05     0.985698E+05    -0.334953E+00    -0.334953E+00
 2000     0.165716E+06     0.113207E+06     0.381054E+00     0.381054E+00
 2001     0.157270E+05     0.431064E+05    -0.100829E+01    -0.100829E+01
 2002     0.624510E+05     0.502501E+05     0.217371E+00     0.217371E+00

 Survey Index:    7 Tag: Acoustic           AGE = 10
 Time = JAN-1           Type = NUMBER
 Catchability =    0.186279E+01   % Variance Contribution =    16.6954
 Unweighted Residual = LN(Observed) - LN(Predicted)

 Year      Observed        Predicted         Residual      Unweighted Resid
 _____________________________________________________________________________

 1987     N/A              0.708255E+05     N/A              N/A
 1988     0.367130E+05     0.449668E+05    -0.202794E+00    -0.202794E+00
 1989     0.328190E+05     0.335457E+05    -0.219018E-03    -0.219018E-01
 1990     0.217680E+05     0.243044E+05    -0.110215E-02    -0.110215E+00
 1991     0.376180E+05     0.180606E+05     0.733751E-02     0.733751E+00
 1992     0.212900E+05     0.490364E+05    -0.834325E+00    -0.834325E+00
 1993     0.966490E+05     0.101423E+06    -0.482145E-01    -0.482145E-01
 1994     0.488740E+05     0.696915E+05    -0.354833E+00    -0.354833E+00
 1995     N/A              0.388097E+05     N/A              N/A
 1996     0.485030E+05     0.485244E+05    -0.441685E-03    -0.441685E-03
 1997     0.929790E+05     0.403709E+05     0.834264E+00     0.834264E+00
 1998     0.105730E+06     0.114259E+06    -0.775774E-01    -0.775774E-01
 1999     0.101626E+06     0.123641E+06    -0.196083E+00    -0.196083E+00
 2000     0.899160E+05     0.634582E+05     0.348495E+00     0.348495E+00
 2001     0.379400E+05     0.841858E+05    -0.797021E+00    -0.797021E+00
 2002     0.571050E+05     0.276050E+05     0.726896E+00     0.726896E+00

 Survey Index:    8 Tag: Acoustic           AGE = 11
 Time = JAN-1           Type = NUMBER
 Catchability =    0.160672E+01   % Variance Contribution =    15.5999
 Unweighted Residual = LN(Observed) - LN(Predicted)

 Year      Observed        Predicted         Residual      Unweighted Resid
 _____________________________________________________________________________

 1987     N/A              0.424173E+05     N/A              N/A
 1988     0.235860E+05     0.340302E+05    -0.366594E+00    -0.366594E+00
 1989     0.174390E+05     0.163471E+05     0.646576E-03     0.646576E-01
 1990     0.130800E+05     0.150915E+05    -0.143047E-02    -0.143047E+00
 1991     0.939400E+04     0.123132E+05    -0.270599E-02    -0.270599E+00
 1992     0.986600E+04     0.777893E+04     0.237676E-02     0.237676E+00
 1993     0.245420E+05     0.206515E+05     0.172599E+00     0.172599E+00
 1994     0.362010E+05     0.559013E+05    -0.434501E+00    -0.434501E+00
 1995     N/A              0.305279E+05     N/A              N/A
 1996     0.162260E+05     0.173013E+05    -0.641685E-01    -0.641685E-01
 1997     0.554940E+05     0.250533E+05     0.795269E+00     0.795269E+00
 1998     0.354690E+05     0.185319E+05     0.649166E+00     0.649166E+00
 1999     0.539350E+05     0.668510E+05    -0.214686E+00    -0.214686E+00
 2000     0.121345E+06     0.629581E+05     0.656168E+00     0.656168E+00
 2001     0.143200E+05     0.344869E+05    -0.878921E+00    -0.878921E+00
 2002     0.384050E+05     0.470497E+05    -0.203018E+00    -0.203018E+00


Survey Weight Factors - Survey Index =     6

      1987        1.0000
      1988        1.0000
      1989        0.0100
      1990        1.0000
      1991        1.0000
      1992        1.0000
      1993        1.0000
      1994        1.0000
      1995        1.0000
      1996        1.0000
      1997        1.0000
      1998        1.0000
      1999        1.0000
      2000        1.0000
      2001        1.0000
      2002        1.0000


Survey Weight Factors - Survey Index =     7

      1987        1.0000
      1988        1.0000
      1989        0.0100
      1990        0.0100
      1991        0.0100
      1992        1.0000
      1993        1.0000
      1994        1.0000
      1995        1.0000
      1996        1.0000
      1997        1.0000
      1998        1.0000
      1999        1.0000
      2000        1.0000
      2001        1.0000
      2002        1.0000


Survey Weight Factors - Survey Index =     8

      1987        1.0000
      1988        1.0000
      1989        0.0100
      1990        0.0100
      1991        0.0100
      1992        0.0100
      1993        1.0000
      1994        1.0000
      1995        1.0000
      1996        1.0000
      1997        1.0000
      1998        1.0000
      1999        1.0000
      2000        1.0000
      2001        1.0000
      2002        1.0000



 Plus Group Diagnostic Report 

 Calculation Method Selected = Forward

          Population  Population    F            F
 Year     Backward     Forward    Forward     Backward    Ratio

 1987      34282.      34282.    0.517018    0.517018    1.000000
 1988      27133.      36979.    0.506719    0.777801    1.534975
 1989       7148.      26082.    0.110636    0.479659    4.335469
 1990       4529.      26435.    0.071034    0.508829    7.163154
 1991       3370.      24829.    0.055402    0.503499    9.088146
 1992       1310.      24153.    0.023324    0.550112   23.585257
 1993        882.      23618.    0.011454    0.362672   31.662204
 1994       4851.      22855.    0.090031    0.517926    5.752737
 1995       7870.      22996.    0.155039    0.541854    3.494951
 1996      19927.      27078.    0.356497    0.522450    1.465510
 1997      51065.      21503.    1.099004    0.332014    0.302105
 1998      16745.       9230.    0.652171    0.307675    0.471770
 1999      21035.      11601.    0.916788    0.404049    0.440722
 2000      21406.       9284.    0.996153    0.321657    0.322899
 2001      26445.      19958.    0.621654    0.430684    0.692803
 2002      30091.      24235.       N/A         N/A
