 VPA Version 3.3.0

 Model ID: k=0.3, 2009-2011 Ichtio.                                                        


 Input File: RUN1NWWG_R_11.DAT                                                               
 Date of Run: 15-NOV-2017                         Time of Run: 21:42


 Levenburg-Marquardt Algorithm Completed     5 Iterations
 Residual Sum of Squares =     32.3980    

 Number of Residuals     =    144
 Number of Parameters    =      9
 Degrees of Freedom      =    135
 Mean Squared Residual   =     0.239985    
 Standard Deviation      =     0.489883    


 Number of Years =    19
 Number of Ages  =    11
 First Year      =  1987
 Youngest Age    =     3
 Oldest True Age =    12

 Number of Survey Indices Available        =    10
 Number of Survey Indices Used in Estimate =     8


 VPA Classic Method - Auto Estimated Q's


 Stock Numbers Predicted in Terminal Year Plus One (2006)
 Age    Stock Predicted     Std. Error      CV

   4         398567.386   0.201379E+06   0.505256E+00
   5         365910.054   0.137595E+06   0.376035E+00
   6         687036.697   0.229807E+06   0.334491E+00
   7         847871.665   0.261583E+06   0.308517E+00
   8         145816.581   0.444695E+05   0.304969E+00
   9          64579.834   0.193407E+05   0.299485E+00
  10          64377.750   0.186646E+05   0.289923E+00
  11          22388.321   0.713077E+04   0.318504E+00
  12          31742.593   0.118932E+05   0.374675E+00

 Catchability Values for Each Survey Used in Estimate
 INDEX     Catchability    Std. Error      CV

   1       0.111368E+01   0.112530E+00   0.101043E+00
   2       0.130038E+01   0.141757E+00   0.109012E+00
   3       0.119564E+01   0.101274E+00   0.847031E-01
   4       0.128312E+01   0.104591E+00   0.815128E-01
   5       0.132612E+01   0.140878E+00   0.106233E+00
   6       0.153967E+01   0.204432E+00   0.132777E+00
   7       0.160901E+01   0.251295E+00   0.156180E+00
   8       0.141686E+01   0.211590E+00   0.149337E+00


 -- Non-Linear Least Squares Fit --

 Maximum Marquadt Iterations    =       100
 Scaled Gradient Tolerance      =    6.055454E-05
 Scaled Step Tolerance          =    1.000000E-18
 Relative Function Tolerance    =    1.000000E-18
 Absolute Function Tolerance    =    4.930381E-32

 Reported Machine Precision     =    2.220446E-16


 VPA Method Options

 - Catchability Values Estimated as an Analytic Function of N
 - Catch Equation Used in Cohort Solution
 - Plus Group Forward Calculation Method Used
 - Arithmetic Average Used in F-Oldest Calculation
 - F-Oldest Calculation in Years Prior to Terminal Year 
   Uses Fishing Mortality in Ages  8 to 11
 - Calculation of Population of Age 3 In Year 2006
   =  Geometric Mean of First Age Populations
      Year Range Applied =  1987 to  2002
 - Survey Weight Factors Were Used

 Stock Estimates 

 Age   4
 Age   5
 Age   6
 Age   7
 Age   8
 Age   9
 Age  10
 Age  11
 Age  12

 Full F in Terminal Year               =   0.1553

 F in Oldest True Age in Terminal Year =   0.1579

 Full F Calculated Using Classic Method

 F in Oldest True Age in Terminal Year has been
 Calculated in Same Manner as in All Other Years

 Age  Input Partial  Calc Partial   Fishing     Used In
      Recruitment    Recruitment    Mortality   Full F    Comments

   3      0.500          0.304       0.0604      NO      Stock Estimate in T+1   
   4      0.800          0.523       0.1038      NO      Stock Estimate in T+1   
   5      1.000          0.762       0.1510      YES     Stock Estimate in T+1   
   6      1.000          0.703       0.1393      YES     Stock Estimate in T+1   
   7      1.000          0.833       0.1651      YES     Stock Estimate in T+1   
   8      1.000          0.824       0.1634      YES     Stock Estimate in T+1   
   9      1.000          0.642       0.1273      YES     Stock Estimate in T+1   
  10      1.000          1.000       0.1983      YES     Stock Estimate in T+1   
  11      1.000          0.718       0.1424      YES     Stock Estimate in T+1   
  12      1.000          0.796       0.1579              F-Oldest                

 Catch At Age - Input Data


   AGE       1987        1988        1989        1990        1991
 ____________________________________________________________________

    3       3144.0      4757.0     22628.0     14884.0     88683.0
    4      44590.0     41331.0     26649.0     56995.0     49081.0
    5      60285.0     99366.0     77824.0     35593.0     86292.0
    6      20622.0     69331.0    188654.0     79757.0     34793.0
    7      19751.0     22955.0     43114.0    157225.0     55228.0
    8      46240.0     20131.0      8116.0     30248.0    110132.0
    9      15232.0     32201.0      5897.0      8187.0     10079.0
   10      13963.0     12349.0      7292.0      4372.0      4155.0
   11      10179.0     10250.0      4780.0      3379.0      2735.0
   12      13216.0      7378.0      3449.0      1786.0      2003.0
   13      13227.0     14048.0      2602.0      1726.0      1274.0

   AGE       1992        1993        1994        1995        1996
 ____________________________________________________________________

    3      94860.0     51153.0    134616.0     20991.0     15969.0
    4     122626.0    177780.0    113290.0    137232.0     40311.0
    5      38381.0     92680.0    142876.0     86864.0     86187.0
    6      58605.0     20791.0     87207.0    109140.0     68927.0
    7      27921.0     28560.0     24913.0     76780.0     84660.0
    8      38420.0     13313.0     20303.0     21361.0     39664.0
    9      53114.0     19617.0     16301.0     15225.0     14746.0
   10      11592.0     15266.0     15695.0      8541.0      8419.0
   11       1727.0      4254.0     14680.0      9617.0      5836.0
   12       1757.0       797.0      2936.0      7034.0      3152.0
   13        530.0       256.0      1874.0      3147.0      7750.0

   AGE       1997        1998        1999        2000        2001
 ____________________________________________________________________

    3      39240.0     45390.0     56315.0     57282.0     42304.0
    4      30141.0    175529.0     54779.0    136278.0     86422.0
    5      26307.0     22691.0    140913.0     49289.0     93597.0
    6      36738.0      8613.0     16093.0     76614.0     30336.0
    7      33705.0     40898.0     13506.0     11546.0     54491.0
    8      31022.0     25944.0     31467.0      8294.0     10375.0
    9      22277.0     32046.0     19845.0     16367.0      8762.0
   10       8531.0     14647.0     22031.0      9874.0     12244.0
   11       3383.0      2122.0     12609.0     11332.0      9907.0
   12       1141.0      2754.0      2673.0      6744.0      8259.0
   13      13767.0      4231.0      6676.0      5618.0      8838.0

 Catch At Age - Input Data


   AGE       2002        2003        2004        2005
 ____________________________________________________________________

    3      80863.0    211495.0     63355.0     26091.0
    4      70801.0    286017.0    139543.0     42116.0
    5      45607.0     58120.0    182450.0    117910.0
    6      54202.0     27979.0     40489.0    133437.0
    7      21211.0     25592.0     13727.0     27565.0
    8      42199.0     14203.0      9342.0     12074.0
    9       9888.0     10944.0      5769.0      9203.0
   10       4707.0      2230.0      7021.0      5172.0
   11       6520.0      3424.0      3136.0      5116.0
   12       9108.0      4225.0      1861.0      1045.0
   13      19046.0      5507.0      6720.0      4573.0

 Weight At Age - Input Data


   AGE       1987        1988        1989        1990        1991
 ____________________________________________________________________

    3       0.1680      0.1570      0.1300      0.1270      0.1350
    4       0.2000      0.2210      0.2060      0.1970      0.1880
    5       0.2400      0.2390      0.2460      0.2450      0.2320
    6       0.2780      0.2710      0.2610      0.2720      0.2670
    7       0.3040      0.2980      0.2900      0.2850      0.2890
    8       0.3250      0.3190      0.3310      0.3050      0.3040
    9       0.3390      0.3340      0.3380      0.3240      0.3230
   10       0.3560      0.3540      0.3520      0.3360      0.3400
   11       0.3780      0.3520      0.3690      0.3620      0.3520
   12       0.4000      0.3710      0.3890      0.3700      0.3690
   13       0.4160      0.4030      0.4010      0.3790      0.3980

   AGE       1992        1993        1994        1995        1996
 ____________________________________________________________________

    3       0.1480      0.1450      0.1340      0.1300      0.1390
    4       0.1900      0.2110      0.2010      0.1830      0.1680
    5       0.2350      0.2460      0.2470      0.2400      0.2120
    6       0.2730      0.2920      0.2720      0.2770      0.2580
    7       0.3120      0.3240      0.3030      0.2980      0.2890
    8       0.3290      0.3500      0.3330      0.3250      0.3080
    9       0.3390      0.3620      0.3660      0.3580      0.3250
   10       0.3550      0.3760      0.3780      0.3780      0.3530
   11       0.3820      0.3860      0.3890      0.3970      0.3530
   12       0.4050      0.4190      0.3900      0.4090      0.3770
   13       0.3920      0.3890      0.4100      0.4330      0.4020

   AGE       1997        1998        1999        2000        2001
 ____________________________________________________________________

    3       0.1310      0.1340      0.1370      0.1590      0.1390
    4       0.1910      0.1850      0.2040      0.2170      0.2140
    5       0.2330      0.2380      0.2330      0.2680      0.2440
    6       0.2690      0.2640      0.2680      0.2890      0.2860
    7       0.3000      0.2880      0.2940      0.3250      0.2960
    8       0.3240      0.3240      0.3110      0.3420      0.3240
    9       0.3410      0.3400      0.3390      0.3630      0.3470
   10       0.3550      0.3480      0.3530      0.3780      0.3540
   11       0.3620      0.3750      0.3620      0.3930      0.3850
   12       0.3670      0.4060      0.3780      0.4070      0.4030
   13       0.3970      0.4150      0.4040      0.4290      0.4230

 Weight At Age - Input Data


   AGE       2002        2003        2004        2005
 ____________________________________________________________________

    3       0.1610      0.1560      0.1490      0.1700
    4       0.2110      0.1890      0.2130      0.2240
    5       0.2580      0.2290      0.2480      0.2620
    6       0.2800      0.2600      0.2800      0.2750
    7       0.3190      0.2830      0.3150      0.2980
    8       0.3320      0.3090      0.3310      0.3240
    9       0.3540      0.3360      0.3490      0.3350
   10       0.4050      0.3360      0.3550      0.3350
   11       0.3960      0.3690      0.3790      0.3560
   12       0.4160      0.3940      0.3880      0.3720
   13       0.4470      0.3990      0.4170      0.4020

 JAN-1 Weights at Age - Input Data


   AGE       1987        1988        1989        1990        1991
 ____________________________________________________________________

    3       0.1680      0.1570      0.1300      0.1270      0.1350
    4       0.2000      0.2210      0.2060      0.1970      0.1880
    5       0.2400      0.2390      0.2460      0.2450      0.2320
    6       0.2780      0.2710      0.2610      0.2720      0.2670
    7       0.3040      0.2980      0.2900      0.2850      0.2890
    8       0.3250      0.3190      0.3310      0.3050      0.3040
    9       0.3390      0.3340      0.3380      0.3240      0.3230
   10       0.3560      0.3540      0.3520      0.3360      0.3400
   11       0.3780      0.3520      0.3690      0.3620      0.3520
   12       0.4000      0.3710      0.3890      0.3700      0.3690
   13       0.4160      0.4030      0.4010      0.3790      0.3980

   AGE       1992        1993        1994        1995        1996
 ____________________________________________________________________

    3       0.1480      0.1450      0.1340      0.1300      0.1390
    4       0.1900      0.2110      0.2010      0.1830      0.1680
    5       0.2350      0.2460      0.2470      0.2400      0.2120
    6       0.2730      0.2920      0.2720      0.2770      0.2580
    7       0.3120      0.3240      0.3030      0.2980      0.2890
    8       0.3290      0.3500      0.3330      0.3250      0.3080
    9       0.3390      0.3620      0.3660      0.3580      0.3250
   10       0.3550      0.3760      0.3780      0.3780      0.3530
   11       0.3820      0.3860      0.3890      0.3970      0.3530
   12       0.4050      0.4190      0.3900      0.4090      0.3770
   13       0.3920      0.3890      0.4100      0.4330      0.4020

   AGE       1997        1998        1999        2000        2001
 ____________________________________________________________________

    3       0.1310      0.1340      0.1370      0.1590      0.1390
    4       0.1910      0.1850      0.2040      0.2170      0.2140
    5       0.2330      0.2380      0.2330      0.2680      0.2440
    6       0.2690      0.2640      0.2680      0.2890      0.2860
    7       0.3000      0.2880      0.2940      0.3250      0.2960
    8       0.3240      0.3240      0.3110      0.3420      0.3240
    9       0.3410      0.3400      0.3390      0.3630      0.3470
   10       0.3550      0.3480      0.3530      0.3780      0.3540
   11       0.3620      0.3750      0.3620      0.3930      0.3850
   12       0.3670      0.4060      0.3780      0.4070      0.4030
   13       0.3970      0.4150      0.4040      0.4290      0.4230

 JAN-1 Weights at Age - Input Data


   AGE       2002        2003        2004        2005        2006
 ____________________________________________________________________

    3       0.1610      0.1560      0.1490      0.1700      0.1890
    4       0.2110      0.1890      0.2130      0.2240      0.2340
    5       0.2580      0.2290      0.2480      0.2620      0.2630
    6       0.2800      0.2600      0.2800      0.2750      0.2900
    7       0.3190      0.2830      0.3150      0.2980      0.3040
    8       0.3320      0.3090      0.3310      0.3240      0.3390
    9       0.3540      0.3360      0.3490      0.3350      0.3490
   10       0.4050      0.3360      0.3550      0.3350      0.3690
   11       0.3960      0.3690      0.3790      0.3560      0.4160
   12       0.4160      0.3940      0.3880      0.3720      0.4020
   13       0.4470      0.3990      0.4170      0.4020      0.4300

 SSB Weight At Age - Input Data


   AGE       1987        1988        1989        1990        1991
 ____________________________________________________________________

    3       0.1680      0.1570      0.1300      0.1270      0.1350
    4       0.2000      0.2210      0.2060      0.1970      0.1880
    5       0.2400      0.2390      0.2460      0.2450      0.2320
    6       0.2780      0.2710      0.2610      0.2720      0.2670
    7       0.3040      0.2980      0.2900      0.2850      0.2890
    8       0.3250      0.3190      0.3310      0.3050      0.3040
    9       0.3390      0.3340      0.3380      0.3240      0.3230
   10       0.3560      0.3540      0.3520      0.3360      0.3400
   11       0.3780      0.3520      0.3690      0.3620      0.3520
   12       0.4000      0.3710      0.3890      0.3700      0.3690
   13       0.4160      0.4030      0.4010      0.3790      0.3980

   AGE       1992        1993        1994        1995        1996
 ____________________________________________________________________

    3       0.1480      0.1450      0.1340      0.1300      0.1390
    4       0.1900      0.2110      0.2010      0.1830      0.1680
    5       0.2350      0.2460      0.2470      0.2400      0.2120
    6       0.2730      0.2920      0.2720      0.2770      0.2580
    7       0.3120      0.3240      0.3030      0.2980      0.2890
    8       0.3290      0.3500      0.3330      0.3250      0.3080
    9       0.3390      0.3620      0.3660      0.3580      0.3250
   10       0.3550      0.3760      0.3780      0.3780      0.3530
   11       0.3820      0.3860      0.3890      0.3970      0.3530
   12       0.4050      0.4190      0.3900      0.4090      0.3770
   13       0.3920      0.3890      0.4100      0.4330      0.4020

   AGE       1997        1998        1999        2000        2001
 ____________________________________________________________________

    3       0.1310      0.1340      0.1370      0.1590      0.1390
    4       0.1910      0.1850      0.2040      0.2170      0.2140
    5       0.2330      0.2380      0.2330      0.2680      0.2440
    6       0.2690      0.2640      0.2680      0.2890      0.2860
    7       0.3000      0.2880      0.2940      0.3250      0.2960
    8       0.3240      0.3240      0.3110      0.3420      0.3240
    9       0.3410      0.3400      0.3390      0.3630      0.3470
   10       0.3550      0.3480      0.3530      0.3780      0.3540
   11       0.3620      0.3750      0.3620      0.3930      0.3850
   12       0.3670      0.4060      0.3780      0.4070      0.4030
   13       0.3970      0.4150      0.4040      0.4290      0.4230

 SSB Weight At Age - Input Data


   AGE       2002        2003        2004        2005
 ____________________________________________________________________

    3       0.1610      0.1560      0.1490      0.1700
    4       0.2110      0.1890      0.2130      0.2240
    5       0.2580      0.2290      0.2480      0.2620
    6       0.2800      0.2600      0.2800      0.2750
    7       0.3190      0.2830      0.3150      0.2980
    8       0.3320      0.3090      0.3310      0.3240
    9       0.3540      0.3360      0.3490      0.3350
   10       0.4050      0.3360      0.3550      0.3350
   11       0.3960      0.3690      0.3790      0.3560
   12       0.4160      0.3940      0.3880      0.3720
   13       0.4470      0.3990      0.4170      0.4020

 Natural Mortality - Input Data


   AGE       1987        1988        1989        1990        1991
 ____________________________________________________________________

    3       0.1000      0.1000      0.1000      0.1000      0.1000
    4       0.1000      0.1000      0.1000      0.1000      0.1000
    5       0.1000      0.1000      0.1000      0.1000      0.1000
    6       0.1000      0.1000      0.1000      0.1000      0.1000
    7       0.1000      0.1000      0.1000      0.1000      0.1000
    8       0.1000      0.1000      0.1000      0.1000      0.1000
    9       0.1000      0.1000      0.1000      0.1000      0.1000
   10       0.1000      0.1000      0.1000      0.1000      0.1000
   11       0.1000      0.1000      0.1000      0.1000      0.1000
   12       0.1000      0.1000      0.1000      0.1000      0.1000
   13       0.1000      0.1000      0.1000      0.1000      0.1000

   AGE       1992        1993        1994        1995        1996
 ____________________________________________________________________

    3       0.1000      0.1000      0.1000      0.1000      0.1000
    4       0.1000      0.1000      0.1000      0.1000      0.1000
    5       0.1000      0.1000      0.1000      0.1000      0.1000
    6       0.1000      0.1000      0.1000      0.1000      0.1000
    7       0.1000      0.1000      0.1000      0.1000      0.1000
    8       0.1000      0.1000      0.1000      0.1000      0.1000
    9       0.1000      0.1000      0.1000      0.1000      0.1000
   10       0.1000      0.1000      0.1000      0.1000      0.1000
   11       0.1000      0.1000      0.1000      0.1000      0.1000
   12       0.1000      0.1000      0.1000      0.1000      0.1000
   13       0.1000      0.1000      0.1000      0.1000      0.1000

   AGE       1997        1998        1999        2000        2001
 ____________________________________________________________________

    3       0.1000      0.1000      0.1000      0.1000      0.1000
    4       0.1000      0.1000      0.1000      0.1000      0.1000
    5       0.1000      0.1000      0.1000      0.1000      0.1000
    6       0.1000      0.1000      0.1000      0.1000      0.1000
    7       0.1000      0.1000      0.1000      0.1000      0.1000
    8       0.1000      0.1000      0.1000      0.1000      0.1000
    9       0.1000      0.1000      0.1000      0.1000      0.1000
   10       0.1000      0.1000      0.1000      0.1000      0.1000
   11       0.1000      0.1000      0.1000      0.1000      0.1000
   12       0.1000      0.1000      0.1000      0.1000      0.1000
   13       0.1000      0.1000      0.1000      0.1000      0.1000

 Natural Mortality - Input Data


   AGE       2002        2003        2004        2005
 ____________________________________________________________________

    3       0.1000      0.1000      0.1000      0.1000
    4       0.1000      0.1000      0.1000      0.1000
    5       0.1000      0.1000      0.1000      0.1000
    6       0.1000      0.1000      0.1000      0.1000
    7       0.1000      0.1000      0.1000      0.1000
    8       0.1000      0.1000      0.1000      0.1000
    9       0.1000      0.1000      0.1000      0.1000
   10       0.1000      0.1000      0.1000      0.1000
   11       0.1000      0.1000      0.1000      0.1000
   12       0.1000      0.1000      0.1000      0.1000
   13       0.1000      0.1000      0.1000      0.1000

 Proportion of Natural Mortality Before Spawning =       0.5000
 Proportion of Fishing Mortality Before Spawning =       0.0000

 Maturity - Input Data


   AGE       1987        1988        1989        1990        1991
 ____________________________________________________________________

    3       0.2000      0.2000      0.2000      0.2000      0.2000
    4       0.8500      0.8500      0.8500      0.8500      0.8500
    5       1.0000      1.0000      1.0000      1.0000      1.0000
    6       1.0000      1.0000      1.0000      1.0000      1.0000
    7       1.0000      1.0000      1.0000      1.0000      1.0000
    8       1.0000      1.0000      1.0000      1.0000      1.0000
    9       1.0000      1.0000      1.0000      1.0000      1.0000
   10       1.0000      1.0000      1.0000      1.0000      1.0000
   11       1.0000      1.0000      1.0000      1.0000      1.0000
   12       1.0000      1.0000      1.0000      1.0000      1.0000
   13       1.0000      1.0000      1.0000      1.0000      1.0000

   AGE       1992        1993        1994        1995        1996
 ____________________________________________________________________

    3       0.2000      0.2000      0.2000      0.2000      0.2000
    4       0.8500      0.8500      0.8500      0.8500      0.8500
    5       1.0000      1.0000      1.0000      1.0000      1.0000
    6       1.0000      1.0000      1.0000      1.0000      1.0000
    7       1.0000      1.0000      1.0000      1.0000      1.0000
    8       1.0000      1.0000      1.0000      1.0000      1.0000
    9       1.0000      1.0000      1.0000      1.0000      1.0000
   10       1.0000      1.0000      1.0000      1.0000      1.0000
   11       1.0000      1.0000      1.0000      1.0000      1.0000
   12       1.0000      1.0000      1.0000      1.0000      1.0000
   13       1.0000      1.0000      1.0000      1.0000      1.0000

   AGE       1997        1998        1999        2000        2001
 ____________________________________________________________________

    3       0.2000      0.2000      0.2000      0.2000      0.2000
    4       0.8500      0.8500      0.8500      0.8500      0.8500
    5       1.0000      1.0000      1.0000      1.0000      1.0000
    6       1.0000      1.0000      1.0000      1.0000      1.0000
    7       1.0000      1.0000      1.0000      1.0000      1.0000
    8       1.0000      1.0000      1.0000      1.0000      1.0000
    9       1.0000      1.0000      1.0000      1.0000      1.0000
   10       1.0000      1.0000      1.0000      1.0000      1.0000
   11       1.0000      1.0000      1.0000      1.0000      1.0000
   12       1.0000      1.0000      1.0000      1.0000      1.0000
   13       1.0000      1.0000      1.0000      1.0000      1.0000

 Maturity - Input Data


   AGE       2002        2003        2004        2005
 ____________________________________________________________________

    3       0.2000      0.2000      0.2000      0.2000
    4       0.8500      0.8500      0.8500      0.8500
    5       1.0000      1.0000      1.0000      1.0000
    6       1.0000      1.0000      1.0000      1.0000
    7       1.0000      1.0000      1.0000      1.0000
    8       1.0000      1.0000      1.0000      1.0000
    9       1.0000      1.0000      1.0000      1.0000
   10       1.0000      1.0000      1.0000      1.0000
   11       1.0000      1.0000      1.0000      1.0000
   12       1.0000      1.0000      1.0000      1.0000
   13       1.0000      1.0000      1.0000      1.0000

 Input Partial Recruitment

   AGE

    3       0.5000
    4       0.8000
    5       1.0000
    6       1.0000
    7       1.0000
    8       1.0000
    9       1.0000
   10       1.0000
   11       1.0000
   12       1.0000


 Input F-Plus Ratio

   YEAR

   1987       1.0000
   1988       1.0000
   1989       1.0000
   1990       1.0000
   1991       1.0000
   1992       1.0000
   1993       1.0000
   1994       1.0000
   1995       1.0000
   1996       1.0000
   1997       1.0000
   1998       1.0000
   1999       1.0000
   2000       1.0000
   2001       1.0000
   2002       1.0000
   2003       1.0000
   2004       1.0000
   2005       1.0000

 SURVEY - INPUT DATA


INDEX                   1                  2                  3

SURVEY TAG      Acoustic            Acoustic            Acoustic          

AGE                   4                   5                   6       
TIME               JAN-1               JAN-1               JAN-1       
TYPE              NUMBERS             NUMBERS             NUMBERS      
RETRO FLAG           1                   1                   1
 ________________________________________________________________________

    1987              0.0000              0.0000              0.0000
    1988         401246.0000         858012.0000         308065.0000
    1989         201284.0000         232808.0000         381417.0000
    1990         655361.0000         179364.0000         278836.0000
    1991         132235.0000         258591.0000          94373.0000
    1992        1049990.0000         354521.0000         319866.0000
    1993         830608.0000         729556.0000         158778.0000
    1994         505279.0000         882868.0000         496297.0000
    1995              0.0000              0.0000              0.0000
    1996         133810.0000         761581.0000         277893.0000
    1997         270706.0000         133667.0000         468678.0000
    1998         601783.0000          81055.0000          57366.0000
    1999         255937.0000        1081504.0000         103344.0000
    2000         839491.0000         239064.0000         605858.0000
    2001         966960.0000        1316413.0000         191001.0000
    2002         287004.0000         217441.0000         260497.0000
    2003        1919368.0000         553149.0000         205656.0000
    2004        1434976.0000        2058222.0000         330800.0000
    2005         713730.0000        1022326.0000        1046657.0000
    2006         443877.0000         344983.0000         818738.0000

 SURVEY - INPUT DATA


INDEX                   4                  5                  6

SURVEY TAG      Acoustic            Acoustic            Acoustic          

AGE                   7                   8                   9       
TIME               JAN-1               JAN-1               JAN-1       
TYPE              NUMBERS             NUMBERS             NUMBERS      
RETRO FLAG           1                   1                   1
 ________________________________________________________________________

    1987              0.0000              0.0000              0.0000
    1988          57103.0000          32532.0000          70426.0000
    1989         188456.0000          46448.0000          25798.0000
    1990         592982.0000         179665.0000          22182.0000
    1991         191054.0000         514403.0000          79353.0000
    1992          89825.0000         138333.0000         256921.0000
    1993         130781.0000          54156.0000          96330.0000
    1994          66963.0000          58295.0000         106172.0000
    1995              0.0000              0.0000              0.0000
    1996         385027.0000         176906.0000          98150.0000
    1997         269888.0000         325664.0000         217421.0000
    1998         287046.0000         155998.0000         203382.0000
    1999          51786.0000         135246.0000          70514.0000
    2000          88214.0000          43353.0000         165716.0000
    2001         482418.0000          34377.0000          15727.0000
    2002         161049.0000         345852.0000          62451.0000
    2003         262362.0000         153037.0000         276199.0000
    2004         109146.0000         100785.0000          38693.0000
    2005         171326.0000          62429.0000          44313.0000
    2006        1220902.0000         281448.0000         122183.0000

 SURVEY - INPUT DATA


INDEX                   7                  8                  9

SURVEY TAG      Acoustic            Acoustic            Acoustic          

AGE                  10                  11                  12       
TIME               JAN-1               JAN-1               JAN-1       
TYPE              NUMBERS             NUMBERS             NUMBERS      
RETRO FLAG           1                   1                   1
 ________________________________________________________________________

    1987              0.0000              0.0000              0.0000
    1988          36713.0000          23586.0000          18401.0000
    1989          32819.0000          17439.0000          10373.0000
    1990          21768.0000          13080.0000           9941.0000
    1991          37618.0000           9394.0000          12636.0000
    1992          21290.0000           9866.0000              0.0000
    1993          96649.0000          24542.0000           1130.0000
    1994          48874.0000          36201.0000              0.0000
    1995              0.0000              0.0000              0.0000
    1996          48503.0000          16226.0000          29390.0000
    1997          92979.0000          55494.0000          39048.0000
    1998         105730.0000          35469.0000          27373.0000
    1999         101626.0000          53935.0000          17414.0000
    2000          89916.0000         121345.0000          77600.0000
    2001          37940.0000          14320.0000          15413.0000
    2002          57105.0000          38405.0000          46044.0000
    2003          99206.0000          47621.0000          55126.0000
    2004          45582.0000           7039.0000           6362.0000
    2005          10947.0000          23942.0000          12669.0000
    2006         129588.0000          73339.0000              0.0000

INDEX                  10

SURVEY TAG      Acoustic          

AGE                  13       
TIME               JAN-1       
TYPE              NUMBERS      
RETRO FLAG           1
 ________________________________________________________________________

    1987              0.0000
    1988          24278.0000
    1989           9081.0000
    1990           1989.0000
    1991              0.0000
    1992           9327.0000
    1993           1130.0000
    1994           4224.0000
    1995              0.0000
    1996          47945.0000
    1997          30028.0000
    1998          14234.0000
    1999          13636.0000
    2000          21542.0000
    2001          14668.0000
    2002          38114.0000
    2003          18798.0000
    2004           7509.0000
    2005              0.0000
    2006              0.0000

     Additional Output Files 

Population File RUN1NWWG_R_11.PP2                                               
Auxilliary File RUN1NWWG_R_11.AUX                                               
Covariance File RUN1NWWG_R_11.CV                                                
Residuals File  RUN1NWWG_R_11.RSD                                               
Log File        RUN1NWWG_R_11.LOG                                               


                             Estimation Results

 JAN-1 Population Numbers


   AGE       1987        1988        1989        1990        1991
 _____________________________________________________________________________

    3      530492.     271585.     449532.     303038.     850668.
    4      989696.     477020.     241218.     385248.     260054.
    5      300832.     853133.     392357.     192950.     294470.
    6       84633.     214995.     677569.     281165.     140806.
    7       69164.      57019.     128839.     434224.     178795.
    8      107481.      43858.      29865.      75730.     243997.
    9       42642.      53503.      20646.      19328.      39891.
   10       38043.      24158.      18040.      13091.       9742.
   11       26413.      21199.      10190.       9422.       7703.
   12       34270.      14263.       9492.       4701.       5325.
   13       34299.      37008.      26120.      26485.      24887.
 ====================================================================
 Total    2257965.    2067741.    2003869.    1745383.    2056338.

   AGE       1992        1993        1994        1995        1996
 _____________________________________________________________________________

    3     1045368.     651333.     707430.     212626.     188903.
    4      685475.     855767.     540747.     512348.     172451.
    5      188725.     503848.     605636.     381790.     333464.
    6      184648.     134344.     367934.     412472.     263052.
    7       94407.     111539.     101820.     250198.     269726.
    8      109438.      58956.      73840.      68501.     153618.
    9      116611.      62631.      40716.      47562.      41738.
   10       26536.      55281.      38080.      21411.      28609.
   11        4883.      13044.      35546.      19603.      11289.
   12        4379.       2783.       7772.      18270.       8647.
   13       24229.      23719.      22981.      23266.      27935.
 ====================================================================
 Total    2484699.    2473245.    2542501.    1968046.    1499431.

   AGE       1997        1998        1999        2000        2001
 _____________________________________________________________________________

    3      817021.     346657.     616875.     418291.     541907.
    4      155755.     701977.     270563.     504671.     324090.
    5      117800.     112328.     468697.     192833.     327425.
    6      219996.      81632.      80106.     290530.     127739.
    7      172656.     164185.      65682.      57211.     190231.
    8      163826.     124239.     109771.      46616.      40810.
    9      101384.     118794.      87798.      69494.      34307.
   10       23798.      70601.      77103.      60616.      47355.
   11       17906.      13454.      49984.      48879.      45474.
   12        4701.      12991.      10159.      33269.      33478.
   13       22768.      10788.      14898.      13823.      30893.
 ====================================================================
 Total    1817611.    1757645.    1851635.    1736232.    1743708.

 JAN-1 Population Numbers


   AGE       2002        2003        2004        2005        2006
 _____________________________________________________________________________

    3     2104431.    1462360.     562299.     467889.     518060.
    4      450142.    1827307.    1122377.     448612.     398567.
    5      211299.     340087.    1381867.     883041.     365910.
    6      207534.     147919.     252551.    1077101.     687037.
    7       86807.     136384.     107289.     190079.     847872.
    8      120470.      58427.      99116.      84042.     145817.
    9       27087.      69033.      39396.      80809.      64580.
   10       22733.      15145.      52073.      30169.      64378.
   11       31237.      16103.      11586.      40451.      22388.
   12       31747.      22078.      11322.       7510.      31743.
   13       42033.      40111.      47031.      44652.      41862.
 ====================================================================
 Total    3335519.    4134953.    3686906.    3354354.    3188213.



Fishing Mortality Calculated


   AGE       1987        1988        1989        1990        1991
 _____________________________________________________________________________

    3       0.0062      0.0186      0.0543      0.0530      0.1159
    4       0.0485      0.0954      0.1233      0.1687      0.2206
    5       0.2359      0.1304      0.2332      0.2150      0.3667
    6       0.2949      0.4121      0.3449      0.3527      0.2998
    7       0.3555      0.5467      0.4314      0.4764      0.3909
    8       0.5976      0.6534      0.3352      0.5410      0.6383
    9       0.4683      0.9871      0.3556      0.5851      0.3076
   10       0.4847      0.7632      0.5496      0.4303      0.5906
   11       0.5162      0.7035      0.6737      0.4707      0.4647
   12       0.5167      0.7768      0.4785      0.5068      0.5003
   13       0.5167      0.5062      0.1105      0.0709      0.0553

   AGE       1992        1993        1994        1995        1996
 _____________________________________________________________________________

    3       0.1001      0.0861      0.2226      0.1094      0.0930
    4       0.2078      0.2457      0.2481      0.3295      0.2811
    5       0.2399      0.2144      0.2841      0.2725      0.3159
    6       0.4041      0.1772      0.2857      0.3248      0.3211
    7       0.3708      0.3125      0.2964      0.3878      0.3986
    8       0.4581      0.2702      0.3399      0.3954      0.3156
    9       0.6464      0.3976      0.5427      0.4083      0.4618
   10       0.6102      0.3416      0.5640      0.5401      0.3686
   11       0.4624      0.4178      0.5656      0.7185      0.7761
   12       0.5443      0.3568      0.5030      0.5156      0.4805
   13       0.0233      0.0114      0.0895      0.1531      0.3435

   AGE       1997        1998        1999        2000        2001
 _____________________________________________________________________________

    3       0.0518      0.1478      0.1008      0.1552      0.0855
    4       0.2269      0.3039      0.2387      0.3326      0.3277
    5       0.2668      0.2381      0.3782      0.3118      0.3560
    6       0.1926      0.1174      0.2366      0.3235      0.2863
    7       0.2291      0.3026      0.2429      0.2378      0.3568
    8       0.2214      0.2472      0.3572      0.2066      0.3099
    9       0.2619      0.3323      0.2705      0.2836      0.3115
   10       0.4704      0.2453      0.3558      0.1874      0.3161
   11       0.2209      0.1809      0.3071      0.2785      0.2593
   12       0.2936      0.2514      0.3226      0.2390      0.2992
   13       0.9950      0.5282      0.6320      0.5536      0.3563



Fishing Mortality Calculated


   AGE       2002        2003        2004        2005
 _____________________________________________________________________________

    3       0.0412      0.1646      0.1259      0.0604
    4       0.1804      0.1794      0.1398      0.1038
    5       0.2566      0.1976      0.1492      0.1510
    6       0.3198      0.2211      0.1842      0.1393
    7       0.2959      0.2192      0.1442      0.1651
    8       0.4568      0.2941      0.1042      0.1634
    9       0.4814      0.1819      0.1668      0.1273
   10       0.2448      0.1678      0.1526      0.1983
   11       0.2470      0.2523      0.3336      0.1424
   12       0.3575      0.2240      0.1893      0.1579
   13       0.6418      0.1556      0.1625      0.1137


 Average Fishing Mortality For Ages   5- 10

 Year      Average F   N Weighted  Biomass Wtd  Catch Wtd

 _____________________________________________________________________________

 1987       0.4062      0.3472      0.3654      0.3910
 1988       0.5821      0.2654      0.2916      0.4230
 1989       0.3750      0.3220      0.3262      0.3344
 1990       0.4334      0.3989      0.4058      0.4240
 1991       0.4323      0.4339      0.4428      0.4640
 1992       0.4549      0.4117      0.4290      0.4484
 1993       0.2856      0.2443      0.2525      0.2580
 1994       0.3855      0.3062      0.3134      0.3172
 1995       0.3882      0.3326      0.3389      0.3402
 1996       0.3636      0.3445      0.3482      0.3487
 1997       0.2737      0.2344      0.2361      0.2430
 1998       0.2471      0.2583      0.2620      0.2723
 1999       0.3069      0.3403      0.3360      0.3479
 2000       0.2585      0.2906      0.2860      0.2971
 2001       0.3228      0.3377      0.3359      0.3397
 2002       0.3426      0.3254      0.3310      0.3403
 2003       0.2136      0.2113      0.2123      0.2145
 2004       0.1502      0.1516      0.1514      0.1532
 2005       0.1574      0.1470      0.1472      0.1477

 Back Calculated Partial Recruitment


   AGE       1987        1988        1989        1990        1991
 _____________________________________________________________________________

    3       0.0105      0.0188      0.0806      0.0905      0.1816
    4       0.0811      0.0966      0.1830      0.2883      0.3456
    5       0.3948      0.1321      0.3462      0.3675      0.5745
    6       0.4936      0.4174      0.5120      0.6028      0.4696
    7       0.5950      0.5538      0.6403      0.8142      0.6124
    8       1.0000      0.6620      0.4975      0.9246      1.0000
    9       0.7836      1.0000      0.5279      1.0000      0.4820
   10       0.8112      0.7731      0.8158      0.7355      0.9253
   11       0.8639      0.7126      1.0000      0.8044      0.7281
   12       0.8647      0.7869      0.7103      0.8661      0.7838
   13       0.8647      0.5128      0.1640      0.1212      0.0866

   AGE       1992        1993        1994        1995        1996
 _____________________________________________________________________________

    3       0.1549      0.2060      0.3937      0.1523      0.1198
    4       0.3215      0.5881      0.4386      0.4586      0.3622
    5       0.3711      0.5131      0.5024      0.3793      0.4071
    6       0.6251      0.4241      0.5051      0.4520      0.4137
    7       0.5736      0.7479      0.5240      0.5397      0.5136
    8       0.7087      0.6467      0.6009      0.5504      0.4066
    9       1.0000      0.9516      0.9596      0.5683      0.5950
   10       0.9439      0.8176      0.9973      0.7518      0.4749
   11       0.7153      1.0000      1.0000      1.0000      1.0000
   12       0.8420      0.8540      0.8895      0.7176      0.6191
   13       0.0360      0.0273      0.1583      0.2131      0.4426

   AGE       1997        1998        1999        2000        2001
 _____________________________________________________________________________

    3       0.0520      0.2799      0.1594      0.2803      0.2397
    4       0.2280      0.5754      0.3777      0.6008      0.9185
    5       0.2681      0.4507      0.5985      0.5633      0.9975
    6       0.1936      0.2223      0.3744      0.5843      0.8023
    7       0.2303      0.5729      0.3843      0.4296      1.0000
    8       0.2225      0.4679      0.5652      0.3732      0.8684
    9       0.2632      0.6290      0.4280      0.5122      0.8731
   10       0.4727      0.4645      0.5630      0.3385      0.8857
   11       0.2220      0.3425      0.4859      0.5030      0.7268
   12       0.2951      0.4760      0.5105      0.4317      0.8385
   13       1.0000      1.0000      1.0000      1.0000      0.9985

 Back Calculated Partial Recruitment


   AGE       2002        2003        2004        2005
 _____________________________________________________________________________

    3       0.0642      0.5596      0.3774      0.3044
    4       0.2810      0.6100      0.4192      0.5234
    5       0.3999      0.6718      0.4472      0.7615
    6       0.4983      0.7519      0.5521      0.7026
    7       0.4611      0.7452      0.4323      0.8326
    8       0.7118      1.0000      0.3124      0.8242
    9       0.7501      0.6185      0.5002      0.6422
   10       0.3815      0.5706      0.4574      1.0000
   11       0.3849      0.8577      1.0000      0.7183
   12       0.5571      0.7617      0.5675      0.7962
   13       1.0000      0.5290      0.4870      0.5737

 JAN-1 Biomass


   AGE       1987        1988        1989        1990        1991
 _____________________________________________________________________________

    3       89123.      42639.      58439.      38486.     114840.
    4      197939.     105421.      49691.      75894.      48890.
    5       72200.     203899.      96520.      47273.      68317.
    6       23528.      58264.     176845.      76477.      37595.
    7       21026.      16992.      37363.     123754.      51672.
    8       34931.      13991.       9885.      23098.      74175.
    9       14456.      17870.       6978.       6262.      12885.
   10       13543.       8552.       6350.       4398.       3312.
   11        9984.       7462.       3760.       3411.       2711.
   12       13708.       5291.       3693.       1739.       1965.
   13       14268.      14914.      10474.      10038.       9905.
 ====================================================================
 Total     504706.     495295.     459999.     410830.     426268.

   AGE       1992        1993        1994        1995        1996
 _____________________________________________________________________________

    3      154715.      94443.      94796.      27641.      26258.
    4      130240.     180567.     108690.      93760.      28972.
    5       44350.     123947.     149592.      91630.      70694.
    6       50409.      39228.     100078.     114255.      67867.
    7       29455.      36139.      30851.      74559.      77951.
    8       36005.      20635.      24589.      22263.      47314.
    9       39531.      22673.      14902.      17027.      13565.
   10        9420.      20786.      14394.       8093.      10099.
   11        1865.       5035.      13827.       7782.       3985.
   12        1774.       1166.       3031.       7472.       3260.
   13        9498.       9227.       9422.      10074.      11230.
 ====================================================================
 Total     507262.     553844.     564173.     474557.     361195.

   AGE       1997        1998        1999        2000        2001
 _____________________________________________________________________________

    3      107030.      46452.      84512.      66508.      75325.
    4       29749.     129866.      55195.     109514.      69355.
    5       27447.      26734.     109206.      51679.      79892.
    6       59179.      21551.      21468.      83963.      36533.
    7       51797.      47285.      19311.      18594.      56308.
    8       53080.      40253.      34139.      15943.      13222.
    9       34572.      40390.      29764.      25226.      11905.
   10        8448.      24569.      27217.      22913.      16764.
   11        6482.       5045.      18094.      19210.      17507.
   12        1725.       5274.       3840.      13540.      13492.
   13        9039.       4477.       6019.       5930.      13068.
 ====================================================================
 Total     388548.     391897.     408765.     433019.     403371.

 JAN-1 Biomass


   AGE       2002        2003        2004        2005        2006
 _____________________________________________________________________________

    3      338813.     228128.      83782.      79541.      97913.
    4       94980.     345361.     239066.     100489.      93265.
    5       54515.      77880.     342703.     231357.      96234.
    6       58109.      38459.      70714.     296203.     199241.
    7       27691.      38597.      33796.      56643.     257753.
    8       39996.      18054.      32807.      27230.      49432.
    9        9589.      23195.      13749.      27071.      22538.
   10        9207.       5089.      18486.      10107.      23755.
   11       12370.       5942.       4391.      14400.       9314.
   12       13207.       8699.       4393.       2794.      12761.
   13       18789.      16004.      19612.      17950.      18001.
 ====================================================================
 Total     677266.     805407.     863501.     863785.     880206.

 Mean Biomass


   AGE       1987        1988        1989        1990        1991
 _____________________________________________________________________________

    3       84551.      40208.      54153.      35687.     103289.
    4      183945.      95762.      44534.      66552.      41828.
    5       61324.     182114.      82085.      40550.      54590.
    6       19438.      45598.     142742.      61508.      30989.
    7       16888.      12513.      28984.      94057.      40833.
    8       25148.       9828.       8015.      17052.      52451.
    9       11027.      10895.       5605.       4533.      10582.
   10       10255.       5728.       4670.       3414.       2392.
   11        7453.       5129.       2618.       2599.       2072.
   12       10231.       3524.       2804.       1304.       1477.
   13       10649.      11184.       9445.       9227.       9174.
 ====================================================================
 Total     440910.     422482.     385656.     336483.     349677.

   AGE       1992        1993        1994        1995        1996
 _____________________________________________________________________________

    3      140216.      86177.      81023.      24939.      23880.
    4      112102.     152661.      91790.      76224.      24090.
    5       37599.     106355.     124213.      76498.      57835.
    6       39595.      34261.      83039.      93089.      55390.
    7       23492.      29613.      25471.      59003.      61382.
    8       27593.      17246.      19894.      17556.      38715.
    9       27854.      17862.      10993.      13348.      10378.
   10        6744.      16803.      10518.       5978.       8063.
   11        1427.       3930.      10097.       5314.       2654.
   12        1307.        936.       2276.       5580.       2473.
   13        8936.       8731.       8583.       8900.       9070.
 ====================================================================
 Total     426866.     474575.     467899.     386430.     293931.

   AGE       1997        1998        1999        2000        2001
 _____________________________________________________________________________

    3       99304.      41143.      76569.      58701.      68750.
    4       25376.     106839.      46820.      88900.      56429.
    5       22977.      22684.      86802.      42360.      64157.
    6       51307.      19369.      18229.      68450.      30304.
    7       44137.      38925.      16348.      15779.      45200.
    8       45394.      34009.      27400.      13730.      10848.
    9       29008.      32793.      24872.      20952.       9759.
   10        6439.      20776.      21859.      19914.      13714.
   11        5545.       4398.      14864.      15993.      14707.
   12        1426.       4447.       3132.      11484.      11124.
   13        5493.       3324.       4268.       4353.      10492.
 ====================================================================
 Total     336405.     328709.     341162.     360616.     335485.

 Mean Biomass


   AGE       2002        2003        2004        2005
 _____________________________________________________________________________

    3      315980.     200441.      74994.      73491.
    4       82827.     301309.     212559.      90912.
    5       45854.      67361.     303344.     204607.
    6       47454.      32895.      61555.     263428.
    7       22867.      33043.      29986.      49757.
    8       30669.      14921.      29675.      23939.
    9        7271.      20212.      12067.      24215.
   10        7787.       4464.      16336.       8739.
   11       10452.       5008.       3563.      12788.
   12       10598.       7430.       3814.       2463.
   13       13266.      14123.      17249.      16161.
 ====================================================================
 Total     595025.     701207.     765143.     770499.

 Spawning Stock Biomass


   AGE       1987        1988        1989        1990        1991
 _____________________________________________________________________________

    3       16955.       8112.      11118.       7322.      21848.
    4      160043.      85238.      40177.      61364.      39530.
    5       68678.     193955.      91813.      44967.      64985.
    6       22381.      55422.     168221.      72747.      35762.
    7       20000.      16163.      35541.     117718.      49152.
    8       33228.      13308.       9403.      21971.      70558.
    9       13751.      16999.       6638.       5957.      12257.
   10       12883.       8135.       6040.       4184.       3151.
   11        9497.       7098.       3577.       3244.       2579.
   12       13040.       5033.       3512.       1654.       1869.
   13       13572.      14187.       9963.       9548.       9422.
 ====================================================================
 Total     384028.     423650.     386004.     350677.     311111.

   AGE       1992        1993        1994        1995        1996
 _____________________________________________________________________________

    3       29434.      17967.      18034.       5259.       4995.
    4      105305.     145996.      87881.      75809.      23425.
    5       42187.     117902.     142297.      87161.      67247.
    6       47950.      37315.      95197.     108682.      64557.
    7       28018.      34376.      29347.      70923.      74149.
    8       34249.      19628.      23389.      21177.      45007.
    9       37603.      21567.      14175.      16197.      12903.
   10        8961.      19772.      13692.       7699.       9606.
   11        1774.       4790.      13153.       7403.       3791.
   12        1687.       1109.       2883.       7108.       3101.
   13        9035.       8777.       8963.       9583.      10682.
 ====================================================================
 Total     346204.     429199.     449011.     417000.     319463.

   AGE       1997        1998        1999        2000        2001
 _____________________________________________________________________________

    3       20362.       8837.      16078.      12653.      14330.
    4       24054.     105002.      44628.      88547.      56077.
    5       26109.      25430.     103880.      49159.      75995.
    6       56293.      20500.      20421.      79868.      34751.
    7       49271.      44979.      18369.      17687.      53562.
    8       50491.      38290.      32474.      15165.      12578.
    9       32886.      38420.      28312.      23996.      11324.
   10        8036.      23371.      25890.      21795.      15946.
   11        6166.       4799.      17212.      18273.      16654.
   12        1641.       5017.       3653.      12880.      12834.
   13        8598.       4259.       5725.       5641.      12430.
 ====================================================================
 Total     283906.     318905.     316641.     345663.     316481.

 Spawning Stock Biomass


   AGE       2002        2003        2004        2005
 _____________________________________________________________________________

    3       64458.      43400.      15939.      15132.
    4       76796.     279240.     193296.      81250.
    5       51856.      74082.     325989.     220073.
    6       55275.      36583.      67266.     281757.
    7       26341.      36714.      32148.      53881.
    8       38045.      17174.      31207.      25902.
    9        9121.      22064.      13079.      25751.
   10        8758.       4840.      17584.       9614.
   11       11767.       5652.       4177.      13698.
   12       12563.       8274.       4179.       2657.
   13       17872.      15224.      18655.      17075.
 ====================================================================
 Total     372852.     543248.     723519.     746790.

 Catch Biomass


   AGE       1987        1988        1989        1990        1991
 _____________________________________________________________________________

    3         528.        747.       2942.       1890.      11972.
    4        8918.       9134.       5490.      11228.       9227.
    5       14468.      23748.      19145.       8720.      20020.
    6        5733.      18789.      49239.      21694.       9290.
    7        6004.       6841.      12503.      44809.      15961.
    8       15028.       6422.       2686.       9226.      33480.
    9        5164.      10755.       1993.       2653.       3256.
   10        4971.       4372.       2567.       1469.       1413.
   11        3848.       3608.       1764.       1223.        963.
   12        5286.       2737.       1342.        661.        739.
   13        5502.       5661.       1043.        654.        507.
 ====================================================================
 Total      75451.      92814.     100713.     104227.     106827.

   AGE       1992        1993        1994        1995        1996
 _____________________________________________________________________________

    3       14039.       7417.      18039.       2729.       2220.
    4       23299.      37512.      22771.      25113.       6772.
    5        9020.      22799.      35290.      20847.      18272.
    6       15999.       6071.      23720.      30232.      17783.
    7        8711.       9253.       7549.      22880.      24467.
    8       12640.       4660.       6761.       6942.      12217.
    9       18006.       7101.       5966.       5451.       4792.
   10        4115.       5740.       5933.       3228.       2972.
   11         660.       1642.       5711.       3818.       2060.
   12         712.        334.       1145.       2877.       1188.
   13         208.        100.        768.       1363.       3116.
 ====================================================================
 Total     107408.     102629.     133653.     125481.      95858.

   AGE       1997        1998        1999        2000        2001
 _____________________________________________________________________________

    3        5140.       6082.       7715.       9108.       5880.
    4        5757.      32473.      11175.      29572.      18494.
    5        6130.       5400.      32833.      13209.      22838.
    6        9883.       2274.       4313.      22141.       8676.
    7       10112.      11779.       3971.       3752.      16129.
    8       10051.       8406.       9786.       2837.       3362.
    9        7596.      10896.       6727.       5941.       3040.
   10        3029.       5097.       7777.       3732.       4334.
   11        1225.        796.       4564.       4453.       3814.
   12         419.       1118.       1010.       2745.       3328.
   13        5465.       1756.       2697.       2410.       3738.
 ====================================================================
 Total      64806.      86076.      92569.      99902.      93635.

 Catch Biomass


   AGE       2002        2003        2004        2005
 _____________________________________________________________________________

    3       13019.      32993.       9440.       4435.
    4       14939.      54057.      29723.       9434.
    5       11767.      13309.      45248.      30892.
    6       15177.       7275.      11337.      36695.
    7        6766.       7243.       4324.       8214.
    8       14010.       4389.       3092.       3912.
    9        3500.       3677.       2013.       3083.
   10        1906.        749.       2492.       1733.
   11        2582.       1263.       1189.       1821.
   12        3789.       1665.        722.        389.
   13        8514.       2197.       2802.       1838.
 ====================================================================
 Total      95969.     128818.     112382.     102447.

 Catch Numbers


   AGE       1987        1988        1989        1990        1991
 _____________________________________________________________________________

    3       3144.0      4757.0     22628.0     14884.0     88683.0
    4      44590.0     41331.0     26649.0     56995.0     49081.0
    5      60285.0     99366.0     77824.0     35593.0     86292.0
    6      20622.0     69331.0    188654.0     79757.0     34793.0
    7      19751.0     22955.0     43114.0    157225.0     55228.0
    8      46240.0     20131.0      8116.0     30248.0    110132.0
    9      15232.0     32201.0      5897.0      8187.0     10079.0
   10      13963.0     12349.0      7292.0      4372.0      4155.0
   11      10179.0     10250.0      4780.0      3379.0      2735.0
   12      13216.0      7378.0      3449.0      1786.0      2003.0
   13      13227.0     14048.0      2602.0      1726.0      1274.0
 ====================================================================
 Total    260449.0    334097.0    391005.0    394152.0    444455.0

   AGE       1992        1993        1994        1995        1996
 _____________________________________________________________________________

    3      94860.0     51153.0    134616.0     20991.0     15969.0
    4     122626.0    177780.0    113290.0    137232.0     40311.0
    5      38381.0     92680.0    142876.0     86864.0     86187.0
    6      58605.0     20791.0     87207.0    109140.0     68927.0
    7      27921.0     28560.0     24913.0     76780.0     84660.0
    8      38420.0     13313.0     20303.0     21361.0     39664.0
    9      53114.0     19617.0     16301.0     15225.0     14746.0
   10      11592.0     15266.0     15695.0      8541.0      8419.0
   11       1727.0      4254.0     14680.0      9617.0      5836.0
   12       1757.0       797.0      2936.0      7034.0      3152.0
   13        530.0       256.0      1874.0      3147.0      7750.0
 ====================================================================
 Total    449533.0    424467.0    574691.0    495932.0    375621.0

   AGE       1997        1998        1999        2000        2001
 _____________________________________________________________________________

    3      39240.0     45390.0     56315.0     57282.0     42304.0
    4      30141.0    175529.0     54779.0    136278.0     86422.0
    5      26307.0     22691.0    140913.0     49289.0     93597.0
    6      36738.0      8613.0     16093.0     76614.0     30336.0
    7      33705.0     40898.0     13506.0     11546.0     54491.0
    8      31022.0     25944.0     31467.0      8294.0     10375.0
    9      22277.0     32046.0     19845.0     16367.0      8762.0
   10       8531.0     14647.0     22031.0      9874.0     12244.0
   11       3383.0      2122.0     12609.0     11332.0      9907.0
   12       1141.0      2754.0      2673.0      6744.0      8259.0
   13      13767.0      4231.0      6676.0      5618.0      8838.0
 ====================================================================
 Total    246252.0    374865.0    376907.0    389238.0    365535.0

 Catch Numbers


   AGE       2002        2003        2004        2005
 _____________________________________________________________________________

    3      80863.0    211495.0     63355.0     26091.0
    4      70801.0    286017.0    139543.0     42116.0
    5      45607.0     58120.0    182450.0    117910.0
    6      54202.0     27979.0     40489.0    133437.0
    7      21211.0     25592.0     13727.0     27565.0
    8      42199.0     14203.0      9342.0     12074.0
    9       9888.0     10944.0      5769.0      9203.0
   10       4707.0      2230.0      7021.0      5172.0
   11       6520.0      3424.0      3136.0      5116.0
   12       9108.0      4225.0      1861.0      1045.0
   13      19046.0      5507.0      6720.0      4573.0
 ====================================================================
 Total    364152.0    649736.0    473413.0    384302.0


               Surplus Production

     Average Adjustment Factor (Delta) =   1.0000

 Year        Biomass  Delta Biomass  Catch Biomass  Surplus Production

 1987     504706.338      -9411.516      75450.782      66039.266
 1988     495294.822     -35295.403      92813.816      57518.413
 1989     459999.419     -49169.794     100713.041      51543.247
 1990     410829.626      15438.181     104226.989     119665.170
 1991     426267.807      80994.408     106827.024     187821.432
 1992     507262.214      46582.084     107408.317     153990.401
 1993     553844.298      10328.406     102628.948     112957.354
 1994     564172.703     -89616.164     133652.824      44036.660
 1995     474556.540    -113362.019     125480.745      12118.726
 1996     361194.520      27353.622      95858.270     123211.892
 1997     388548.142       3348.541      64805.906      68154.447
 1998     391896.683      16867.840      86076.430     102944.270
 1999     408764.523      24254.873      92569.079     116823.952
 2000     433019.396     -29648.498      99902.059      70253.561
 2001     403370.898     273895.201      93635.000     367530.201
 2002     677266.100     128141.095      95968.594     224109.689
 2003     805407.195      58093.315     128817.579     186910.894
 2004     863500.510        284.004     112381.969     112665.973
 2005     863784.514      16421.774     102447.402     118869.176
 2006     880206.288


 Summary of Survey Indices Used in the Estimate

 INDEX    Survey Tag    Age   Time  Type  Catchability Std. Error   CV
 _____________________________________________________________________________

   1 Acoustic              4   JAN-1 NUMBER  0.1114E+01  0.1125E+00  0.1010E+00
   2 Acoustic              5   JAN-1 NUMBER  0.1300E+01  0.1418E+00  0.1090E+00
   3 Acoustic              6   JAN-1 NUMBER  0.1196E+01  0.1013E+00  0.8470E-01
   4 Acoustic              7   JAN-1 NUMBER  0.1283E+01  0.1046E+00  0.8151E-01
   5 Acoustic              8   JAN-1 NUMBER  0.1326E+01  0.1409E+00  0.1062E+00
   6 Acoustic              9   JAN-1 NUMBER  0.1540E+01  0.2044E+00  0.1328E+00
   7 Acoustic             10   JAN-1 NUMBER  0.1609E+01  0.2513E+00  0.1562E+00
   8 Acoustic             11   JAN-1 NUMBER  0.1417E+01  0.2116E+00  0.1493E+00


 Survey Index:    1 Tag: Acoustic           AGE =  4
 Time = JAN-1           Type = NUMBER
 Catchability =    0.111368E+01   % Variance Contribution =     9.6431
 Unweighted Residual = LN(Observed) - LN(Predicted)

 Year      Observed        Predicted         Residual      Unweighted Resid
 _____________________________________________________________________________

 1987     N/A              0.110221E+07     N/A              N/A
 1988     0.401246E+06     0.531248E+06    -0.280654E+00    -0.280654E+00
 1989     0.201284E+06     0.268640E+06    -0.288655E+00    -0.288655E+00
 1990     0.655361E+06     0.429043E+06     0.423628E+00     0.423628E+00
 1991     0.132235E+06     0.289618E+06    -0.783981E+00    -0.783981E+00
 1992     0.104999E+07     0.763400E+06     0.318753E+00     0.318753E+00
 1993     0.830608E+06     0.953052E+06    -0.137512E+00    -0.137512E+00
 1994     0.505279E+06     0.602220E+06    -0.175512E+00    -0.175512E+00
 1995     N/A              0.570593E+06     N/A              N/A
 1996     0.133810E+06     0.192055E+06    -0.361362E+00    -0.361362E+00
 1997     0.270706E+06     0.173461E+06     0.445081E+00     0.445081E+00
 1998     0.601783E+06     0.781778E+06    -0.261674E+00    -0.261674E+00
 1999     0.255937E+06     0.301321E+06    -0.163245E+00    -0.163245E+00
 2000     0.839491E+06     0.562042E+06     0.401219E+00     0.401219E+00
 2001     0.966960E+06     0.360933E+06     0.985465E+00     0.985465E+00
 2002     0.287004E+06     0.501315E+06    -0.557738E+00    -0.557738E+00
 2003     0.191937E+07     0.203504E+07    -0.585180E-01    -0.585180E-01
 2004     0.143498E+07     0.124997E+07     0.138028E+00     0.138028E+00
 2005     0.713730E+06     0.499611E+06     0.356676E+00     0.356676E+00
 2006     0.443877E+06     0.443877E+06     0.272348E-07     0.272348E-07

 Survey Index:    2 Tag: Acoustic           AGE =  5
 Time = JAN-1           Type = NUMBER
 Catchability =    0.130038E+01   % Variance Contribution =    11.2241
 Unweighted Residual = LN(Observed) - LN(Predicted)

 Year      Observed        Predicted         Residual      Unweighted Resid
 _____________________________________________________________________________

 1987     N/A              0.391195E+06     N/A              N/A
 1988     0.858012E+06     0.110940E+07    -0.256952E+00    -0.256952E+00
 1989     0.232808E+06     0.510213E+06    -0.784614E+00    -0.784614E+00
 1990     0.179364E+06     0.250908E+06    -0.335670E+00    -0.335670E+00
 1991     0.258591E+06     0.382922E+06    -0.392585E+00    -0.392585E+00
 1992     0.354521E+06     0.245413E+06     0.367823E+00     0.367823E+00
 1993     0.729556E+06     0.655192E+06     0.107507E+00     0.107507E+00
 1994     0.882868E+06     0.787556E+06     0.114241E+00     0.114241E+00
 1995     N/A              0.496472E+06     N/A              N/A
 1996     0.761581E+06     0.433629E+06     0.563207E+00     0.563207E+00
 1997     0.133667E+06     0.153185E+06    -0.136294E+00    -0.136294E+00
 1998     0.810550E+05     0.146068E+06    -0.588946E+00    -0.588946E+00
 1999     0.108150E+07     0.609483E+06     0.573496E+00     0.573496E+00
 2000     0.239064E+06     0.250756E+06    -0.477499E-01    -0.477499E-01
 2001     0.131641E+07     0.425776E+06     0.112875E+01     0.112875E+01
 2002     0.217441E+06     0.274769E+06    -0.234003E+00    -0.234003E+00
 2003     0.553149E+06     0.442241E+06     0.223772E+00     0.223772E+00
 2004     0.205822E+07     0.179695E+07     0.135752E+00     0.135752E+00
 2005     0.102233E+07     0.114829E+07    -0.116191E+00    -0.116191E+00
 2006     0.344983E+06     0.475821E+06    -0.321547E+00    -0.321547E+00

 Survey Index:    3 Tag: Acoustic           AGE =  6
 Time = JAN-1           Type = NUMBER
 Catchability =    0.119564E+01   % Variance Contribution =     6.7764
 Unweighted Residual = LN(Observed) - LN(Predicted)

 Year      Observed        Predicted         Residual      Unweighted Resid
 _____________________________________________________________________________

 1987     N/A              0.101191E+06     N/A              N/A
 1988     0.308065E+06     0.257057E+06     0.181013E+00     0.181013E+00
 1989     0.381417E+06     0.810128E+06    -0.753299E+00    -0.753299E+00
 1990     0.278836E+06     0.336173E+06    -0.187001E+00    -0.187001E+00
 1991     0.943730E+05     0.168353E+06    -0.578810E+00    -0.578810E+00
 1992     0.319866E+06     0.220772E+06     0.370771E+00     0.370771E+00
 1993     0.158778E+06     0.160627E+06    -0.115783E-01    -0.115783E-01
 1994     0.496297E+06     0.439917E+06     0.120589E+00     0.120589E+00
 1995     N/A              0.493168E+06     N/A              N/A
 1996     0.277893E+06     0.314515E+06    -0.123797E+00    -0.123797E+00
 1997     0.468678E+06     0.263036E+06     0.577625E+00     0.577625E+00
 1998     0.573660E+05     0.976025E+05    -0.531451E+00    -0.531451E+00
 1999     0.103344E+06     0.957773E+05     0.760372E-01     0.760372E-01
 2000     0.605858E+06     0.347369E+06     0.556257E+00     0.556257E+00
 2001     0.191001E+06     0.152729E+06     0.223612E+00     0.223612E+00
 2002     0.260497E+06     0.248136E+06     0.486155E-01     0.486155E-01
 2003     0.205656E+06     0.176858E+06     0.150856E+00     0.150856E+00
 2004     0.330800E+06     0.301960E+06     0.912178E-01     0.912178E-01
 2005     0.104666E+07     0.128782E+07    -0.207353E+00    -0.207353E+00
 2006     0.818738E+06     0.821448E+06    -0.330484E-02    -0.330484E-02

 Survey Index:    4 Tag: Acoustic           AGE =  7
 Time = JAN-1           Type = NUMBER
 Catchability =    0.128312E+01   % Variance Contribution =     6.2756
 Unweighted Residual = LN(Observed) - LN(Predicted)

 Year      Observed        Predicted         Residual      Unweighted Resid
 _____________________________________________________________________________

 1987     N/A              0.887458E+05     N/A              N/A
 1988     0.571030E+05     0.731629E+05    -0.247832E+00    -0.247832E+00
 1989     0.188456E+06     0.165316E+06     0.131006E+00     0.131006E+00
 1990     0.592982E+06     0.557164E+06     0.623050E-01     0.623050E-01
 1991     0.191054E+06     0.229417E+06    -0.182983E+00    -0.182983E+00
 1992     0.898250E+05     0.121135E+06    -0.299046E+00    -0.299046E+00
 1993     0.130781E+06     0.143119E+06    -0.901501E-01    -0.901501E-01
 1994     0.669630E+05     0.130648E+06    -0.668363E+00    -0.668363E+00
 1995     N/A              0.321035E+06     N/A              N/A
 1996     0.385027E+06     0.346092E+06     0.106610E+00     0.106610E+00
 1997     0.269888E+06     0.221539E+06     0.197410E+00     0.197410E+00
 1998     0.287046E+06     0.210670E+06     0.309352E+00     0.309352E+00
 1999     0.517860E+05     0.842784E+05    -0.487005E+00    -0.487005E+00
 2000     0.882140E+05     0.734085E+05     0.183725E+00     0.183725E+00
 2001     0.482418E+06     0.244090E+06     0.681274E+00     0.681274E+00
 2002     0.161049E+06     0.111384E+06     0.368727E+00     0.368727E+00
 2003     0.262362E+06     0.174998E+06     0.404952E+00     0.404952E+00
 2004     0.109146E+06     0.137664E+06    -0.232133E+00    -0.232133E+00
 2005     0.171326E+06     0.243894E+06    -0.353167E+00    -0.353167E+00
 2006     0.122090E+07     0.108792E+07     0.115318E+00     0.115318E+00

 Survey Index:    5 Tag: Acoustic           AGE =  8
 Time = JAN-1           Type = NUMBER
 Catchability =    0.132612E+01   % Variance Contribution =    10.6592
 Unweighted Residual = LN(Observed) - LN(Predicted)

 Year      Observed        Predicted         Residual      Unweighted Resid
 _____________________________________________________________________________

 1987     N/A              0.142533E+06     N/A              N/A
 1988     0.325320E+05     0.581603E+05    -0.580979E+00    -0.580979E+00
 1989     0.464480E+05     0.396052E+05     0.159373E+00     0.159373E+00
 1990     0.179665E+06     0.100427E+06     0.581658E+00     0.581658E+00
 1991     0.514403E+06     0.323569E+06     0.463593E+00     0.463593E+00
 1992     0.138333E+06     0.145128E+06    -0.479542E-01    -0.479542E-01
 1993     0.541560E+05     0.781829E+05    -0.367182E+00    -0.367182E+00
 1994     0.582950E+05     0.979201E+05    -0.518636E+00    -0.518636E+00
 1995     N/A              0.908401E+05     N/A              N/A
 1996     0.176906E+06     0.203716E+06    -0.141109E+00    -0.141109E+00
 1997     0.325664E+06     0.217253E+06     0.404802E+00     0.404802E+00
 1998     0.155998E+06     0.164755E+06    -0.546185E-01    -0.546185E-01
 1999     0.135246E+06     0.145570E+06    -0.735601E-01    -0.735601E-01
 2000     0.433530E+05     0.618180E+05    -0.354819E+00    -0.354819E+00
 2001     0.343770E+05     0.541188E+05    -0.453794E+00    -0.453794E+00
 2002     0.345852E+06     0.159757E+06     0.772355E+00     0.772355E+00
 2003     0.153037E+06     0.774818E+05     0.680637E+00     0.680637E+00
 2004     0.100785E+06     0.131440E+06    -0.265560E+00    -0.265560E+00
 2005     0.624290E+05     0.111450E+06    -0.579548E+00    -0.579548E+00
 2006     0.281448E+06     0.193370E+06     0.375341E+00     0.375341E+00

 Survey Index:    6 Tag: Acoustic           AGE =  9
 Time = JAN-1           Type = NUMBER
 Catchability =    0.153967E+01   % Variance Contribution =    16.5167
 Unweighted Residual = LN(Observed) - LN(Predicted)

 Year      Observed        Predicted         Residual      Unweighted Resid
 _____________________________________________________________________________

 1987     N/A              0.656552E+05     N/A              N/A
 1988     0.704260E+05     0.823774E+05    -0.156748E+00    -0.156748E+00
 1989     0.257980E+05     0.317876E+05    -0.208778E-02    -0.208778E+00
 1990     0.221820E+05     0.297585E+05    -0.293834E+00    -0.293834E+00
 1991     0.793530E+05     0.614194E+05     0.256180E+00     0.256180E+00
 1992     0.256921E+06     0.179543E+06     0.358355E+00     0.358355E+00
 1993     0.963300E+05     0.964315E+05    -0.105262E-02    -0.105262E-02
 1994     0.106172E+06     0.626886E+05     0.526881E+00     0.526881E+00
 1995     N/A              0.732304E+05     N/A              N/A
 1996     0.981500E+05     0.642623E+05     0.423524E+00     0.423524E+00
 1997     0.217421E+06     0.156098E+06     0.331349E+00     0.331349E+00
 1998     0.203382E+06     0.182903E+06     0.106130E+00     0.106130E+00
 1999     0.705140E+05     0.135180E+06    -0.650794E+00    -0.650794E+00
 2000     0.165716E+06     0.106997E+06     0.437471E+00     0.437471E+00
 2001     0.157270E+05     0.528213E+05    -0.121154E+01    -0.121154E+01
 2002     0.624510E+05     0.417046E+05     0.403770E+00     0.403770E+00
 2003     0.276199E+06     0.106288E+06     0.954970E+00     0.954970E+00
 2004     0.386930E+05     0.606561E+05    -0.449562E+00    -0.449562E+00
 2005     0.443130E+05     0.124419E+06    -0.103238E+01    -0.103238E+01
 2006     0.122183E+06     0.994315E+05     0.206051E+00     0.206051E+00

 Survey Index:    7 Tag: Acoustic           AGE = 10
 Time = JAN-1           Type = NUMBER
 Catchability =    0.160901E+01   % Variance Contribution =    20.6232
 Unweighted Residual = LN(Observed) - LN(Predicted)

 Year      Observed        Predicted         Residual      Unweighted Resid
 _____________________________________________________________________________

 1987     N/A              0.612116E+05     N/A              N/A
 1988     0.367130E+05     0.388697E+05    -0.570847E-01    -0.570847E-01
 1989     0.328190E+05     0.290270E+05     0.122781E-02     0.122781E+00
 1990     0.217680E+05     0.210628E+05     0.329339E-03     0.329339E-01
 1991     0.376180E+05     0.156745E+05     0.875446E-02     0.875446E+00
 1992     0.212900E+05     0.426971E+05    -0.695893E+00    -0.695893E+00
 1993     0.966490E+05     0.889474E+05     0.830411E-01     0.830411E-01
 1994     0.488740E+05     0.612714E+05    -0.226067E+00    -0.226067E+00
 1995     N/A              0.344506E+05     N/A              N/A
 1996     0.485030E+05     0.460320E+05     0.522896E-01     0.522896E-01
 1997     0.929790E+05     0.382921E+05     0.887131E+00     0.887131E+00
 1998     0.105730E+06     0.113598E+06    -0.717730E-01    -0.717730E-01
 1999     0.101626E+06     0.124059E+06    -0.199458E+00    -0.199458E+00
 2000     0.899160E+05     0.975319E+05    -0.813036E-01    -0.813036E-01
 2001     0.379400E+05     0.761947E+05    -0.697286E+00    -0.697286E+00
 2002     0.571050E+05     0.365769E+05     0.445474E+00     0.445474E+00
 2003     0.992060E+05     0.243680E+05     0.140393E+01     0.140393E+01
 2004     0.455820E+05     0.837868E+05    -0.608762E+00    -0.608762E+00
 2005     0.109470E+05     0.485421E+05    -0.148937E+01    -0.148937E+01
 2006     0.129588E+06     0.103585E+06     0.223972E+00     0.223972E+00

 Survey Index:    8 Tag: Acoustic           AGE = 11
 Time = JAN-1           Type = NUMBER
 Catchability =    0.141686E+01   % Variance Contribution =    18.2816
 Unweighted Residual = LN(Observed) - LN(Predicted)

 Year      Observed        Predicted         Residual      Unweighted Resid
 _____________________________________________________________________________

 1987     N/A              0.374242E+05     N/A              N/A
 1988     0.235860E+05     0.300367E+05    -0.241767E+00    -0.241767E+00
 1989     0.174390E+05     0.144383E+05     0.188821E-02     0.188821E+00
 1990     0.130800E+05     0.133490E+05    -0.203570E-03    -0.203570E-01
 1991     0.939400E+04     0.109135E+05    -0.149926E-02    -0.149926E+00
 1992     0.986600E+04     0.691884E+04     0.354847E-02     0.354847E+00
 1993     0.245420E+05     0.184821E+05     0.283584E+00     0.283584E+00
 1994     0.362010E+05     0.503635E+05    -0.330181E+00    -0.330181E+00
 1995     N/A              0.277741E+05     N/A              N/A
 1996     0.162260E+05     0.159945E+05     0.143717E-01     0.143717E-01
 1997     0.554940E+05     0.253700E+05     0.782707E+00     0.782707E+00
 1998     0.354690E+05     0.190622E+05     0.620953E+00     0.620953E+00
 1999     0.539350E+05     0.708202E+05    -0.272365E+00    -0.272365E+00
 2000     0.121345E+06     0.692554E+05     0.560837E+00     0.560837E+00
 2001     0.143200E+05     0.644301E+05    -0.150392E+01    -0.150392E+01
 2002     0.384050E+05     0.442587E+05    -0.141864E+00    -0.141864E+00
 2003     0.476210E+05     0.228155E+05     0.735836E+00     0.735836E+00
 2004     0.703900E+04     0.164159E+05    -0.846787E-02    -0.846787E+00
 2005     0.239420E+05     0.573131E+05    -0.872895E+00    -0.872895E+00
 2006     0.733390E+05     0.317212E+05     0.838108E+00     0.838108E+00


Survey Weight Factors - Survey Index =     6

      1987        1.0000
      1988        1.0000
      1989        0.0100
      1990        1.0000
      1991        1.0000
      1992        1.0000
      1993        1.0000
      1994        1.0000
      1995        1.0000
      1996        1.0000
      1997        1.0000
      1998        1.0000
      1999        1.0000
      2000        1.0000
      2001        1.0000
      2002        1.0000
      2003        1.0000
      2004        1.0000
      2005        1.0000
      2006        1.0000


Survey Weight Factors - Survey Index =     7

      1987        1.0000
      1988        1.0000
      1989        0.0100
      1990        0.0100
      1991        0.0100
      1992        1.0000
      1993        1.0000
      1994        1.0000
      1995        1.0000
      1996        1.0000
      1997        1.0000
      1998        1.0000
      1999        1.0000
      2000        1.0000
      2001        1.0000
      2002        1.0000
      2003        1.0000
      2004        1.0000
      2005        1.0000
      2006        1.0000


Survey Weight Factors - Survey Index =     8

      1987        1.0000
      1988        1.0000
      1989        0.0100
      1990        0.0100
      1991        0.0100
      1992        0.0100
      1993        1.0000
      1994        1.0000
      1995        1.0000
      1996        1.0000
      1997        1.0000
      1998        1.0000
      1999        1.0000
      2000        1.0000
      2001        1.0000
      2002        1.0000
      2003        1.0000
      2004        0.0100
      2005        1.0000
      2006        1.0000



 Plus Group Diagnostic Report 

 Calculation Method Selected = Forward

          Population  Population    F            F
 Year     Backward     Forward    Forward     Backward    Ratio

 1987      34299.      34299.    0.516699    0.516699    1.000000
 1988      27157.      37008.    0.506200    0.776803    1.534577
 1989       7161.      26120.    0.110468    0.478521    4.331746
 1990       4543.      26485.    0.070896    0.506787    7.148321
 1991       3387.      24887.    0.055269    0.500324    9.052606
 1992       1321.      24229.    0.023250    0.544262   23.408884
 1993        894.      23719.    0.011405    0.356790   31.282312
 1994       4961.      22981.    0.089519    0.503037    5.619359
 1995       8174.      23266.    0.153103    0.515581    3.367543
 1996      21261.      27935.    0.343479    0.480505    1.398936
 1997      56717.      22768.    0.994961    0.293630    0.295117
 1998      19958.      10788.    0.528192    0.251418    0.475998
 1999      25372.      14898.    0.631958    0.322626    0.510518
 2000      27714.      13823.    0.553632    0.239012    0.431716
 2001      35825.      30893.    0.356301    0.299210    0.839765
 2002      66387.      42033.    0.641758    0.357511    0.557082
 2003      28777.      40111.    0.155588    0.224047    1.440002
 2004      40882.      47031.    0.162454    0.189298    1.165243
 2005      32864.      44652.    0.113749    0.157858    1.387773
 2006      31197.      41862.       N/A         N/A
