 VPA Version 3.3.0

 Model ID: k=0.3, 2009-2011 Ichtio.                                                        


 Input File: RUN1NWWG_R_24.DAT                                                               
 Date of Run: 15-NOV-2017                         Time of Run: 21:43


 Levenburg-Marquardt Algorithm Completed     8 Iterations
 Residual Sum of Squares =     3.74829    

 Number of Residuals     =     48
 Number of Parameters    =      9
 Degrees of Freedom      =     39
 Mean Squared Residual   =     0.961101E-01
 Standard Deviation      =     0.310016    


 Number of Years =     6
 Number of Ages  =    11
 First Year      =  1987
 Youngest Age    =     3
 Oldest True Age =    12

 Number of Survey Indices Available        =    10
 Number of Survey Indices Used in Estimate =     8


 VPA Classic Method - Auto Estimated Q's


 Stock Numbers Predicted in Terminal Year Plus One (1993)
 Age    Stock Predicted     Std. Error      CV

   4         972370.321   0.341013E+06   0.350702E+00
   5         888254.957   0.238800E+06   0.268842E+00
   6         169335.282   0.421493E+05   0.248910E+00
   7         171795.712   0.435730E+05   0.253633E+00
   8          42518.361   0.122313E+05   0.287672E+00
   9          61583.665   0.190477E+05   0.309298E+00
  10          94068.745   0.318021E+05   0.338073E+00
  11          19201.631   0.699389E+04   0.364234E+00
  12           4984.136   0.450938E+04   0.904746E+00

 Catchability Values for Each Survey Used in Estimate
 INDEX     Catchability    Std. Error      CV

   1       0.854210E+00   0.131851E+00   0.154355E+00
   2       0.898564E+00   0.123570E+00   0.137520E+00
   3       0.932977E+00   0.134545E+00   0.144210E+00
   4       0.107114E+01   0.912508E-01   0.851904E-01
   5       0.135302E+01   0.205976E+00   0.152235E+00
   6       0.135669E+01   0.115429E+00   0.850814E-01
   7       0.139704E+01   0.296251E+00   0.212056E+00
   8       0.124993E+01   0.803050E-01   0.642474E-01


 -- Non-Linear Least Squares Fit --

 Maximum Marquadt Iterations    =       100
 Scaled Gradient Tolerance      =    6.055454E-05
 Scaled Step Tolerance          =    1.000000E-18
 Relative Function Tolerance    =    1.000000E-18
 Absolute Function Tolerance    =    4.930381E-32

 Reported Machine Precision     =    2.220446E-16


 VPA Method Options

 - Catchability Values Estimated as an Analytic Function of N
 - Catch Equation Used in Cohort Solution
 - Plus Group Forward Calculation Method Used
 - Arithmetic Average Used in F-Oldest Calculation
 - F-Oldest Calculation in Years Prior to Terminal Year 
   Uses Fishing Mortality in Ages  8 to 11
 - Calculation of Population of Age 3 In Year 1993
   =  Geometric Mean of First Age Populations
      Year Range Applied =  1987 to  1989
 - Survey Weight Factors Were Used

 Stock Estimates 

 Age   4
 Age   5
 Age   6
 Age   7
 Age   8
 Age   9
 Age  10
 Age  11
 Age  12

 Full F in Terminal Year               =   0.3697

 F in Oldest True Age in Terminal Year =   0.4073

 Full F Calculated Using Classic Method

 F in Oldest True Age in Terminal Year has been
 Calculated in Same Manner as in All Other Years

 Age  Input Partial  Calc Partial   Fishing     Used In
      Recruitment    Recruitment    Mortality   Full F    Comments

   3      0.500          0.183       0.0886      NO      Stock Estimate in T+1   
   4      0.800          0.255       0.1232      NO      Stock Estimate in T+1   
   5      1.000          0.403       0.1949      YES     Stock Estimate in T+1   
   6      1.000          0.580       0.2804      YES     Stock Estimate in T+1   
   7      1.000          1.000       0.4836      YES     Stock Estimate in T+1   
   8      1.000          0.960       0.4643      YES     Stock Estimate in T+1   
   9      1.000          0.886       0.4285      YES     Stock Estimate in T+1   
  10      1.000          0.935       0.4523      YES     Stock Estimate in T+1   
  11      1.000          0.588       0.2842      YES     Stock Estimate in T+1   
  12      1.000          0.842       0.4073              F-Oldest                

 Catch At Age - Input Data


   AGE       1987        1988        1989        1990        1991
 ____________________________________________________________________

    3       3144.0      4757.0     22628.0     14884.0     88683.0
    4      44590.0     41331.0     26649.0     56995.0     49081.0
    5      60285.0     99366.0     77824.0     35593.0     86292.0
    6      20622.0     69331.0    188654.0     79757.0     34793.0
    7      19751.0     22955.0     43114.0    157225.0     55228.0
    8      46240.0     20131.0      8116.0     30248.0    110132.0
    9      15232.0     32201.0      5897.0      8187.0     10079.0
   10      13963.0     12349.0      7292.0      4372.0      4155.0
   11      10179.0     10250.0      4780.0      3379.0      2735.0
   12      13216.0      7378.0      3449.0      1786.0      2003.0
   13      13227.0     14048.0      2602.0      1726.0      1274.0

   AGE       1992
 ____________________________________________________________________

    3      94860.0
    4     122626.0
    5      38381.0
    6      58605.0
    7      27921.0
    8      38420.0
    9      53114.0
   10      11592.0
   11       1727.0
   12       1757.0
   13        530.0

 Weight At Age - Input Data


   AGE       1987        1988        1989        1990        1991
 ____________________________________________________________________

    3       0.1680      0.1570      0.1300      0.1270      0.1350
    4       0.2000      0.2210      0.2060      0.1970      0.1880
    5       0.2400      0.2390      0.2460      0.2450      0.2320
    6       0.2780      0.2710      0.2610      0.2720      0.2670
    7       0.3040      0.2980      0.2900      0.2850      0.2890
    8       0.3250      0.3190      0.3310      0.3050      0.3040
    9       0.3390      0.3340      0.3380      0.3240      0.3230
   10       0.3560      0.3540      0.3520      0.3360      0.3400
   11       0.3780      0.3520      0.3690      0.3620      0.3520
   12       0.4000      0.3710      0.3890      0.3700      0.3690
   13       0.4160      0.4030      0.4010      0.3790      0.3980

   AGE       1992
 ____________________________________________________________________

    3       0.1480
    4       0.1900
    5       0.2350
    6       0.2730
    7       0.3120
    8       0.3290
    9       0.3390
   10       0.3550
   11       0.3820
   12       0.4050
   13       0.3920

 JAN-1 Weights at Age - Input Data


   AGE       1987        1988        1989        1990        1991
 ____________________________________________________________________

    3       0.1680      0.1570      0.1300      0.1270      0.1350
    4       0.2000      0.2210      0.2060      0.1970      0.1880
    5       0.2400      0.2390      0.2460      0.2450      0.2320
    6       0.2780      0.2710      0.2610      0.2720      0.2670
    7       0.3040      0.2980      0.2900      0.2850      0.2890
    8       0.3250      0.3190      0.3310      0.3050      0.3040
    9       0.3390      0.3340      0.3380      0.3240      0.3230
   10       0.3560      0.3540      0.3520      0.3360      0.3400
   11       0.3780      0.3520      0.3690      0.3620      0.3520
   12       0.4000      0.3710      0.3890      0.3700      0.3690
   13       0.4160      0.4030      0.4010      0.3790      0.3980

   AGE       1992        1993
 ____________________________________________________________________

    3       0.1480      0.1450
    4       0.1900      0.2110
    5       0.2350      0.2460
    6       0.2730      0.2920
    7       0.3120      0.3240
    8       0.3290      0.3500
    9       0.3390      0.3620
   10       0.3550      0.3760
   11       0.3820      0.3860
   12       0.4050      0.4190
   13       0.3920      0.3890

 SSB Weight At Age - Input Data


   AGE       1987        1988        1989        1990        1991
 ____________________________________________________________________

    3       0.1680      0.1570      0.1300      0.1270      0.1350
    4       0.2000      0.2210      0.2060      0.1970      0.1880
    5       0.2400      0.2390      0.2460      0.2450      0.2320
    6       0.2780      0.2710      0.2610      0.2720      0.2670
    7       0.3040      0.2980      0.2900      0.2850      0.2890
    8       0.3250      0.3190      0.3310      0.3050      0.3040
    9       0.3390      0.3340      0.3380      0.3240      0.3230
   10       0.3560      0.3540      0.3520      0.3360      0.3400
   11       0.3780      0.3520      0.3690      0.3620      0.3520
   12       0.4000      0.3710      0.3890      0.3700      0.3690
   13       0.4160      0.4030      0.4010      0.3790      0.3980

   AGE       1992
 ____________________________________________________________________

    3       0.1480
    4       0.1900
    5       0.2350
    6       0.2730
    7       0.3120
    8       0.3290
    9       0.3390
   10       0.3550
   11       0.3820
   12       0.4050
   13       0.3920

 Natural Mortality - Input Data


   AGE       1987        1988        1989        1990        1991
 ____________________________________________________________________

    3       0.1000      0.1000      0.1000      0.1000      0.1000
    4       0.1000      0.1000      0.1000      0.1000      0.1000
    5       0.1000      0.1000      0.1000      0.1000      0.1000
    6       0.1000      0.1000      0.1000      0.1000      0.1000
    7       0.1000      0.1000      0.1000      0.1000      0.1000
    8       0.1000      0.1000      0.1000      0.1000      0.1000
    9       0.1000      0.1000      0.1000      0.1000      0.1000
   10       0.1000      0.1000      0.1000      0.1000      0.1000
   11       0.1000      0.1000      0.1000      0.1000      0.1000
   12       0.1000      0.1000      0.1000      0.1000      0.1000
   13       0.1000      0.1000      0.1000      0.1000      0.1000

   AGE       1992
 ____________________________________________________________________

    3       0.1000
    4       0.1000
    5       0.1000
    6       0.1000
    7       0.1000
    8       0.1000
    9       0.1000
   10       0.1000
   11       0.1000
   12       0.1000
   13       0.1000

 Proportion of Natural Mortality Before Spawning =       0.5000
 Proportion of Fishing Mortality Before Spawning =       0.0000

 Maturity - Input Data


   AGE       1987        1988        1989        1990        1991
 ____________________________________________________________________

    3       0.2000      0.2000      0.2000      0.2000      0.2000
    4       0.8500      0.8500      0.8500      0.8500      0.8500
    5       1.0000      1.0000      1.0000      1.0000      1.0000
    6       1.0000      1.0000      1.0000      1.0000      1.0000
    7       1.0000      1.0000      1.0000      1.0000      1.0000
    8       1.0000      1.0000      1.0000      1.0000      1.0000
    9       1.0000      1.0000      1.0000      1.0000      1.0000
   10       1.0000      1.0000      1.0000      1.0000      1.0000
   11       1.0000      1.0000      1.0000      1.0000      1.0000
   12       1.0000      1.0000      1.0000      1.0000      1.0000
   13       1.0000      1.0000      1.0000      1.0000      1.0000

   AGE       1992
 ____________________________________________________________________

    3       0.2000
    4       0.8500
    5       1.0000
    6       1.0000
    7       1.0000
    8       1.0000
    9       1.0000
   10       1.0000
   11       1.0000
   12       1.0000
   13       1.0000

 Input Partial Recruitment

   AGE

    3       0.5000
    4       0.8000
    5       1.0000
    6       1.0000
    7       1.0000
    8       1.0000
    9       1.0000
   10       1.0000
   11       1.0000
   12       1.0000


 Input F-Plus Ratio

   YEAR

   1987       1.0000
   1988       1.0000
   1989       1.0000
   1990       1.0000
   1991       1.0000
   1992       1.0000

 SURVEY - INPUT DATA


INDEX                   1                  2                  3

SURVEY TAG      Acoustic            Acoustic            Acoustic          

AGE                   4                   5                   6       
TIME               JAN-1               JAN-1               JAN-1       
TYPE              NUMBERS             NUMBERS             NUMBERS      
RETRO FLAG           1                   1                   1
 ________________________________________________________________________

    1987              0.0000              0.0000              0.0000
    1988         401246.0000         858012.0000         308065.0000
    1989         201284.0000         232808.0000         381417.0000
    1990         655361.0000         179364.0000         278836.0000
    1991         132235.0000         258591.0000          94373.0000
    1992        1049990.0000         354521.0000         319866.0000
    1993         830608.0000         729556.0000         158778.0000

 SURVEY - INPUT DATA


INDEX                   4                  5                  6

SURVEY TAG      Acoustic            Acoustic            Acoustic          

AGE                   7                   8                   9       
TIME               JAN-1               JAN-1               JAN-1       
TYPE              NUMBERS             NUMBERS             NUMBERS      
RETRO FLAG           1                   1                   1
 ________________________________________________________________________

    1987              0.0000              0.0000              0.0000
    1988          57103.0000          32532.0000          70426.0000
    1989         188456.0000          46448.0000          25798.0000
    1990         592982.0000         179665.0000          22182.0000
    1991         191054.0000         514403.0000          79353.0000
    1992          89825.0000         138333.0000         256921.0000
    1993         130781.0000          54156.0000          96330.0000

 SURVEY - INPUT DATA


INDEX                   7                  8                  9

SURVEY TAG      Acoustic            Acoustic            Acoustic          

AGE                  10                  11                  12       
TIME               JAN-1               JAN-1               JAN-1       
TYPE              NUMBERS             NUMBERS             NUMBERS      
RETRO FLAG           1                   1                   1
 ________________________________________________________________________

    1987              0.0000              0.0000              0.0000
    1988          36713.0000          23586.0000          18401.0000
    1989          32819.0000          17439.0000          10373.0000
    1990          21768.0000          13080.0000           9941.0000
    1991          37618.0000           9394.0000          12636.0000
    1992          21290.0000           9866.0000              0.0000
    1993          96649.0000          24542.0000              0.0000

INDEX                  10

SURVEY TAG      Acoustic          

AGE                  13       
TIME               JAN-1       
TYPE              NUMBERS      
RETRO FLAG           1
 ________________________________________________________________________

    1987              0.0000
    1988          24278.0000
    1989           9081.0000
    1990           1989.0000
    1991              0.0000
    1992           9327.0000
    1993              0.0000

     Additional Output Files 

Population File RUN1NWWG_R_24.PP2                                               
Auxilliary File RUN1NWWG_R_24.AUX                                               
Covariance File RUN1NWWG_R_24.CV                                                
Residuals File  RUN1NWWG_R_24.RSD                                               
Log File        RUN1NWWG_R_24.LOG                                               


                             Estimation Results

 JAN-1 Population Numbers


   AGE       1987        1988        1989        1990        1991
 _____________________________________________________________________________

    3      528574.     244403.     539606.     350307.    1320317.
    4     1060917.     475284.     216623.     466748.     302824.
    5      312144.     917575.     390787.     170699.     368200.
    6       88682.     225227.     735871.     279745.     120681.
    7       71027.      60681.     138084.     486931.     177512.
    8      109196.      45542.      33171.      84084.     291610.
    9       43460.      55051.      22165.      22316.      47434.
   10       38965.      24896.      19429.      14463.      12439.
   11       26948.      22032.      10855.      10675.       8943.
   12       34945.      14746.      10243.       5301.       6457.
   13       34974.      38227.      27655.      28552.      27299.
 ====================================================================
 Total    2349833.    2123663.    2144489.    1919822.    2683717.

   AGE       1992        1993
 _____________________________________________________________________________

    3     1174244.     411557.
    4     1110401.     972370.
    5      227411.     888255.
    6      251304.     169335.
    7       76213.     171796.
    8      108278.      42518.
    9      159578.      61584.
   10       33357.      94069.
   11        7319.      19202.
   12        5500.       4984.
   13       27435.      27632.
 ====================================================================
 Total    3181040.    2863301.



Fishing Mortality Calculated


   AGE       1987        1988        1989        1990        1991
 _____________________________________________________________________________

    3       0.0063      0.0207      0.0450      0.0457      0.0732
    4       0.0452      0.0957      0.1383      0.1372      0.1864
    5       0.2264      0.1207      0.2343      0.2467      0.2820
    6       0.2794      0.3892      0.3129      0.3548      0.3596
    7       0.3444      0.5040      0.3960      0.4127      0.3943
    8       0.5849      0.6201      0.2964      0.4725      0.5029
    9       0.4571      0.9415      0.3269      0.4845      0.2521
   10       0.4702      0.7300      0.4988      0.3807      0.4304
   11       0.5030      0.6659      0.6169      0.4027      0.3862
   12       0.5038      0.7394      0.4347      0.4351      0.3929
   13       0.5038      0.4855      0.1040      0.0656      0.0503

   AGE       1992
 _____________________________________________________________________________

    3       0.0886
    4       0.1232
    5       0.1949
    6       0.2804
    7       0.4836
    8       0.4643
    9       0.4285
   10       0.4523
   11       0.2842
   12       0.4073
   13       0.0205


 Average Fishing Mortality For Ages   5- 10

 Year      Average F   N Weighted  Biomass Wtd  Catch Wtd

 _____________________________________________________________________________

 1987       0.3937      0.3345      0.3525      0.3793
 1988       0.5509      0.2462      0.2707      0.3993
 1989       0.3442      0.3011      0.3043      0.3092
 1990       0.3920      0.3765      0.3806      0.3865
 1991       0.3702      0.3745      0.3831      0.3936
 1992       0.3840      0.3333      0.3485      0.3651

 Back Calculated Partial Recruitment


   AGE       1987        1988        1989        1990        1991
 _____________________________________________________________________________

    3       0.0107      0.0219      0.0730      0.0942      0.1455
    4       0.0772      0.1017      0.2241      0.2831      0.3706
    5       0.3870      0.1282      0.3798      0.5093      0.5607
    6       0.4778      0.4134      0.5073      0.7325      0.7151
    7       0.5889      0.5353      0.6420      0.8519      0.7841
    8       1.0000      0.6587      0.4804      0.9753      1.0000
    9       0.7816      1.0000      0.5299      1.0000      0.5013
   10       0.8038      0.7754      0.8087      0.7859      0.8559
   11       0.8599      0.7073      1.0000      0.8313      0.7679
   12       0.8613      0.7854      0.7047      0.8981      0.7813
   13       0.8613      0.5157      0.1686      0.1354      0.0999

   AGE       1992
 _____________________________________________________________________________

    3       0.1833
    4       0.2548
    5       0.4030
    6       0.5797
    7       1.0000
    8       0.9601
    9       0.8861
   10       0.9352
   11       0.5877
   12       0.8423
   13       0.0424

 JAN-1 Biomass


   AGE       1987        1988        1989        1990        1991
 _____________________________________________________________________________

    3       88800.      38371.      70149.      44489.     178243.
    4      212183.     105038.      44624.      91949.      56931.
    5       74915.     219301.      96134.      41821.      85422.
    6       24654.      61036.     192062.      76091.      32222.
    7       21592.      18083.      40044.     138775.      51301.
    8       35489.      14528.      10980.      25646.      88649.
    9       14733.      18387.       7492.       7230.      15321.
   10       13872.       8813.       6839.       4860.       4229.
   11       10186.       7755.       4006.       3865.       3148.
   12       13978.       5471.       3985.       1961.       2383.
   13       14549.      15406.      11090.      10821.      10865.
 ====================================================================
 Total     524951.     512188.     487404.     447509.     528715.

   AGE       1992        1993
 _____________________________________________________________________________

    3      173788.      59676.
    4      210976.     205170.
    5       53442.     218511.
    6       68606.      49446.
    7       23778.      55662.
    8       35624.      14881.
    9       54097.      22293.
   10       11842.      35370.
   11        2796.       7412.
   12        2227.       2088.
   13       10754.      10749.
 ====================================================================
 Total     647930.     681258.

 Mean Biomass


   AGE       1987        1988        1989        1990        1991
 _____________________________________________________________________________

    3       84245.      36147.      65299.      41401.     163665.
    4      197503.      95396.      39706.      81859.      49504.
    5       63918.     196789.      81716.      35341.      71001.
    6       20516.      48270.     157346.      61137.      25832.
    7       17432.      13574.      31570.     108574.      40476.
    8       25694.      10355.       9065.      19526.      66576.
    9       11296.      11424.       6098.       5475.      12915.
   10       10573.       5988.       5146.       3858.       3282.
   11        7650.       5418.       2859.       3037.       2493.
   12       10493.       3702.       3086.       1519.       1881.
   13       10922.      11661.      10032.       9973.      10088.
 ====================================================================
 Total     460241.     438723.     411922.     371700.     447714.

   AGE       1992
 _____________________________________________________________________________

    3      158380.
    4      189088.
    5       46283.
    6       57067.
    7       18014.
    8       27224.
    9       42020.
   10        9099.
   11        2321.
   12        1747.
   13       10132.
 ====================================================================
 Total     561374.

 Spawning Stock Biomass


   AGE       1987        1988        1989        1990        1991
 _____________________________________________________________________________

    3       16894.       7300.      13346.       8464.      33910.
    4      171560.      84928.      36081.      74345.      46031.
    5       71261.     208605.      91445.      39782.      81256.
    6       23451.      58060.     182695.      72380.      30650.
    7       20539.      17201.      38091.     132007.      48799.
    8       33758.      13819.      10444.      24395.      84326.
    9       14014.      17490.       7126.       6878.      14574.
   10       13195.       8383.       6506.       4623.       4023.
   11        9690.       7377.       3810.       3676.       2994.
   12       13296.       5204.       3790.       1866.       2267.
   13       13840.      14654.      10549.      10294.      10335.
 ====================================================================
 Total     401498.     443021.     403883.     378708.     359166.

   AGE       1992
 _____________________________________________________________________________

    3       33062.
    4      170584.
    5       50835.
    6       65260.
    7       22619.
    8       33886.
    9       51459.
   10       11264.
   11        2659.
   12        2119.
   13       10230.
 ====================================================================
 Total     453977.

 Catch Biomass


   AGE       1987        1988        1989        1990        1991
 _____________________________________________________________________________

    3         528.        747.       2942.       1890.      11972.
    4        8918.       9134.       5490.      11228.       9227.
    5       14468.      23748.      19145.       8720.      20020.
    6        5733.      18789.      49239.      21694.       9290.
    7        6004.       6841.      12503.      44809.      15961.
    8       15028.       6422.       2686.       9226.      33480.
    9        5164.      10755.       1993.       2653.       3256.
   10        4971.       4372.       2567.       1469.       1413.
   11        3848.       3608.       1764.       1223.        963.
   12        5286.       2737.       1342.        661.        739.
   13        5502.       5661.       1043.        654.        507.
 ====================================================================
 Total      75451.      92814.     100713.     104227.     106827.

   AGE       1992
 _____________________________________________________________________________

    3       14039.
    4       23299.
    5        9020.
    6       15999.
    7        8711.
    8       12640.
    9       18006.
   10        4115.
   11         660.
   12         712.
   13         208.
 ====================================================================
 Total     107408.

 Catch Numbers


   AGE       1987        1988        1989        1990        1991
 _____________________________________________________________________________

    3       3144.0      4757.0     22628.0     14884.0     88683.0
    4      44590.0     41331.0     26649.0     56995.0     49081.0
    5      60285.0     99366.0     77824.0     35593.0     86292.0
    6      20622.0     69331.0    188654.0     79757.0     34793.0
    7      19751.0     22955.0     43114.0    157225.0     55228.0
    8      46240.0     20131.0      8116.0     30248.0    110132.0
    9      15232.0     32201.0      5897.0      8187.0     10079.0
   10      13963.0     12349.0      7292.0      4372.0      4155.0
   11      10179.0     10250.0      4780.0      3379.0      2735.0
   12      13216.0      7378.0      3449.0      1786.0      2003.0
   13      13227.0     14048.0      2602.0      1726.0      1274.0
 ====================================================================
 Total    260449.0    334097.0    391005.0    394152.0    444455.0

   AGE       1992
 _____________________________________________________________________________

    3      94860.0
    4     122626.0
    5      38381.0
    6      58605.0
    7      27921.0
    8      38420.0
    9      53114.0
   10      11592.0
   11       1727.0
   12       1757.0
   13        530.0
 ====================================================================
 Total    449533.0


               Surplus Production

     Average Adjustment Factor (Delta) =   1.0000

 Year        Biomass  Delta Biomass  Catch Biomass  Surplus Production

 1987     524951.293     -12763.031      75450.782      62687.751
 1988     512188.262     -24784.609      92813.816      68029.207
 1989     487403.652     -39895.129     100713.041      60817.912
 1990     447508.523      81206.138     104226.989     185433.127
 1991     528714.662     119215.576     106827.024     226042.600
 1992     647930.238      33327.567     107408.317     140735.884
 1993     681257.805


 Summary of Survey Indices Used in the Estimate

 INDEX    Survey Tag    Age   Time  Type  Catchability Std. Error   CV
 _____________________________________________________________________________

   1 Acoustic              4   JAN-1 NUMBER  0.8542E+00  0.1319E+00  0.1544E+00
   2 Acoustic              5   JAN-1 NUMBER  0.8986E+00  0.1236E+00  0.1375E+00
   3 Acoustic              6   JAN-1 NUMBER  0.9330E+00  0.1345E+00  0.1442E+00
   4 Acoustic              7   JAN-1 NUMBER  0.1071E+01  0.9125E-01  0.8519E-01
   5 Acoustic              8   JAN-1 NUMBER  0.1353E+01  0.2060E+00  0.1522E+00
   6 Acoustic              9   JAN-1 NUMBER  0.1357E+01  0.1154E+00  0.8508E-01
   7 Acoustic             10   JAN-1 NUMBER  0.1397E+01  0.2963E+00  0.2121E+00
   8 Acoustic             11   JAN-1 NUMBER  0.1250E+01  0.8031E-01  0.6425E-01


 Survey Index:    1 Tag: Acoustic           AGE =  4
 Time = JAN-1           Type = NUMBER
 Catchability =    0.854210E+00   % Variance Contribution =    19.0690
 Unweighted Residual = LN(Observed) - LN(Predicted)

 Year      Observed        Predicted         Residual      Unweighted Resid
 _____________________________________________________________________________

 1987     N/A              0.906245E+06     N/A              N/A
 1988     0.401246E+06     0.405992E+06    -0.117594E-01    -0.117594E-01
 1989     0.201284E+06     0.185041E+06     0.841387E-01     0.841387E-01
 1990     0.655361E+06     0.398701E+06     0.496975E+00     0.496975E+00
 1991     0.132235E+06     0.258675E+06    -0.670993E+00    -0.670993E+00
 1992     0.104999E+07     0.948515E+06     0.101638E+00     0.101638E+00
 1993     0.830608E+06     0.830608E+06     0.352091E-07     0.352091E-07

 Survey Index:    2 Tag: Acoustic           AGE =  5
 Time = JAN-1           Type = NUMBER
 Catchability =    0.898564E+00   % Variance Contribution =    15.1362
 Unweighted Residual = LN(Observed) - LN(Predicted)

 Year      Observed        Predicted         Residual      Unweighted Resid
 _____________________________________________________________________________

 1987     N/A              0.280482E+06     N/A              N/A
 1988     0.858012E+06     0.824500E+06     0.398405E-01     0.398405E-01
 1989     0.232808E+06     0.351148E+06    -0.410992E+00    -0.410992E+00
 1990     0.179364E+06     0.153384E+06     0.156474E+00     0.156474E+00
 1991     0.258591E+06     0.330852E+06    -0.246422E+00    -0.246422E+00
 1992     0.354521E+06     0.204343E+06     0.550965E+00     0.550965E+00
 1993     0.729556E+06     0.798154E+06    -0.898655E-01    -0.898655E-01

 Survey Index:    3 Tag: Acoustic           AGE =  6
 Time = JAN-1           Type = NUMBER
 Catchability =    0.932977E+00   % Variance Contribution =    16.6448
 Unweighted Residual = LN(Observed) - LN(Predicted)

 Year      Observed        Predicted         Residual      Unweighted Resid
 _____________________________________________________________________________

 1987     N/A              0.827388E+05     N/A              N/A
 1988     0.308065E+06     0.210132E+06     0.382577E+00     0.382577E+00
 1989     0.381417E+06     0.686551E+06    -0.587787E+00    -0.587787E+00
 1990     0.278836E+06     0.260996E+06     0.661180E-01     0.661180E-01
 1991     0.943730E+05     0.112593E+06    -0.176521E+00    -0.176521E+00
 1992     0.319866E+06     0.234461E+06     0.310612E+00     0.310612E+00
 1993     0.158778E+06     0.157986E+06     0.500075E-02     0.500075E-02

 Survey Index:    4 Tag: Acoustic           AGE =  7
 Time = JAN-1           Type = NUMBER
 Catchability =    0.107114E+01   % Variance Contribution =     5.8086
 Unweighted Residual = LN(Observed) - LN(Predicted)

 Year      Observed        Predicted         Residual      Unweighted Resid
 _____________________________________________________________________________

 1987     N/A              0.760800E+05     N/A              N/A
 1988     0.571030E+05     0.649975E+05    -0.129492E+00    -0.129492E+00
 1989     0.188456E+06     0.147908E+06     0.242277E+00     0.242277E+00
 1990     0.592982E+06     0.521572E+06     0.128318E+00     0.128318E+00
 1991     0.191054E+06     0.190140E+06     0.479527E-02     0.479527E-02
 1992     0.898250E+05     0.816348E+05     0.956077E-01     0.956077E-01
 1993     0.130781E+06     0.184017E+06    -0.341506E+00    -0.341506E+00

 Survey Index:    5 Tag: Acoustic           AGE =  8
 Time = JAN-1           Type = NUMBER
 Catchability =    0.135302E+01   % Variance Contribution =    18.5488
 Unweighted Residual = LN(Observed) - LN(Predicted)

 Year      Observed        Predicted         Residual      Unweighted Resid
 _____________________________________________________________________________

 1987     N/A              0.147744E+06     N/A              N/A
 1988     0.325320E+05     0.616187E+05    -0.638742E+00    -0.638742E+00
 1989     0.464480E+05     0.448805E+05     0.343294E-01     0.343294E-01
 1990     0.179665E+06     0.113767E+06     0.456940E+00     0.456940E+00
 1991     0.514403E+06     0.394553E+06     0.265253E+00     0.265253E+00
 1992     0.138333E+06     0.146502E+06    -0.573778E-01    -0.573778E-01
 1993     0.541560E+05     0.575280E+05    -0.604037E-01    -0.604037E-01

 Survey Index:    6 Tag: Acoustic           AGE =  9
 Time = JAN-1           Type = NUMBER
 Catchability =    0.135669E+01   % Variance Contribution =     5.1673
 Unweighted Residual = LN(Observed) - LN(Predicted)

 Year      Observed        Predicted         Residual      Unweighted Resid
 _____________________________________________________________________________

 1987     N/A              0.589617E+05     N/A              N/A
 1988     0.704260E+05     0.746864E+05    -0.587349E-01    -0.587349E-01
 1989     0.257980E+05     0.300703E+05    -0.153242E-02    -0.153242E+00
 1990     0.221820E+05     0.302760E+05    -0.311074E+00    -0.311074E+00
 1991     0.793530E+05     0.643531E+05     0.209521E+00     0.209521E+00
 1992     0.256921E+06     0.216497E+06     0.171191E+00     0.171191E+00
 1993     0.963300E+05     0.835497E+05     0.142338E+00     0.142338E+00

 Survey Index:    7 Tag: Acoustic           AGE = 10
 Time = JAN-1           Type = NUMBER
 Catchability =    0.139704E+01   % Variance Contribution =    18.9713
 Unweighted Residual = LN(Observed) - LN(Predicted)

 Year      Observed        Predicted         Residual      Unweighted Resid
 _____________________________________________________________________________

 1987     N/A              0.544358E+05     N/A              N/A
 1988     0.367130E+05     0.347807E+05     0.540682E-01     0.540682E-01
 1989     0.328190E+05     0.271435E+05     0.189870E-02     0.189870E+00
 1990     0.217680E+05     0.202060E+05     0.744608E-03     0.744608E-01
 1991     0.376180E+05     0.173781E+05     0.772274E-02     0.772274E+00
 1992     0.212900E+05     0.466007E+05    -0.783378E+00    -0.783378E+00
 1993     0.966490E+05     0.131418E+06    -0.307296E+00    -0.307296E+00

 Survey Index:    8 Tag: Acoustic           AGE = 11
 Time = JAN-1           Type = NUMBER
 Catchability =    0.124993E+01   % Variance Contribution =     0.6540
 Unweighted Residual = LN(Observed) - LN(Predicted)

 Year      Observed        Predicted         Residual      Unweighted Resid
 _____________________________________________________________________________

 1987     N/A              0.336836E+05     N/A              N/A
 1988     0.235860E+05     0.275389E+05    -0.154945E+00    -0.154945E+00
 1989     0.174390E+05     0.135686E+05     0.250952E-02     0.250952E+00
 1990     0.130800E+05     0.133436E+05    -0.199552E-03    -0.199552E-01
 1991     0.939400E+04     0.111783E+05    -0.173907E-02    -0.173907E+00
 1992     0.986600E+04     0.914805E+04     0.755541E-03     0.755541E-01
 1993     0.245420E+05     0.240008E+05     0.223005E-01     0.223005E-01


Survey Weight Factors - Survey Index =     6

      1987        1.0000
      1988        1.0000
      1989        0.0100
      1990        1.0000
      1991        1.0000
      1992        1.0000
      1993        1.0000


Survey Weight Factors - Survey Index =     7

      1987        1.0000
      1988        1.0000
      1989        0.0100
      1990        0.0100
      1991        0.0100
      1992        1.0000
      1993        1.0000


Survey Weight Factors - Survey Index =     8

      1987        1.0000
      1988        1.0000
      1989        0.0100
      1990        0.0100
      1991        0.0100
      1992        0.0100
      1993        1.0000



 Plus Group Diagnostic Report 

 Calculation Method Selected = Forward

          Population  Population    F            F
 Year     Backward     Forward    Forward     Backward    Ratio

 1987      34974.      34974.    0.503792    0.503792    1.000000
 1988      28076.      38227.    0.485512    0.739390    1.522906
 1989       7728.      27655.    0.104010    0.434729    4.179670
 1990       5122.      28552.    0.065594    0.435097    6.633213
 1991       4107.      27299.    0.050262    0.392882    7.816614
 1992       1659.      27435.    0.020506    0.407317   19.863686
 1993       4310.      27632.       N/A         N/A
