 VPA Version 3.3.0

 Model ID: k=0.3, 2009-2011 Ichtio.                                                        


 Input File: RUN1NWWG_R_26.DAT                                                               
 Date of Run: 15-NOV-2017                         Time of Run: 21:43


 Levenburg-Marquardt Algorithm Completed     8 Iterations
 Residual Sum of Squares =    0.885936    

 Number of Residuals     =     32
 Number of Parameters    =      9
 Degrees of Freedom      =     23
 Mean Squared Residual   =     0.385190E-01
 Standard Deviation      =     0.196262    


 Number of Years =     4
 Number of Ages  =    11
 First Year      =  1987
 Youngest Age    =     3
 Oldest True Age =    12

 Number of Survey Indices Available        =    10
 Number of Survey Indices Used in Estimate =     8


 VPA Classic Method - Auto Estimated Q's


 Stock Numbers Predicted in Terminal Year Plus One (1991)
 Age    Stock Predicted     Std. Error      CV

   4         160705.057   0.423226E+05   0.263356E+00
   5         513705.739   0.110897E+06   0.215877E+00
   6         168013.214   0.351433E+05   0.209170E+00
   7         233952.858   0.520086E+05   0.222304E+00
   8         468118.276   0.106439E+06   0.227377E+00
   9         135936.931   0.319406E+05   0.234966E+00
  10          22069.756   0.701092E+04   0.317671E+00
  11           5850.225   0.401173E+04   0.685740E+00
  12          38494.901   0.170272E+05   0.442324E+00

 Catchability Values for Each Survey Used in Estimate
 INDEX     Catchability    Std. Error      CV

   1       0.822843E+00   0.693431E-01   0.842726E-01
   2       0.624505E+00   0.773776E-01   0.123902E+00
   3       0.636188E+00   0.116940E+00   0.183813E+00
   4       0.805329E+00   0.234551E-01   0.291249E-01
   5       0.969148E+00   0.705541E-01   0.728001E-01
   6       0.792414E+00   0.154776E+00   0.195322E+00
   7       0.125465E+01   0.353200E+00   0.281511E+00
   8       0.854616E+00   0.329554E+00   0.385616E+00


 -- Non-Linear Least Squares Fit --

 Maximum Marquadt Iterations    =       100
 Scaled Gradient Tolerance      =    6.055454E-05
 Scaled Step Tolerance          =    1.000000E-18
 Relative Function Tolerance    =    1.000000E-18
 Absolute Function Tolerance    =    4.930381E-32

 Reported Machine Precision     =    2.220446E-16


 VPA Method Options

 - Catchability Values Estimated as an Analytic Function of N
 - Catch Equation Used in Cohort Solution
 - Plus Group Forward Calculation Method Used
 - Arithmetic Average Used in F-Oldest Calculation
 - F-Oldest Calculation in Years Prior to Terminal Year 
   Uses Fishing Mortality in Ages  8 to 11
 - Calculation of Population of Age 3 In Year 1991
   =  Geometric Mean of First Age Populations
      Year Range Applied =  1987 to  1987
 - Survey Weight Factors Were Used

 Stock Estimates 

 Age   4
 Age   5
 Age   6
 Age   7
 Age   8
 Age   9
 Age  10
 Age  11
 Age  12

 Full F in Terminal Year               =   0.2640

 F in Oldest True Age in Terminal Year =   0.2771

 Full F Calculated Using Classic Method

 F in Oldest True Age in Terminal Year has been
 Calculated in Same Manner as in All Other Years

 Age  Input Partial  Calc Partial   Fishing     Used In
      Recruitment    Recruitment    Mortality   Full F    Comments

   3      0.500          0.158       0.0843      NO      Stock Estimate in T+1   
   4      0.800          0.187       0.1002      NO      Stock Estimate in T+1   
   5      1.000          0.343       0.1833      YES     Stock Estimate in T+1   
   6      1.000          0.524       0.2802      YES     Stock Estimate in T+1   
   7      1.000          0.517       0.2766      YES     Stock Estimate in T+1   
   8      1.000          0.358       0.1916      YES     Stock Estimate in T+1   
   9      1.000          0.563       0.3015      YES     Stock Estimate in T+1   
  10      1.000          1.000       0.5350      YES     Stock Estimate in T+1   
  11      1.000          0.150       0.0801      YES     Stock Estimate in T+1   
  12      1.000          0.518       0.2771              F-Oldest                

 Catch At Age - Input Data


   AGE       1987        1988        1989        1990
 ____________________________________________________________________

    3       3144.0      4757.0     22628.0     14884.0
    4      44590.0     41331.0     26649.0     56995.0
    5      60285.0     99366.0     77824.0     35593.0
    6      20622.0     69331.0    188654.0     79757.0
    7      19751.0     22955.0     43114.0    157225.0
    8      46240.0     20131.0      8116.0     30248.0
    9      15232.0     32201.0      5897.0      8187.0
   10      13963.0     12349.0      7292.0      4372.0
   11      10179.0     10250.0      4780.0      3379.0
   12      13216.0      7378.0      3449.0      1786.0
   13      13227.0     14048.0      2602.0      1726.0

 Weight At Age - Input Data


   AGE       1987        1988        1989        1990
 ____________________________________________________________________

    3       0.1680      0.1570      0.1300      0.1270
    4       0.2000      0.2210      0.2060      0.1970
    5       0.2400      0.2390      0.2460      0.2450
    6       0.2780      0.2710      0.2610      0.2720
    7       0.3040      0.2980      0.2900      0.2850
    8       0.3250      0.3190      0.3310      0.3050
    9       0.3390      0.3340      0.3380      0.3240
   10       0.3560      0.3540      0.3520      0.3360
   11       0.3780      0.3520      0.3690      0.3620
   12       0.4000      0.3710      0.3890      0.3700
   13       0.4160      0.4030      0.4010      0.3790

 JAN-1 Weights at Age - Input Data


   AGE       1987        1988        1989        1990        1991
 ____________________________________________________________________

    3       0.1680      0.1570      0.1300      0.1270      0.1350
    4       0.2000      0.2210      0.2060      0.1970      0.1880
    5       0.2400      0.2390      0.2460      0.2450      0.2320
    6       0.2780      0.2710      0.2610      0.2720      0.2670
    7       0.3040      0.2980      0.2900      0.2850      0.2890
    8       0.3250      0.3190      0.3310      0.3050      0.3040
    9       0.3390      0.3340      0.3380      0.3240      0.3230
   10       0.3560      0.3540      0.3520      0.3360      0.3400
   11       0.3780      0.3520      0.3690      0.3620      0.3520
   12       0.4000      0.3710      0.3890      0.3700      0.3690
   13       0.4160      0.4030      0.4010      0.3790      0.3980

 SSB Weight At Age - Input Data


   AGE       1987        1988        1989        1990
 ____________________________________________________________________

    3       0.1680      0.1570      0.1300      0.1270
    4       0.2000      0.2210      0.2060      0.1970
    5       0.2400      0.2390      0.2460      0.2450
    6       0.2780      0.2710      0.2610      0.2720
    7       0.3040      0.2980      0.2900      0.2850
    8       0.3250      0.3190      0.3310      0.3050
    9       0.3390      0.3340      0.3380      0.3240
   10       0.3560      0.3540      0.3520      0.3360
   11       0.3780      0.3520      0.3690      0.3620
   12       0.4000      0.3710      0.3890      0.3700
   13       0.4160      0.4030      0.4010      0.3790

 Natural Mortality - Input Data


   AGE       1987        1988        1989        1990
 ____________________________________________________________________

    3       0.1000      0.1000      0.1000      0.1000
    4       0.1000      0.1000      0.1000      0.1000
    5       0.1000      0.1000      0.1000      0.1000
    6       0.1000      0.1000      0.1000      0.1000
    7       0.1000      0.1000      0.1000      0.1000
    8       0.1000      0.1000      0.1000      0.1000
    9       0.1000      0.1000      0.1000      0.1000
   10       0.1000      0.1000      0.1000      0.1000
   11       0.1000      0.1000      0.1000      0.1000
   12       0.1000      0.1000      0.1000      0.1000
   13       0.1000      0.1000      0.1000      0.1000

 Proportion of Natural Mortality Before Spawning =       0.5000
 Proportion of Fishing Mortality Before Spawning =       0.0000

 Maturity - Input Data


   AGE       1987        1988        1989        1990
 ____________________________________________________________________

    3       0.2000      0.2000      0.2000      0.2000
    4       0.8500      0.8500      0.8500      0.8500
    5       1.0000      1.0000      1.0000      1.0000
    6       1.0000      1.0000      1.0000      1.0000
    7       1.0000      1.0000      1.0000      1.0000
    8       1.0000      1.0000      1.0000      1.0000
    9       1.0000      1.0000      1.0000      1.0000
   10       1.0000      1.0000      1.0000      1.0000
   11       1.0000      1.0000      1.0000      1.0000
   12       1.0000      1.0000      1.0000      1.0000
   13       1.0000      1.0000      1.0000      1.0000

 Input Partial Recruitment

   AGE

    3       0.5000
    4       0.8000
    5       1.0000
    6       1.0000
    7       1.0000
    8       1.0000
    9       1.0000
   10       1.0000
   11       1.0000
   12       1.0000


 Input F-Plus Ratio

   YEAR

   1987       1.0000
   1988       1.0000
   1989       1.0000
   1990       1.0000

 SURVEY - INPUT DATA


INDEX                   1                  2                  3

SURVEY TAG      Acoustic            Acoustic            Acoustic          

AGE                   4                   5                   6       
TIME               JAN-1               JAN-1               JAN-1       
TYPE              NUMBERS             NUMBERS             NUMBERS      
RETRO FLAG           1                   1                   1
 ________________________________________________________________________

    1987              0.0000              0.0000              0.0000
    1988         401246.0000         858012.0000         308065.0000
    1989         201284.0000         232808.0000         381417.0000
    1990         655361.0000         179364.0000         278836.0000
    1991         132235.0000         258591.0000          94373.0000

 SURVEY - INPUT DATA


INDEX                   4                  5                  6

SURVEY TAG      Acoustic            Acoustic            Acoustic          

AGE                   7                   8                   9       
TIME               JAN-1               JAN-1               JAN-1       
TYPE              NUMBERS             NUMBERS             NUMBERS      
RETRO FLAG           1                   1                   1
 ________________________________________________________________________

    1987              0.0000              0.0000              0.0000
    1988          57103.0000          32532.0000          70426.0000
    1989         188456.0000          46448.0000          25798.0000
    1990         592982.0000         179665.0000          22182.0000
    1991         191054.0000         514403.0000          79353.0000

 SURVEY - INPUT DATA


INDEX                   7                  8                  9

SURVEY TAG      Acoustic            Acoustic            Acoustic          

AGE                  10                  11                  12       
TIME               JAN-1               JAN-1               JAN-1       
TYPE              NUMBERS             NUMBERS             NUMBERS      
RETRO FLAG           1                   1                   1
 ________________________________________________________________________

    1987              0.0000              0.0000              0.0000
    1988          36713.0000          23586.0000          18401.0000
    1989          32819.0000          17439.0000          10373.0000
    1990          21768.0000          13080.0000           9941.0000
    1991          37618.0000           9394.0000              0.0000

INDEX                  10

SURVEY TAG      Acoustic          

AGE                  13       
TIME               JAN-1       
TYPE              NUMBERS      
RETRO FLAG           1
 ________________________________________________________________________

    1987              0.0000
    1988          24278.0000
    1989           9081.0000
    1990           1989.0000
    1991              0.0000

     Additional Output Files 

Population File RUN1NWWG_R_26.PP2                                               
Auxilliary File RUN1NWWG_R_26.AUX                                               
Covariance File RUN1NWWG_R_26.CV                                                
Residuals File  RUN1NWWG_R_26.RSD                                               
Log File        RUN1NWWG_R_26.LOG                                               


                             Estimation Results

 JAN-1 Population Numbers


   AGE       1987        1988        1989        1990        1991
 _____________________________________________________________________________

    3      612881.     308327.     717349.     193236.     612881.
    4     1324675.     551569.     274463.     627575.     160705.
    5      444503.    1156231.     459808.     223029.     513706.
    6      103106.     344955.     951795.     342174.     168013.
    7       66378.      73725.     246335.     682188.     233953.
    8      157275.      41340.      44954.     181968.     468118.
    9       46776.      98476.      18376.      32972.     135937.
   10       43269.      27891.      58593.      11039.      22070.
   11       30252.      25920.      13556.      46092.       5850.
   12       41314.      17729.      13750.       7738.      38495.
   13       41348.      49738.      40746.      43567.      43087.
 ====================================================================
 Total    2911776.    2695900.    2839726.    2391579.    2402816.



Fishing Mortality Calculated


   AGE       1987        1988        1989        1990
 _____________________________________________________________________________

    3       0.0054      0.0163      0.0337      0.0843
    4       0.0360      0.0820      0.1075      0.1002
    5       0.1535      0.0946      0.1955      0.1833
    6       0.2354      0.2367      0.2330      0.2802
    7       0.3735      0.3947      0.2029      0.2766
    8       0.3682      0.7108      0.2100      0.1916
    9       0.4170      0.4192      0.4096      0.3015
   10       0.4124      0.6215      0.1400      0.5350
   11       0.4343      0.5339      0.4607      0.0801
   12       0.4080      0.5714      0.3050      0.2771
   13       0.4080      0.3509      0.0694      0.0425


 Average Fishing Mortality For Ages   5- 10

 Year      Average F   N Weighted  Biomass Wtd  Catch Wtd

 _____________________________________________________________________________

 1987       0.3267      0.2468      0.2625      0.2875
 1988       0.4129      0.1768      0.1926      0.2745
 1989       0.2318      0.2173      0.2171      0.2208
 1990       0.2947      0.2553      0.2566      0.2630

 Back Calculated Partial Recruitment


   AGE       1987        1988        1989        1990
 _____________________________________________________________________________

    3       0.0124      0.0230      0.0732      0.1577
    4       0.0829      0.1153      0.2334      0.1873
    5       0.3535      0.1331      0.4244      0.3425
    6       0.5420      0.3330      0.5059      0.5237
    7       0.8600      0.5553      0.4404      0.5170
    8       0.8477      1.0000      0.4558      0.3582
    9       0.9602      0.5898      0.8891      0.5635
   10       0.9495      0.8744      0.3039      1.0000
   11       1.0000      0.7512      1.0000      0.1497
   12       0.9393      0.8039      0.6622      0.5179
   13       0.9394      0.4937      0.1507      0.0795

 JAN-1 Biomass


   AGE       1987        1988        1989        1990        1991
 _____________________________________________________________________________

    3      102964.      48407.      93255.      24541.      82739.
    4      264935.     121897.      56539.     123632.      30213.
    5      106681.     276339.     113113.      54642.     119180.
    6       28664.      93483.     248418.      93071.      44860.
    7       20179.      21970.      71437.     194424.      67612.
    8       51114.      13187.      14880.      55500.     142308.
    9       15857.      32891.       6211.      10683.      43908.
   10       15404.       9874.      20625.       3709.       7504.
   11       11435.       9124.       5002.      16685.       2059.
   12       16525.       6578.       5349.       2863.      14205.
   13       17201.      20044.      16339.      16512.      17149.
 ====================================================================
 Total     650959.     653793.     651169.     596263.     571735.

 Mean Biomass


   AGE       1987        1988        1989        1990
 _____________________________________________________________________________

    3       97723.      45698.      87290.      22412.
    4      247709.     111450.      51059.     112042.
    5       94231.     251117.      97932.      47585.
    6       24352.      79371.     211285.      77423.
    7       16074.      17331.      61634.     162009.
    8       40817.       9035.      12795.      48140.
    9       12381.      25657.       4866.       8799.
   10       12053.       7034.      18337.       2746.
   11        8859.       6757.       3829.      15269.
   12       12957.       4791.       4398.       2385.
   13       13486.      16134.      15030.      15389.
 ====================================================================
 Total     580641.     574375.     568455.     514198.

 Spawning Stock Biomass


   AGE       1987        1988        1989        1990
 _____________________________________________________________________________

    3       19588.       9209.      17741.       4669.
    4      214212.      98559.      45715.      99962.
    5      101478.     262862.     107596.      51977.
    6       27266.      88924.     236303.      88532.
    7       19195.      20898.      67953.     184942.
    8       48621.      12544.      14154.      52794.
    9       15084.      31287.       5908.      10162.
   10       14652.       9392.      19619.       3528.
   11       10877.       8679.       4758.      15871.
   12       15720.       6257.       5088.       2723.
   13       16362.      19067.      15542.      15706.
 ====================================================================
 Total     503055.     567677.     540378.     530867.

 Catch Biomass


   AGE       1987        1988        1989        1990
 _____________________________________________________________________________

    3         528.        747.       2942.       1890.
    4        8918.       9134.       5490.      11228.
    5       14468.      23748.      19145.       8720.
    6        5733.      18789.      49239.      21694.
    7        6004.       6841.      12503.      44809.
    8       15028.       6422.       2686.       9226.
    9        5164.      10755.       1993.       2653.
   10        4971.       4372.       2567.       1469.
   11        3848.       3608.       1764.       1223.
   12        5286.       2737.       1342.        661.
   13        5502.       5661.       1043.        654.
 ====================================================================
 Total      75451.      92814.     100713.     104227.

 Catch Numbers


   AGE       1987        1988        1989        1990
 _____________________________________________________________________________

    3       3144.0      4757.0     22628.0     14884.0
    4      44590.0     41331.0     26649.0     56995.0
    5      60285.0     99366.0     77824.0     35593.0
    6      20622.0     69331.0    188654.0     79757.0
    7      19751.0     22955.0     43114.0    157225.0
    8      46240.0     20131.0      8116.0     30248.0
    9      15232.0     32201.0      5897.0      8187.0
   10      13963.0     12349.0      7292.0      4372.0
   11      10179.0     10250.0      4780.0      3379.0
   12      13216.0      7378.0      3449.0      1786.0
   13      13227.0     14048.0      2602.0      1726.0
 ====================================================================
 Total    260449.0    334097.0    391005.0    394152.0


               Surplus Production

     Average Adjustment Factor (Delta) =   1.0000

 Year        Biomass  Delta Biomass  Catch Biomass  Surplus Production

 1987     650958.582       2834.717      75450.782      78285.499
 1988     653793.298      -2624.325      92813.816      90189.491
 1989     651168.974     -54905.939     100713.041      45807.102
 1990     596263.034     -24527.890     104226.989      79699.099
 1991     571735.145


 Summary of Survey Indices Used in the Estimate

 INDEX    Survey Tag    Age   Time  Type  Catchability Std. Error   CV
 _____________________________________________________________________________

   1 Acoustic              4   JAN-1 NUMBER  0.8228E+00  0.6934E-01  0.8427E-01
   2 Acoustic              5   JAN-1 NUMBER  0.6245E+00  0.7738E-01  0.1239E+00
   3 Acoustic              6   JAN-1 NUMBER  0.6362E+00  0.1169E+00  0.1838E+00
   4 Acoustic              7   JAN-1 NUMBER  0.8053E+00  0.2346E-01  0.2912E-01
   5 Acoustic              8   JAN-1 NUMBER  0.9691E+00  0.7055E-01  0.7280E-01
   6 Acoustic              9   JAN-1 NUMBER  0.7924E+00  0.1548E+00  0.1953E+00
   7 Acoustic             10   JAN-1 NUMBER  0.1255E+01  0.3532E+00  0.2815E+00
   8 Acoustic             11   JAN-1 NUMBER  0.8546E+00  0.3296E+00  0.3856E+00


 Survey Index:    1 Tag: Acoustic           AGE =  4
 Time = JAN-1           Type = NUMBER
 Catchability =    0.822843E+00   % Variance Contribution =     9.6195
 Unweighted Residual = LN(Observed) - LN(Predicted)

 Year      Observed        Predicted         Residual      Unweighted Resid
 _____________________________________________________________________________

 1987     N/A              0.109000E+07     N/A              N/A
 1988     0.401246E+06     0.453855E+06    -0.123202E+00    -0.123202E+00
 1989     0.201284E+06     0.225840E+06    -0.115111E+00    -0.115111E+00
 1990     0.655361E+06     0.516396E+06     0.238313E+00     0.238313E+00
 1991     0.132235E+06     0.132235E+06    -0.200035E-06    -0.200035E-06

 Survey Index:    2 Tag: Acoustic           AGE =  5
 Time = JAN-1           Type = NUMBER
 Catchability =    0.624505E+00   % Variance Contribution =    20.7939
 Unweighted Residual = LN(Observed) - LN(Predicted)

 Year      Observed        Predicted         Residual      Unweighted Resid
 _____________________________________________________________________________

 1987     N/A              0.277594E+06     N/A              N/A
 1988     0.858012E+06     0.722072E+06     0.172493E+00     0.172493E+00
 1989     0.232808E+06     0.287152E+06    -0.209799E+00    -0.209799E+00
 1990     0.179364E+06     0.139283E+06     0.252913E+00     0.252913E+00
 1991     0.258591E+06     0.320812E+06    -0.215607E+00    -0.215607E+00

 Survey Index:    3 Tag: Acoustic           AGE =  6
 Time = JAN-1           Type = NUMBER
 Catchability =    0.636188E+00   % Variance Contribution =    45.7649
 Unweighted Residual = LN(Observed) - LN(Predicted)

 Year      Observed        Predicted         Residual      Unweighted Resid
 _____________________________________________________________________________

 1987     N/A              0.655950E+05     N/A              N/A
 1988     0.308065E+06     0.219456E+06     0.339158E+00     0.339158E+00
 1989     0.381417E+06     0.605521E+06    -0.462195E+00    -0.462195E+00
 1990     0.278836E+06     0.217687E+06     0.247565E+00     0.247565E+00
 1991     0.943730E+05     0.106888E+06    -0.124527E+00    -0.124527E+00

 Survey Index:    4 Tag: Acoustic           AGE =  7
 Time = JAN-1           Type = NUMBER
 Catchability =    0.805329E+00   % Variance Contribution =     1.1490
 Unweighted Residual = LN(Observed) - LN(Predicted)

 Year      Observed        Predicted         Residual      Unweighted Resid
 _____________________________________________________________________________

 1987     N/A              0.534561E+05     N/A              N/A
 1988     0.571030E+05     0.593727E+05    -0.389773E-01    -0.389773E-01
 1989     0.188456E+06     0.198381E+06    -0.513257E-01    -0.513257E-01
 1990     0.592982E+06     0.549386E+06     0.763623E-01     0.763623E-01
 1991     0.191054E+06     0.188409E+06     0.139406E-01     0.139406E-01

 Survey Index:    5 Tag: Acoustic           AGE =  8
 Time = JAN-1           Type = NUMBER
 Catchability =    0.969148E+00   % Variance Contribution =     7.1787
 Unweighted Residual = LN(Observed) - LN(Predicted)

 Year      Observed        Predicted         Residual      Unweighted Resid
 _____________________________________________________________________________

 1987     N/A              0.152422E+06     N/A              N/A
 1988     0.325320E+05     0.400641E+05    -0.208256E+00    -0.208256E+00
 1989     0.464480E+05     0.435670E+05     0.640337E-01     0.640337E-01
 1990     0.179665E+06     0.176354E+06     0.185985E-01     0.185985E-01
 1991     0.514403E+06     0.453676E+06     0.125624E+00     0.125624E+00

 Survey Index:    6 Tag: Acoustic           AGE =  9
 Time = JAN-1           Type = NUMBER
 Catchability =    0.792414E+00   % Variance Contribution =    14.7594
 Unweighted Residual = LN(Observed) - LN(Predicted)

 Year      Observed        Predicted         Residual      Unweighted Resid
 _____________________________________________________________________________

 1987     N/A              0.370658E+05     N/A              N/A
 1988     0.704260E+05     0.780336E+05    -0.102577E+00    -0.102577E+00
 1989     0.257980E+05     0.145616E+05     0.571912E-02     0.571912E+00
 1990     0.221820E+05     0.261279E+05    -0.163721E+00    -0.163721E+00
 1991     0.793530E+05     0.107718E+06    -0.305614E+00    -0.305614E+00

 Survey Index:    7 Tag: Acoustic           AGE = 10
 Time = JAN-1           Type = NUMBER
 Catchability =    0.125465E+01   % Variance Contribution =     0.2702
 Unweighted Residual = LN(Observed) - LN(Predicted)

 Year      Observed        Predicted         Residual      Unweighted Resid
 _____________________________________________________________________________

 1987     N/A              0.542874E+05     N/A              N/A
 1988     0.367130E+05     0.349942E+05     0.479495E-01     0.479495E-01
 1989     0.328190E+05     0.735141E+05    -0.806470E-02    -0.806470E+00
 1990     0.217680E+05     0.138507E+05     0.452107E-02     0.452107E+00
 1991     0.376180E+05     0.276899E+05     0.306414E-02     0.306414E+00

 Survey Index:    8 Tag: Acoustic           AGE = 11
 Time = JAN-1           Type = NUMBER
 Catchability =    0.854616E+00   % Variance Contribution =     0.4644
 Unweighted Residual = LN(Observed) - LN(Predicted)

 Year      Observed        Predicted         Residual      Unweighted Resid
 _____________________________________________________________________________

 1987     N/A              0.258536E+05     N/A              N/A
 1988     0.235860E+05     0.221517E+05     0.627390E-01     0.627390E-01
 1989     0.174390E+05     0.115848E+05     0.409015E-02     0.409015E+00
 1990     0.130800E+05     0.393908E+05    -0.110245E-01    -0.110245E+01
 1991     0.939400E+04     0.499969E+04     0.630694E-02     0.630694E+00


Survey Weight Factors - Survey Index =     6

      1987        1.0000
      1988        1.0000
      1989        0.0100
      1990        1.0000
      1991        1.0000


Survey Weight Factors - Survey Index =     7

      1987        1.0000
      1988        1.0000
      1989        0.0100
      1990        0.0100
      1991        0.0100


Survey Weight Factors - Survey Index =     8

      1987        1.0000
      1988        1.0000
      1989        0.0100
      1990        0.0100
      1991        0.0100



 Plus Group Diagnostic Report 

 Calculation Method Selected = Forward

          Population  Population    F            F
 Year     Backward     Forward    Forward     Backward    Ratio

 1987      41348.      41348.    0.408000    0.407996    0.999990
 1988      33757.      49738.    0.350886    0.571357    1.628326
 1989      10374.      40746.    0.069422    0.305048    4.394136
 1990       7478.      43567.    0.042508    0.277053    6.517738
 1991      10436.      43087.       N/A         N/A
