 VPA Version 3.3.0

 Model ID: k=0.3, 2009-2011 Ichtio.                                                        


 Input File: RUN1NWWG_R_20.DAT                                                               
 Date of Run: 15-NOV-2017                         Time of Run: 21:43


 Levenburg-Marquardt Algorithm Completed     6 Iterations
 Residual Sum of Squares =     6.53287    

 Number of Residuals     =     72
 Number of Parameters    =      9
 Degrees of Freedom      =     63
 Mean Squared Residual   =     0.103696    
 Standard Deviation      =     0.322019    


 Number of Years =    10
 Number of Ages  =    11
 First Year      =  1987
 Youngest Age    =     3
 Oldest True Age =    12

 Number of Survey Indices Available        =    10
 Number of Survey Indices Used in Estimate =     8


 VPA Classic Method - Auto Estimated Q's


 Stock Numbers Predicted in Terminal Year Plus One (1997)
 Age    Stock Predicted     Std. Error      CV

   4         307965.044   0.106004E+06   0.344209E+00
   5         117492.922   0.324714E+05   0.276369E+00
   6         526352.224   0.137582E+06   0.261387E+00
   7         231218.137   0.588137E+05   0.254365E+00
   8         275675.642   0.679530E+05   0.246496E+00
   9         142999.288   0.351342E+05   0.245695E+00
  10          43488.123   0.108843E+05   0.250283E+00
  11          29960.494   0.795274E+04   0.265441E+00
  12           4654.071   0.352696E+04   0.757823E+00

 Catchability Values for Each Survey Used in Estimate
 INDEX     Catchability    Std. Error      CV

   1       0.879015E+00   0.106693E+00   0.121378E+00
   2       0.103696E+01   0.991768E-01   0.956422E-01
   3       0.961395E+00   0.106070E+00   0.110329E+00
   4       0.101858E+01   0.990871E-01   0.972794E-01
   5       0.117534E+01   0.174790E+00   0.148715E+00
   6       0.160467E+01   0.145634E+00   0.907567E-01
   7       0.159535E+01   0.234001E+00   0.146677E+00
   8       0.144769E+01   0.123434E+00   0.852632E-01


 -- Non-Linear Least Squares Fit --

 Maximum Marquadt Iterations    =       100
 Scaled Gradient Tolerance      =    6.055454E-05
 Scaled Step Tolerance          =    1.000000E-18
 Relative Function Tolerance    =    1.000000E-18
 Absolute Function Tolerance    =    4.930381E-32

 Reported Machine Precision     =    2.220446E-16


 VPA Method Options

 - Catchability Values Estimated as an Analytic Function of N
 - Catch Equation Used in Cohort Solution
 - Plus Group Forward Calculation Method Used
 - Arithmetic Average Used in F-Oldest Calculation
 - F-Oldest Calculation in Years Prior to Terminal Year 
   Uses Fishing Mortality in Ages  8 to 11
 - Calculation of Population of Age 3 In Year 1997
   =  Geometric Mean of First Age Populations
      Year Range Applied =  1987 to  1993
 - Survey Weight Factors Were Used

 Stock Estimates 

 Age   4
 Age   5
 Age   6
 Age   7
 Age   8
 Age   9
 Age  10
 Age  11
 Age  12

 Full F in Terminal Year               =   0.3114

 F in Oldest True Age in Terminal Year =   0.3826

 Full F Calculated Using Classic Method

 F in Oldest True Age in Terminal Year has been
 Calculated in Same Manner as in All Other Years

 Age  Input Partial  Calc Partial   Fishing     Used In
      Recruitment    Recruitment    Mortality   Full F    Comments

   3      0.500          0.062       0.0481      NO      Stock Estimate in T+1   
   4      0.800          0.361       0.2818      NO      Stock Estimate in T+1   
   5      1.000          0.185       0.1445      YES     Stock Estimate in T+1   
   6      1.000          0.319       0.2491      YES     Stock Estimate in T+1   
   7      1.000          0.327       0.2557      YES     Stock Estimate in T+1   
   8      1.000          0.299       0.2337      YES     Stock Estimate in T+1   
   9      1.000          0.357       0.2789      YES     Stock Estimate in T+1   
  10      1.000          0.302       0.2364      YES     Stock Estimate in T+1   
  11      1.000          1.000       0.7815      YES     Stock Estimate in T+1   
  12      1.000          0.490       0.3826              F-Oldest                

 Catch At Age - Input Data


   AGE       1987        1988        1989        1990        1991
 ____________________________________________________________________

    3       3144.0      4757.0     22628.0     14884.0     88683.0
    4      44590.0     41331.0     26649.0     56995.0     49081.0
    5      60285.0     99366.0     77824.0     35593.0     86292.0
    6      20622.0     69331.0    188654.0     79757.0     34793.0
    7      19751.0     22955.0     43114.0    157225.0     55228.0
    8      46240.0     20131.0      8116.0     30248.0    110132.0
    9      15232.0     32201.0      5897.0      8187.0     10079.0
   10      13963.0     12349.0      7292.0      4372.0      4155.0
   11      10179.0     10250.0      4780.0      3379.0      2735.0
   12      13216.0      7378.0      3449.0      1786.0      2003.0
   13      13227.0     14048.0      2602.0      1726.0      1274.0

   AGE       1992        1993        1994        1995        1996
 ____________________________________________________________________

    3      94860.0     51153.0    134616.0     20991.0     15969.0
    4     122626.0    177780.0    113290.0    137232.0     40311.0
    5      38381.0     92680.0    142876.0     86864.0     86187.0
    6      58605.0     20791.0     87207.0    109140.0     68927.0
    7      27921.0     28560.0     24913.0     76780.0     84660.0
    8      38420.0     13313.0     20303.0     21361.0     39664.0
    9      53114.0     19617.0     16301.0     15225.0     14746.0
   10      11592.0     15266.0     15695.0      8541.0      8419.0
   11       1727.0      4254.0     14680.0      9617.0      5836.0
   12       1757.0       797.0      2936.0      7034.0      3152.0
   13        530.0       256.0      1874.0      3147.0      7750.0

 Weight At Age - Input Data


   AGE       1987        1988        1989        1990        1991
 ____________________________________________________________________

    3       0.1680      0.1570      0.1300      0.1270      0.1350
    4       0.2000      0.2210      0.2060      0.1970      0.1880
    5       0.2400      0.2390      0.2460      0.2450      0.2320
    6       0.2780      0.2710      0.2610      0.2720      0.2670
    7       0.3040      0.2980      0.2900      0.2850      0.2890
    8       0.3250      0.3190      0.3310      0.3050      0.3040
    9       0.3390      0.3340      0.3380      0.3240      0.3230
   10       0.3560      0.3540      0.3520      0.3360      0.3400
   11       0.3780      0.3520      0.3690      0.3620      0.3520
   12       0.4000      0.3710      0.3890      0.3700      0.3690
   13       0.4160      0.4030      0.4010      0.3790      0.3980

   AGE       1992        1993        1994        1995        1996
 ____________________________________________________________________

    3       0.1480      0.1450      0.1340      0.1300      0.1390
    4       0.1900      0.2110      0.2010      0.1830      0.1680
    5       0.2350      0.2460      0.2470      0.2400      0.2120
    6       0.2730      0.2920      0.2720      0.2770      0.2580
    7       0.3120      0.3240      0.3030      0.2980      0.2890
    8       0.3290      0.3500      0.3330      0.3250      0.3080
    9       0.3390      0.3620      0.3660      0.3580      0.3250
   10       0.3550      0.3760      0.3780      0.3780      0.3530
   11       0.3820      0.3860      0.3890      0.3970      0.3530
   12       0.4050      0.4190      0.3900      0.4090      0.3770
   13       0.3920      0.3890      0.4100      0.4330      0.4020

 JAN-1 Weights at Age - Input Data


   AGE       1987        1988        1989        1990        1991
 ____________________________________________________________________

    3       0.1680      0.1570      0.1300      0.1270      0.1350
    4       0.2000      0.2210      0.2060      0.1970      0.1880
    5       0.2400      0.2390      0.2460      0.2450      0.2320
    6       0.2780      0.2710      0.2610      0.2720      0.2670
    7       0.3040      0.2980      0.2900      0.2850      0.2890
    8       0.3250      0.3190      0.3310      0.3050      0.3040
    9       0.3390      0.3340      0.3380      0.3240      0.3230
   10       0.3560      0.3540      0.3520      0.3360      0.3400
   11       0.3780      0.3520      0.3690      0.3620      0.3520
   12       0.4000      0.3710      0.3890      0.3700      0.3690
   13       0.4160      0.4030      0.4010      0.3790      0.3980

   AGE       1992        1993        1994        1995        1996
 ____________________________________________________________________

    3       0.1480      0.1450      0.1340      0.1300      0.1390
    4       0.1900      0.2110      0.2010      0.1830      0.1680
    5       0.2350      0.2460      0.2470      0.2400      0.2120
    6       0.2730      0.2920      0.2720      0.2770      0.2580
    7       0.3120      0.3240      0.3030      0.2980      0.2890
    8       0.3290      0.3500      0.3330      0.3250      0.3080
    9       0.3390      0.3620      0.3660      0.3580      0.3250
   10       0.3550      0.3760      0.3780      0.3780      0.3530
   11       0.3820      0.3860      0.3890      0.3970      0.3530
   12       0.4050      0.4190      0.3900      0.4090      0.3770
   13       0.3920      0.3890      0.4100      0.4330      0.4020

   AGE       1997
 ____________________________________________________________________

    3       0.1310
    4       0.1910
    5       0.2330
    6       0.2690
    7       0.3000
    8       0.3240
    9       0.3410
   10       0.3550
   11       0.3620
   12       0.3670
   13       0.3970

 SSB Weight At Age - Input Data


   AGE       1987        1988        1989        1990        1991
 ____________________________________________________________________

    3       0.1680      0.1570      0.1300      0.1270      0.1350
    4       0.2000      0.2210      0.2060      0.1970      0.1880
    5       0.2400      0.2390      0.2460      0.2450      0.2320
    6       0.2780      0.2710      0.2610      0.2720      0.2670
    7       0.3040      0.2980      0.2900      0.2850      0.2890
    8       0.3250      0.3190      0.3310      0.3050      0.3040
    9       0.3390      0.3340      0.3380      0.3240      0.3230
   10       0.3560      0.3540      0.3520      0.3360      0.3400
   11       0.3780      0.3520      0.3690      0.3620      0.3520
   12       0.4000      0.3710      0.3890      0.3700      0.3690
   13       0.4160      0.4030      0.4010      0.3790      0.3980

   AGE       1992        1993        1994        1995        1996
 ____________________________________________________________________

    3       0.1480      0.1450      0.1340      0.1300      0.1390
    4       0.1900      0.2110      0.2010      0.1830      0.1680
    5       0.2350      0.2460      0.2470      0.2400      0.2120
    6       0.2730      0.2920      0.2720      0.2770      0.2580
    7       0.3120      0.3240      0.3030      0.2980      0.2890
    8       0.3290      0.3500      0.3330      0.3250      0.3080
    9       0.3390      0.3620      0.3660      0.3580      0.3250
   10       0.3550      0.3760      0.3780      0.3780      0.3530
   11       0.3820      0.3860      0.3890      0.3970      0.3530
   12       0.4050      0.4190      0.3900      0.4090      0.3770
   13       0.3920      0.3890      0.4100      0.4330      0.4020

 Natural Mortality - Input Data


   AGE       1987        1988        1989        1990        1991
 ____________________________________________________________________

    3       0.1000      0.1000      0.1000      0.1000      0.1000
    4       0.1000      0.1000      0.1000      0.1000      0.1000
    5       0.1000      0.1000      0.1000      0.1000      0.1000
    6       0.1000      0.1000      0.1000      0.1000      0.1000
    7       0.1000      0.1000      0.1000      0.1000      0.1000
    8       0.1000      0.1000      0.1000      0.1000      0.1000
    9       0.1000      0.1000      0.1000      0.1000      0.1000
   10       0.1000      0.1000      0.1000      0.1000      0.1000
   11       0.1000      0.1000      0.1000      0.1000      0.1000
   12       0.1000      0.1000      0.1000      0.1000      0.1000
   13       0.1000      0.1000      0.1000      0.1000      0.1000

   AGE       1992        1993        1994        1995        1996
 ____________________________________________________________________

    3       0.1000      0.1000      0.1000      0.1000      0.1000
    4       0.1000      0.1000      0.1000      0.1000      0.1000
    5       0.1000      0.1000      0.1000      0.1000      0.1000
    6       0.1000      0.1000      0.1000      0.1000      0.1000
    7       0.1000      0.1000      0.1000      0.1000      0.1000
    8       0.1000      0.1000      0.1000      0.1000      0.1000
    9       0.1000      0.1000      0.1000      0.1000      0.1000
   10       0.1000      0.1000      0.1000      0.1000      0.1000
   11       0.1000      0.1000      0.1000      0.1000      0.1000
   12       0.1000      0.1000      0.1000      0.1000      0.1000
   13       0.1000      0.1000      0.1000      0.1000      0.1000

 Proportion of Natural Mortality Before Spawning =       0.5000
 Proportion of Fishing Mortality Before Spawning =       0.0000

 Maturity - Input Data


   AGE       1987        1988        1989        1990        1991
 ____________________________________________________________________

    3       0.2000      0.2000      0.2000      0.2000      0.2000
    4       0.8500      0.8500      0.8500      0.8500      0.8500
    5       1.0000      1.0000      1.0000      1.0000      1.0000
    6       1.0000      1.0000      1.0000      1.0000      1.0000
    7       1.0000      1.0000      1.0000      1.0000      1.0000
    8       1.0000      1.0000      1.0000      1.0000      1.0000
    9       1.0000      1.0000      1.0000      1.0000      1.0000
   10       1.0000      1.0000      1.0000      1.0000      1.0000
   11       1.0000      1.0000      1.0000      1.0000      1.0000
   12       1.0000      1.0000      1.0000      1.0000      1.0000
   13       1.0000      1.0000      1.0000      1.0000      1.0000

   AGE       1992        1993        1994        1995        1996
 ____________________________________________________________________

    3       0.2000      0.2000      0.2000      0.2000      0.2000
    4       0.8500      0.8500      0.8500      0.8500      0.8500
    5       1.0000      1.0000      1.0000      1.0000      1.0000
    6       1.0000      1.0000      1.0000      1.0000      1.0000
    7       1.0000      1.0000      1.0000      1.0000      1.0000
    8       1.0000      1.0000      1.0000      1.0000      1.0000
    9       1.0000      1.0000      1.0000      1.0000      1.0000
   10       1.0000      1.0000      1.0000      1.0000      1.0000
   11       1.0000      1.0000      1.0000      1.0000      1.0000
   12       1.0000      1.0000      1.0000      1.0000      1.0000
   13       1.0000      1.0000      1.0000      1.0000      1.0000

 Input Partial Recruitment

   AGE

    3       0.5000
    4       0.8000
    5       1.0000
    6       1.0000
    7       1.0000
    8       1.0000
    9       1.0000
   10       1.0000
   11       1.0000
   12       1.0000


 Input F-Plus Ratio

   YEAR

   1987       1.0000
   1988       1.0000
   1989       1.0000
   1990       1.0000
   1991       1.0000
   1992       1.0000
   1993       1.0000
   1994       1.0000
   1995       1.0000
   1996       1.0000

 SURVEY - INPUT DATA


INDEX                   1                  2                  3

SURVEY TAG      Acoustic            Acoustic            Acoustic          

AGE                   4                   5                   6       
TIME               JAN-1               JAN-1               JAN-1       
TYPE              NUMBERS             NUMBERS             NUMBERS      
RETRO FLAG           1                   1                   1
 ________________________________________________________________________

    1987              0.0000              0.0000              0.0000
    1988         401246.0000         858012.0000         308065.0000
    1989         201284.0000         232808.0000         381417.0000
    1990         655361.0000         179364.0000         278836.0000
    1991         132235.0000         258591.0000          94373.0000
    1992        1049990.0000         354521.0000         319866.0000
    1993         830608.0000         729556.0000         158778.0000
    1994         505279.0000         882868.0000         496297.0000
    1995              0.0000              0.0000              0.0000
    1996         133810.0000         761581.0000         277893.0000
    1997         270706.0000         133667.0000         468678.0000

 SURVEY - INPUT DATA


INDEX                   4                  5                  6

SURVEY TAG      Acoustic            Acoustic            Acoustic          

AGE                   7                   8                   9       
TIME               JAN-1               JAN-1               JAN-1       
TYPE              NUMBERS             NUMBERS             NUMBERS      
RETRO FLAG           1                   1                   1
 ________________________________________________________________________

    1987              0.0000              0.0000              0.0000
    1988          57103.0000          32532.0000          70426.0000
    1989         188456.0000          46448.0000          25798.0000
    1990         592982.0000         179665.0000          22182.0000
    1991         191054.0000         514403.0000          79353.0000
    1992          89825.0000         138333.0000         256921.0000
    1993         130781.0000          54156.0000          96330.0000
    1994          66963.0000          58295.0000         106172.0000
    1995              0.0000              0.0000              0.0000
    1996         385027.0000         176906.0000          98150.0000
    1997         269888.0000         325664.0000         217421.0000

 SURVEY - INPUT DATA


INDEX                   7                  8                  9

SURVEY TAG      Acoustic            Acoustic            Acoustic          

AGE                  10                  11                  12       
TIME               JAN-1               JAN-1               JAN-1       
TYPE              NUMBERS             NUMBERS             NUMBERS      
RETRO FLAG           1                   1                   1
 ________________________________________________________________________

    1987              0.0000              0.0000              0.0000
    1988          36713.0000          23586.0000          18401.0000
    1989          32819.0000          17439.0000          10373.0000
    1990          21768.0000          13080.0000           9941.0000
    1991          37618.0000           9394.0000          12636.0000
    1992          21290.0000           9866.0000              0.0000
    1993          96649.0000          24542.0000           1130.0000
    1994          48874.0000          36201.0000              0.0000
    1995              0.0000              0.0000              0.0000
    1996          48503.0000          16226.0000          29390.0000
    1997          92979.0000          55494.0000              0.0000

INDEX                  10

SURVEY TAG      Acoustic          

AGE                  13       
TIME               JAN-1       
TYPE              NUMBERS      
RETRO FLAG           1
 ________________________________________________________________________

    1987              0.0000
    1988          24278.0000
    1989           9081.0000
    1990           1989.0000
    1991              0.0000
    1992           9327.0000
    1993           1130.0000
    1994           4224.0000
    1995              0.0000
    1996          47945.0000
    1997              0.0000

     Additional Output Files 

Population File RUN1NWWG_R_20.PP2                                               
Auxilliary File RUN1NWWG_R_20.AUX                                               
Covariance File RUN1NWWG_R_20.CV                                                
Residuals File  RUN1NWWG_R_20.RSD                                               
Log File        RUN1NWWG_R_20.LOG                                               


                             Estimation Results

 JAN-1 Population Numbers


   AGE       1987        1988        1989        1990        1991
 _____________________________________________________________________________

    3      534820.     271469.     476513.     342828.     926720.
    4      995495.     480936.     241113.     409660.     296057.
    5      301914.     858381.     395901.     192855.     316554.
    6       84824.     215974.     682316.     284370.     140720.
    7       69354.      57192.     129723.     438516.     181692.
    8      107608.      44029.      30021.      76529.     247873.
    9       42703.      53618.      20801.      19469.      40613.
   10       38110.      24212.      18143.      13231.       9869.
   11       26456.      21260.      10240.       9514.       7829.
   12       34321.      14301.       9547.       4745.       5408.
   13       34350.      37100.      26238.      26641.      25068.
 ====================================================================
 Total    2269956.    2078473.    2040555.    1818359.    2198403.

   AGE       1992        1993        1994        1995        1996
 _____________________________________________________________________________

    3     1230235.     738843.    1121428.     212250.     357128.
    4      754282.    1023030.     619926.     886856.     172111.
    5      221290.     566087.     756920.     453403.     672168.
    6      204610.     163799.     424232.     549287.     327816.
    7       94329.     129580.     128466.     301109.     393443.
    8      112056.      58886.      90152.      92597.     199638.
    9      120107.      64996.      40652.      62312.      63522.
   10       27188.      58433.      40217.      21354.      41941.
   11        4998.      13633.      38395.      21531.      11237.
   12        4493.       2886.       8304.      20842.      10386.
   13       24469.      24039.      23364.      24093.      31006.
 ====================================================================
 Total    2798057.    2844211.    3292056.    2645633.    2280396.

   AGE       1997
 _____________________________________________________________________________

    3      571773.
    4      307965.
    5      117493.
    6      526352.
    7      231218.
    8      275676.
    9      142999.
   10       43488.
   11       29960.
   12        4654.
   13       27115.
 ====================================================================
 Total    2278694.



Fishing Mortality Calculated


   AGE       1987        1988        1989        1990        1991
 _____________________________________________________________________________

    3       0.0062      0.0186      0.0512      0.0467      0.1059
    4       0.0482      0.0946      0.1233      0.1578      0.1911
    5       0.2350      0.1296      0.2309      0.2152      0.3364
    6       0.2942      0.4098      0.3421      0.3480      0.3000
    7       0.3544      0.5445      0.4277      0.4705      0.3833
    8       0.5966      0.6499      0.3331      0.5336      0.6245
    9       0.4674      0.9836      0.3525      0.5794      0.3013
   10       0.4836      0.7606      0.5455      0.4247      0.5804
   11       0.5151      0.7006      0.6691      0.4648      0.4553
   12       0.5157      0.7737      0.4750      0.5006      0.4904
   13       0.5157      0.5046      0.1099      0.0705      0.0549

   AGE       1992        1993        1994        1995        1996
 _____________________________________________________________________________

    3       0.0844      0.0755      0.1347      0.1096      0.0481
    4       0.1870      0.2013      0.2128      0.1772      0.2818
    5       0.2008      0.1885      0.2206      0.2243      0.1445
    6       0.3568      0.1430      0.2428      0.2337      0.2491
    7       0.3712      0.2628      0.2274      0.3110      0.2557
    8       0.4447      0.2705      0.2694      0.2769      0.2337
    9       0.6205      0.3800      0.5438      0.2959      0.2789
   10       0.5903      0.3199      0.5248      0.5420      0.2364
   11       0.4490      0.3958      0.5110      0.6291      0.7815
   12       0.5261      0.3416      0.4622      0.4360      0.3826
   13       0.0230      0.0113      0.0880      0.1474      0.3038


 Average Fishing Mortality For Ages   5- 10

 Year      Average F   N Weighted  Biomass Wtd  Catch Wtd

 _____________________________________________________________________________

 1987       0.4052      0.3461      0.3643      0.3901
 1988       0.5796      0.2638      0.2898      0.4210
 1989       0.3720      0.3192      0.3233      0.3315
 1990       0.4286      0.3946      0.4014      0.4189
 1991       0.4210      0.4173      0.4271      0.4485
 1992       0.4307      0.3757      0.3949      0.4204
 1993       0.2608      0.2145      0.2225      0.2307
 1994       0.3381      0.2477      0.2548      0.2634
 1995       0.3140      0.2563      0.2607      0.2640
 1996       0.2330      0.2082      0.2156      0.2202

 Back Calculated Partial Recruitment


   AGE       1987        1988        1989        1990        1991
 _____________________________________________________________________________

    3       0.0104      0.0189      0.0765      0.0806      0.1695
    4       0.0808      0.0961      0.1843      0.2724      0.3060
    5       0.3939      0.1317      0.3451      0.3713      0.5386
    6       0.4931      0.4166      0.5113      0.6005      0.4803
    7       0.5940      0.5536      0.6393      0.8120      0.6138
    8       1.0000      0.6607      0.4978      0.9209      1.0000
    9       0.7834      1.0000      0.5268      1.0000      0.4824
   10       0.8107      0.7733      0.8153      0.7329      0.9293
   11       0.8634      0.7123      1.0000      0.8022      0.7289
   12       0.8644      0.7866      0.7100      0.8640      0.7852
   13       0.8644      0.5130      0.1643      0.1216      0.0878

   AGE       1992        1993        1994        1995        1996
 _____________________________________________________________________________

    3       0.1361      0.1907      0.2476      0.1743      0.0616
    4       0.3014      0.5086      0.3913      0.2816      0.3606
    5       0.3237      0.4762      0.4057      0.3566      0.1850
    6       0.5750      0.3613      0.4465      0.3715      0.3188
    7       0.5982      0.6640      0.4182      0.4943      0.3272
    8       0.7166      0.6836      0.4953      0.4401      0.2990
    9       1.0000      0.9603      1.0000      0.4703      0.3569
   10       0.9514      0.8084      0.9650      0.8616      0.3025
   11       0.7237      1.0000      0.9395      1.0000      1.0000
   12       0.8479      0.8631      0.8500      0.6930      0.4896
   13       0.0371      0.0284      0.1618      0.2344      0.3888

 JAN-1 Biomass


   AGE       1987        1988        1989        1990        1991
 _____________________________________________________________________________

    3       89850.      42621.      61947.      43539.     125107.
    4      199099.     106287.      49669.      80703.      55659.
    5       72459.     205153.      97392.      47250.      73441.
    6       23581.      58529.     178085.      77349.      37572.
    7       21084.      17043.      37620.     124977.      52509.
    8       34973.      14045.       9937.      23341.      75353.
    9       14476.      17908.       7031.       6308.      13118.
   10       13567.       8571.       6386.       4445.       3355.
   11       10000.       7484.       3778.       3444.       2756.
   12       13728.       5306.       3714.       1756.       1996.
   13       14289.      14951.      10521.      10097.       9977.
 ====================================================================
 Total     507107.     497898.     466079.     423209.     450843.

   AGE       1992        1993        1994        1995        1996
 _____________________________________________________________________________

    3      182075.     107132.     150271.      27592.      49641.
    4      143314.     215859.     124605.     162295.      28915.
    5       52003.     139257.     186959.     108817.     142500.
    6       55859.      47829.     115391.     152153.      84577.
    7       29431.      41984.      38925.      89730.     113705.
    8       36866.      20610.      30021.      30094.      61488.
    9       40716.      23529.      14879.      22308.      20644.
   10        9652.      21971.      15202.       8072.      14805.
   11        1909.       5262.      14936.       8548.       3967.
   12        1820.       1209.       3239.       8524.       3915.
   13        9592.       9351.       9579.      10432.      12464.
 ====================================================================
 Total     563236.     633994.     704007.     628565.     536621.

   AGE       1997
 _____________________________________________________________________________

    3       74902.
    4       58821.
    5       27376.
    6      141589.
    7       69365.
    8       89319.
    9       48763.
   10       15438.
   11       10846.
   12        1708.
   13       10765.
 ====================================================================
 Total     548892.

 Mean Biomass


   AGE       1987        1988        1989        1990        1991
 _____________________________________________________________________________

    3       85243.      40191.      57492.      40497.     113068.
    4      185049.      96586.      44514.      71138.      48290.
    5       61572.     183309.      82918.      40528.      59514.
    6       19489.      45853.     143932.      62345.      30967.
    7       16944.      12563.      29231.      95241.      41639.
    8       25189.       9882.       8065.      17290.      53608.
    9       11047.      10935.       5655.       4578.      10805.
   10       10278.       5748.       4705.       3459.       2434.
   11        7469.       5150.       2636.       2631.       2115.
   12       10251.       3538.       2824.       1320.       1507.
   13       10670.      11220.       9490.       9283.       9243.
 ====================================================================
 Total     443200.     424973.     391463.     348311.     373191.

   AGE       1992        1993        1994        1995        1996
 _____________________________________________________________________________

    3      166271.      98259.     133941.      24892.      46140.
    4      124581.     186377.     106998.     141744.      24036.
    5       44910.     120972.     159949.      92933.     126414.
    6       44840.      42462.      97691.     129370.      71392.
    7       23469.      35211.      33195.      73579.      95681.
    8       28426.      17223.      25101.      25073.      52282.
    9       29018.      18686.      10971.      18421.      17184.
   10        6971.      17941.      11305.       5956.      12572.
   11        1469.       4149.      11176.       6069.       2636.
   12        1352.        978.       2477.       6599.       3106.
   13        9025.       8850.       8733.       9242.      10255.
 ====================================================================
 Total     480332.     551106.     601537.     533879.     461697.

 Spawning Stock Biomass


   AGE       1987        1988        1989        1990        1991
 _____________________________________________________________________________

    3       17094.       8108.      11785.       8283.      23801.
    4      160981.      85938.      40160.      65252.      45003.
    5       68926.     195148.      92642.      44945.      69859.
    6       22431.      55675.     169399.      73576.      35740.
    7       20055.      16212.      35785.     118882.      49948.
    8       33267.      13360.       9452.      22203.      71678.
    9       13770.      17035.       6688.       6000.      12478.
   10       12905.       8153.       6075.       4229.       3192.
   11        9513.       7119.       3594.       3276.       2621.
   12       13059.       5047.       3533.       1670.       1898.
   13       13593.      14222.      10008.       9604.       9491.
 ====================================================================
 Total     385593.     426016.     389121.     357921.     325709.

   AGE       1992        1993        1994        1995        1996
 _____________________________________________________________________________

    3       34639.      20381.      28589.       5249.       9444.
    4      115875.     174532.     100749.     131223.      23379.
    5       49467.     132466.     177841.     103510.     135550.
    6       53134.      45497.     109763.     144732.      80452.
    7       27995.      39936.      37027.      85354.     108160.
    8       35068.      19605.      28557.      28626.      58490.
    9       38730.      22381.      14153.      21220.      19638.
   10        9181.      20899.      14461.       7678.      14083.
   11        1816.       5006.      14207.       8131.       3773.
   12        1731.       1150.       3081.       8109.       3724.
   13        9124.       8895.       9112.       9923.      11857.
 ====================================================================
 Total     376762.     490748.     537539.     553755.     468549.

 Catch Biomass


   AGE       1987        1988        1989        1990        1991
 _____________________________________________________________________________

    3         528.        747.       2942.       1890.      11972.
    4        8918.       9134.       5490.      11228.       9227.
    5       14468.      23748.      19145.       8720.      20020.
    6        5733.      18789.      49239.      21694.       9290.
    7        6004.       6841.      12503.      44809.      15961.
    8       15028.       6422.       2686.       9226.      33480.
    9        5164.      10755.       1993.       2653.       3256.
   10        4971.       4372.       2567.       1469.       1413.
   11        3848.       3608.       1764.       1223.        963.
   12        5286.       2737.       1342.        661.        739.
   13        5502.       5661.       1043.        654.        507.
 ====================================================================
 Total      75451.      92814.     100713.     104227.     106827.

   AGE       1992        1993        1994        1995        1996
 _____________________________________________________________________________

    3       14039.       7417.      18039.       2729.       2220.
    4       23299.      37512.      22771.      25113.       6772.
    5        9020.      22799.      35290.      20847.      18272.
    6       15999.       6071.      23720.      30232.      17783.
    7        8711.       9253.       7549.      22880.      24467.
    8       12640.       4660.       6761.       6942.      12217.
    9       18006.       7101.       5966.       5451.       4792.
   10        4115.       5740.       5933.       3228.       2972.
   11         660.       1642.       5711.       3818.       2060.
   12         712.        334.       1145.       2877.       1188.
   13         208.        100.        768.       1363.       3116.
 ====================================================================
 Total     107408.     102629.     133653.     125481.      95858.

 Catch Numbers


   AGE       1987        1988        1989        1990        1991
 _____________________________________________________________________________

    3       3144.0      4757.0     22628.0     14884.0     88683.0
    4      44590.0     41331.0     26649.0     56995.0     49081.0
    5      60285.0     99366.0     77824.0     35593.0     86292.0
    6      20622.0     69331.0    188654.0     79757.0     34793.0
    7      19751.0     22955.0     43114.0    157225.0     55228.0
    8      46240.0     20131.0      8116.0     30248.0    110132.0
    9      15232.0     32201.0      5897.0      8187.0     10079.0
   10      13963.0     12349.0      7292.0      4372.0      4155.0
   11      10179.0     10250.0      4780.0      3379.0      2735.0
   12      13216.0      7378.0      3449.0      1786.0      2003.0
   13      13227.0     14048.0      2602.0      1726.0      1274.0
 ====================================================================
 Total    260449.0    334097.0    391005.0    394152.0    444455.0

   AGE       1992        1993        1994        1995        1996
 _____________________________________________________________________________

    3      94860.0     51153.0    134616.0     20991.0     15969.0
    4     122626.0    177780.0    113290.0    137232.0     40311.0
    5      38381.0     92680.0    142876.0     86864.0     86187.0
    6      58605.0     20791.0     87207.0    109140.0     68927.0
    7      27921.0     28560.0     24913.0     76780.0     84660.0
    8      38420.0     13313.0     20303.0     21361.0     39664.0
    9      53114.0     19617.0     16301.0     15225.0     14746.0
   10      11592.0     15266.0     15695.0      8541.0      8419.0
   11       1727.0      4254.0     14680.0      9617.0      5836.0
   12       1757.0       797.0      2936.0      7034.0      3152.0
   13        530.0       256.0      1874.0      3147.0      7750.0
 ====================================================================
 Total    449533.0    424467.0    574691.0    495932.0    375621.0


               Surplus Production

     Average Adjustment Factor (Delta) =   1.0000

 Year        Biomass  Delta Biomass  Catch Biomass  Surplus Production

 1987     507107.496      -9209.301      75450.782      66241.481
 1988     497898.195     -31818.883      92813.816      60994.933
 1989     466079.312     -42870.102     100713.041      57842.939
 1990     423209.210      27633.914     104226.989     131860.903
 1991     450843.124     112392.772     106827.024     219219.796
 1992     563235.896      70758.260     107408.317     178166.577
 1993     633994.155      70012.482     102628.948     172641.430
 1994     704006.638     -75442.029     133652.824      58210.795
 1995     628564.609     -91943.187     125480.745      33537.558
 1996     536621.423      12270.531      95858.270     108128.801
 1997     548891.954


 Summary of Survey Indices Used in the Estimate

 INDEX    Survey Tag    Age   Time  Type  Catchability Std. Error   CV
 _____________________________________________________________________________

   1 Acoustic              4   JAN-1 NUMBER  0.8790E+00  0.1067E+00  0.1214E+00
   2 Acoustic              5   JAN-1 NUMBER  0.1037E+01  0.9918E-01  0.9564E-01
   3 Acoustic              6   JAN-1 NUMBER  0.9614E+00  0.1061E+00  0.1103E+00
   4 Acoustic              7   JAN-1 NUMBER  0.1019E+01  0.9909E-01  0.9728E-01
   5 Acoustic              8   JAN-1 NUMBER  0.1175E+01  0.1748E+00  0.1487E+00
   6 Acoustic              9   JAN-1 NUMBER  0.1605E+01  0.1456E+00  0.9076E-01
   7 Acoustic             10   JAN-1 NUMBER  0.1595E+01  0.2340E+00  0.1467E+00
   8 Acoustic             11   JAN-1 NUMBER  0.1448E+01  0.1234E+00  0.8526E-01


 Survey Index:    1 Tag: Acoustic           AGE =  4
 Time = JAN-1           Type = NUMBER
 Catchability =    0.879015E+00   % Variance Contribution =    16.2371
 Unweighted Residual = LN(Observed) - LN(Predicted)

 Year      Observed        Predicted         Residual      Unweighted Resid
 _____________________________________________________________________________

 1987     N/A              0.875055E+06     N/A              N/A
 1988     0.401246E+06     0.422750E+06    -0.522058E-01    -0.522058E-01
 1989     0.201284E+06     0.211942E+06    -0.515953E-01    -0.515953E-01
 1990     0.655361E+06     0.360098E+06     0.598811E+00     0.598811E+00
 1991     0.132235E+06     0.260239E+06    -0.677020E+00    -0.677020E+00
 1992     0.104999E+07     0.663025E+06     0.459723E+00     0.459723E+00
 1993     0.830608E+06     0.899259E+06    -0.794132E-01    -0.794132E-01
 1994     0.505279E+06     0.544924E+06    -0.755356E-01    -0.755356E-01
 1995     N/A              0.779560E+06     N/A              N/A
 1996     0.133810E+06     0.151288E+06    -0.122764E+00    -0.122764E+00
 1997     0.270706E+06     0.270706E+06     0.704909E-07     0.704909E-07

 Survey Index:    2 Tag: Acoustic           AGE =  5
 Time = JAN-1           Type = NUMBER
 Catchability =    0.103696E+01   % Variance Contribution =    10.0816
 Unweighted Residual = LN(Observed) - LN(Predicted)

 Year      Observed        Predicted         Residual      Unweighted Resid
 _____________________________________________________________________________

 1987     N/A              0.313072E+06     N/A              N/A
 1988     0.858012E+06     0.890104E+06    -0.367197E-01    -0.367197E-01
 1989     0.232808E+06     0.410532E+06    -0.567239E+00    -0.567239E+00
 1990     0.179364E+06     0.199983E+06    -0.108813E+00    -0.108813E+00
 1991     0.258591E+06     0.328253E+06    -0.238537E+00    -0.238537E+00
 1992     0.354521E+06     0.229468E+06     0.435003E+00     0.435003E+00
 1993     0.729556E+06     0.587008E+06     0.217398E+00     0.217398E+00
 1994     0.882868E+06     0.784893E+06     0.117628E+00     0.117628E+00
 1995     N/A              0.470159E+06     N/A              N/A
 1996     0.761581E+06     0.697010E+06     0.885973E-01     0.885973E-01
 1997     0.133667E+06     0.121835E+06     0.926832E-01     0.926832E-01

 Survey Index:    3 Tag: Acoustic           AGE =  6
 Time = JAN-1           Type = NUMBER
 Catchability =    0.961395E+00   % Variance Contribution =    13.4155
 Unweighted Residual = LN(Observed) - LN(Predicted)

 Year      Observed        Predicted         Residual      Unweighted Resid
 _____________________________________________________________________________

 1987     N/A              0.815497E+05     N/A              N/A
 1988     0.308065E+06     0.207637E+06     0.394521E+00     0.394521E+00
 1989     0.381417E+06     0.655975E+06    -0.542230E+00    -0.542230E+00
 1990     0.278836E+06     0.273392E+06     0.197174E-01     0.197174E-01
 1991     0.943730E+05     0.135288E+06    -0.360148E+00    -0.360148E+00
 1992     0.319866E+06     0.196711E+06     0.486167E+00     0.486167E+00
 1993     0.158778E+06     0.157475E+06     0.823967E-02     0.823967E-02
 1994     0.496297E+06     0.407854E+06     0.196265E+00     0.196265E+00
 1995     N/A              0.528082E+06     N/A              N/A
 1996     0.277893E+06     0.315161E+06    -0.125848E+00    -0.125848E+00
 1997     0.468678E+06     0.506032E+06    -0.766846E-01    -0.766846E-01

 Survey Index:    4 Tag: Acoustic           AGE =  7
 Time = JAN-1           Type = NUMBER
 Catchability =    0.101858E+01   % Variance Contribution =    10.4297
 Unweighted Residual = LN(Observed) - LN(Predicted)

 Year      Observed        Predicted         Residual      Unweighted Resid
 _____________________________________________________________________________

 1987     N/A              0.706428E+05     N/A              N/A
 1988     0.571030E+05     0.582549E+05    -0.199708E-01    -0.199708E-01
 1989     0.188456E+06     0.132134E+06     0.355048E+00     0.355048E+00
 1990     0.592982E+06     0.446665E+06     0.283355E+00     0.283355E+00
 1991     0.191054E+06     0.185068E+06     0.318304E-01     0.318304E-01
 1992     0.898250E+05     0.960818E+05    -0.673371E-01    -0.673371E-01
 1993     0.130781E+06     0.131988E+06    -0.918735E-02    -0.918735E-02
 1994     0.669630E+05     0.130853E+06    -0.669935E+00    -0.669935E+00
 1995     N/A              0.306704E+06     N/A              N/A
 1996     0.385027E+06     0.400755E+06    -0.400361E-01    -0.400361E-01
 1997     0.269888E+06     0.235515E+06     0.136233E+00     0.136233E+00

 Survey Index:    5 Tag: Acoustic           AGE =  8
 Time = JAN-1           Type = NUMBER
 Catchability =    0.117534E+01   % Variance Contribution =    24.3746
 Unweighted Residual = LN(Observed) - LN(Predicted)

 Year      Observed        Predicted         Residual      Unweighted Resid
 _____________________________________________________________________________

 1987     N/A              0.126476E+06     N/A              N/A
 1988     0.325320E+05     0.517494E+05    -0.464189E+00    -0.464189E+00
 1989     0.464480E+05     0.352852E+05     0.274870E+00     0.274870E+00
 1990     0.179665E+06     0.899480E+05     0.691862E+00     0.691862E+00
 1991     0.514403E+06     0.291335E+06     0.568535E+00     0.568535E+00
 1992     0.138333E+06     0.131704E+06     0.491091E-01     0.491091E-01
 1993     0.541560E+05     0.692108E+05    -0.245288E+00    -0.245288E+00
 1994     0.582950E+05     0.105960E+06    -0.597541E+00    -0.597541E+00
 1995     N/A              0.108833E+06     N/A              N/A
 1996     0.176906E+06     0.234642E+06    -0.282443E+00    -0.282443E+00
 1997     0.325664E+06     0.324012E+06     0.508500E-02     0.508500E-02

 Survey Index:    6 Tag: Acoustic           AGE =  9
 Time = JAN-1           Type = NUMBER
 Catchability =    0.160467E+01   % Variance Contribution =     8.0622
 Unweighted Residual = LN(Observed) - LN(Predicted)

 Year      Observed        Predicted         Residual      Unweighted Resid
 _____________________________________________________________________________

 1987     N/A              0.685246E+05     N/A              N/A
 1988     0.704260E+05     0.860390E+05    -0.200238E+00    -0.200238E+00
 1989     0.257980E+05     0.333782E+05    -0.257605E-02    -0.257605E+00
 1990     0.221820E+05     0.312409E+05    -0.342447E+00    -0.342447E+00
 1991     0.793530E+05     0.651700E+05     0.196907E+00     0.196907E+00
 1992     0.256921E+06     0.192731E+06     0.287472E+00     0.287472E+00
 1993     0.963300E+05     0.104297E+06    -0.794618E-01    -0.794618E-01
 1994     0.106172E+06     0.652331E+05     0.487093E+00     0.487093E+00
 1995     N/A              0.999895E+05     N/A              N/A
 1996     0.981500E+05     0.101931E+06    -0.377984E-01    -0.377984E-01
 1997     0.217421E+06     0.229466E+06    -0.539210E-01    -0.539210E-01

 Survey Index:    7 Tag: Acoustic           AGE = 10
 Time = JAN-1           Type = NUMBER
 Catchability =    0.159535E+01   % Variance Contribution =    11.8433
 Unweighted Residual = LN(Observed) - LN(Predicted)

 Year      Observed        Predicted         Residual      Unweighted Resid
 _____________________________________________________________________________

 1987     N/A              0.607989E+05     N/A              N/A
 1988     0.367130E+05     0.386274E+05    -0.508303E-01    -0.508303E-01
 1989     0.328190E+05     0.289447E+05     0.125621E-02     0.125621E+00
 1990     0.217680E+05     0.211074E+05     0.308175E-03     0.308175E-01
 1991     0.376180E+05     0.157442E+05     0.871008E-02     0.871008E+00
 1992     0.212900E+05     0.433751E+05    -0.711649E+00    -0.711649E+00
 1993     0.966490E+05     0.932209E+05     0.361140E-01     0.361140E-01
 1994     0.488740E+05     0.641603E+05    -0.272139E+00    -0.272139E+00
 1995     N/A              0.340666E+05     N/A              N/A
 1996     0.485030E+05     0.669107E+05    -0.321734E+00    -0.321734E+00
 1997     0.929790E+05     0.693788E+05     0.292792E+00     0.292792E+00

 Survey Index:    8 Tag: Acoustic           AGE = 11
 Time = JAN-1           Type = NUMBER
 Catchability =    0.144769E+01   % Variance Contribution =     5.5560
 Unweighted Residual = LN(Observed) - LN(Predicted)

 Year      Observed        Predicted         Residual      Unweighted Resid
 _____________________________________________________________________________

 1987     N/A              0.383004E+05     N/A              N/A
 1988     0.235860E+05     0.307779E+05    -0.266143E+00    -0.266143E+00
 1989     0.174390E+05     0.148241E+05     0.162457E-02     0.162457E+00
 1990     0.130800E+05     0.137738E+05    -0.516844E-03    -0.516844E-01
 1991     0.939400E+04     0.113341E+05    -0.187742E-02    -0.187742E+00
 1992     0.986600E+04     0.723539E+04     0.310111E-02     0.310111E+00
 1993     0.245420E+05     0.197360E+05     0.217943E+00     0.217943E+00
 1994     0.362010E+05     0.555844E+05    -0.428816E+00    -0.428816E+00
 1995     N/A              0.311706E+05     N/A              N/A
 1996     0.162260E+05     0.162675E+05    -0.255341E-02    -0.255341E-02
 1997     0.554940E+05     0.433734E+05     0.246428E+00     0.246428E+00


Survey Weight Factors - Survey Index =     6

      1987        1.0000
      1988        1.0000
      1989        0.0100
      1990        1.0000
      1991        1.0000
      1992        1.0000
      1993        1.0000
      1994        1.0000
      1995        1.0000
      1996        1.0000
      1997        1.0000


Survey Weight Factors - Survey Index =     7

      1987        1.0000
      1988        1.0000
      1989        0.0100
      1990        0.0100
      1991        0.0100
      1992        1.0000
      1993        1.0000
      1994        1.0000
      1995        1.0000
      1996        1.0000
      1997        1.0000


Survey Weight Factors - Survey Index =     8

      1987        1.0000
      1988        1.0000
      1989        0.0100
      1990        0.0100
      1991        0.0100
      1992        0.0100
      1993        1.0000
      1994        1.0000
      1995        1.0000
      1996        1.0000
      1997        1.0000



 Plus Group Diagnostic Report 

 Calculation Method Selected = Forward

          Population  Population    F            F
 Year     Backward     Forward    Forward     Backward    Ratio

 1987      34350.      34350.    0.515704    0.515704    1.000000
 1988      27230.      37100.    0.504579    0.773662    1.533282
 1989       7202.      26238.    0.109945    0.475036    4.320666
 1990       4586.      26641.    0.070467    0.500637    7.104607
 1991       3440.      25068.    0.054858    0.490361    8.938727
 1992       1355.      24469.    0.023020    0.526134   22.855609
 1993        927.      24039.    0.011253    0.341570   30.354277
 1994       5300.      23364.    0.087985    0.462229    5.253513
 1995       9325.      24093.    0.147448    0.435969    2.956762
 1996      25536.      31006.    0.303804    0.382600    1.259367
 1997      22170.      27115.       N/A         N/A
