 VPA Version 3.3.0

 Model ID: k=0.3, 2009-2011 Ichtio.                                                        


 Input File: RUN1NWWG_R_08.DAT                                                               
 Date of Run: 15-NOV-2017                         Time of Run: 21:42


 Levenburg-Marquardt Algorithm Completed     4 Iterations
 Residual Sum of Squares =     38.7397    

 Number of Residuals     =    168
 Number of Parameters    =      9
 Degrees of Freedom      =    159
 Mean Squared Residual   =     0.243646    
 Standard Deviation      =     0.493605    


 Number of Years =    22
 Number of Ages  =    11
 First Year      =  1987
 Youngest Age    =     3
 Oldest True Age =    12

 Number of Survey Indices Available        =    10
 Number of Survey Indices Used in Estimate =     8


 VPA Classic Method - Auto Estimated Q's


 Stock Numbers Predicted in Terminal Year Plus One (2009)
 Age    Stock Predicted     Std. Error      CV

   4         177375.163   0.898500E+05   0.506553E+00
   5         302163.166   0.120960E+06   0.400313E+00
   6         203050.558   0.754148E+05   0.371409E+00
   7         277669.197   0.100121E+06   0.360576E+00
   8         159199.796   0.527101E+05   0.331094E+00
   9         198187.667   0.627408E+05   0.316573E+00
  10         261536.749   0.772301E+05   0.295294E+00
  11          42422.883   0.140965E+05   0.332285E+00
  12          47859.721   0.148394E+05   0.310061E+00

 Catchability Values for Each Survey Used in Estimate
 INDEX     Catchability    Std. Error      CV

   1       0.110572E+01   0.102725E+00   0.929034E-01
   2       0.133891E+01   0.139111E+00   0.103899E+00
   3       0.127051E+01   0.962773E-01   0.757786E-01
   4       0.134106E+01   0.112231E+00   0.836882E-01
   5       0.139941E+01   0.144939E+00   0.103572E+00
   6       0.156573E+01   0.179444E+00   0.114607E+00
   7       0.171482E+01   0.241735E+00   0.140968E+00
   8       0.154399E+01   0.217751E+00   0.141031E+00


 -- Non-Linear Least Squares Fit --

 Maximum Marquadt Iterations    =       100
 Scaled Gradient Tolerance      =    6.055454E-05
 Scaled Step Tolerance          =    1.000000E-18
 Relative Function Tolerance    =    1.000000E-18
 Absolute Function Tolerance    =    4.930381E-32

 Reported Machine Precision     =    2.220446E-16


 VPA Method Options

 - Catchability Values Estimated as an Analytic Function of N
 - Catch Equation Used in Cohort Solution
 - Plus Group Forward Calculation Method Used
 - Arithmetic Average Used in F-Oldest Calculation
 - F-Oldest Calculation in Years Prior to Terminal Year 
   Uses Fishing Mortality in Ages  8 to 11
 - Calculation of Population of Age 3 In Year 2009
   =  Geometric Mean of First Age Populations
      Year Range Applied =  1987 to  2005
 - Survey Weight Factors Were Used

 Stock Estimates 

 Age   4
 Age   5
 Age   6
 Age   7
 Age   8
 Age   9
 Age  10
 Age  11
 Age  12

 Full F in Terminal Year               =   0.2666

 F in Oldest True Age in Terminal Year =   0.2331

 Full F Calculated Using Classic Method

 F in Oldest True Age in Terminal Year has been
 Calculated in Same Manner as in All Other Years

 Age  Input Partial  Calc Partial   Fishing     Used In
      Recruitment    Recruitment    Mortality   Full F    Comments

   3      0.500          0.555       0.1888      NO      Stock Estimate in T+1   
   4      0.800          0.738       0.2512      NO      Stock Estimate in T+1   
   5      1.000          0.931       0.3166      YES     Stock Estimate in T+1   
   6      1.000          0.920       0.3131      YES     Stock Estimate in T+1   
   7      1.000          0.894       0.3041      YES     Stock Estimate in T+1   
   8      1.000          0.766       0.2606      YES     Stock Estimate in T+1   
   9      1.000          0.529       0.1801      YES     Stock Estimate in T+1   
  10      1.000          1.000       0.3402      YES     Stock Estimate in T+1   
  11      1.000          0.445       0.1514      YES     Stock Estimate in T+1   
  12      1.000          0.685       0.2331              F-Oldest                

 Catch At Age - Input Data


   AGE       1987        1988        1989        1990        1991
 ____________________________________________________________________

    3       3144.0      4757.0     22628.0     14884.0     88683.0
    4      44590.0     41331.0     26649.0     56995.0     49081.0
    5      60285.0     99366.0     77824.0     35593.0     86292.0
    6      20622.0     69331.0    188654.0     79757.0     34793.0
    7      19751.0     22955.0     43114.0    157225.0     55228.0
    8      46240.0     20131.0      8116.0     30248.0    110132.0
    9      15232.0     32201.0      5897.0      8187.0     10079.0
   10      13963.0     12349.0      7292.0      4372.0      4155.0
   11      10179.0     10250.0      4780.0      3379.0      2735.0
   12      13216.0      7378.0      3449.0      1786.0      2003.0
   13      13227.0     14048.0      2602.0      1726.0      1274.0

   AGE       1992        1993        1994        1995        1996
 ____________________________________________________________________

    3      94860.0     51153.0    134616.0     20991.0     15969.0
    4     122626.0    177780.0    113290.0    137232.0     40311.0
    5      38381.0     92680.0    142876.0     86864.0     86187.0
    6      58605.0     20791.0     87207.0    109140.0     68927.0
    7      27921.0     28560.0     24913.0     76780.0     84660.0
    8      38420.0     13313.0     20303.0     21361.0     39664.0
    9      53114.0     19617.0     16301.0     15225.0     14746.0
   10      11592.0     15266.0     15695.0      8541.0      8419.0
   11       1727.0      4254.0     14680.0      9617.0      5836.0
   12       1757.0       797.0      2936.0      7034.0      3152.0
   13        530.0       256.0      1874.0      3147.0      7750.0

   AGE       1997        1998        1999        2000        2001
 ____________________________________________________________________

    3      39240.0     45390.0     56315.0     57282.0     42304.0
    4      30141.0    175529.0     54779.0    136278.0     86422.0
    5      26307.0     22691.0    140913.0     49289.0     93597.0
    6      36738.0      8613.0     16093.0     76614.0     30336.0
    7      33705.0     40898.0     13506.0     11546.0     54491.0
    8      31022.0     25944.0     31467.0      8294.0     10375.0
    9      22277.0     32046.0     19845.0     16367.0      8762.0
   10       8531.0     14647.0     22031.0      9874.0     12244.0
   11       3383.0      2122.0     12609.0     11332.0      9907.0
   12       1141.0      2754.0      2673.0      6744.0      8259.0
   13      13767.0      4231.0      6676.0      5618.0      8838.0

 Catch At Age - Input Data


   AGE       2002        2003        2004        2005        2006
 ____________________________________________________________________

    3      80863.0    211495.0     63355.0     26091.0    118526.0
    4      70801.0    286017.0    139543.0     42116.0    217672.0
    5      45607.0     58120.0    182450.0    117910.0     54800.0
    6      54202.0     27979.0     40489.0    133437.0     48312.0
    7      21211.0     25592.0     13727.0     27565.0     57241.0
    8      42199.0     14203.0      9342.0     12074.0     13603.0
    9       9888.0     10944.0      5769.0      9203.0      5994.0
   10       4707.0      2230.0      7021.0      5172.0      4299.0
   11       6520.0      3424.0      3136.0      5116.0       898.0
   12       9108.0      4225.0      1861.0      1045.0      1626.0
   13      19046.0      5507.0      6720.0      4573.0      2995.0

   AGE       2007        2008
 ____________________________________________________________________

    3      93697.0     38830.0
    4      82205.0     90932.0
    5     159970.0     79745.0
    6      63565.0    107644.0
    7      89599.0     59656.0
    8      93435.0     62194.0
    9      23422.0     54345.0
   10      11760.0     18130.0
   11       7353.0      8240.0
   12       2593.0      5157.0
   13       8683.0      6488.0

 Weight At Age - Input Data


   AGE       1987        1988        1989        1990        1991
 ____________________________________________________________________

    3       0.1680      0.1570      0.1300      0.1270      0.1350
    4       0.2000      0.2210      0.2060      0.1970      0.1880
    5       0.2400      0.2390      0.2460      0.2450      0.2320
    6       0.2780      0.2710      0.2610      0.2720      0.2670
    7       0.3040      0.2980      0.2900      0.2850      0.2890
    8       0.3250      0.3190      0.3310      0.3050      0.3040
    9       0.3390      0.3340      0.3380      0.3240      0.3230
   10       0.3560      0.3540      0.3520      0.3360      0.3400
   11       0.3780      0.3520      0.3690      0.3620      0.3520
   12       0.4000      0.3710      0.3890      0.3700      0.3690
   13       0.4160      0.4030      0.4010      0.3790      0.3980

   AGE       1992        1993        1994        1995        1996
 ____________________________________________________________________

    3       0.1480      0.1450      0.1340      0.1300      0.1390
    4       0.1900      0.2110      0.2010      0.1830      0.1680
    5       0.2350      0.2460      0.2470      0.2400      0.2120
    6       0.2730      0.2920      0.2720      0.2770      0.2580
    7       0.3120      0.3240      0.3030      0.2980      0.2890
    8       0.3290      0.3500      0.3330      0.3250      0.3080
    9       0.3390      0.3620      0.3660      0.3580      0.3250
   10       0.3550      0.3760      0.3780      0.3780      0.3530
   11       0.3820      0.3860      0.3890      0.3970      0.3530
   12       0.4050      0.4190      0.3900      0.4090      0.3770
   13       0.3920      0.3890      0.4100      0.4330      0.4020

   AGE       1997        1998        1999        2000        2001
 ____________________________________________________________________

    3       0.1310      0.1340      0.1370      0.1590      0.1390
    4       0.1910      0.1850      0.2040      0.2170      0.2140
    5       0.2330      0.2380      0.2330      0.2680      0.2440
    6       0.2690      0.2640      0.2680      0.2890      0.2860
    7       0.3000      0.2880      0.2940      0.3250      0.2960
    8       0.3240      0.3240      0.3110      0.3420      0.3240
    9       0.3410      0.3400      0.3390      0.3630      0.3470
   10       0.3550      0.3480      0.3530      0.3780      0.3540
   11       0.3620      0.3750      0.3620      0.3930      0.3850
   12       0.3670      0.4060      0.3780      0.4070      0.4030
   13       0.3970      0.4150      0.4040      0.4290      0.4230

 Weight At Age - Input Data


   AGE       2002        2003        2004        2005        2006
 ____________________________________________________________________

    3       0.1610      0.1560      0.1490      0.1700      0.1890
    4       0.2110      0.1890      0.2130      0.2240      0.2340
    5       0.2580      0.2290      0.2480      0.2620      0.2630
    6       0.2800      0.2600      0.2800      0.2750      0.2900
    7       0.3190      0.2830      0.3150      0.2980      0.3040
    8       0.3320      0.3090      0.3310      0.3240      0.3390
    9       0.3540      0.3360      0.3490      0.3350      0.3490
   10       0.4050      0.3360      0.3550      0.3350      0.3690
   11       0.3960      0.3690      0.3790      0.3560      0.4160
   12       0.4160      0.3940      0.3880      0.3720      0.4020
   13       0.4470      0.3990      0.4170      0.4020      0.4300

   AGE       2007        2008
 ____________________________________________________________________

    3       0.1570      0.1740
    4       0.2200      0.2320
    5       0.2450      0.2750
    6       0.2610      0.2920
    7       0.2770      0.3070
    8       0.2870      0.3150
    9       0.3110      0.3270
   10       0.3380      0.3450
   11       0.3340      0.3660
   12       0.3460      0.3770
   13       0.3690      0.3960

 JAN-1 Weights at Age - Input Data


   AGE       1987        1988        1989        1990        1991
 ____________________________________________________________________

    3       0.1680      0.1570      0.1300      0.1270      0.1350
    4       0.2000      0.2210      0.2060      0.1970      0.1880
    5       0.2400      0.2390      0.2460      0.2450      0.2320
    6       0.2780      0.2710      0.2610      0.2720      0.2670
    7       0.3040      0.2980      0.2900      0.2850      0.2890
    8       0.3250      0.3190      0.3310      0.3050      0.3040
    9       0.3390      0.3340      0.3380      0.3240      0.3230
   10       0.3560      0.3540      0.3520      0.3360      0.3400
   11       0.3780      0.3520      0.3690      0.3620      0.3520
   12       0.4000      0.3710      0.3890      0.3700      0.3690
   13       0.4160      0.4030      0.4010      0.3790      0.3980

   AGE       1992        1993        1994        1995        1996
 ____________________________________________________________________

    3       0.1480      0.1450      0.1340      0.1300      0.1390
    4       0.1900      0.2110      0.2010      0.1830      0.1680
    5       0.2350      0.2460      0.2470      0.2400      0.2120
    6       0.2730      0.2920      0.2720      0.2770      0.2580
    7       0.3120      0.3240      0.3030      0.2980      0.2890
    8       0.3290      0.3500      0.3330      0.3250      0.3080
    9       0.3390      0.3620      0.3660      0.3580      0.3250
   10       0.3550      0.3760      0.3780      0.3780      0.3530
   11       0.3820      0.3860      0.3890      0.3970      0.3530
   12       0.4050      0.4190      0.3900      0.4090      0.3770
   13       0.3920      0.3890      0.4100      0.4330      0.4020

   AGE       1997        1998        1999        2000        2001
 ____________________________________________________________________

    3       0.1310      0.1340      0.1370      0.1590      0.1390
    4       0.1910      0.1850      0.2040      0.2170      0.2140
    5       0.2330      0.2380      0.2330      0.2680      0.2440
    6       0.2690      0.2640      0.2680      0.2890      0.2860
    7       0.3000      0.2880      0.2940      0.3250      0.2960
    8       0.3240      0.3240      0.3110      0.3420      0.3240
    9       0.3410      0.3400      0.3390      0.3630      0.3470
   10       0.3550      0.3480      0.3530      0.3780      0.3540
   11       0.3620      0.3750      0.3620      0.3930      0.3850
   12       0.3670      0.4060      0.3780      0.4070      0.4030
   13       0.3970      0.4150      0.4040      0.4290      0.4230

 JAN-1 Weights at Age - Input Data


   AGE       2002        2003        2004        2005        2006
 ____________________________________________________________________

    3       0.1610      0.1560      0.1490      0.1700      0.1890
    4       0.2110      0.1890      0.2130      0.2240      0.2340
    5       0.2580      0.2290      0.2480      0.2620      0.2630
    6       0.2800      0.2600      0.2800      0.2750      0.2900
    7       0.3190      0.2830      0.3150      0.2980      0.3040
    8       0.3320      0.3090      0.3310      0.3240      0.3390
    9       0.3540      0.3360      0.3490      0.3350      0.3490
   10       0.4050      0.3360      0.3550      0.3350      0.3690
   11       0.3960      0.3690      0.3790      0.3560      0.4160
   12       0.4160      0.3940      0.3880      0.3720      0.4020
   13       0.4470      0.3990      0.4170      0.4020      0.4300

   AGE       2007        2008        2009
 ____________________________________________________________________

    3       0.1570      0.1740      0.1900
    4       0.2200      0.2320      0.2370
    5       0.2450      0.2750      0.2740
    6       0.2610      0.2920      0.3040
    7       0.2770      0.3070      0.3180
    8       0.2870      0.3150      0.3260
    9       0.3110      0.3270      0.3350
   10       0.3380      0.3450      0.3420
   11       0.3340      0.3660      0.3600
   12       0.3460      0.3770      0.3720
   13       0.3690      0.3960      0.4030

 SSB Weight At Age - Input Data


   AGE       1987        1988        1989        1990        1991
 ____________________________________________________________________

    3       0.1680      0.1570      0.1300      0.1270      0.1350
    4       0.2000      0.2210      0.2060      0.1970      0.1880
    5       0.2400      0.2390      0.2460      0.2450      0.2320
    6       0.2780      0.2710      0.2610      0.2720      0.2670
    7       0.3040      0.2980      0.2900      0.2850      0.2890
    8       0.3250      0.3190      0.3310      0.3050      0.3040
    9       0.3390      0.3340      0.3380      0.3240      0.3230
   10       0.3560      0.3540      0.3520      0.3360      0.3400
   11       0.3780      0.3520      0.3690      0.3620      0.3520
   12       0.4000      0.3710      0.3890      0.3700      0.3690
   13       0.4160      0.4030      0.4010      0.3790      0.3980

   AGE       1992        1993        1994        1995        1996
 ____________________________________________________________________

    3       0.1480      0.1450      0.1340      0.1300      0.1390
    4       0.1900      0.2110      0.2010      0.1830      0.1680
    5       0.2350      0.2460      0.2470      0.2400      0.2120
    6       0.2730      0.2920      0.2720      0.2770      0.2580
    7       0.3120      0.3240      0.3030      0.2980      0.2890
    8       0.3290      0.3500      0.3330      0.3250      0.3080
    9       0.3390      0.3620      0.3660      0.3580      0.3250
   10       0.3550      0.3760      0.3780      0.3780      0.3530
   11       0.3820      0.3860      0.3890      0.3970      0.3530
   12       0.4050      0.4190      0.3900      0.4090      0.3770
   13       0.3920      0.3890      0.4100      0.4330      0.4020

   AGE       1997        1998        1999        2000        2001
 ____________________________________________________________________

    3       0.1310      0.1340      0.1370      0.1590      0.1390
    4       0.1910      0.1850      0.2040      0.2170      0.2140
    5       0.2330      0.2380      0.2330      0.2680      0.2440
    6       0.2690      0.2640      0.2680      0.2890      0.2860
    7       0.3000      0.2880      0.2940      0.3250      0.2960
    8       0.3240      0.3240      0.3110      0.3420      0.3240
    9       0.3410      0.3400      0.3390      0.3630      0.3470
   10       0.3550      0.3480      0.3530      0.3780      0.3540
   11       0.3620      0.3750      0.3620      0.3930      0.3850
   12       0.3670      0.4060      0.3780      0.4070      0.4030
   13       0.3970      0.4150      0.4040      0.4290      0.4230

 SSB Weight At Age - Input Data


   AGE       2002        2003        2004        2005        2006
 ____________________________________________________________________

    3       0.1610      0.1560      0.1490      0.1700      0.1890
    4       0.2110      0.1890      0.2130      0.2240      0.2340
    5       0.2580      0.2290      0.2480      0.2620      0.2630
    6       0.2800      0.2600      0.2800      0.2750      0.2900
    7       0.3190      0.2830      0.3150      0.2980      0.3040
    8       0.3320      0.3090      0.3310      0.3240      0.3390
    9       0.3540      0.3360      0.3490      0.3350      0.3490
   10       0.4050      0.3360      0.3550      0.3350      0.3690
   11       0.3960      0.3690      0.3790      0.3560      0.4160
   12       0.4160      0.3940      0.3880      0.3720      0.4020
   13       0.4470      0.3990      0.4170      0.4020      0.4300

   AGE       2007        2008
 ____________________________________________________________________

    3       0.1570      0.1740
    4       0.2200      0.2320
    5       0.2450      0.2750
    6       0.2610      0.2920
    7       0.2770      0.3070
    8       0.2870      0.3150
    9       0.3110      0.3270
   10       0.3380      0.3450
   11       0.3340      0.3660
   12       0.3460      0.3770
   13       0.3690      0.3960

 Natural Mortality - Input Data


   AGE       1987        1988        1989        1990        1991
 ____________________________________________________________________

    3       0.1000      0.1000      0.1000      0.1000      0.1000
    4       0.1000      0.1000      0.1000      0.1000      0.1000
    5       0.1000      0.1000      0.1000      0.1000      0.1000
    6       0.1000      0.1000      0.1000      0.1000      0.1000
    7       0.1000      0.1000      0.1000      0.1000      0.1000
    8       0.1000      0.1000      0.1000      0.1000      0.1000
    9       0.1000      0.1000      0.1000      0.1000      0.1000
   10       0.1000      0.1000      0.1000      0.1000      0.1000
   11       0.1000      0.1000      0.1000      0.1000      0.1000
   12       0.1000      0.1000      0.1000      0.1000      0.1000
   13       0.1000      0.1000      0.1000      0.1000      0.1000

   AGE       1992        1993        1994        1995        1996
 ____________________________________________________________________

    3       0.1000      0.1000      0.1000      0.1000      0.1000
    4       0.1000      0.1000      0.1000      0.1000      0.1000
    5       0.1000      0.1000      0.1000      0.1000      0.1000
    6       0.1000      0.1000      0.1000      0.1000      0.1000
    7       0.1000      0.1000      0.1000      0.1000      0.1000
    8       0.1000      0.1000      0.1000      0.1000      0.1000
    9       0.1000      0.1000      0.1000      0.1000      0.1000
   10       0.1000      0.1000      0.1000      0.1000      0.1000
   11       0.1000      0.1000      0.1000      0.1000      0.1000
   12       0.1000      0.1000      0.1000      0.1000      0.1000
   13       0.1000      0.1000      0.1000      0.1000      0.1000

   AGE       1997        1998        1999        2000        2001
 ____________________________________________________________________

    3       0.1000      0.1000      0.1000      0.1000      0.1000
    4       0.1000      0.1000      0.1000      0.1000      0.1000
    5       0.1000      0.1000      0.1000      0.1000      0.1000
    6       0.1000      0.1000      0.1000      0.1000      0.1000
    7       0.1000      0.1000      0.1000      0.1000      0.1000
    8       0.1000      0.1000      0.1000      0.1000      0.1000
    9       0.1000      0.1000      0.1000      0.1000      0.1000
   10       0.1000      0.1000      0.1000      0.1000      0.1000
   11       0.1000      0.1000      0.1000      0.1000      0.1000
   12       0.1000      0.1000      0.1000      0.1000      0.1000
   13       0.1000      0.1000      0.1000      0.1000      0.1000

 Natural Mortality - Input Data


   AGE       2002        2003        2004        2005        2006
 ____________________________________________________________________

    3       0.1000      0.1000      0.1000      0.1000      0.1000
    4       0.1000      0.1000      0.1000      0.1000      0.1000
    5       0.1000      0.1000      0.1000      0.1000      0.1000
    6       0.1000      0.1000      0.1000      0.1000      0.1000
    7       0.1000      0.1000      0.1000      0.1000      0.1000
    8       0.1000      0.1000      0.1000      0.1000      0.1000
    9       0.1000      0.1000      0.1000      0.1000      0.1000
   10       0.1000      0.1000      0.1000      0.1000      0.1000
   11       0.1000      0.1000      0.1000      0.1000      0.1000
   12       0.1000      0.1000      0.1000      0.1000      0.1000
   13       0.1000      0.1000      0.1000      0.1000      0.1000

   AGE       2007        2008
 ____________________________________________________________________

    3       0.1000      0.1000
    4       0.1000      0.1000
    5       0.1000      0.1000
    6       0.1000      0.1000
    7       0.1000      0.1000
    8       0.1000      0.1000
    9       0.1000      0.1000
   10       0.1000      0.1000
   11       0.1000      0.1000
   12       0.1000      0.1000
   13       0.1000      0.1000

 Proportion of Natural Mortality Before Spawning =       0.5000
 Proportion of Fishing Mortality Before Spawning =       0.0000

 Maturity - Input Data


   AGE       1987        1988        1989        1990        1991
 ____________________________________________________________________

    3       0.2000      0.2000      0.2000      0.2000      0.2000
    4       0.8500      0.8500      0.8500      0.8500      0.8500
    5       1.0000      1.0000      1.0000      1.0000      1.0000
    6       1.0000      1.0000      1.0000      1.0000      1.0000
    7       1.0000      1.0000      1.0000      1.0000      1.0000
    8       1.0000      1.0000      1.0000      1.0000      1.0000
    9       1.0000      1.0000      1.0000      1.0000      1.0000
   10       1.0000      1.0000      1.0000      1.0000      1.0000
   11       1.0000      1.0000      1.0000      1.0000      1.0000
   12       1.0000      1.0000      1.0000      1.0000      1.0000
   13       1.0000      1.0000      1.0000      1.0000      1.0000

   AGE       1992        1993        1994        1995        1996
 ____________________________________________________________________

    3       0.2000      0.2000      0.2000      0.2000      0.2000
    4       0.8500      0.8500      0.8500      0.8500      0.8500
    5       1.0000      1.0000      1.0000      1.0000      1.0000
    6       1.0000      1.0000      1.0000      1.0000      1.0000
    7       1.0000      1.0000      1.0000      1.0000      1.0000
    8       1.0000      1.0000      1.0000      1.0000      1.0000
    9       1.0000      1.0000      1.0000      1.0000      1.0000
   10       1.0000      1.0000      1.0000      1.0000      1.0000
   11       1.0000      1.0000      1.0000      1.0000      1.0000
   12       1.0000      1.0000      1.0000      1.0000      1.0000
   13       1.0000      1.0000      1.0000      1.0000      1.0000

   AGE       1997        1998        1999        2000        2001
 ____________________________________________________________________

    3       0.2000      0.2000      0.2000      0.2000      0.2000
    4       0.8500      0.8500      0.8500      0.8500      0.8500
    5       1.0000      1.0000      1.0000      1.0000      1.0000
    6       1.0000      1.0000      1.0000      1.0000      1.0000
    7       1.0000      1.0000      1.0000      1.0000      1.0000
    8       1.0000      1.0000      1.0000      1.0000      1.0000
    9       1.0000      1.0000      1.0000      1.0000      1.0000
   10       1.0000      1.0000      1.0000      1.0000      1.0000
   11       1.0000      1.0000      1.0000      1.0000      1.0000
   12       1.0000      1.0000      1.0000      1.0000      1.0000
   13       1.0000      1.0000      1.0000      1.0000      1.0000

 Maturity - Input Data


   AGE       2002        2003        2004        2005        2006
 ____________________________________________________________________

    3       0.2000      0.2000      0.2000      0.2000      0.2000
    4       0.8500      0.8500      0.8500      0.8500      0.8500
    5       1.0000      1.0000      1.0000      1.0000      1.0000
    6       1.0000      1.0000      1.0000      1.0000      1.0000
    7       1.0000      1.0000      1.0000      1.0000      1.0000
    8       1.0000      1.0000      1.0000      1.0000      1.0000
    9       1.0000      1.0000      1.0000      1.0000      1.0000
   10       1.0000      1.0000      1.0000      1.0000      1.0000
   11       1.0000      1.0000      1.0000      1.0000      1.0000
   12       1.0000      1.0000      1.0000      1.0000      1.0000
   13       1.0000      1.0000      1.0000      1.0000      1.0000

   AGE       2007        2008
 ____________________________________________________________________

    3       0.2000      0.2000
    4       0.8500      0.8500
    5       1.0000      1.0000
    6       1.0000      1.0000
    7       1.0000      1.0000
    8       1.0000      1.0000
    9       1.0000      1.0000
   10       1.0000      1.0000
   11       1.0000      1.0000
   12       1.0000      1.0000
   13       1.0000      1.0000

 Input Partial Recruitment

   AGE

    3       0.5000
    4       0.8000
    5       1.0000
    6       1.0000
    7       1.0000
    8       1.0000
    9       1.0000
   10       1.0000
   11       1.0000
   12       1.0000


 Input F-Plus Ratio

   YEAR

   1987       1.0000
   1988       1.0000
   1989       1.0000
   1990       1.0000
   1991       1.0000
   1992       1.0000
   1993       1.0000
   1994       1.0000
   1995       1.0000
   1996       1.0000
   1997       1.0000
   1998       1.0000
   1999       1.0000
   2000       1.0000
   2001       1.0000
   2002       1.0000
   2003       1.0000
   2004       1.0000
   2005       1.0000
   2006       1.0000
   2007       1.0000
   2008       1.0000

 SURVEY - INPUT DATA


INDEX                   1                  2                  3

SURVEY TAG      Acoustic            Acoustic            Acoustic          

AGE                   4                   5                   6       
TIME               JAN-1               JAN-1               JAN-1       
TYPE              NUMBERS             NUMBERS             NUMBERS      
RETRO FLAG           1                   1                   1
 ________________________________________________________________________

    1987              0.0000              0.0000              0.0000
    1988         401246.0000         858012.0000         308065.0000
    1989         201284.0000         232808.0000         381417.0000
    1990         655361.0000         179364.0000         278836.0000
    1991         132235.0000         258591.0000          94373.0000
    1992        1049990.0000         354521.0000         319866.0000
    1993         830608.0000         729556.0000         158778.0000
    1994         505279.0000         882868.0000         496297.0000
    1995              0.0000              0.0000              0.0000
    1996         133810.0000         761581.0000         277893.0000
    1997         270706.0000         133667.0000         468678.0000
    1998         601783.0000          81055.0000          57366.0000
    1999         255937.0000        1081504.0000         103344.0000
    2000         839491.0000         239064.0000         605858.0000
    2001         966960.0000        1316413.0000         191001.0000
    2002         287004.0000         217441.0000         260497.0000
    2003        1919368.0000         553149.0000         205656.0000
    2004        1434976.0000        2058222.0000         330800.0000
    2005         713730.0000        1022326.0000        1046657.0000
    2006         443877.0000         344983.0000         818738.0000
    2007         608205.0000        1059597.0000         410145.0000
    2008         456773.0000         289260.0000         541585.0000
    2009         196127.0000         416862.0000         288156.0000

 SURVEY - INPUT DATA


INDEX                   4                  5                  6

SURVEY TAG      Acoustic            Acoustic            Acoustic          

AGE                   7                   8                   9       
TIME               JAN-1               JAN-1               JAN-1       
TYPE              NUMBERS             NUMBERS             NUMBERS      
RETRO FLAG           1                   1                   1
 ________________________________________________________________________

    1987              0.0000              0.0000              0.0000
    1988          57103.0000          32532.0000          70426.0000
    1989         188456.0000          46448.0000          25798.0000
    1990         592982.0000         179665.0000          22182.0000
    1991         191054.0000         514403.0000          79353.0000
    1992          89825.0000         138333.0000         256921.0000
    1993         130781.0000          54156.0000          96330.0000
    1994          66963.0000          58295.0000         106172.0000
    1995              0.0000              0.0000              0.0000
    1996         385027.0000         176906.0000          98150.0000
    1997         269888.0000         325664.0000         217421.0000
    1998         287046.0000         155998.0000         203382.0000
    1999          51786.0000         135246.0000          70514.0000
    2000          88214.0000          43353.0000         165716.0000
    2001         482418.0000          34377.0000          15727.0000
    2002         161049.0000         345852.0000          62451.0000
    2003         262362.0000         153037.0000         276199.0000
    2004         109146.0000         100785.0000          38693.0000
    2005         171326.0000          62429.0000          44313.0000
    2006        1220902.0000         281448.0000         122183.0000
    2007         424525.0000         693423.0000          95997.0000
    2008         309443.0000         402889.0000         702708.0000
    2009         457659.0000         266975.0000         225747.0000

 SURVEY - INPUT DATA


INDEX                   7                  8                  9

SURVEY TAG      Acoustic            Acoustic            Acoustic          

AGE                  10                  11                  12       
TIME               JAN-1               JAN-1               JAN-1       
TYPE              NUMBERS             NUMBERS             NUMBERS      
RETRO FLAG           1                   1                   1
 ________________________________________________________________________

    1987              0.0000              0.0000              0.0000
    1988          36713.0000          23586.0000          18401.0000
    1989          32819.0000          17439.0000          10373.0000
    1990          21768.0000          13080.0000           9941.0000
    1991          37618.0000           9394.0000          12636.0000
    1992          21290.0000           9866.0000              0.0000
    1993          96649.0000          24542.0000           1130.0000
    1994          48874.0000          36201.0000              0.0000
    1995              0.0000              0.0000              0.0000
    1996          48503.0000          16226.0000          29390.0000
    1997          92979.0000          55494.0000          39048.0000
    1998         105730.0000          35469.0000          27373.0000
    1999         101626.0000          53935.0000          17414.0000
    2000          89916.0000         121345.0000          77600.0000
    2001          37940.0000          14320.0000          15413.0000
    2002          57105.0000          38405.0000          46044.0000
    2003          99206.0000          47621.0000          55126.0000
    2004          45582.0000           7039.0000           6362.0000
    2005          10947.0000          23942.0000          12669.0000
    2006         129588.0000          73339.0000          65287.0000
    2007         123748.0000          48773.0000            955.0000
    2008         221626.0000         244772.0000          13997.0000
    2009         168960.0000          29922.0000              0.0000

INDEX                  10

SURVEY TAG      Acoustic          

AGE                  13       
TIME               JAN-1       
TYPE              NUMBERS      
RETRO FLAG           1
 ________________________________________________________________________

    1987              0.0000
    1988          24278.0000
    1989           9081.0000
    1990           1989.0000
    1991              0.0000
    1992           9327.0000
    1993           1130.0000
    1994           4224.0000
    1995              0.0000
    1996          47945.0000
    1997          30028.0000
    1998          14234.0000
    1999          13636.0000
    2000          21542.0000
    2001          14668.0000
    2002          38114.0000
    2003          18798.0000
    2004           7509.0000
    2005              0.0000
    2006          10115.0000
    2007              0.0000
    2008          22113.0000
    2009              0.0000

     Additional Output Files 

Population File RUN1NWWG_R_08.PP2                                               
Auxilliary File RUN1NWWG_R_08.AUX                                               
Covariance File RUN1NWWG_R_08.CV                                                
Residuals File  RUN1NWWG_R_08.RSD                                               
Log File        RUN1NWWG_R_08.LOG                                               


                             Estimation Results

 JAN-1 Population Numbers


   AGE       1987        1988        1989        1990        1991
 _____________________________________________________________________________

    3      530114.     271251.     448282.     301773.     844905.
    4      989280.     476678.     240915.     384116.     258910.
    5      300738.     852757.     392048.     192677.     293446.
    6       84614.     214911.     677228.     280886.     140559.
    7       69148.      57002.     128762.     433917.     178543.
    8      107471.      43843.      29850.      75661.     243719.
    9       42637.      53494.      20633.      19314.      39829.
   10       38037.      24153.      18032.      13079.       9729.
   11       26410.      21194.      10186.       9414.       7692.
   12       34266.      14259.       9488.       4697.       5318.
   13       34294.      37000.      26110.      26472.      24871.
 ====================================================================
 Total    2257009.    2066542.    2001534.    1742005.    2047521.

   AGE       1992        1993        1994        1995        1996
 _____________________________________________________________________________

    3     1038606.     642116.     698281.     207030.     185516.
    4      680261.     849649.     532408.     504074.     167389.
    5      187689.     499132.     600103.     374248.     325984.
    6      183723.     133408.     363669.     407468.     256232.
    7       94183.     110703.     100973.     246341.     265203.
    8      109210.      58754.      73084.      67735.     150133.
    9      116361.      62425.      40533.      46879.      41046.
   10       26480.      55055.      37894.      21246.      27991.
   11        4872.      12993.      35342.      19434.      11140.
   12        4369.       2772.       7726.      18086.       8495.
   13       24208.      23691.      22946.      23193.      27703.
 ====================================================================
 Total    2469962.    2450699.    2512958.    1935736.    1466832.

   AGE       1997        1998        1999        2000        2001
 _____________________________________________________________________________

    3      787274.     331316.     577310.     474012.     502397.
    4      152690.     675061.     256685.     468873.     374499.
    5      113223.     109556.     444362.     180282.     295067.
    6      213233.      77493.      77599.     268539.     116392.
    7      166490.     158068.      61937.      54944.     170352.
    8      159739.     118662.     104241.      43229.      38760.
    9       98234.     115097.      82755.      64495.      31244.
   10       23173.      67751.      73761.      56056.      42835.
   11       17348.      12889.      47407.      45859.      41349.
   12        4567.      12486.       9648.      30939.      30747.
   13       22421.      10356.      14051.      12598.      27681.
 ====================================================================
 Total    1758393.    1688737.    1749756.    1699827.    1671322.

 JAN-1 Population Numbers


   AGE       2002        2003        2004        2005        2006
 _____________________________________________________________________________

    3     1721036.    1212038.     631395.    1050932.     595771.
    4      414394.    1480403.     895939.     511125.     926120.
    5      256877.     307750.    1068081.     678194.     422470.
    6      178290.     189142.     223303.     793245.     501730.
    7       76547.     109950.     144577.     163622.     591087.
    8      102504.      49152.      75210.     117778.     121884.
    9       25233.      52812.      31010.      59180.      95100.
   10       19963.      13471.      37401.      22584.      44811.
   11       27151.      13599.      10072.      27179.      15528.
   12       28017.      18383.       9057.       6142.      19737.
   13       36661.      31900.      36262.      32863.      29958.
 ====================================================================
 Total    2886675.    3478600.    3162308.    3462844.    3364196.

   AGE       2007        2008        2009
 _____________________________________________________________________________

    3      572752.     236770.     556517.
    4      426597.     429297.     177375.
    5      631505.     307984.     302163.
    6      330225.     419694.     203051.
    7      408089.     238473.     277669.
    8      480459.     284245.     159200.
    9       97364.     346065.     198188.
   10       80354.      65882.     261537.
   11       36463.      61541.      42423.
   12       13197.      26015.      47860.
   13       40575.      37956.      46831.
 ====================================================================
 Total    3117580.    2453922.    2272812.



Fishing Mortality Calculated


   AGE       1987        1988        1989        1990        1991
 _____________________________________________________________________________

    3       0.0063      0.0186      0.0545      0.0532      0.1167
    4       0.0485      0.0955      0.1234      0.1693      0.2217
    5       0.2360      0.1305      0.2334      0.2154      0.3683
    6       0.2950      0.4123      0.3452      0.3531      0.3004
    7       0.3556      0.5469      0.4317      0.4768      0.3916
    8       0.5977      0.6537      0.3354      0.5417      0.6393
    9       0.4683      0.9874      0.3559      0.5857      0.3082
   10       0.4848      0.7634      0.5500      0.4308      0.5917
   11       0.5163      0.7037      0.6741      0.4712      0.4655
   12       0.5168      0.7771      0.4788      0.5073      0.5012
   13       0.5168      0.5063      0.1105      0.0709      0.0553

   AGE       1992        1993        1994        1995        1996
 _____________________________________________________________________________

    3       0.1008      0.0874      0.2259      0.1125      0.0947
    4       0.2096      0.2477      0.2525      0.3359      0.2910
    5       0.2414      0.2166      0.2871      0.2788      0.3245
    6       0.4066      0.1786      0.2895      0.3295      0.3311
    7       0.3719      0.3152      0.2993      0.3952      0.4070
    8       0.4593      0.2712      0.3440      0.4009      0.3242
    9       0.6484      0.3992      0.5459      0.4157      0.4717
   10       0.6119      0.3433      0.5677      0.5457      0.3784
   11       0.4638      0.4198      0.5699      0.7275      0.7918
   12       0.5458      0.3584      0.5069      0.5224      0.4915
   13       0.0233      0.0114      0.0897      0.1536      0.3469

   AGE       1997        1998        1999        2000        2001
 _____________________________________________________________________________

    3       0.0538      0.1552      0.1080      0.1356      0.0926
    4       0.2320      0.3182      0.2533      0.3631      0.2770
    5       0.2792      0.2449      0.4036      0.3376      0.4038
    6       0.1994      0.1241      0.2452      0.3551      0.3191
    7       0.2387      0.3163      0.2596      0.2489      0.4080
    8       0.2278      0.2604      0.3801      0.2247      0.3292
    9       0.2715      0.3449      0.2895      0.3092      0.3479
   10       0.4866      0.2571      0.3753      0.2043      0.3559
   11       0.2288      0.1896      0.3268      0.2998      0.2892
   12       0.3037      0.2630      0.3429      0.2595      0.3306
   13       1.0213      0.5575      0.6861      0.6277      0.4070



Fishing Mortality Calculated


   AGE       2002        2003        2004        2005        2006
 _____________________________________________________________________________

    3       0.0506      0.2022      0.1113      0.0264      0.2340
    4       0.1975      0.2265      0.1784      0.0905      0.2829
    5       0.2061      0.2208      0.1975      0.2014      0.1463
    6       0.3834      0.1687      0.2110      0.1942      0.1066
    7       0.3430      0.2797      0.1050      0.1945      0.1072
    8       0.5632      0.3606      0.1397      0.1139      0.1246
    9       0.5276      0.2450      0.2171      0.1781      0.0685
   10       0.2839      0.1908      0.2193      0.2746      0.1062
   11       0.2900      0.3064      0.3947      0.2200      0.0627
   12       0.4162      0.2757      0.2427      0.1966      0.0905
   13       0.7818      0.1998      0.2162      0.1579      0.1109

   AGE       2007        2008
 _____________________________________________________________________________

    3       0.1883      0.1888
    4       0.2258      0.2512
    5       0.3086      0.3166
    6       0.2255      0.3131
    7       0.2616      0.3041
    8       0.2281      0.2606
    9       0.2906      0.1801
   10       0.1667      0.3402
   11       0.2376      0.1514
   12       0.2308      0.2331
   13       0.2541      0.1976


 Average Fishing Mortality For Ages   5- 10

 Year      Average F   N Weighted  Biomass Wtd  Catch Wtd

 _____________________________________________________________________________

 1987       0.4062      0.3473      0.3655      0.3911
 1988       0.5824      0.2656      0.2918      0.4232
 1989       0.3753      0.3222      0.3264      0.3346
 1990       0.4339      0.3993      0.4063      0.4245
 1991       0.4332      0.4350      0.4438      0.4650
 1992       0.4566      0.4136      0.4308      0.4502
 1993       0.2874      0.2464      0.2546      0.2601
 1994       0.3889      0.3096      0.3169      0.3206
 1995       0.3943      0.3387      0.3451      0.3462
 1996       0.3728      0.3536      0.3573      0.3577
 1997       0.2838      0.2431      0.2448      0.2521
 1998       0.2579      0.2698      0.2738      0.2840
 1999       0.3256      0.3620      0.3573      0.3703
 2000       0.2800      0.3161      0.3111      0.3236
 2001       0.3606      0.3810      0.3787      0.3838
 2002       0.3845      0.3401      0.3514      0.3811
 2003       0.2443      0.2268      0.2298      0.2368
 2004       0.1816      0.1891      0.1873      0.1936
 2005       0.1928      0.1922      0.1913      0.1947
 2006       0.1099      0.1154      0.1142      0.1187
 2007       0.2469      0.2601      0.2577      0.2654
 2008       0.2858      0.2769      0.2745      0.2862

 Back Calculated Partial Recruitment


   AGE       1987        1988        1989        1990        1991
 _____________________________________________________________________________

    3       0.0105      0.0188      0.0808      0.0908      0.1826
    4       0.0812      0.0967      0.1831      0.2890      0.3468
    5       0.3949      0.1321      0.3463      0.3677      0.5760
    6       0.4936      0.4175      0.5120      0.6029      0.4699
    7       0.5950      0.5539      0.6404      0.8141      0.6125
    8       1.0000      0.6621      0.4975      0.9248      1.0000
    9       0.7836      1.0000      0.5279      1.0000      0.4821
   10       0.8112      0.7731      0.8158      0.7355      0.9254
   11       0.8639      0.7127      1.0000      0.8044      0.7282
   12       0.8647      0.7870      0.7103      0.8662      0.7839
   13       0.8647      0.5128      0.1639      0.1211      0.0865

   AGE       1992        1993        1994        1995        1996
 _____________________________________________________________________________

    3       0.1555      0.2081      0.3964      0.1547      0.1196
    4       0.3233      0.5901      0.4430      0.4617      0.3675
    5       0.3723      0.5160      0.5038      0.3833      0.4098
    6       0.6271      0.4253      0.5080      0.4529      0.4182
    7       0.5736      0.7509      0.5251      0.5432      0.5140
    8       0.7084      0.6461      0.6036      0.5511      0.4094
    9       1.0000      0.9508      0.9579      0.5714      0.5957
   10       0.9438      0.8176      0.9962      0.7500      0.4780
   11       0.7153      1.0000      1.0000      1.0000      1.0000
   12       0.8419      0.8536      0.8894      0.7181      0.6208
   13       0.0359      0.0272      0.1573      0.2112      0.4381

   AGE       1997        1998        1999        2000        2001
 _____________________________________________________________________________

    3       0.0527      0.2784      0.1575      0.2161      0.2269
    4       0.2271      0.5707      0.3692      0.5785      0.6790
    5       0.2734      0.4393      0.5883      0.5378      0.9898
    6       0.1952      0.2225      0.3575      0.5658      0.7821
    7       0.2337      0.5674      0.3784      0.3966      1.0000
    8       0.2230      0.4671      0.5540      0.3580      0.8070
    9       0.2658      0.6188      0.4220      0.4926      0.8528
   10       0.4765      0.4612      0.5470      0.3255      0.8725
   11       0.2241      0.3402      0.4763      0.4776      0.7090
   12       0.2974      0.4718      0.4998      0.4134      0.8103
   13       1.0000      1.0000      1.0000      1.0000      0.9977

 Back Calculated Partial Recruitment


   AGE       2002        2003        2004        2005        2006
 _____________________________________________________________________________

    3       0.0647      0.5607      0.2820      0.0963      0.8272
    4       0.2527      0.6280      0.4521      0.3296      1.0000
    5       0.2636      0.6122      0.5004      0.7334      0.5173
    6       0.4904      0.4678      0.5345      0.7072      0.3767
    7       0.4387      0.7758      0.2661      0.7083      0.3790
    8       0.7203      1.0000      0.3539      0.4147      0.4405
    9       0.6749      0.6795      0.5500      0.6488      0.2421
   10       0.3632      0.5290      0.5556      1.0000      0.3753
   11       0.3709      0.8497      1.0000      0.8011      0.2215
   12       0.5323      0.7646      0.6149      0.7161      0.3198
   13       1.0000      0.5541      0.5476      0.5750      0.3920

   AGE       2007        2008
 _____________________________________________________________________________

    3       0.6102      0.5551
    4       0.7317      0.7384
    5       1.0000      0.9307
    6       0.7308      0.9204
    7       0.8479      0.8939
    8       0.7392      0.7661
    9       0.9417      0.5293
   10       0.5403      1.0000
   11       0.7700      0.4451
   12       0.7478      0.6851
   13       0.8235      0.5810

 JAN-1 Biomass


   AGE       1987        1988        1989        1990        1991
 _____________________________________________________________________________

    3       89059.      42586.      58277.      38325.     114062.
    4      197856.     105346.      49629.      75671.      48675.
    5       72177.     203809.      96444.      47206.      68080.
    6       23523.      58241.     176757.      76401.      37529.
    7       21021.      16987.      37341.     123666.      51599.
    8       34928.      13986.       9880.      23077.      74091.
    9       14454.      17867.       6974.       6258.      12865.
   10       13541.       8550.       6347.       4394.       3308.
   11        9983.       7460.       3759.       3408.       2708.
   12       13706.       5290.       3691.       1738.       1962.
   13       14266.      14911.      10470.      10033.       9899.
 ====================================================================
 Total     504515.     495033.     459567.     410176.     424777.

   AGE       1992        1993        1994        1995        1996
 _____________________________________________________________________________

    3      153714.      93107.      93570.      26914.      25787.
    4      129250.     179276.     107014.      92245.      28121.
    5       44107.     122786.     148225.      89820.      69109.
    6       50156.      38955.      98918.     112869.      66108.
    7       29385.      35868.      30595.      73410.      76644.
    8       35930.      20564.      24337.      22014.      46241.
    9       39446.      22598.      14835.      16783.      13340.
   10        9400.      20701.      14324.       8031.       9881.
   11        1861.       5015.      13748.       7715.       3932.
   12        1770.       1162.       3013.       7397.       3203.
   13        9490.       9216.       9408.      10043.      11137.
 ====================================================================
 Total     504509.     549248.     557987.     467240.     353502.

   AGE       1997        1998        1999        2000        2001
 _____________________________________________________________________________

    3      103133.      44396.      79091.      75368.      69833.
    4       29164.     124886.      52364.     101746.      80143.
    5       26381.      26074.     103536.      48316.      71996.
    6       57360.      20458.      20797.      77608.      33288.
    7       49947.      45524.      18210.      17857.      50424.
    8       51755.      38447.      32419.      14784.      12558.
    9       33498.      39133.      28054.      23412.      10842.
   10        8227.      23578.      26038.      21189.      15164.
   11        6280.       4833.      17161.      18023.      15919.
   12        1676.       5069.       3647.      12592.      12391.
   13        8901.       4298.       5677.       5405.      11709.
 ====================================================================
 Total     376321.     376697.     386993.     416298.     384267.

 JAN-1 Biomass


   AGE       2002        2003        2004        2005        2006
 _____________________________________________________________________________

    3      277087.     189078.      94078.     178658.     112601.
    4       87437.     279796.     190835.     114492.     216712.
    5       66274.      70475.     264884.     177687.     111110.
    6       49921.      49177.      62525.     218142.     145502.
    7       24419.      31116.      45542.      48759.     179690.
    8       34031.      15188.      24894.      38160.      41319.
    9        8933.      17745.      10823.      19825.      33190.
   10        8085.       4526.      13277.       7566.      16535.
   11       10752.       5018.       3817.       9676.       6460.
   12       11655.       7243.       3514.       2285.       7934.
   13       16388.      12728.      15121.      13211.      12882.
 ====================================================================
 Total     594982.     682090.     729311.     828461.     883934.

   AGE       2007        2008        2009
 _____________________________________________________________________________

    3       89922.      41198.     105738.
    4       93851.      99597.      42038.
    5      154719.      84696.      82793.
    6       86189.     122551.      61727.
    7      113041.      73211.      88299.
    8      137892.      89537.      51899.
    9       30280.     113163.      66393.
   10       27160.      22729.      89446.
   11       12179.      22524.      15272.
   12        4566.       9808.      17804.
   13       14972.      15031.      18873.
 ====================================================================
 Total     764770.     694045.     640281.

 Mean Biomass


   AGE       1987        1988        1989        1990        1991
 _____________________________________________________________________________

    3       84491.      40158.      53999.      35534.     102548.
    4      183866.      95690.      44475.      66340.      41622.
    5       61302.     182028.      82012.      40486.      54362.
    6       19433.      45575.     142656.      61435.      30926.
    7       16884.      12508.      28962.      93972.      40763.
    8       25145.       9823.       8010.      17032.      52368.
    9       11026.      10892.       5601.       4529.      10563.
   10       10253.       5727.       4667.       3410.       2388.
   11        7452.       5127.       2617.       2596.       2068.
   12       10229.       3522.       2802.       1303.       1475.
   13       10647.      11181.       9441.       9222.       9168.
 ====================================================================
 Total     440727.     422231.     385243.     335858.     348250.

   AGE       1992        1993        1994        1995        1996
 _____________________________________________________________________________

    3      139263.      84905.      79852.      24246.      23431.
    4      111156.     151426.      90187.      74770.      23276.
    5       37367.     105247.     122904.      74766.      56314.
    6       39351.      34000.      81928.      91759.      53702.
    7       23425.      29353.      25225.      57896.      60122.
    8       27520.      17178.      19652.      17316.      37685.
    9       27771.      17790.      10928.      13113.      10160.
   10        6725.      16722.      10450.       5917.       7853.
   11        1423.       3911.      10020.       5248.       2602.
   12        1304.        932.       2259.       5507.       2418.
   13        8928.       8721.       8570.       8870.       8981.
 ====================================================================
 Total     424232.     470184.     461974.     379408.     286544.

   AGE       1997        1998        1999        2000        2001
 _____________________________________________________________________________

    3       95595.      39184.      71406.      67146.      63521.
    4       24817.     102064.      44113.      81437.      66768.
    5       21956.      22053.      81341.      39132.      56558.
    6       49570.      18328.      17586.      62347.      27193.
    7       42369.      37236.      15295.      15074.      39536.
    8       44129.      32281.      25746.      12624.      10211.
    9       27979.      31586.      23235.      19213.       8739.
   10        6224.      19827.      20724.      18269.      12177.
   11        5352.       4196.      13969.      14856.      13187.
   12        1379.       4251.       2947.      10577.      10068.
   13        5352.       3150.       3931.       3840.       9185.
 ====================================================================
 Total     324721.     314157.     320294.     344515.     317144.

 Mean Biomass


   AGE       2002        2003        2004        2005        2006
 _____________________________________________________________________________

    3      257230.     163182.      84802.     167826.      95725.
    4       75629.     238716.     166570.     104248.     180048.
    5       57091.      60290.     229117.     153411.      98482.
    6       39586.      43124.      53737.     188985.     131457.
    7       19728.      25890.      41177.      42236.     162295.
    8       24877.      12171.      22136.      34355.      37007.
    9        6634.      15007.       9275.      17307.      30545.
   10        6714.       3928.      11367.       6310.      14942.
   11        8903.       4123.       3011.       8280.       5962.
   12        9104.       6038.       2975.       1977.       7224.
   13       10890.      10997.      12964.      11645.      11614.
 ====================================================================
 Total     516386.     583466.     637132.     736580.     775300.

   AGE       2007        2008
 _____________________________________________________________________________

    3       78120.      35782.
    4       80097.      83988.
    5      127010.      69268.
    6       73567.     100391.
    7       94857.      60225.
    8      117553.      75170.
    9       25067.      98699.
   10       23839.      18387.
   11       10336.      19916.
   12        3888.       8342.
   13       12608.      13000.
 ====================================================================
 Total     646942.     583168.

 Spawning Stock Biomass


   AGE       1987        1988        1989        1990        1991
 _____________________________________________________________________________

    3       16943.       8102.      11087.       7291.      21700.
    4      159975.      85177.      40127.      61183.      39356.
    5       68657.     193869.      91740.      44904.      64759.
    6       22376.      55400.     168136.      72675.      35699.
    7       19996.      16158.      35520.     117635.      49082.
    8       33224.      13304.       9398.      21951.      70477.
    9       13749.      16996.       6634.       5952.      12237.
   10       12881.       8133.       6038.       4180.       3147.
   11        9496.       7096.       3575.       3242.       2576.
   12       13038.       5032.       3511.       1653.       1866.
   13       13571.      14184.       9959.       9543.       9416.
 ====================================================================
 Total     383906.     423451.     385725.     350210.     310315.

   AGE       1992        1993        1994        1995        1996
 _____________________________________________________________________________

    3       29243.      17713.      17801.       5120.       4906.
    4      104504.     144953.      86526.      74585.      22737.
    5       41956.     116798.     140996.      85439.      65738.
    6       47710.      37055.      94094.     107364.      62884.
    7       27952.      34119.      29103.      69829.      72906.
    8       34178.      19561.      23150.      20940.      43986.
    9       37523.      21496.      14111.      15964.      12689.
   10        8942.      19691.      13625.       7639.       9399.
   11        1770.       4771.      13077.       7339.       3741.
   12        1683.       1105.       2866.       7036.       3047.
   13        9027.       8766.       8949.       9553.      10594.
 ====================================================================
 Total     344488.     426028.     444299.     410810.     312625.

   AGE       1997        1998        1999        2000        2001
 _____________________________________________________________________________

    3       19621.       8446.      15047.      14338.      13285.
    4       23580.     100976.      42338.      82266.      64799.
    5       25094.      24803.      98487.      45959.      68485.
    6       54562.      19460.      19782.      73823.      31665.
    7       47511.      43303.      17322.      16986.      47965.
    8       49231.      36572.      30838.      14063.      11946.
    9       31864.      37224.      26686.      22270.      10313.
   10        7825.      22428.      24768.      20156.      14424.
   11        5974.       4598.      16324.      17144.      15143.
   12        1594.       4822.       3469.      11978.      11787.
   13        8467.       4088.       5400.       5141.      11138.
 ====================================================================
 Total     275324.     306721.     300461.     324124.     300949.

 Spawning Stock Biomass


   AGE       2002        2003        2004        2005        2006
 _____________________________________________________________________________

    3       52715.      35971.      17898.      33989.      21422.
    4       70697.     226228.     154299.      92572.     175221.
    5       63042.      67038.     251966.     169021.     105691.
    6       47487.      46778.      59475.     207504.     138406.
    7       23228.      29598.      43321.      46381.     170927.
    8       32372.      14447.      23680.      36299.      39304.
    9        8497.      16879.      10295.      18859.      31571.
   10        7691.       4306.      12630.       7197.      15729.
   11       10228.       4773.       3631.       9204.       6145.
   12       11087.       6890.       3343.       2173.       7547.
   13       15588.      12107.      14384.      12566.      12254.
 ====================================================================
 Total     342630.     465016.     594921.     635764.     724216.

   AGE       2007        2008
 _____________________________________________________________________________

    3       17107.       7838.
    4       75883.      80529.
    5      147173.      80565.
    6       81985.     116574.
    7      107527.      69641.
    8      131167.      85170.
    9       28804.     107644.
   10       25835.      21621.
   11       11585.      21426.
   12        4344.       9329.
   13       14242.      14298.
 ====================================================================
 Total     645651.     614634.

 Catch Biomass


   AGE       1987        1988        1989        1990        1991
 _____________________________________________________________________________

    3         528.        747.       2942.       1890.      11972.
    4        8918.       9134.       5490.      11228.       9227.
    5       14468.      23748.      19145.       8720.      20020.
    6        5733.      18789.      49239.      21694.       9290.
    7        6004.       6841.      12503.      44809.      15961.
    8       15028.       6422.       2686.       9226.      33480.
    9        5164.      10755.       1993.       2653.       3256.
   10        4971.       4372.       2567.       1469.       1413.
   11        3848.       3608.       1764.       1223.        963.
   12        5286.       2737.       1342.        661.        739.
   13        5502.       5661.       1043.        654.        507.
 ====================================================================
 Total      75451.      92814.     100713.     104227.     106827.

   AGE       1992        1993        1994        1995        1996
 _____________________________________________________________________________

    3       14039.       7417.      18039.       2729.       2220.
    4       23299.      37512.      22771.      25113.       6772.
    5        9020.      22799.      35290.      20847.      18272.
    6       15999.       6071.      23720.      30232.      17783.
    7        8711.       9253.       7549.      22880.      24467.
    8       12640.       4660.       6761.       6942.      12217.
    9       18006.       7101.       5966.       5451.       4792.
   10        4115.       5740.       5933.       3228.       2972.
   11         660.       1642.       5711.       3818.       2060.
   12         712.        334.       1145.       2877.       1188.
   13         208.        100.        768.       1363.       3116.
 ====================================================================
 Total     107408.     102629.     133653.     125481.      95858.

   AGE       1997        1998        1999        2000        2001
 _____________________________________________________________________________

    3        5140.       6082.       7715.       9108.       5880.
    4        5757.      32473.      11175.      29572.      18494.
    5        6130.       5400.      32833.      13209.      22838.
    6        9883.       2274.       4313.      22141.       8676.
    7       10112.      11779.       3971.       3752.      16129.
    8       10051.       8406.       9786.       2837.       3362.
    9        7596.      10896.       6727.       5941.       3040.
   10        3029.       5097.       7777.       3732.       4334.
   11        1225.        796.       4564.       4453.       3814.
   12         419.       1118.       1010.       2745.       3328.
   13        5465.       1756.       2697.       2410.       3738.
 ====================================================================
 Total      64806.      86076.      92569.      99902.      93635.

 Catch Biomass


   AGE       2002        2003        2004        2005        2006
 _____________________________________________________________________________

    3       13019.      32993.       9440.       4435.      22401.
    4       14939.      54057.      29723.       9434.      50935.
    5       11767.      13309.      45248.      30892.      14412.
    6       15177.       7275.      11337.      36695.      14010.
    7        6766.       7243.       4324.       8214.      17401.
    8       14010.       4389.       3092.       3912.       4611.
    9        3500.       3677.       2013.       3083.       2092.
   10        1906.        749.       2492.       1733.       1586.
   11        2582.       1263.       1189.       1821.        374.
   12        3789.       1665.        722.        389.        654.
   13        8514.       2197.       2802.       1838.       1288.
 ====================================================================
 Total      95969.     128818.     112382.     102447.     129766.

   AGE       2007        2008
 _____________________________________________________________________________

    3       14710.       6756.
    4       18085.      21096.
    5       39193.      21930.
    6       16590.      31432.
    7       24819.      18314.
    8       26816.      19591.
    9        7284.      17771.
   10        3975.       6255.
   11        2456.       3016.
   12         897.       1944.
   13        3204.       2569.
 ====================================================================
 Total     158030.     150675.

 Catch Numbers


   AGE       1987        1988        1989        1990        1991
 _____________________________________________________________________________

    3       3144.0      4757.0     22628.0     14884.0     88683.0
    4      44590.0     41331.0     26649.0     56995.0     49081.0
    5      60285.0     99366.0     77824.0     35593.0     86292.0
    6      20622.0     69331.0    188654.0     79757.0     34793.0
    7      19751.0     22955.0     43114.0    157225.0     55228.0
    8      46240.0     20131.0      8116.0     30248.0    110132.0
    9      15232.0     32201.0      5897.0      8187.0     10079.0
   10      13963.0     12349.0      7292.0      4372.0      4155.0
   11      10179.0     10250.0      4780.0      3379.0      2735.0
   12      13216.0      7378.0      3449.0      1786.0      2003.0
   13      13227.0     14048.0      2602.0      1726.0      1274.0
 ====================================================================
 Total    260449.0    334097.0    391005.0    394152.0    444455.0

   AGE       1992        1993        1994        1995        1996
 _____________________________________________________________________________

    3      94860.0     51153.0    134616.0     20991.0     15969.0
    4     122626.0    177780.0    113290.0    137232.0     40311.0
    5      38381.0     92680.0    142876.0     86864.0     86187.0
    6      58605.0     20791.0     87207.0    109140.0     68927.0
    7      27921.0     28560.0     24913.0     76780.0     84660.0
    8      38420.0     13313.0     20303.0     21361.0     39664.0
    9      53114.0     19617.0     16301.0     15225.0     14746.0
   10      11592.0     15266.0     15695.0      8541.0      8419.0
   11       1727.0      4254.0     14680.0      9617.0      5836.0
   12       1757.0       797.0      2936.0      7034.0      3152.0
   13        530.0       256.0      1874.0      3147.0      7750.0
 ====================================================================
 Total    449533.0    424467.0    574691.0    495932.0    375621.0

   AGE       1997        1998        1999        2000        2001
 _____________________________________________________________________________

    3      39240.0     45390.0     56315.0     57282.0     42304.0
    4      30141.0    175529.0     54779.0    136278.0     86422.0
    5      26307.0     22691.0    140913.0     49289.0     93597.0
    6      36738.0      8613.0     16093.0     76614.0     30336.0
    7      33705.0     40898.0     13506.0     11546.0     54491.0
    8      31022.0     25944.0     31467.0      8294.0     10375.0
    9      22277.0     32046.0     19845.0     16367.0      8762.0
   10       8531.0     14647.0     22031.0      9874.0     12244.0
   11       3383.0      2122.0     12609.0     11332.0      9907.0
   12       1141.0      2754.0      2673.0      6744.0      8259.0
   13      13767.0      4231.0      6676.0      5618.0      8838.0
 ====================================================================
 Total    246252.0    374865.0    376907.0    389238.0    365535.0

 Catch Numbers


   AGE       2002        2003        2004        2005        2006
 _____________________________________________________________________________

    3      80863.0    211495.0     63355.0     26091.0    118526.0
    4      70801.0    286017.0    139543.0     42116.0    217672.0
    5      45607.0     58120.0    182450.0    117910.0     54800.0
    6      54202.0     27979.0     40489.0    133437.0     48312.0
    7      21211.0     25592.0     13727.0     27565.0     57241.0
    8      42199.0     14203.0      9342.0     12074.0     13603.0
    9       9888.0     10944.0      5769.0      9203.0      5994.0
   10       4707.0      2230.0      7021.0      5172.0      4299.0
   11       6520.0      3424.0      3136.0      5116.0       898.0
   12       9108.0      4225.0      1861.0      1045.0      1626.0
   13      19046.0      5507.0      6720.0      4573.0      2995.0
 ====================================================================
 Total    364152.0    649736.0    473413.0    384302.0    525966.0

   AGE       2007        2008
 _____________________________________________________________________________

    3      93697.0     38830.0
    4      82205.0     90932.0
    5     159970.0     79745.0
    6      63565.0    107644.0
    7      89599.0     59656.0
    8      93435.0     62194.0
    9      23422.0     54345.0
   10      11760.0     18130.0
   11       7353.0      8240.0
   12       2593.0      5157.0
   13       8683.0      6488.0
 ====================================================================
 Total    636282.0    531361.0


               Surplus Production

     Average Adjustment Factor (Delta) =   1.0000

 Year        Biomass  Delta Biomass  Catch Biomass  Surplus Production

 1987     504514.810      -9481.762      75450.782      65969.020
 1988     495033.048     -35465.686      92813.816      57348.130
 1989     459567.362     -49391.058     100713.041      51321.983
 1990     410176.303      14600.241     104226.989     118827.230
 1991     424776.545      79732.148     106827.024     186559.172
 1992     504508.693      44738.837     107408.317     152147.154
 1993     549247.530       8739.092     102628.948     111368.040
 1994     557986.623     -90746.330     133652.824      42906.494
 1995     467240.293    -113738.735     125480.745      11742.010
 1996     353501.558      22819.809      95858.270     118678.079
 1997     376321.367        375.148      64805.906      65181.054
 1998     376696.515      10296.689      86076.430      96373.119
 1999     386993.204      29304.940      92569.079     121874.019
 2000     416298.143     -32030.731      99902.059      67871.328
 2001     384267.412     210714.419      93635.000     304349.419
 2002     594981.831      87107.734      95968.594     183076.328
 2003     682089.565      47221.333     128817.579     176038.912
 2004     729310.899      99150.326     112381.969     211532.295
 2005     828461.225      55473.112     102447.402     157920.514
 2006     883934.337    -119164.253     129765.530      10601.277
 2007     764770.083     -70725.548     158029.641      87304.093
 2008     694044.535     -53763.126     150675.011      96911.885
 2009     640281.410


 Summary of Survey Indices Used in the Estimate

 INDEX    Survey Tag    Age   Time  Type  Catchability Std. Error   CV
 _____________________________________________________________________________

   1 Acoustic              4   JAN-1 NUMBER  0.1106E+01  0.1027E+00  0.9290E-01
   2 Acoustic              5   JAN-1 NUMBER  0.1339E+01  0.1391E+00  0.1039E+00
   3 Acoustic              6   JAN-1 NUMBER  0.1271E+01  0.9628E-01  0.7578E-01
   4 Acoustic              7   JAN-1 NUMBER  0.1341E+01  0.1122E+00  0.8369E-01
   5 Acoustic              8   JAN-1 NUMBER  0.1399E+01  0.1449E+00  0.1036E+00
   6 Acoustic              9   JAN-1 NUMBER  0.1566E+01  0.1794E+00  0.1146E+00
   7 Acoustic             10   JAN-1 NUMBER  0.1715E+01  0.2417E+00  0.1410E+00
   8 Acoustic             11   JAN-1 NUMBER  0.1544E+01  0.2178E+00  0.1410E+00


 Survey Index:    1 Tag: Acoustic           AGE =  4
 Time = JAN-1           Type = NUMBER
 Catchability =    0.110572E+01   % Variance Contribution =     9.3574
 Unweighted Residual = LN(Observed) - LN(Predicted)

 Year      Observed        Predicted         Residual      Unweighted Resid
 _____________________________________________________________________________

 1987     N/A              0.109387E+07     N/A              N/A
 1988     0.401246E+06     0.527072E+06    -0.272762E+00    -0.272762E+00
 1989     0.201284E+06     0.266385E+06    -0.280225E+00    -0.280225E+00
 1990     0.655361E+06     0.424724E+06     0.433746E+00     0.433746E+00
 1991     0.132235E+06     0.286281E+06    -0.772395E+00    -0.772395E+00
 1992     0.104999E+07     0.752177E+06     0.333564E+00     0.333564E+00
 1993     0.830608E+06     0.939473E+06    -0.123161E+00    -0.123161E+00
 1994     0.505279E+06     0.588693E+06    -0.152794E+00    -0.152794E+00
 1995     N/A              0.557364E+06     N/A              N/A
 1996     0.133810E+06     0.185085E+06    -0.324393E+00    -0.324393E+00
 1997     0.270706E+06     0.168832E+06     0.472127E+00     0.472127E+00
 1998     0.601783E+06     0.746427E+06    -0.215402E+00    -0.215402E+00
 1999     0.255937E+06     0.283821E+06    -0.103413E+00    -0.103413E+00
 2000     0.839491E+06     0.518442E+06     0.481968E+00     0.481968E+00
 2001     0.966960E+06     0.414091E+06     0.848071E+00     0.848071E+00
 2002     0.287004E+06     0.458204E+06    -0.467818E+00    -0.467818E+00
 2003     0.191937E+07     0.163691E+07     0.159186E+00     0.159186E+00
 2004     0.143498E+07     0.990657E+06     0.370536E+00     0.370536E+00
 2005     0.713730E+06     0.565161E+06     0.233395E+00     0.233395E+00
 2006     0.443877E+06     0.102403E+07    -0.835952E+00    -0.835952E+00
 2007     0.608205E+06     0.471696E+06     0.254178E+00     0.254178E+00
 2008     0.456773E+06     0.474681E+06    -0.384575E-01    -0.384575E-01
 2009     0.196127E+06     0.196127E+06    -0.917380E-08    -0.917380E-08

 Survey Index:    2 Tag: Acoustic           AGE =  5
 Time = JAN-1           Type = NUMBER
 Catchability =    0.133891E+01   % Variance Contribution =    11.7035
 Unweighted Residual = LN(Observed) - LN(Predicted)

 Year      Observed        Predicted         Residual      Unweighted Resid
 _____________________________________________________________________________

 1987     N/A              0.402661E+06     N/A              N/A
 1988     0.858012E+06     0.114176E+07    -0.285711E+00    -0.285711E+00
 1989     0.232808E+06     0.524917E+06    -0.813026E+00    -0.813026E+00
 1990     0.179364E+06     0.257976E+06    -0.363451E+00    -0.363451E+00
 1991     0.258591E+06     0.392898E+06    -0.418302E+00    -0.418302E+00
 1992     0.354521E+06     0.251299E+06     0.344124E+00     0.344124E+00
 1993     0.729556E+06     0.668292E+06     0.877105E-01     0.877105E-01
 1994     0.882868E+06     0.803483E+06     0.942193E-01     0.942193E-01
 1995     N/A              0.501084E+06     N/A              N/A
 1996     0.761581E+06     0.436462E+06     0.556695E+00     0.556695E+00
 1997     0.133667E+06     0.151595E+06    -0.125863E+00    -0.125863E+00
 1998     0.810550E+05     0.146685E+06    -0.593162E+00    -0.593162E+00
 1999     0.108150E+07     0.594961E+06     0.597613E+00     0.597613E+00
 2000     0.239064E+06     0.241381E+06    -0.964580E-02    -0.964580E-02
 2001     0.131641E+07     0.395067E+06     0.120361E+01     0.120361E+01
 2002     0.217441E+06     0.343935E+06    -0.458526E+00    -0.458526E+00
 2003     0.553149E+06     0.412049E+06     0.294484E+00     0.294484E+00
 2004     0.205822E+07     0.143006E+07     0.364124E+00     0.364124E+00
 2005     0.102233E+07     0.908040E+06     0.118547E+00     0.118547E+00
 2006     0.344983E+06     0.565649E+06    -0.494479E+00    -0.494479E+00
 2007     0.105960E+07     0.845527E+06     0.225684E+00     0.225684E+00
 2008     0.289260E+06     0.412362E+06    -0.354577E+00    -0.354577E+00
 2009     0.416862E+06     0.404569E+06     0.299332E-01     0.299332E-01

 Survey Index:    3 Tag: Acoustic           AGE =  6
 Time = JAN-1           Type = NUMBER
 Catchability =    0.127051E+01   % Variance Contribution =     6.2257
 Unweighted Residual = LN(Observed) - LN(Predicted)

 Year      Observed        Predicted         Residual      Unweighted Resid
 _____________________________________________________________________________

 1987     N/A              0.107503E+06     N/A              N/A
 1988     0.308065E+06     0.273046E+06     0.120671E+00     0.120671E+00
 1989     0.381417E+06     0.860425E+06    -0.813533E+00    -0.813533E+00
 1990     0.278836E+06     0.356868E+06    -0.246742E+00    -0.246742E+00
 1991     0.943730E+05     0.178581E+06    -0.637787E+00    -0.637787E+00
 1992     0.319866E+06     0.233421E+06     0.315058E+00     0.315058E+00
 1993     0.158778E+06     0.169496E+06    -0.653204E-01    -0.653204E-01
 1994     0.496297E+06     0.462044E+06     0.715135E-01     0.715135E-01
 1995     N/A              0.517692E+06     N/A              N/A
 1996     0.277893E+06     0.325545E+06    -0.158265E+00    -0.158265E+00
 1997     0.468678E+06     0.270915E+06     0.548111E+00     0.548111E+00
 1998     0.573660E+05     0.984554E+05    -0.540152E+00    -0.540152E+00
 1999     0.103344E+06     0.985901E+05     0.470928E-01     0.470928E-01
 2000     0.605858E+06     0.341181E+06     0.574231E+00     0.574231E+00
 2001     0.191001E+06     0.147876E+06     0.255901E+00     0.255901E+00
 2002     0.260497E+06     0.226519E+06     0.139762E+00     0.139762E+00
 2003     0.205656E+06     0.240306E+06    -0.155710E+00    -0.155710E+00
 2004     0.330800E+06     0.283708E+06     0.153567E+00     0.153567E+00
 2005     0.104666E+07     0.100782E+07     0.378068E-01     0.378068E-01
 2006     0.818738E+06     0.637453E+06     0.250284E+00     0.250284E+00
 2007     0.410145E+06     0.419553E+06    -0.226797E-01    -0.226797E-01
 2008     0.541585E+06     0.533225E+06     0.155574E-01     0.155574E-01
 2009     0.288156E+06     0.257977E+06     0.110630E+00     0.110630E+00

 Survey Index:    4 Tag: Acoustic           AGE =  7
 Time = JAN-1           Type = NUMBER
 Catchability =    0.134106E+01   % Variance Contribution =     7.5932
 Unweighted Residual = LN(Observed) - LN(Predicted)

 Year      Observed        Predicted         Residual      Unweighted Resid
 _____________________________________________________________________________

 1987     N/A              0.927314E+05     N/A              N/A
 1988     0.571030E+05     0.764433E+05    -0.291693E+00    -0.291693E+00
 1989     0.188456E+06     0.172678E+06     0.874379E-01     0.874379E-01
 1990     0.592982E+06     0.581908E+06     0.188515E-01     0.188515E-01
 1991     0.191054E+06     0.239436E+06    -0.225731E+00    -0.225731E+00
 1992     0.898250E+05     0.126305E+06    -0.340835E+00    -0.340835E+00
 1993     0.130781E+06     0.148460E+06    -0.126788E+00    -0.126788E+00
 1994     0.669630E+05     0.135411E+06    -0.704172E+00    -0.704172E+00
 1995     N/A              0.330358E+06     N/A              N/A
 1996     0.385027E+06     0.355652E+06     0.793598E-01     0.793598E-01
 1997     0.269888E+06     0.223273E+06     0.189610E+00     0.189610E+00
 1998     0.287046E+06     0.211978E+06     0.303159E+00     0.303159E+00
 1999     0.517860E+05     0.830617E+05    -0.472464E+00    -0.472464E+00
 2000     0.882140E+05     0.736829E+05     0.179995E+00     0.179995E+00
 2001     0.482418E+06     0.228452E+06     0.747486E+00     0.747486E+00
 2002     0.161049E+06     0.102655E+06     0.450340E+00     0.450340E+00
 2003     0.262362E+06     0.147450E+06     0.576237E+00     0.576237E+00
 2004     0.109146E+06     0.193886E+06    -0.574583E+00    -0.574583E+00
 2005     0.171326E+06     0.219427E+06    -0.247451E+00    -0.247451E+00
 2006     0.122090E+07     0.792682E+06     0.431923E+00     0.431923E+00
 2007     0.424525E+06     0.547271E+06    -0.253973E+00    -0.253973E+00
 2008     0.309443E+06     0.319807E+06    -0.329428E-01    -0.329428E-01
 2009     0.457659E+06     0.372371E+06     0.206234E+00     0.206234E+00

 Survey Index:    5 Tag: Acoustic           AGE =  8
 Time = JAN-1           Type = NUMBER
 Catchability =    0.139941E+01   % Variance Contribution =    11.6299
 Unweighted Residual = LN(Observed) - LN(Predicted)

 Year      Observed        Predicted         Residual      Unweighted Resid
 _____________________________________________________________________________

 1987     N/A              0.150395E+06     N/A              N/A
 1988     0.325320E+05     0.613544E+05    -0.634443E+00    -0.634443E+00
 1989     0.464480E+05     0.417722E+05     0.106101E+00     0.106101E+00
 1990     0.179665E+06     0.105881E+06     0.528779E+00     0.528779E+00
 1991     0.514403E+06     0.341063E+06     0.410941E+00     0.410941E+00
 1992     0.138333E+06     0.152829E+06    -0.996575E-01    -0.996575E-01
 1993     0.541560E+05     0.822206E+05    -0.417537E+00    -0.417537E+00
 1994     0.582950E+05     0.102274E+06    -0.562138E+00    -0.562138E+00
 1995     N/A              0.947887E+05     N/A              N/A
 1996     0.176906E+06     0.210097E+06    -0.171952E+00    -0.171952E+00
 1997     0.325664E+06     0.223540E+06     0.376275E+00     0.376275E+00
 1998     0.155998E+06     0.166057E+06    -0.624894E-01    -0.624894E-01
 1999     0.135246E+06     0.145875E+06    -0.756554E-01    -0.756554E-01
 2000     0.433530E+05     0.604951E+05    -0.333186E+00    -0.333186E+00
 2001     0.343770E+05     0.542405E+05    -0.456040E+00    -0.456040E+00
 2002     0.345852E+06     0.143445E+06     0.880060E+00     0.880060E+00
 2003     0.153037E+06     0.687840E+05     0.799709E+00     0.799709E+00
 2004     0.100785E+06     0.105249E+06    -0.433434E-01    -0.433434E-01
 2005     0.624290E+05     0.164819E+06    -0.970818E+00    -0.970818E+00
 2006     0.281448E+06     0.170566E+06     0.500828E+00     0.500828E+00
 2007     0.693423E+06     0.672359E+06     0.308484E-01     0.308484E-01
 2008     0.402889E+06     0.397775E+06     0.127741E-01     0.127741E-01
 2009     0.266975E+06     0.222786E+06     0.180945E+00     0.180945E+00

 Survey Index:    6 Tag: Acoustic           AGE =  9
 Time = JAN-1           Type = NUMBER
 Catchability =    0.156573E+01   % Variance Contribution =    14.1097
 Unweighted Residual = LN(Observed) - LN(Predicted)

 Year      Observed        Predicted         Residual      Unweighted Resid
 _____________________________________________________________________________

 1987     N/A              0.667581E+05     N/A              N/A
 1988     0.704260E+05     0.837567E+05    -0.173353E+00    -0.173353E+00
 1989     0.257980E+05     0.323053E+05    -0.224934E-02    -0.224934E+00
 1990     0.221820E+05     0.302403E+05    -0.309893E+00    -0.309893E+00
 1991     0.793530E+05     0.623614E+05     0.240960E+00     0.240960E+00
 1992     0.256921E+06     0.182190E+06     0.343721E+00     0.343721E+00
 1993     0.963300E+05     0.977408E+05    -0.145393E-01    -0.145393E-01
 1994     0.106172E+06     0.634633E+05     0.514598E+00     0.514598E+00
 1995     N/A              0.734001E+05     N/A              N/A
 1996     0.981500E+05     0.642665E+05     0.423458E+00     0.423458E+00
 1997     0.217421E+06     0.153807E+06     0.346136E+00     0.346136E+00
 1998     0.203382E+06     0.180211E+06     0.120959E+00     0.120959E+00
 1999     0.705140E+05     0.129572E+06    -0.608427E+00    -0.608427E+00
 2000     0.165716E+06     0.100982E+06     0.495333E+00     0.495333E+00
 2001     0.157270E+05     0.489193E+05    -0.113479E+01    -0.113479E+01
 2002     0.624510E+05     0.395084E+05     0.457870E+00     0.457870E+00
 2003     0.276199E+06     0.826890E+05     0.120603E+01     0.120603E+01
 2004     0.386930E+05     0.485539E+05    -0.227017E+00    -0.227017E+00
 2005     0.443130E+05     0.926605E+05    -0.737664E+00    -0.737664E+00
 2006     0.122183E+06     0.148901E+06    -0.197762E+00    -0.197762E+00
 2007     0.959970E+05     0.152446E+06    -0.462497E+00    -0.462497E+00
 2008     0.702708E+06     0.541844E+06     0.259963E+00     0.259963E+00
 2009     0.225747E+06     0.310308E+06    -0.318151E+00    -0.318151E+00

 Survey Index:    7 Tag: Acoustic           AGE = 10
 Time = JAN-1           Type = NUMBER
 Catchability =    0.171482E+01   % Variance Contribution =    19.8268
 Unweighted Residual = LN(Observed) - LN(Predicted)

 Year      Observed        Predicted         Residual      Unweighted Resid
 _____________________________________________________________________________

 1987     N/A              0.652267E+05     N/A              N/A
 1988     0.367130E+05     0.414175E+05    -0.120572E+00    -0.120572E+00
 1989     0.328190E+05     0.309210E+05     0.595726E-03     0.595726E-01
 1990     0.217680E+05     0.224277E+05    -0.298574E-03    -0.298574E-01
 1991     0.376180E+05     0.166836E+05     0.813058E-02     0.813058E+00
 1992     0.212900E+05     0.454081E+05    -0.757453E+00    -0.757453E+00
 1993     0.966490E+05     0.944092E+05     0.234476E-01     0.234476E-01
 1994     0.488740E+05     0.649810E+05    -0.284849E+00    -0.284849E+00
 1995     N/A              0.364329E+05     N/A              N/A
 1996     0.485030E+05     0.480003E+05     0.104190E-01     0.104190E-01
 1997     0.929790E+05     0.397383E+05     0.850058E+00     0.850058E+00
 1998     0.105730E+06     0.116182E+06    -0.942652E-01    -0.942652E-01
 1999     0.101626E+06     0.126487E+06    -0.218837E+00    -0.218837E+00
 2000     0.899160E+05     0.961261E+05    -0.667847E-01    -0.667847E-01
 2001     0.379400E+05     0.734548E+05    -0.660665E+00    -0.660665E+00
 2002     0.571050E+05     0.342336E+05     0.511684E+00     0.511684E+00
 2003     0.992060E+05     0.231005E+05     0.145734E+01     0.145734E+01
 2004     0.455820E+05     0.641366E+05    -0.341503E+00    -0.341503E+00
 2005     0.109470E+05     0.387274E+05    -0.126348E+01    -0.126348E+01
 2006     0.129588E+06     0.768429E+05     0.522596E+00     0.522596E+00
 2007     0.123748E+06     0.137793E+06    -0.107504E+00    -0.107504E+00
 2008     0.221626E+06     0.112976E+06     0.673812E+00     0.673812E+00
 2009     0.168960E+06     0.448488E+06    -0.976221E+00    -0.976221E+00

 Survey Index:    8 Tag: Acoustic           AGE = 11
 Time = JAN-1           Type = NUMBER
 Catchability =    0.154399E+01   % Variance Contribution =    19.5540
 Unweighted Residual = LN(Observed) - LN(Predicted)

 Year      Observed        Predicted         Residual      Unweighted Resid
 _____________________________________________________________________________

 1987     N/A              0.407763E+05     N/A              N/A
 1988     0.235860E+05     0.327234E+05    -0.327438E+00    -0.327438E+00
 1989     0.174390E+05     0.157270E+05     0.103329E-02     0.103329E+00
 1990     0.130800E+05     0.145346E+05    -0.105450E-02    -0.105450E+00
 1991     0.939400E+04     0.118763E+05    -0.234470E-02    -0.234470E+00
 1992     0.986600E+04     0.752196E+04     0.271267E-02     0.271267E+00
 1993     0.245420E+05     0.200618E+05     0.201571E+00     0.201571E+00
 1994     0.362010E+05     0.545669E+05    -0.410342E+00    -0.410342E+00
 1995     N/A              0.300063E+05     N/A              N/A
 1996     0.162260E+05     0.171994E+05    -0.582616E-01    -0.582616E-01
 1997     0.554940E+05     0.267847E+05     0.728445E+00     0.728445E+00
 1998     0.354690E+05     0.199009E+05     0.577894E+00     0.577894E+00
 1999     0.539350E+05     0.731956E+05    -0.305356E+00    -0.305356E+00
 2000     0.121345E+06     0.708056E+05     0.538699E+00     0.538699E+00
 2001     0.143200E+05     0.638423E+05    -0.149476E+01    -0.149476E+01
 2002     0.384050E+05     0.419213E+05    -0.876067E-01    -0.876067E-01
 2003     0.476210E+05     0.209960E+05     0.818940E+00     0.818940E+00
 2004     0.703900E+04     0.155513E+05    -0.792676E-02    -0.792676E+00
 2005     0.239420E+05     0.419633E+05    -0.561160E+00    -0.561160E+00
 2006     0.733390E+05     0.239755E+05     0.111806E+01     0.111806E+01
 2007     0.487730E+05     0.562979E+05    -0.143481E+00    -0.143481E+00
 2008     0.244772E+06     0.950186E+05     0.946255E+00     0.946255E+00
 2009     0.299220E+05     0.655003E+05    -0.783461E+00    -0.783461E+00


Survey Weight Factors - Survey Index =     6

      1987        1.0000
      1988        1.0000
      1989        0.0100
      1990        1.0000
      1991        1.0000
      1992        1.0000
      1993        1.0000
      1994        1.0000
      1995        1.0000
      1996        1.0000
      1997        1.0000
      1998        1.0000
      1999        1.0000
      2000        1.0000
      2001        1.0000
      2002        1.0000
      2003        1.0000
      2004        1.0000
      2005        1.0000
      2006        1.0000
      2007        1.0000
      2008        1.0000
      2009        1.0000


Survey Weight Factors - Survey Index =     7

      1987        1.0000
      1988        1.0000
      1989        0.0100
      1990        0.0100
      1991        0.0100
      1992        1.0000
      1993        1.0000
      1994        1.0000
      1995        1.0000
      1996        1.0000
      1997        1.0000
      1998        1.0000
      1999        1.0000
      2000        1.0000
      2001        1.0000
      2002        1.0000
      2003        1.0000
      2004        1.0000
      2005        1.0000
      2006        1.0000
      2007        1.0000
      2008        1.0000
      2009        1.0000


Survey Weight Factors - Survey Index =     8

      1987        1.0000
      1988        1.0000
      1989        0.0100
      1990        0.0100
      1991        0.0100
      1992        0.0100
      1993        1.0000
      1994        1.0000
      1995        1.0000
      1996        1.0000
      1997        1.0000
      1998        1.0000
      1999        1.0000
      2000        1.0000
      2001        1.0000
      2002        1.0000
      2003        1.0000
      2004        0.0100
      2005        1.0000
      2006        1.0000
      2007        1.0000
      2008        1.0000
      2009        1.0000



 Plus Group Diagnostic Report 

 Calculation Method Selected = Forward

          Population  Population    F            F
 Year     Backward     Forward    Forward     Backward    Ratio

 1987      34294.      34294.    0.516786    0.516786    1.000000
 1988      27150.      37000.    0.506340    0.777073    1.534685
 1989       7158.      26110.    0.110514    0.478830    4.332757
 1990       4539.      26472.    0.070933    0.507337    7.152309
 1991       3382.      24871.    0.055305    0.501181    9.062199
 1992       1318.      24208.    0.023270    0.545839   23.456460
 1993        891.      23691.    0.011419    0.358381   31.385412
 1994       4932.      22946.    0.089657    0.506913    5.653891
 1995       8092.      23193.    0.153618    0.522439    3.400892
 1996      20888.      27703.    0.346902    0.491511    1.416858
 1997      55099.      22421.    1.021275    0.303676    0.297350
 1998      19183.      10356.    0.557467    0.263011    0.471796
 1999      24097.      14051.    0.686064    0.342913    0.499827
 2000      25773.      12598.    0.627708    0.259501    0.413411
 2001      32902.      27681.    0.407034    0.330579    0.812165
 2002      58587.      36661.    0.781796    0.416178    0.532335
 2003      23961.      31900.    0.199805    0.275702    1.379858
 2004      32705.      36262.    0.216151    0.242686    1.122764
 2005      26876.      32863.    0.157868    0.196633    1.245555
 2006      36354.      29958.    0.110885    0.090480    0.815983
 2007      44192.      40575.    0.254117    0.230764    0.908101
 2008      32730.      37956.    0.197632    0.233072    1.179324
 2009      42103.      46831.       N/A         N/A
