 VPA Version 3.3.0

 Model ID: k=0.3, 2009-2011 Ichtio.                                                        


 Input File: RUN1NWWG_R_18.DAT                                                               
 Date of Run: 15-NOV-2017                         Time of Run: 21:43


 Levenburg-Marquardt Algorithm Completed     6 Iterations
 Residual Sum of Squares =     9.40257    

 Number of Residuals     =     88
 Number of Parameters    =      9
 Degrees of Freedom      =     79
 Mean Squared Residual   =     0.119020    
 Standard Deviation      =     0.344993    


 Number of Years =    12
 Number of Ages  =    11
 First Year      =  1987
 Youngest Age    =     3
 Oldest True Age =    12

 Number of Survey Indices Available        =    10
 Number of Survey Indices Used in Estimate =     8


 VPA Classic Method - Auto Estimated Q's


 Stock Numbers Predicted in Terminal Year Plus One (1999)
 Age    Stock Predicted     Std. Error      CV

   4         266202.593   0.968291E+05   0.363742E+00
   5         687388.384   0.195649E+06   0.284626E+00
   6          88716.859   0.226022E+05   0.254768E+00
   7          46703.190   0.113890E+05   0.243860E+00
   8         186357.847   0.429877E+05   0.230673E+00
   9          75528.699   0.189672E+05   0.251126E+00
  10         100725.586   0.250845E+05   0.249038E+00
  11          55295.980   0.141289E+05   0.255513E+00
  12          23588.397   0.677366E+04   0.287161E+00

 Catchability Values for Each Survey Used in Estimate
 INDEX     Catchability    Std. Error      CV

   1       0.961437E+00   0.114715E+00   0.119316E+00
   2       0.113033E+01   0.128049E+00   0.113285E+00
   3       0.107177E+01   0.109308E+00   0.101988E+00
   4       0.111483E+01   0.100140E+00   0.898249E-01
   5       0.121954E+01   0.154303E+00   0.126526E+00
   6       0.155225E+01   0.140412E+00   0.904571E-01
   7       0.156695E+01   0.195598E+00   0.124827E+00
   8       0.141568E+01   0.138592E+00   0.978980E-01


 -- Non-Linear Least Squares Fit --

 Maximum Marquadt Iterations    =       100
 Scaled Gradient Tolerance      =    6.055454E-05
 Scaled Step Tolerance          =    1.000000E-18
 Relative Function Tolerance    =    1.000000E-18
 Absolute Function Tolerance    =    4.930381E-32

 Reported Machine Precision     =    2.220446E-16


 VPA Method Options

 - Catchability Values Estimated as an Analytic Function of N
 - Catch Equation Used in Cohort Solution
 - Plus Group Forward Calculation Method Used
 - Arithmetic Average Used in F-Oldest Calculation
 - F-Oldest Calculation in Years Prior to Terminal Year 
   Uses Fishing Mortality in Ages  8 to 11
 - Calculation of Population of Age 3 In Year 1999
   =  Geometric Mean of First Age Populations
      Year Range Applied =  1987 to  1995
 - Survey Weight Factors Were Used

 Stock Estimates 

 Age   4
 Age   5
 Age   6
 Age   7
 Age   8
 Age   9
 Age  10
 Age  11
 Age  12

 Full F in Terminal Year               =   0.2029

 F in Oldest True Age in Terminal Year =   0.2130

 Full F Calculated Using Classic Method

 F in Oldest True Age in Terminal Year has been
 Calculated in Same Manner as in All Other Years

 Age  Input Partial  Calc Partial   Fishing     Used In
      Recruitment    Recruitment    Mortality   Full F    Comments

   3      0.500          0.532       0.1501      NO      Stock Estimate in T+1   
   4      0.800          0.769       0.2170      NO      Stock Estimate in T+1   
   5      1.000          0.771       0.2173      YES     Stock Estimate in T+1   
   6      1.000          0.572       0.1614      YES     Stock Estimate in T+1   
   7      1.000          0.671       0.1892      YES     Stock Estimate in T+1   
   8      1.000          1.000       0.2820      YES     Stock Estimate in T+1   
   9      1.000          0.935       0.2638      YES     Stock Estimate in T+1   
  10      1.000          0.795       0.2243      YES     Stock Estimate in T+1   
  11      1.000          0.291       0.0820      YES     Stock Estimate in T+1   
  12      1.000          0.755       0.2130              F-Oldest                

 Catch At Age - Input Data


   AGE       1987        1988        1989        1990        1991
 ____________________________________________________________________

    3       3144.0      4757.0     22628.0     14884.0     88683.0
    4      44590.0     41331.0     26649.0     56995.0     49081.0
    5      60285.0     99366.0     77824.0     35593.0     86292.0
    6      20622.0     69331.0    188654.0     79757.0     34793.0
    7      19751.0     22955.0     43114.0    157225.0     55228.0
    8      46240.0     20131.0      8116.0     30248.0    110132.0
    9      15232.0     32201.0      5897.0      8187.0     10079.0
   10      13963.0     12349.0      7292.0      4372.0      4155.0
   11      10179.0     10250.0      4780.0      3379.0      2735.0
   12      13216.0      7378.0      3449.0      1786.0      2003.0
   13      13227.0     14048.0      2602.0      1726.0      1274.0

   AGE       1992        1993        1994        1995        1996
 ____________________________________________________________________

    3      94860.0     51153.0    134616.0     20991.0     15969.0
    4     122626.0    177780.0    113290.0    137232.0     40311.0
    5      38381.0     92680.0    142876.0     86864.0     86187.0
    6      58605.0     20791.0     87207.0    109140.0     68927.0
    7      27921.0     28560.0     24913.0     76780.0     84660.0
    8      38420.0     13313.0     20303.0     21361.0     39664.0
    9      53114.0     19617.0     16301.0     15225.0     14746.0
   10      11592.0     15266.0     15695.0      8541.0      8419.0
   11       1727.0      4254.0     14680.0      9617.0      5836.0
   12       1757.0       797.0      2936.0      7034.0      3152.0
   13        530.0       256.0      1874.0      3147.0      7750.0

   AGE       1997        1998
 ____________________________________________________________________

    3      39240.0     45390.0
    4      30141.0    175529.0
    5      26307.0     22691.0
    6      36738.0      8613.0
    7      33705.0     40898.0
    8      31022.0     25944.0
    9      22277.0     32046.0
   10       8531.0     14647.0
   11       3383.0      2122.0
   12       1141.0      2754.0
   13      13767.0      4231.0

 Weight At Age - Input Data


   AGE       1987        1988        1989        1990        1991
 ____________________________________________________________________

    3       0.1680      0.1570      0.1300      0.1270      0.1350
    4       0.2000      0.2210      0.2060      0.1970      0.1880
    5       0.2400      0.2390      0.2460      0.2450      0.2320
    6       0.2780      0.2710      0.2610      0.2720      0.2670
    7       0.3040      0.2980      0.2900      0.2850      0.2890
    8       0.3250      0.3190      0.3310      0.3050      0.3040
    9       0.3390      0.3340      0.3380      0.3240      0.3230
   10       0.3560      0.3540      0.3520      0.3360      0.3400
   11       0.3780      0.3520      0.3690      0.3620      0.3520
   12       0.4000      0.3710      0.3890      0.3700      0.3690
   13       0.4160      0.4030      0.4010      0.3790      0.3980

   AGE       1992        1993        1994        1995        1996
 ____________________________________________________________________

    3       0.1480      0.1450      0.1340      0.1300      0.1390
    4       0.1900      0.2110      0.2010      0.1830      0.1680
    5       0.2350      0.2460      0.2470      0.2400      0.2120
    6       0.2730      0.2920      0.2720      0.2770      0.2580
    7       0.3120      0.3240      0.3030      0.2980      0.2890
    8       0.3290      0.3500      0.3330      0.3250      0.3080
    9       0.3390      0.3620      0.3660      0.3580      0.3250
   10       0.3550      0.3760      0.3780      0.3780      0.3530
   11       0.3820      0.3860      0.3890      0.3970      0.3530
   12       0.4050      0.4190      0.3900      0.4090      0.3770
   13       0.3920      0.3890      0.4100      0.4330      0.4020

   AGE       1997        1998
 ____________________________________________________________________

    3       0.1310      0.1340
    4       0.1910      0.1850
    5       0.2330      0.2380
    6       0.2690      0.2640
    7       0.3000      0.2880
    8       0.3240      0.3240
    9       0.3410      0.3400
   10       0.3550      0.3480
   11       0.3620      0.3750
   12       0.3670      0.4060
   13       0.3970      0.4150

 JAN-1 Weights at Age - Input Data


   AGE       1987        1988        1989        1990        1991
 ____________________________________________________________________

    3       0.1680      0.1570      0.1300      0.1270      0.1350
    4       0.2000      0.2210      0.2060      0.1970      0.1880
    5       0.2400      0.2390      0.2460      0.2450      0.2320
    6       0.2780      0.2710      0.2610      0.2720      0.2670
    7       0.3040      0.2980      0.2900      0.2850      0.2890
    8       0.3250      0.3190      0.3310      0.3050      0.3040
    9       0.3390      0.3340      0.3380      0.3240      0.3230
   10       0.3560      0.3540      0.3520      0.3360      0.3400
   11       0.3780      0.3520      0.3690      0.3620      0.3520
   12       0.4000      0.3710      0.3890      0.3700      0.3690
   13       0.4160      0.4030      0.4010      0.3790      0.3980

   AGE       1992        1993        1994        1995        1996
 ____________________________________________________________________

    3       0.1480      0.1450      0.1340      0.1300      0.1390
    4       0.1900      0.2110      0.2010      0.1830      0.1680
    5       0.2350      0.2460      0.2470      0.2400      0.2120
    6       0.2730      0.2920      0.2720      0.2770      0.2580
    7       0.3120      0.3240      0.3030      0.2980      0.2890
    8       0.3290      0.3500      0.3330      0.3250      0.3080
    9       0.3390      0.3620      0.3660      0.3580      0.3250
   10       0.3550      0.3760      0.3780      0.3780      0.3530
   11       0.3820      0.3860      0.3890      0.3970      0.3530
   12       0.4050      0.4190      0.3900      0.4090      0.3770
   13       0.3920      0.3890      0.4100      0.4330      0.4020

   AGE       1997        1998        1999
 ____________________________________________________________________

    3       0.1310      0.1340      0.1370
    4       0.1910      0.1850      0.2040
    5       0.2330      0.2380      0.2330
    6       0.2690      0.2640      0.2680
    7       0.3000      0.2880      0.2940
    8       0.3240      0.3240      0.3110
    9       0.3410      0.3400      0.3390
   10       0.3550      0.3480      0.3530
   11       0.3620      0.3750      0.3620
   12       0.3670      0.4060      0.3780
   13       0.3970      0.4150      0.4040

 SSB Weight At Age - Input Data


   AGE       1987        1988        1989        1990        1991
 ____________________________________________________________________

    3       0.1680      0.1570      0.1300      0.1270      0.1350
    4       0.2000      0.2210      0.2060      0.1970      0.1880
    5       0.2400      0.2390      0.2460      0.2450      0.2320
    6       0.2780      0.2710      0.2610      0.2720      0.2670
    7       0.3040      0.2980      0.2900      0.2850      0.2890
    8       0.3250      0.3190      0.3310      0.3050      0.3040
    9       0.3390      0.3340      0.3380      0.3240      0.3230
   10       0.3560      0.3540      0.3520      0.3360      0.3400
   11       0.3780      0.3520      0.3690      0.3620      0.3520
   12       0.4000      0.3710      0.3890      0.3700      0.3690
   13       0.4160      0.4030      0.4010      0.3790      0.3980

   AGE       1992        1993        1994        1995        1996
 ____________________________________________________________________

    3       0.1480      0.1450      0.1340      0.1300      0.1390
    4       0.1900      0.2110      0.2010      0.1830      0.1680
    5       0.2350      0.2460      0.2470      0.2400      0.2120
    6       0.2730      0.2920      0.2720      0.2770      0.2580
    7       0.3120      0.3240      0.3030      0.2980      0.2890
    8       0.3290      0.3500      0.3330      0.3250      0.3080
    9       0.3390      0.3620      0.3660      0.3580      0.3250
   10       0.3550      0.3760      0.3780      0.3780      0.3530
   11       0.3820      0.3860      0.3890      0.3970      0.3530
   12       0.4050      0.4190      0.3900      0.4090      0.3770
   13       0.3920      0.3890      0.4100      0.4330      0.4020

   AGE       1997        1998
 ____________________________________________________________________

    3       0.1310      0.1340
    4       0.1910      0.1850
    5       0.2330      0.2380
    6       0.2690      0.2640
    7       0.3000      0.2880
    8       0.3240      0.3240
    9       0.3410      0.3400
   10       0.3550      0.3480
   11       0.3620      0.3750
   12       0.3670      0.4060
   13       0.3970      0.4150

 Natural Mortality - Input Data


   AGE       1987        1988        1989        1990        1991
 ____________________________________________________________________

    3       0.1000      0.1000      0.1000      0.1000      0.1000
    4       0.1000      0.1000      0.1000      0.1000      0.1000
    5       0.1000      0.1000      0.1000      0.1000      0.1000
    6       0.1000      0.1000      0.1000      0.1000      0.1000
    7       0.1000      0.1000      0.1000      0.1000      0.1000
    8       0.1000      0.1000      0.1000      0.1000      0.1000
    9       0.1000      0.1000      0.1000      0.1000      0.1000
   10       0.1000      0.1000      0.1000      0.1000      0.1000
   11       0.1000      0.1000      0.1000      0.1000      0.1000
   12       0.1000      0.1000      0.1000      0.1000      0.1000
   13       0.1000      0.1000      0.1000      0.1000      0.1000

   AGE       1992        1993        1994        1995        1996
 ____________________________________________________________________

    3       0.1000      0.1000      0.1000      0.1000      0.1000
    4       0.1000      0.1000      0.1000      0.1000      0.1000
    5       0.1000      0.1000      0.1000      0.1000      0.1000
    6       0.1000      0.1000      0.1000      0.1000      0.1000
    7       0.1000      0.1000      0.1000      0.1000      0.1000
    8       0.1000      0.1000      0.1000      0.1000      0.1000
    9       0.1000      0.1000      0.1000      0.1000      0.1000
   10       0.1000      0.1000      0.1000      0.1000      0.1000
   11       0.1000      0.1000      0.1000      0.1000      0.1000
   12       0.1000      0.1000      0.1000      0.1000      0.1000
   13       0.1000      0.1000      0.1000      0.1000      0.1000

   AGE       1997        1998
 ____________________________________________________________________

    3       0.1000      0.1000
    4       0.1000      0.1000
    5       0.1000      0.1000
    6       0.1000      0.1000
    7       0.1000      0.1000
    8       0.1000      0.1000
    9       0.1000      0.1000
   10       0.1000      0.1000
   11       0.1000      0.1000
   12       0.1000      0.1000
   13       0.1000      0.1000

 Proportion of Natural Mortality Before Spawning =       0.5000
 Proportion of Fishing Mortality Before Spawning =       0.0000

 Maturity - Input Data


   AGE       1987        1988        1989        1990        1991
 ____________________________________________________________________

    3       0.2000      0.2000      0.2000      0.2000      0.2000
    4       0.8500      0.8500      0.8500      0.8500      0.8500
    5       1.0000      1.0000      1.0000      1.0000      1.0000
    6       1.0000      1.0000      1.0000      1.0000      1.0000
    7       1.0000      1.0000      1.0000      1.0000      1.0000
    8       1.0000      1.0000      1.0000      1.0000      1.0000
    9       1.0000      1.0000      1.0000      1.0000      1.0000
   10       1.0000      1.0000      1.0000      1.0000      1.0000
   11       1.0000      1.0000      1.0000      1.0000      1.0000
   12       1.0000      1.0000      1.0000      1.0000      1.0000
   13       1.0000      1.0000      1.0000      1.0000      1.0000

   AGE       1992        1993        1994        1995        1996
 ____________________________________________________________________

    3       0.2000      0.2000      0.2000      0.2000      0.2000
    4       0.8500      0.8500      0.8500      0.8500      0.8500
    5       1.0000      1.0000      1.0000      1.0000      1.0000
    6       1.0000      1.0000      1.0000      1.0000      1.0000
    7       1.0000      1.0000      1.0000      1.0000      1.0000
    8       1.0000      1.0000      1.0000      1.0000      1.0000
    9       1.0000      1.0000      1.0000      1.0000      1.0000
   10       1.0000      1.0000      1.0000      1.0000      1.0000
   11       1.0000      1.0000      1.0000      1.0000      1.0000
   12       1.0000      1.0000      1.0000      1.0000      1.0000
   13       1.0000      1.0000      1.0000      1.0000      1.0000

   AGE       1997        1998
 ____________________________________________________________________

    3       0.2000      0.2000
    4       0.8500      0.8500
    5       1.0000      1.0000
    6       1.0000      1.0000
    7       1.0000      1.0000
    8       1.0000      1.0000
    9       1.0000      1.0000
   10       1.0000      1.0000
   11       1.0000      1.0000
   12       1.0000      1.0000
   13       1.0000      1.0000

 Input Partial Recruitment

   AGE

    3       0.5000
    4       0.8000
    5       1.0000
    6       1.0000
    7       1.0000
    8       1.0000
    9       1.0000
   10       1.0000
   11       1.0000
   12       1.0000


 Input F-Plus Ratio

   YEAR

   1987       1.0000
   1988       1.0000
   1989       1.0000
   1990       1.0000
   1991       1.0000
   1992       1.0000
   1993       1.0000
   1994       1.0000
   1995       1.0000
   1996       1.0000
   1997       1.0000
   1998       1.0000

 SURVEY - INPUT DATA


INDEX                   1                  2                  3

SURVEY TAG      Acoustic            Acoustic            Acoustic          

AGE                   4                   5                   6       
TIME               JAN-1               JAN-1               JAN-1       
TYPE              NUMBERS             NUMBERS             NUMBERS      
RETRO FLAG           1                   1                   1
 ________________________________________________________________________

    1987              0.0000              0.0000              0.0000
    1988         401246.0000         858012.0000         308065.0000
    1989         201284.0000         232808.0000         381417.0000
    1990         655361.0000         179364.0000         278836.0000
    1991         132235.0000         258591.0000          94373.0000
    1992        1049990.0000         354521.0000         319866.0000
    1993         830608.0000         729556.0000         158778.0000
    1994         505279.0000         882868.0000         496297.0000
    1995              0.0000              0.0000              0.0000
    1996         133810.0000         761581.0000         277893.0000
    1997         270706.0000         133667.0000         468678.0000
    1998         601783.0000          81055.0000          57366.0000
    1999         255937.0000        1081504.0000         103344.0000

 SURVEY - INPUT DATA


INDEX                   4                  5                  6

SURVEY TAG      Acoustic            Acoustic            Acoustic          

AGE                   7                   8                   9       
TIME               JAN-1               JAN-1               JAN-1       
TYPE              NUMBERS             NUMBERS             NUMBERS      
RETRO FLAG           1                   1                   1
 ________________________________________________________________________

    1987              0.0000              0.0000              0.0000
    1988          57103.0000          32532.0000          70426.0000
    1989         188456.0000          46448.0000          25798.0000
    1990         592982.0000         179665.0000          22182.0000
    1991         191054.0000         514403.0000          79353.0000
    1992          89825.0000         138333.0000         256921.0000
    1993         130781.0000          54156.0000          96330.0000
    1994          66963.0000          58295.0000         106172.0000
    1995              0.0000              0.0000              0.0000
    1996         385027.0000         176906.0000          98150.0000
    1997         269888.0000         325664.0000         217421.0000
    1998         287046.0000         155998.0000         203382.0000
    1999          51786.0000         135246.0000          70514.0000

 SURVEY - INPUT DATA


INDEX                   7                  8                  9

SURVEY TAG      Acoustic            Acoustic            Acoustic          

AGE                  10                  11                  12       
TIME               JAN-1               JAN-1               JAN-1       
TYPE              NUMBERS             NUMBERS             NUMBERS      
RETRO FLAG           1                   1                   1
 ________________________________________________________________________

    1987              0.0000              0.0000              0.0000
    1988          36713.0000          23586.0000          18401.0000
    1989          32819.0000          17439.0000          10373.0000
    1990          21768.0000          13080.0000           9941.0000
    1991          37618.0000           9394.0000          12636.0000
    1992          21290.0000           9866.0000              0.0000
    1993          96649.0000          24542.0000           1130.0000
    1994          48874.0000          36201.0000              0.0000
    1995              0.0000              0.0000              0.0000
    1996          48503.0000          16226.0000          29390.0000
    1997          92979.0000          55494.0000          39048.0000
    1998         105730.0000          35469.0000          27373.0000
    1999         101626.0000          53935.0000              0.0000

INDEX                  10

SURVEY TAG      Acoustic          

AGE                  13       
TIME               JAN-1       
TYPE              NUMBERS      
RETRO FLAG           1
 ________________________________________________________________________

    1987              0.0000
    1988          24278.0000
    1989           9081.0000
    1990           1989.0000
    1991              0.0000
    1992           9327.0000
    1993           1130.0000
    1994           4224.0000
    1995              0.0000
    1996          47945.0000
    1997          30028.0000
    1998          14234.0000
    1999              0.0000

     Additional Output Files 

Population File RUN1NWWG_R_18.PP2                                               
Auxilliary File RUN1NWWG_R_18.AUX                                               
Covariance File RUN1NWWG_R_18.CV                                                
Residuals File  RUN1NWWG_R_18.RSD                                               
Log File        RUN1NWWG_R_18.LOG                                               


                             Estimation Results

 JAN-1 Population Numbers


   AGE       1987        1988        1989        1990        1991
 _____________________________________________________________________________

    3      534212.     275062.     454649.     336229.     862543.
    4      994303.     480386.     244364.     389878.     290086.
    5      301650.     857302.     395403.     195796.     298658.
    6       84822.     215735.     681340.     283920.     143380.
    7       69322.      57190.     129507.     437634.     181286.
    8      107589.      44000.      30019.      76334.     247076.
    9       42694.      53600.      20775.      19467.      40437.
   10       38101.      24204.      18127.      13207.       9867.
   11       26450.      21252.      10232.       9500.       7808.
   12       34313.      14295.       9540.       4739.       5396.
   13       34342.      37086.      26220.      26618.      25042.
 ====================================================================
 Total    2267798.    2080113.    2020177.    1793322.    2111578.

   AGE       1992        1993        1994        1995        1996
 _____________________________________________________________________________

    3     1093139.     628904.     833997.     184260.     200538.
    4      696219.     898989.     520454.     626832.     146788.
    5      215889.     513566.     644726.     363438.     436979.
    6      188433.     158913.     376724.     447820.     246457.
    7       96734.     114960.     124046.     258146.     301684.
    8      111689.      61060.      76932.      88600.     160802.
    9      119388.      64664.      42618.      50358.      59907.
   10       27029.      57785.      39917.      23128.      31135.
   11        4996.      13489.      37809.      21261.      12839.
   12        4474.       2885.       8174.      20313.      10141.
   13       24433.      23989.      23318.      23934.      30384.
 ====================================================================
 Total    2582424.    2539204.    2728716.    2108091.    1637655.

   AGE       1997        1998        1999
 _____________________________________________________________________________

    3     1084282.     341837.     502612.
    4      166281.     943801.     266203.
    5       94598.     121849.     687388.
    6      313603.      60654.      88717.
    7      157654.     248867.      46703.
    8      192710.     110671.     186358.
    9      107879.     144920.      75529.
   10       40220.      76474.     100726.
   11       20189.      28298.      55296.
   12        6098.      15057.      23588.
   13       26332.      15255.      20802.
 ====================================================================
 Total    2209848.    2107682.    2053921.



Fishing Mortality Calculated


   AGE       1987        1988        1989        1990        1991
 _____________________________________________________________________________

    3       0.0062      0.0183      0.0537      0.0476      0.1142
    4       0.0483      0.0947      0.1216      0.1665      0.1954
    5       0.2352      0.1297      0.2312      0.2116      0.3606
    6       0.2942      0.4103      0.3427      0.3486      0.2935
    7       0.3546      0.5445      0.4286      0.4717      0.3844
    8       0.5968      0.6505      0.3331      0.5354      0.6273
    9       0.4675      0.9841      0.3530      0.5795      0.3028
   10       0.4838      0.7610      0.5461      0.4256      0.5805
   11       0.5153      0.7010      0.6698      0.4657      0.4568
   12       0.5159      0.7741      0.4755      0.5016      0.4919
   13       0.5159      0.5048      0.1100      0.0705      0.0549

   AGE       1992        1993        1994        1995        1996
 _____________________________________________________________________________

    3       0.0955      0.0893      0.1856      0.1274      0.0873
    4       0.2043      0.2324      0.2591      0.2608      0.3394
    5       0.2064      0.2099      0.2644      0.2884      0.2318
    6       0.3942      0.1477      0.2780      0.2950      0.3468
    7       0.3601      0.3017      0.2365      0.3734      0.3482
    8       0.4465      0.2596      0.3238      0.2913      0.2992
    9       0.6257      0.3824      0.5112      0.3808      0.2984
   10       0.5950      0.3242      0.5300      0.4886      0.3332
   11       0.4492      0.4009      0.5213      0.6402      0.6446
   12       0.5291      0.3418      0.4716      0.4502      0.3938
   13       0.0231      0.0113      0.0882      0.1485      0.3111

   AGE       1997        1998
 _____________________________________________________________________________

    3       0.0388      0.1501
    4       0.2109      0.2170
    5       0.3445      0.2173
    6       0.1312      0.1614
    7       0.2538      0.1892
    8       0.1850      0.2820
    9       0.2441      0.2638
   10       0.2516      0.2243
   11       0.1933      0.0820
   12       0.2185      0.2130
   13       0.7893      0.3434


 Average Fishing Mortality For Ages   5- 10

 Year      Average F   N Weighted  Biomass Wtd  Catch Wtd

 _____________________________________________________________________________

 1987       0.4053      0.3463      0.3645      0.3903
 1988       0.5800      0.2641      0.2902      0.4214
 1989       0.3725      0.3197      0.3238      0.3321
 1990       0.4287      0.3942      0.4012      0.4195
 1991       0.4248      0.4262      0.4349      0.4560
 1992       0.4380      0.3877      0.4063      0.4313
 1993       0.2709      0.2320      0.2392      0.2473
 1994       0.3573      0.2854      0.2918      0.2966
 1995       0.3529      0.3164      0.3200      0.3212
 1996       0.3096      0.2976      0.3035      0.3054
 1997       0.2350      0.2050      0.2050      0.2255
 1998       0.2230      0.2226      0.2256      0.2286

 Back Calculated Partial Recruitment


   AGE       1987        1988        1989        1990        1991
 _____________________________________________________________________________

    3       0.0104      0.0186      0.0802      0.0822      0.1821
    4       0.0809      0.0962      0.1815      0.2874      0.3115
    5       0.3942      0.1318      0.3452      0.3651      0.5748
    6       0.4930      0.4169      0.5116      0.6016      0.4679
    7       0.5941      0.5533      0.6399      0.8139      0.6127
    8       1.0000      0.6610      0.4974      0.9239      1.0000
    9       0.7835      1.0000      0.5270      1.0000      0.4827
   10       0.8107      0.7732      0.8154      0.7345      0.9254
   11       0.8635      0.7123      1.0000      0.8037      0.7282
   12       0.8644      0.7866      0.7099      0.8655      0.7841
   13       0.8644      0.5130      0.1643      0.1217      0.0875

   AGE       1992        1993        1994        1995        1996
 _____________________________________________________________________________

    3       0.1527      0.2227      0.3501      0.1989      0.1355
    4       0.3265      0.5798      0.4889      0.4073      0.5265
    5       0.3299      0.5235      0.4990      0.4505      0.3595
    6       0.6300      0.3684      0.5246      0.4608      0.5380
    7       0.5756      0.7524      0.4463      0.5832      0.5402
    8       0.7137      0.6475      0.6109      0.4551      0.4641
    9       1.0000      0.9538      0.9646      0.5948      0.4630
   10       0.9511      0.8086      1.0000      0.7631      0.5169
   11       0.7180      1.0000      0.9836      1.0000      1.0000
   12       0.8457      0.8525      0.8898      0.7032      0.6110
   13       0.0368      0.0281      0.1664      0.2320      0.4826

   AGE       1997        1998
 _____________________________________________________________________________

    3       0.0491      0.4371
    4       0.2672      0.6321
    5       0.4364      0.6330
    6       0.1662      0.4700
    7       0.3216      0.5512
    8       0.2344      0.8215
    9       0.3092      0.7683
   10       0.3187      0.6531
   11       0.2449      0.2389
   12       0.2768      0.6204
   13       1.0000      1.0000

 JAN-1 Biomass


   AGE       1987        1988        1989        1990        1991
 _____________________________________________________________________________

    3       89748.      43185.      59104.      42701.     116443.
    4      198861.     106165.      50339.      76806.      54536.
    5       72396.     204895.      97269.      47970.      69289.
    6       23580.      58464.     177830.      77226.      38283.
    7       21074.      17043.      37557.     124726.      52392.
    8       34966.      14036.       9936.      23282.      75111.
    9       14473.      17903.       7022.       6307.      13061.
   10       13564.       8568.       6381.       4438.       3355.
   11        9998.       7481.       3776.       3439.       2748.
   12       13725.       5304.       3711.       1753.       1991.
   13       14286.      14946.      10514.      10088.       9967.
 ====================================================================
 Total     506672.     497989.     463439.     418736.     437175.

   AGE       1992        1993        1994        1995        1996
 _____________________________________________________________________________

    3      161785.      91191.     111756.      23954.      27875.
    4      132282.     189687.     104611.     114710.      24660.
    5       50734.     126337.     159247.      87225.      92640.
    6       51442.      46403.     102469.     124046.      63586.
    7       30181.      37247.      37586.      76928.      87187.
    8       36746.      21371.      25618.      28795.      49527.
    9       40473.      23408.      15598.      18028.      19470.
   10        9595.      21727.      15089.       8743.      10991.
   11        1909.       5207.      14708.       8440.       4532.
   12        1812.       1209.       3188.       8308.       3823.
   13        9578.       9332.       9560.      10363.      12215.
 ====================================================================
 Total     526535.     573118.     599431.     509541.     396505.

   AGE       1997        1998        1999
 _____________________________________________________________________________

    3      142041.      45806.      68858.
    4       31760.     174603.      54305.
    5       22041.      29000.     160161.
    6       84359.      16013.      23776.
    7       47296.      71674.      13731.
    8       62438.      35857.      57957.
    9       36787.      49273.      25604.
   10       14278.      26613.      35556.
   11        7309.      10612.      20017.
   12        2238.       6113.       8916.
   13       10454.       6331.       8404.
 ====================================================================
 Total     461001.     471894.     477287.

 Mean Biomass


   AGE       1987        1988        1989        1990        1991
 _____________________________________________________________________________

    3       85146.      40727.      54786.      39699.     104816.
    4      184822.      96470.      45152.      67422.      47219.
    5       61511.     183063.      82801.      41216.      55525.
    6       19488.      45791.     143687.      62228.      31648.
    7       16934.      12562.      29171.      94998.      41526.
    8       25183.       9873.       8064.      17232.      53370.
    9       11044.      10929.       5647.       4577.      10751.
   10       10275.       5745.       4700.       3451.       2434.
   11        7467.       5147.       2633.       2626.       2107.
   12       10248.       3536.       2822.       1318.       1503.
   13       10667.      11215.       9483.       9275.       9233.
 ====================================================================
 Total     442785.     425057.     388947.     344042.     360131.

   AGE       1992        1993        1994        1995        1996
 _____________________________________________________________________________

    3      146950.      83081.      97216.      21426.      25420.
    4      114051.     161378.      87889.      96296.      19956.
    5       43698.     108638.     133456.      72281.      78840.
    6       40591.      41102.      85329.     102477.      51280.
    7       24191.      30675.      31915.      61283.      70268.
    8       28309.      17951.      20882.      23829.      40836.
    9       28779.      18570.      11671.      14313.      16059.
   10        6916.      17707.      11195.       6608.       8920.
   11        1469.       4096.      10955.       5963.       3196.
   12        1345.        977.       2428.       6390.       3017.
   13        9012.       8831.       8715.       9176.      10015.
 ====================================================================
 Total     445308.     493006.     501650.     420043.     327807.

   AGE       1997        1998
 _____________________________________________________________________________

    3      132627.      40528.
    4       27297.     149634.
    5       17795.      24849.
    6       75317.      14091.
    7       39834.      62239.
    8       54329.      29803.
    9       31126.      41305.
   10       12038.      22729.
   11        6334.       9702.
   12        1917.       5249.
   13        6924.       5114.
 ====================================================================
 Total     405537.     405242.

 Spawning Stock Biomass


   AGE       1987        1988        1989        1990        1991
 _____________________________________________________________________________

    3       17074.       8216.      11244.       8124.      22153.
    4      160788.      85839.      40701.      62101.      44095.
    5       68865.     194902.      92525.      45631.      65909.
    6       22430.      55613.     169157.      73460.      36415.
    7       20046.      16211.      35725.     118643.      49836.
    8       33261.      13352.       9452.      22147.      71448.
    9       13767.      17029.       6679.       6000.      12424.
   10       12902.       8150.       6070.       4221.       3191.
   11        9510.       7116.       3592.       3271.       2614.
   12       13056.       5045.       3530.       1668.       1894.
   13       13590.      14217.      10001.       9596.       9480.
 ====================================================================
 Total     385290.     425691.     388677.     354861.     319461.

   AGE       1992        1993        1994        1995        1996
 _____________________________________________________________________________

    3       30779.      17349.      21261.       4557.       5303.
    4      106956.     153370.      84583.      92748.      19939.
    5       48259.     120176.     151481.      82971.      88121.
    6       48933.      44139.      97472.     117996.      60485.
    7       28709.      35430.      35753.      73176.      82935.
    8       34953.      20329.      24369.      27391.      47111.
    9       38499.      22267.      14837.      17149.      18520.
   10        9127.      20667.      14353.       8316.      10455.
   11        1816.       4953.      13991.       8029.       4311.
   12        1724.       1150.       3032.       7903.       3637.
   13        9111.       8877.       9094.       9858.      11619.
 ====================================================================
 Total     358866.     448707.     470225.     450094.     352436.

   AGE       1997        1998
 _____________________________________________________________________________

    3       27023.       8714.
    4       25679.     141174.
    5       20966.      27586.
    6       80245.      15232.
    7       44990.      68178.
    8       59393.      34109.
    9       34993.      46870.
   10       13582.      25315.
   11        6952.      10094.
   12        2129.       5815.
   13        9944.       6022.
 ====================================================================
 Total     325895.     389109.

 Catch Biomass


   AGE       1987        1988        1989        1990        1991
 _____________________________________________________________________________

    3         528.        747.       2942.       1890.      11972.
    4        8918.       9134.       5490.      11228.       9227.
    5       14468.      23748.      19145.       8720.      20020.
    6        5733.      18789.      49239.      21694.       9290.
    7        6004.       6841.      12503.      44809.      15961.
    8       15028.       6422.       2686.       9226.      33480.
    9        5164.      10755.       1993.       2653.       3256.
   10        4971.       4372.       2567.       1469.       1413.
   11        3848.       3608.       1764.       1223.        963.
   12        5286.       2737.       1342.        661.        739.
   13        5502.       5661.       1043.        654.        507.
 ====================================================================
 Total      75451.      92814.     100713.     104227.     106827.

   AGE       1992        1993        1994        1995        1996
 _____________________________________________________________________________

    3       14039.       7417.      18039.       2729.       2220.
    4       23299.      37512.      22771.      25113.       6772.
    5        9020.      22799.      35290.      20847.      18272.
    6       15999.       6071.      23720.      30232.      17783.
    7        8711.       9253.       7549.      22880.      24467.
    8       12640.       4660.       6761.       6942.      12217.
    9       18006.       7101.       5966.       5451.       4792.
   10        4115.       5740.       5933.       3228.       2972.
   11         660.       1642.       5711.       3818.       2060.
   12         712.        334.       1145.       2877.       1188.
   13         208.        100.        768.       1363.       3116.
 ====================================================================
 Total     107408.     102629.     133653.     125481.      95858.

   AGE       1997        1998
 _____________________________________________________________________________

    3        5140.       6082.
    4        5757.      32473.
    5        6130.       5400.
    6        9883.       2274.
    7       10112.      11779.
    8       10051.       8406.
    9        7596.      10896.
   10        3029.       5097.
   11        1225.        796.
   12         419.       1118.
   13        5465.       1756.
 ====================================================================
 Total      64806.      86076.

 Catch Numbers


   AGE       1987        1988        1989        1990        1991
 _____________________________________________________________________________

    3       3144.0      4757.0     22628.0     14884.0     88683.0
    4      44590.0     41331.0     26649.0     56995.0     49081.0
    5      60285.0     99366.0     77824.0     35593.0     86292.0
    6      20622.0     69331.0    188654.0     79757.0     34793.0
    7      19751.0     22955.0     43114.0    157225.0     55228.0
    8      46240.0     20131.0      8116.0     30248.0    110132.0
    9      15232.0     32201.0      5897.0      8187.0     10079.0
   10      13963.0     12349.0      7292.0      4372.0      4155.0
   11      10179.0     10250.0      4780.0      3379.0      2735.0
   12      13216.0      7378.0      3449.0      1786.0      2003.0
   13      13227.0     14048.0      2602.0      1726.0      1274.0
 ====================================================================
 Total    260449.0    334097.0    391005.0    394152.0    444455.0

   AGE       1992        1993        1994        1995        1996
 _____________________________________________________________________________

    3      94860.0     51153.0    134616.0     20991.0     15969.0
    4     122626.0    177780.0    113290.0    137232.0     40311.0
    5      38381.0     92680.0    142876.0     86864.0     86187.0
    6      58605.0     20791.0     87207.0    109140.0     68927.0
    7      27921.0     28560.0     24913.0     76780.0     84660.0
    8      38420.0     13313.0     20303.0     21361.0     39664.0
    9      53114.0     19617.0     16301.0     15225.0     14746.0
   10      11592.0     15266.0     15695.0      8541.0      8419.0
   11       1727.0      4254.0     14680.0      9617.0      5836.0
   12       1757.0       797.0      2936.0      7034.0      3152.0
   13        530.0       256.0      1874.0      3147.0      7750.0
 ====================================================================
 Total    449533.0    424467.0    574691.0    495932.0    375621.0

   AGE       1997        1998
 _____________________________________________________________________________

    3      39240.0     45390.0
    4      30141.0    175529.0
    5      26307.0     22691.0
    6      36738.0      8613.0
    7      33705.0     40898.0
    8      31022.0     25944.0
    9      22277.0     32046.0
   10       8531.0     14647.0
   11       3383.0      2122.0
   12       1141.0      2754.0
   13      13767.0      4231.0
 ====================================================================
 Total    246252.0    374865.0


               Surplus Production

     Average Adjustment Factor (Delta) =   1.0000

 Year        Biomass  Delta Biomass  Catch Biomass  Surplus Production

 1987     506671.856      -8682.924      75450.782      66767.858
 1988     497988.931     -34549.622      92813.816      58264.194
 1989     463439.310     -44702.833     100713.041      56010.208
 1990     418736.477      18438.663     104226.989     122665.652
 1991     437175.140      89360.140     106827.024     196187.164
 1992     526535.279      46583.051     107408.317     153991.368
 1993     573118.330      26312.171     102628.948     128941.119
 1994     599430.501     -89889.992     133652.824      43762.832
 1995     509540.508    -113035.678     125480.745      12445.067
 1996     396504.831      64495.983      95858.270     160354.253
 1997     461000.814      10893.617      64805.906      75699.523
 1998     471894.431       5392.312      86076.430      91468.742
 1999     477286.743


 Summary of Survey Indices Used in the Estimate

 INDEX    Survey Tag    Age   Time  Type  Catchability Std. Error   CV
 _____________________________________________________________________________

   1 Acoustic              4   JAN-1 NUMBER  0.9614E+00  0.1147E+00  0.1193E+00
   2 Acoustic              5   JAN-1 NUMBER  0.1130E+01  0.1280E+00  0.1133E+00
   3 Acoustic              6   JAN-1 NUMBER  0.1072E+01  0.1093E+00  0.1020E+00
   4 Acoustic              7   JAN-1 NUMBER  0.1115E+01  0.1001E+00  0.8982E-01
   5 Acoustic              8   JAN-1 NUMBER  0.1220E+01  0.1543E+00  0.1265E+00
   6 Acoustic              9   JAN-1 NUMBER  0.1552E+01  0.1404E+00  0.9046E-01
   7 Acoustic             10   JAN-1 NUMBER  0.1567E+01  0.1956E+00  0.1248E+00
   8 Acoustic             11   JAN-1 NUMBER  0.1416E+01  0.1386E+00  0.9790E-01


 Survey Index:    1 Tag: Acoustic           AGE =  4
 Time = JAN-1           Type = NUMBER
 Catchability =    0.961437E+00   % Variance Contribution =    16.6549
 Unweighted Residual = LN(Observed) - LN(Predicted)

 Year      Observed        Predicted         Residual      Unweighted Resid
 _____________________________________________________________________________

 1987     N/A              0.955959E+06     N/A              N/A
 1988     0.401246E+06     0.461861E+06    -0.140689E+00    -0.140689E+00
 1989     0.201284E+06     0.234940E+06    -0.154614E+00    -0.154614E+00
 1990     0.655361E+06     0.374843E+06     0.558680E+00     0.558680E+00
 1991     0.132235E+06     0.278899E+06    -0.746270E+00    -0.746270E+00
 1992     0.104999E+07     0.669371E+06     0.450198E+00     0.450198E+00
 1993     0.830608E+06     0.864321E+06    -0.397867E-01    -0.397867E-01
 1994     0.505279E+06     0.500384E+06     0.973576E-02     0.973576E-02
 1995     N/A              0.602660E+06     N/A              N/A
 1996     0.133810E+06     0.141127E+06    -0.532406E-01    -0.532406E-01
 1997     0.270706E+06     0.159869E+06     0.526679E+00     0.526679E+00
 1998     0.601783E+06     0.907405E+06    -0.410692E+00    -0.410692E+00
 1999     0.255937E+06     0.255937E+06    -0.433296E-08    -0.433296E-08

 Survey Index:    2 Tag: Acoustic           AGE =  5
 Time = JAN-1           Type = NUMBER
 Catchability =    0.113033E+01   % Variance Contribution =    15.0138
 Unweighted Residual = LN(Observed) - LN(Predicted)

 Year      Observed        Predicted         Residual      Unweighted Resid
 _____________________________________________________________________________

 1987     N/A              0.340965E+06     N/A              N/A
 1988     0.858012E+06     0.969035E+06    -0.121683E+00    -0.121683E+00
 1989     0.232808E+06     0.446937E+06    -0.652204E+00    -0.652204E+00
 1990     0.179364E+06     0.221315E+06    -0.210168E+00    -0.210168E+00
 1991     0.258591E+06     0.337583E+06    -0.266563E+00    -0.266563E+00
 1992     0.354521E+06     0.244026E+06     0.373494E+00     0.373494E+00
 1993     0.729556E+06     0.580500E+06     0.228546E+00     0.228546E+00
 1994     0.882868E+06     0.728755E+06     0.191838E+00     0.191838E+00
 1995     N/A              0.410806E+06     N/A              N/A
 1996     0.761581E+06     0.493931E+06     0.433000E+00     0.433000E+00
 1997     0.133667E+06     0.106927E+06     0.223205E+00     0.223205E+00
 1998     0.810550E+05     0.137729E+06    -0.530163E+00    -0.530163E+00
 1999     0.108150E+07     0.776977E+06     0.330697E+00     0.330697E+00

 Survey Index:    3 Tag: Acoustic           AGE =  6
 Time = JAN-1           Type = NUMBER
 Catchability =    0.107177E+01   % Variance Contribution =    12.1686
 Unweighted Residual = LN(Observed) - LN(Predicted)

 Year      Observed        Predicted         Residual      Unweighted Resid
 _____________________________________________________________________________

 1987     N/A              0.909097E+05     N/A              N/A
 1988     0.308065E+06     0.231220E+06     0.286943E+00     0.286943E+00
 1989     0.381417E+06     0.730242E+06    -0.649483E+00    -0.649483E+00
 1990     0.278836E+06     0.304298E+06    -0.873851E-01    -0.873851E-01
 1991     0.943730E+05     0.153671E+06    -0.487561E+00    -0.487561E+00
 1992     0.319866E+06     0.201958E+06     0.459843E+00     0.459843E+00
 1993     0.158778E+06     0.170318E+06    -0.701630E-01    -0.701630E-01
 1994     0.496297E+06     0.403763E+06     0.206346E+00     0.206346E+00
 1995     N/A              0.479962E+06     N/A              N/A
 1996     0.277893E+06     0.264146E+06     0.507333E-01     0.507333E-01
 1997     0.468678E+06     0.336112E+06     0.332472E+00     0.332472E+00
 1998     0.573660E+05     0.650070E+05    -0.125043E+00    -0.125043E+00
 1999     0.103344E+06     0.950844E+05     0.832984E-01     0.832984E-01

 Survey Index:    4 Tag: Acoustic           AGE =  7
 Time = JAN-1           Type = NUMBER
 Catchability =    0.111483E+01   % Variance Contribution =     9.4393
 Unweighted Residual = LN(Observed) - LN(Predicted)

 Year      Observed        Predicted         Residual      Unweighted Resid
 _____________________________________________________________________________

 1987     N/A              0.772825E+05     N/A              N/A
 1988     0.571030E+05     0.637571E+05    -0.110224E+00    -0.110224E+00
 1989     0.188456E+06     0.144379E+06     0.266420E+00     0.266420E+00
 1990     0.592982E+06     0.487889E+06     0.195076E+00     0.195076E+00
 1991     0.191054E+06     0.202103E+06    -0.562236E-01    -0.562236E-01
 1992     0.898250E+05     0.107843E+06    -0.182810E+00    -0.182810E+00
 1993     0.130781E+06     0.128161E+06     0.202343E-01     0.202343E-01
 1994     0.669630E+05     0.138290E+06    -0.725216E+00    -0.725216E+00
 1995     N/A              0.287791E+06     N/A              N/A
 1996     0.385027E+06     0.336328E+06     0.135226E+00     0.135226E+00
 1997     0.269888E+06     0.175758E+06     0.428898E+00     0.428898E+00
 1998     0.287046E+06     0.277445E+06     0.340192E-01     0.340192E-01
 1999     0.517860E+05     0.520663E+05    -0.539890E-02    -0.539890E-02

 Survey Index:    5 Tag: Acoustic           AGE =  8
 Time = JAN-1           Type = NUMBER
 Catchability =    0.121954E+01   % Variance Contribution =    18.7287
 Unweighted Residual = LN(Observed) - LN(Predicted)

 Year      Observed        Predicted         Residual      Unweighted Resid
 _____________________________________________________________________________

 1987     N/A              0.131209E+06     N/A              N/A
 1988     0.325320E+05     0.536601E+05    -0.500446E+00    -0.500446E+00
 1989     0.464480E+05     0.366096E+05     0.238024E+00     0.238024E+00
 1990     0.179665E+06     0.930928E+05     0.657498E+00     0.657498E+00
 1991     0.514403E+06     0.301319E+06     0.534839E+00     0.534839E+00
 1992     0.138333E+06     0.136209E+06     0.154770E-01     0.154770E-01
 1993     0.541560E+05     0.744647E+05    -0.318456E+00    -0.318456E+00
 1994     0.582950E+05     0.938218E+05    -0.475881E+00    -0.475881E+00
 1995     N/A              0.108051E+06     N/A              N/A
 1996     0.176906E+06     0.196104E+06    -0.103025E+00    -0.103025E+00
 1997     0.325664E+06     0.235018E+06     0.326206E+00     0.326206E+00
 1998     0.155998E+06     0.134968E+06     0.144809E+00     0.144809E+00
 1999     0.135246E+06     0.227270E+06    -0.519045E+00    -0.519045E+00

 Survey Index:    6 Tag: Acoustic           AGE =  9
 Time = JAN-1           Type = NUMBER
 Catchability =    0.155225E+01   % Variance Contribution =     9.0431
 Unweighted Residual = LN(Observed) - LN(Predicted)

 Year      Observed        Predicted         Residual      Unweighted Resid
 _____________________________________________________________________________

 1987     N/A              0.662720E+05     N/A              N/A
 1988     0.704260E+05     0.832014E+05    -0.166701E+00    -0.166701E+00
 1989     0.257980E+05     0.322474E+05    -0.223140E-02    -0.223140E+00
 1990     0.221820E+05     0.302176E+05    -0.309142E+00    -0.309142E+00
 1991     0.793530E+05     0.627681E+05     0.234460E+00     0.234460E+00
 1992     0.256921E+06     0.185321E+06     0.326682E+00     0.326682E+00
 1993     0.963300E+05     0.100375E+06    -0.411349E-01    -0.411349E-01
 1994     0.106172E+06     0.661540E+05     0.473075E+00     0.473075E+00
 1995     N/A              0.781689E+05     N/A              N/A
 1996     0.981500E+05     0.929904E+05     0.540011E-01     0.540011E-01
 1997     0.217421E+06     0.167456E+06     0.261116E+00     0.261116E+00
 1998     0.203382E+06     0.224953E+06    -0.100805E+00    -0.100805E+00
 1999     0.705140E+05     0.117240E+06    -0.508409E+00    -0.508409E+00

 Survey Index:    7 Tag: Acoustic           AGE = 10
 Time = JAN-1           Type = NUMBER
 Catchability =    0.156695E+01   % Variance Contribution =     9.5727
 Unweighted Residual = LN(Observed) - LN(Predicted)

 Year      Observed        Predicted         Residual      Unweighted Resid
 _____________________________________________________________________________

 1987     N/A              0.597021E+05     N/A              N/A
 1988     0.367130E+05     0.379266E+05    -0.325207E-01    -0.325207E-01
 1989     0.328190E+05     0.284046E+05     0.144457E-02     0.144457E+00
 1990     0.217680E+05     0.206946E+05     0.505690E-03     0.505690E-01
 1991     0.376180E+05     0.154613E+05     0.889145E-02     0.889145E+00
 1992     0.212900E+05     0.423535E+05    -0.687813E+00    -0.687813E+00
 1993     0.966490E+05     0.905455E+05     0.652331E-01     0.652331E-01
 1994     0.488740E+05     0.625481E+05    -0.246690E+00    -0.246690E+00
 1995     N/A              0.362409E+05     N/A              N/A
 1996     0.485030E+05     0.487874E+05    -0.584674E-02    -0.584674E-02
 1997     0.929790E+05     0.630219E+05     0.388892E+00     0.388892E+00
 1998     0.105730E+06     0.119831E+06    -0.125196E+00    -0.125196E+00
 1999     0.101626E+06     0.157832E+06    -0.440229E+00    -0.440229E+00

 Survey Index:    8 Tag: Acoustic           AGE = 11
 Time = JAN-1           Type = NUMBER
 Catchability =    0.141568E+01   % Variance Contribution =     9.3789
 Unweighted Residual = LN(Observed) - LN(Predicted)

 Year      Observed        Predicted         Residual      Unweighted Resid
 _____________________________________________________________________________

 1987     N/A              0.374443E+05     N/A              N/A
 1988     0.235860E+05     0.300858E+05    -0.243398E+00    -0.243398E+00
 1989     0.174390E+05     0.144857E+05     0.185548E-02     0.185548E+00
 1990     0.130800E+05     0.134491E+05    -0.278279E-03    -0.278279E-01
 1991     0.939400E+04     0.110533E+05    -0.162656E-02    -0.162656E+00
 1992     0.986600E+04     0.707325E+04     0.332774E-02     0.332774E+00
 1993     0.245420E+05     0.190964E+05     0.250888E+00     0.250888E+00
 1994     0.362010E+05     0.535260E+05    -0.391080E+00    -0.391080E+00
 1995     N/A              0.300982E+05     N/A              N/A
 1996     0.162260E+05     0.181762E+05    -0.113496E+00    -0.113496E+00
 1997     0.554940E+05     0.285818E+05     0.663503E+00     0.663503E+00
 1998     0.354690E+05     0.400603E+05    -0.121726E+00    -0.121726E+00
 1999     0.539350E+05     0.782814E+05    -0.372530E+00    -0.372530E+00


Survey Weight Factors - Survey Index =     6

      1987        1.0000
      1988        1.0000
      1989        0.0100
      1990        1.0000
      1991        1.0000
      1992        1.0000
      1993        1.0000
      1994        1.0000
      1995        1.0000
      1996        1.0000
      1997        1.0000
      1998        1.0000
      1999        1.0000


Survey Weight Factors - Survey Index =     7

      1987        1.0000
      1988        1.0000
      1989        0.0100
      1990        0.0100
      1991        0.0100
      1992        1.0000
      1993        1.0000
      1994        1.0000
      1995        1.0000
      1996        1.0000
      1997        1.0000
      1998        1.0000
      1999        1.0000


Survey Weight Factors - Survey Index =     8

      1987        1.0000
      1988        1.0000
      1989        0.0100
      1990        0.0100
      1991        0.0100
      1992        0.0100
      1993        1.0000
      1994        1.0000
      1995        1.0000
      1996        1.0000
      1997        1.0000
      1998        1.0000
      1999        1.0000



 Plus Group Diagnostic Report 

 Calculation Method Selected = Forward

          Population  Population    F            F
 Year     Backward     Forward    Forward     Backward    Ratio

 1987      34342.      34342.    0.515851    0.515851    1.000000
 1988      27219.      37086.    0.504818    0.774141    1.533505
 1989       7197.      26220.    0.110023    0.475506    4.321871
 1990       4579.      26618.    0.070529    0.501561    7.111450
 1991       3432.      25042.    0.054918    0.491864    8.956355
 1992       1350.      24433.    0.023054    0.529103   22.950703
 1993        927.      23989.    0.011276    0.341765   30.308429
 1994       5217.      23318.    0.088167    0.471554    5.348421
 1995       9088.      23934.    0.148503    0.450236    3.031837
 1996      24935.      30384.    0.311072    0.393838    1.266068
 1997      73574.      26332.    0.789307    0.218494    0.276818
 1998      23132.      15255.    0.343351    0.213027    0.620436
 1999      27925.      20802.       N/A         N/A
