 VPA Version 3.3.0

 Model ID: k=0.3, 2009-2011 Ichtio.                                                        


 Input File: RUN1NWWG_R_13.DAT                                                               
 Date of Run: 15-NOV-2017                         Time of Run: 21:42


 Levenburg-Marquardt Algorithm Completed     6 Iterations
 Residual Sum of Squares =     25.1364    

 Number of Residuals     =    128
 Number of Parameters    =      9
 Degrees of Freedom      =    119
 Mean Squared Residual   =     0.211230    
 Standard Deviation      =     0.459598    


 Number of Years =    17
 Number of Ages  =    11
 First Year      =  1987
 Youngest Age    =     3
 Oldest True Age =    12

 Number of Survey Indices Available        =    10
 Number of Survey Indices Used in Estimate =     8


 VPA Classic Method - Auto Estimated Q's


 Stock Numbers Predicted in Terminal Year Plus One (2004)
 Age    Stock Predicted     Std. Error      CV

   4        1389195.708   0.661295E+06   0.476027E+00
   5        1528132.370   0.555939E+06   0.363803E+00
   6         253691.300   0.828554E+05   0.326599E+00
   7         126013.386   0.394081E+05   0.312730E+00
   8         150621.630   0.447921E+05   0.297382E+00
   9          48128.638   0.148836E+05   0.309246E+00
  10          85445.921   0.253574E+05   0.296766E+00
  11          22855.396   0.766074E+04   0.335183E+00
  12          10297.400   0.433566E+04   0.421044E+00

 Catchability Values for Each Survey Used in Estimate
 INDEX     Catchability    Std. Error      CV

   1       0.103295E+01   0.108643E+00   0.105177E+00
   2       0.127125E+01   0.147616E+00   0.116119E+00
   3       0.114042E+01   0.101828E+00   0.892900E-01
   4       0.120390E+01   0.908336E-01   0.754492E-01
   5       0.123030E+01   0.140451E+00   0.114160E+00
   6       0.149088E+01   0.183628E+00   0.123168E+00
   7       0.158299E+01   0.227673E+00   0.143824E+00
   8       0.131205E+01   0.231003E+00   0.176063E+00


 -- Non-Linear Least Squares Fit --

 Maximum Marquadt Iterations    =       100
 Scaled Gradient Tolerance      =    6.055454E-05
 Scaled Step Tolerance          =    1.000000E-18
 Relative Function Tolerance    =    1.000000E-18
 Absolute Function Tolerance    =    4.930381E-32

 Reported Machine Precision     =    2.220446E-16


 VPA Method Options

 - Catchability Values Estimated as an Analytic Function of N
 - Catch Equation Used in Cohort Solution
 - Plus Group Forward Calculation Method Used
 - Arithmetic Average Used in F-Oldest Calculation
 - F-Oldest Calculation in Years Prior to Terminal Year 
   Uses Fishing Mortality in Ages  8 to 11
 - Calculation of Population of Age 3 In Year 2004
   =  Geometric Mean of First Age Populations
      Year Range Applied =  1987 to  2000
 - Survey Weight Factors Were Used

 Stock Estimates 

 Age   4
 Age   5
 Age   6
 Age   7
 Age   8
 Age   9
 Age  10
 Age  11
 Age  12

 Full F in Terminal Year               =   0.1803

 F in Oldest True Age in Terminal Year =   0.1811

 Full F Calculated Using Classic Method

 F in Oldest True Age in Terminal Year has been
 Calculated in Same Manner as in All Other Years

 Age  Input Partial  Calc Partial   Fishing     Used In
      Recruitment    Recruitment    Mortality   Full F    Comments

   3      0.500          0.493       0.1351      NO      Stock Estimate in T+1   
   4      0.800          0.597       0.1636      NO      Stock Estimate in T+1   
   5      1.000          0.718       0.1968      YES     Stock Estimate in T+1   
   6      1.000          0.698       0.1913      YES     Stock Estimate in T+1   
   7      1.000          0.546       0.1496      YES     Stock Estimate in T+1   
   8      1.000          0.900       0.2469      YES     Stock Estimate in T+1   
   9      1.000          0.419       0.1148      YES     Stock Estimate in T+1   
  10      1.000          0.323       0.0887      YES     Stock Estimate in T+1   
  11      1.000          1.000       0.2742      YES     Stock Estimate in T+1   
  12      1.000          0.661       0.1811              F-Oldest                

 Catch At Age - Input Data


   AGE       1987        1988        1989        1990        1991
 ____________________________________________________________________

    3       3144.0      4757.0     22628.0     14884.0     88683.0
    4      44590.0     41331.0     26649.0     56995.0     49081.0
    5      60285.0     99366.0     77824.0     35593.0     86292.0
    6      20622.0     69331.0    188654.0     79757.0     34793.0
    7      19751.0     22955.0     43114.0    157225.0     55228.0
    8      46240.0     20131.0      8116.0     30248.0    110132.0
    9      15232.0     32201.0      5897.0      8187.0     10079.0
   10      13963.0     12349.0      7292.0      4372.0      4155.0
   11      10179.0     10250.0      4780.0      3379.0      2735.0
   12      13216.0      7378.0      3449.0      1786.0      2003.0
   13      13227.0     14048.0      2602.0      1726.0      1274.0

   AGE       1992        1993        1994        1995        1996
 ____________________________________________________________________

    3      94860.0     51153.0    134616.0     20991.0     15969.0
    4     122626.0    177780.0    113290.0    137232.0     40311.0
    5      38381.0     92680.0    142876.0     86864.0     86187.0
    6      58605.0     20791.0     87207.0    109140.0     68927.0
    7      27921.0     28560.0     24913.0     76780.0     84660.0
    8      38420.0     13313.0     20303.0     21361.0     39664.0
    9      53114.0     19617.0     16301.0     15225.0     14746.0
   10      11592.0     15266.0     15695.0      8541.0      8419.0
   11       1727.0      4254.0     14680.0      9617.0      5836.0
   12       1757.0       797.0      2936.0      7034.0      3152.0
   13        530.0       256.0      1874.0      3147.0      7750.0

   AGE       1997        1998        1999        2000        2001
 ____________________________________________________________________

    3      39240.0     45390.0     56315.0     57282.0     42304.0
    4      30141.0    175529.0     54779.0    136278.0     86422.0
    5      26307.0     22691.0    140913.0     49289.0     93597.0
    6      36738.0      8613.0     16093.0     76614.0     30336.0
    7      33705.0     40898.0     13506.0     11546.0     54491.0
    8      31022.0     25944.0     31467.0      8294.0     10375.0
    9      22277.0     32046.0     19845.0     16367.0      8762.0
   10       8531.0     14647.0     22031.0      9874.0     12244.0
   11       3383.0      2122.0     12609.0     11332.0      9907.0
   12       1141.0      2754.0      2673.0      6744.0      8259.0
   13      13767.0      4231.0      6676.0      5618.0      8838.0

 Catch At Age - Input Data


   AGE       2002        2003
 ____________________________________________________________________

    3      80863.0    211495.0
    4      70801.0    286017.0
    5      45607.0     58120.0
    6      54202.0     27979.0
    7      21211.0     25592.0
    8      42199.0     14203.0
    9       9888.0     10944.0
   10       4707.0      2230.0
   11       6520.0      3424.0
   12       9108.0      4225.0
   13      19046.0      5507.0

 Weight At Age - Input Data


   AGE       1987        1988        1989        1990        1991
 ____________________________________________________________________

    3       0.1680      0.1570      0.1300      0.1270      0.1350
    4       0.2000      0.2210      0.2060      0.1970      0.1880
    5       0.2400      0.2390      0.2460      0.2450      0.2320
    6       0.2780      0.2710      0.2610      0.2720      0.2670
    7       0.3040      0.2980      0.2900      0.2850      0.2890
    8       0.3250      0.3190      0.3310      0.3050      0.3040
    9       0.3390      0.3340      0.3380      0.3240      0.3230
   10       0.3560      0.3540      0.3520      0.3360      0.3400
   11       0.3780      0.3520      0.3690      0.3620      0.3520
   12       0.4000      0.3710      0.3890      0.3700      0.3690
   13       0.4160      0.4030      0.4010      0.3790      0.3980

   AGE       1992        1993        1994        1995        1996
 ____________________________________________________________________

    3       0.1480      0.1450      0.1340      0.1300      0.1390
    4       0.1900      0.2110      0.2010      0.1830      0.1680
    5       0.2350      0.2460      0.2470      0.2400      0.2120
    6       0.2730      0.2920      0.2720      0.2770      0.2580
    7       0.3120      0.3240      0.3030      0.2980      0.2890
    8       0.3290      0.3500      0.3330      0.3250      0.3080
    9       0.3390      0.3620      0.3660      0.3580      0.3250
   10       0.3550      0.3760      0.3780      0.3780      0.3530
   11       0.3820      0.3860      0.3890      0.3970      0.3530
   12       0.4050      0.4190      0.3900      0.4090      0.3770
   13       0.3920      0.3890      0.4100      0.4330      0.4020

   AGE       1997        1998        1999        2000        2001
 ____________________________________________________________________

    3       0.1310      0.1340      0.1370      0.1590      0.1390
    4       0.1910      0.1850      0.2040      0.2170      0.2140
    5       0.2330      0.2380      0.2330      0.2680      0.2440
    6       0.2690      0.2640      0.2680      0.2890      0.2860
    7       0.3000      0.2880      0.2940      0.3250      0.2960
    8       0.3240      0.3240      0.3110      0.3420      0.3240
    9       0.3410      0.3400      0.3390      0.3630      0.3470
   10       0.3550      0.3480      0.3530      0.3780      0.3540
   11       0.3620      0.3750      0.3620      0.3930      0.3850
   12       0.3670      0.4060      0.3780      0.4070      0.4030
   13       0.3970      0.4150      0.4040      0.4290      0.4230

 Weight At Age - Input Data


   AGE       2002        2003
 ____________________________________________________________________

    3       0.1610      0.1560
    4       0.2110      0.1890
    5       0.2580      0.2290
    6       0.2800      0.2600
    7       0.3190      0.2830
    8       0.3320      0.3090
    9       0.3540      0.3360
   10       0.4050      0.3360
   11       0.3960      0.3690
   12       0.4160      0.3940
   13       0.4470      0.3990

 JAN-1 Weights at Age - Input Data


   AGE       1987        1988        1989        1990        1991
 ____________________________________________________________________

    3       0.1680      0.1570      0.1300      0.1270      0.1350
    4       0.2000      0.2210      0.2060      0.1970      0.1880
    5       0.2400      0.2390      0.2460      0.2450      0.2320
    6       0.2780      0.2710      0.2610      0.2720      0.2670
    7       0.3040      0.2980      0.2900      0.2850      0.2890
    8       0.3250      0.3190      0.3310      0.3050      0.3040
    9       0.3390      0.3340      0.3380      0.3240      0.3230
   10       0.3560      0.3540      0.3520      0.3360      0.3400
   11       0.3780      0.3520      0.3690      0.3620      0.3520
   12       0.4000      0.3710      0.3890      0.3700      0.3690
   13       0.4160      0.4030      0.4010      0.3790      0.3980

   AGE       1992        1993        1994        1995        1996
 ____________________________________________________________________

    3       0.1480      0.1450      0.1340      0.1300      0.1390
    4       0.1900      0.2110      0.2010      0.1830      0.1680
    5       0.2350      0.2460      0.2470      0.2400      0.2120
    6       0.2730      0.2920      0.2720      0.2770      0.2580
    7       0.3120      0.3240      0.3030      0.2980      0.2890
    8       0.3290      0.3500      0.3330      0.3250      0.3080
    9       0.3390      0.3620      0.3660      0.3580      0.3250
   10       0.3550      0.3760      0.3780      0.3780      0.3530
   11       0.3820      0.3860      0.3890      0.3970      0.3530
   12       0.4050      0.4190      0.3900      0.4090      0.3770
   13       0.3920      0.3890      0.4100      0.4330      0.4020

   AGE       1997        1998        1999        2000        2001
 ____________________________________________________________________

    3       0.1310      0.1340      0.1370      0.1590      0.1390
    4       0.1910      0.1850      0.2040      0.2170      0.2140
    5       0.2330      0.2380      0.2330      0.2680      0.2440
    6       0.2690      0.2640      0.2680      0.2890      0.2860
    7       0.3000      0.2880      0.2940      0.3250      0.2960
    8       0.3240      0.3240      0.3110      0.3420      0.3240
    9       0.3410      0.3400      0.3390      0.3630      0.3470
   10       0.3550      0.3480      0.3530      0.3780      0.3540
   11       0.3620      0.3750      0.3620      0.3930      0.3850
   12       0.3670      0.4060      0.3780      0.4070      0.4030
   13       0.3970      0.4150      0.4040      0.4290      0.4230

 JAN-1 Weights at Age - Input Data


   AGE       2002        2003        2004
 ____________________________________________________________________

    3       0.1610      0.1560      0.1490
    4       0.2110      0.1890      0.2130
    5       0.2580      0.2290      0.2480
    6       0.2800      0.2600      0.2800
    7       0.3190      0.2830      0.3150
    8       0.3320      0.3090      0.3310
    9       0.3540      0.3360      0.3490
   10       0.4050      0.3360      0.3550
   11       0.3960      0.3690      0.3790
   12       0.4160      0.3940      0.3880
   13       0.4470      0.3990      0.4170

 SSB Weight At Age - Input Data


   AGE       1987        1988        1989        1990        1991
 ____________________________________________________________________

    3       0.1680      0.1570      0.1300      0.1270      0.1350
    4       0.2000      0.2210      0.2060      0.1970      0.1880
    5       0.2400      0.2390      0.2460      0.2450      0.2320
    6       0.2780      0.2710      0.2610      0.2720      0.2670
    7       0.3040      0.2980      0.2900      0.2850      0.2890
    8       0.3250      0.3190      0.3310      0.3050      0.3040
    9       0.3390      0.3340      0.3380      0.3240      0.3230
   10       0.3560      0.3540      0.3520      0.3360      0.3400
   11       0.3780      0.3520      0.3690      0.3620      0.3520
   12       0.4000      0.3710      0.3890      0.3700      0.3690
   13       0.4160      0.4030      0.4010      0.3790      0.3980

   AGE       1992        1993        1994        1995        1996
 ____________________________________________________________________

    3       0.1480      0.1450      0.1340      0.1300      0.1390
    4       0.1900      0.2110      0.2010      0.1830      0.1680
    5       0.2350      0.2460      0.2470      0.2400      0.2120
    6       0.2730      0.2920      0.2720      0.2770      0.2580
    7       0.3120      0.3240      0.3030      0.2980      0.2890
    8       0.3290      0.3500      0.3330      0.3250      0.3080
    9       0.3390      0.3620      0.3660      0.3580      0.3250
   10       0.3550      0.3760      0.3780      0.3780      0.3530
   11       0.3820      0.3860      0.3890      0.3970      0.3530
   12       0.4050      0.4190      0.3900      0.4090      0.3770
   13       0.3920      0.3890      0.4100      0.4330      0.4020

   AGE       1997        1998        1999        2000        2001
 ____________________________________________________________________

    3       0.1310      0.1340      0.1370      0.1590      0.1390
    4       0.1910      0.1850      0.2040      0.2170      0.2140
    5       0.2330      0.2380      0.2330      0.2680      0.2440
    6       0.2690      0.2640      0.2680      0.2890      0.2860
    7       0.3000      0.2880      0.2940      0.3250      0.2960
    8       0.3240      0.3240      0.3110      0.3420      0.3240
    9       0.3410      0.3400      0.3390      0.3630      0.3470
   10       0.3550      0.3480      0.3530      0.3780      0.3540
   11       0.3620      0.3750      0.3620      0.3930      0.3850
   12       0.3670      0.4060      0.3780      0.4070      0.4030
   13       0.3970      0.4150      0.4040      0.4290      0.4230

 SSB Weight At Age - Input Data


   AGE       2002        2003
 ____________________________________________________________________

    3       0.1610      0.1560
    4       0.2110      0.1890
    5       0.2580      0.2290
    6       0.2800      0.2600
    7       0.3190      0.2830
    8       0.3320      0.3090
    9       0.3540      0.3360
   10       0.4050      0.3360
   11       0.3960      0.3690
   12       0.4160      0.3940
   13       0.4470      0.3990

 Natural Mortality - Input Data


   AGE       1987        1988        1989        1990        1991
 ____________________________________________________________________

    3       0.1000      0.1000      0.1000      0.1000      0.1000
    4       0.1000      0.1000      0.1000      0.1000      0.1000
    5       0.1000      0.1000      0.1000      0.1000      0.1000
    6       0.1000      0.1000      0.1000      0.1000      0.1000
    7       0.1000      0.1000      0.1000      0.1000      0.1000
    8       0.1000      0.1000      0.1000      0.1000      0.1000
    9       0.1000      0.1000      0.1000      0.1000      0.1000
   10       0.1000      0.1000      0.1000      0.1000      0.1000
   11       0.1000      0.1000      0.1000      0.1000      0.1000
   12       0.1000      0.1000      0.1000      0.1000      0.1000
   13       0.1000      0.1000      0.1000      0.1000      0.1000

   AGE       1992        1993        1994        1995        1996
 ____________________________________________________________________

    3       0.1000      0.1000      0.1000      0.1000      0.1000
    4       0.1000      0.1000      0.1000      0.1000      0.1000
    5       0.1000      0.1000      0.1000      0.1000      0.1000
    6       0.1000      0.1000      0.1000      0.1000      0.1000
    7       0.1000      0.1000      0.1000      0.1000      0.1000
    8       0.1000      0.1000      0.1000      0.1000      0.1000
    9       0.1000      0.1000      0.1000      0.1000      0.1000
   10       0.1000      0.1000      0.1000      0.1000      0.1000
   11       0.1000      0.1000      0.1000      0.1000      0.1000
   12       0.1000      0.1000      0.1000      0.1000      0.1000
   13       0.1000      0.1000      0.1000      0.1000      0.1000

   AGE       1997        1998        1999        2000        2001
 ____________________________________________________________________

    3       0.1000      0.1000      0.1000      0.1000      0.1000
    4       0.1000      0.1000      0.1000      0.1000      0.1000
    5       0.1000      0.1000      0.1000      0.1000      0.1000
    6       0.1000      0.1000      0.1000      0.1000      0.1000
    7       0.1000      0.1000      0.1000      0.1000      0.1000
    8       0.1000      0.1000      0.1000      0.1000      0.1000
    9       0.1000      0.1000      0.1000      0.1000      0.1000
   10       0.1000      0.1000      0.1000      0.1000      0.1000
   11       0.1000      0.1000      0.1000      0.1000      0.1000
   12       0.1000      0.1000      0.1000      0.1000      0.1000
   13       0.1000      0.1000      0.1000      0.1000      0.1000

 Natural Mortality - Input Data


   AGE       2002        2003
 ____________________________________________________________________

    3       0.1000      0.1000
    4       0.1000      0.1000
    5       0.1000      0.1000
    6       0.1000      0.1000
    7       0.1000      0.1000
    8       0.1000      0.1000
    9       0.1000      0.1000
   10       0.1000      0.1000
   11       0.1000      0.1000
   12       0.1000      0.1000
   13       0.1000      0.1000

 Proportion of Natural Mortality Before Spawning =       0.5000
 Proportion of Fishing Mortality Before Spawning =       0.0000

 Maturity - Input Data


   AGE       1987        1988        1989        1990        1991
 ____________________________________________________________________

    3       0.2000      0.2000      0.2000      0.2000      0.2000
    4       0.8500      0.8500      0.8500      0.8500      0.8500
    5       1.0000      1.0000      1.0000      1.0000      1.0000
    6       1.0000      1.0000      1.0000      1.0000      1.0000
    7       1.0000      1.0000      1.0000      1.0000      1.0000
    8       1.0000      1.0000      1.0000      1.0000      1.0000
    9       1.0000      1.0000      1.0000      1.0000      1.0000
   10       1.0000      1.0000      1.0000      1.0000      1.0000
   11       1.0000      1.0000      1.0000      1.0000      1.0000
   12       1.0000      1.0000      1.0000      1.0000      1.0000
   13       1.0000      1.0000      1.0000      1.0000      1.0000

   AGE       1992        1993        1994        1995        1996
 ____________________________________________________________________

    3       0.2000      0.2000      0.2000      0.2000      0.2000
    4       0.8500      0.8500      0.8500      0.8500      0.8500
    5       1.0000      1.0000      1.0000      1.0000      1.0000
    6       1.0000      1.0000      1.0000      1.0000      1.0000
    7       1.0000      1.0000      1.0000      1.0000      1.0000
    8       1.0000      1.0000      1.0000      1.0000      1.0000
    9       1.0000      1.0000      1.0000      1.0000      1.0000
   10       1.0000      1.0000      1.0000      1.0000      1.0000
   11       1.0000      1.0000      1.0000      1.0000      1.0000
   12       1.0000      1.0000      1.0000      1.0000      1.0000
   13       1.0000      1.0000      1.0000      1.0000      1.0000

   AGE       1997        1998        1999        2000        2001
 ____________________________________________________________________

    3       0.2000      0.2000      0.2000      0.2000      0.2000
    4       0.8500      0.8500      0.8500      0.8500      0.8500
    5       1.0000      1.0000      1.0000      1.0000      1.0000
    6       1.0000      1.0000      1.0000      1.0000      1.0000
    7       1.0000      1.0000      1.0000      1.0000      1.0000
    8       1.0000      1.0000      1.0000      1.0000      1.0000
    9       1.0000      1.0000      1.0000      1.0000      1.0000
   10       1.0000      1.0000      1.0000      1.0000      1.0000
   11       1.0000      1.0000      1.0000      1.0000      1.0000
   12       1.0000      1.0000      1.0000      1.0000      1.0000
   13       1.0000      1.0000      1.0000      1.0000      1.0000

 Maturity - Input Data


   AGE       2002        2003
 ____________________________________________________________________

    3       0.2000      0.2000
    4       0.8500      0.8500
    5       1.0000      1.0000
    6       1.0000      1.0000
    7       1.0000      1.0000
    8       1.0000      1.0000
    9       1.0000      1.0000
   10       1.0000      1.0000
   11       1.0000      1.0000
   12       1.0000      1.0000
   13       1.0000      1.0000

 Input Partial Recruitment

   AGE

    3       0.5000
    4       0.8000
    5       1.0000
    6       1.0000
    7       1.0000
    8       1.0000
    9       1.0000
   10       1.0000
   11       1.0000
   12       1.0000


 Input F-Plus Ratio

   YEAR

   1987       1.0000
   1988       1.0000
   1989       1.0000
   1990       1.0000
   1991       1.0000
   1992       1.0000
   1993       1.0000
   1994       1.0000
   1995       1.0000
   1996       1.0000
   1997       1.0000
   1998       1.0000
   1999       1.0000
   2000       1.0000
   2001       1.0000
   2002       1.0000
   2003       1.0000

 SURVEY - INPUT DATA


INDEX                   1                  2                  3

SURVEY TAG      Acoustic            Acoustic            Acoustic          

AGE                   4                   5                   6       
TIME               JAN-1               JAN-1               JAN-1       
TYPE              NUMBERS             NUMBERS             NUMBERS      
RETRO FLAG           1                   1                   1
 ________________________________________________________________________

    1987              0.0000              0.0000              0.0000
    1988         401246.0000         858012.0000         308065.0000
    1989         201284.0000         232808.0000         381417.0000
    1990         655361.0000         179364.0000         278836.0000
    1991         132235.0000         258591.0000          94373.0000
    1992        1049990.0000         354521.0000         319866.0000
    1993         830608.0000         729556.0000         158778.0000
    1994         505279.0000         882868.0000         496297.0000
    1995              0.0000              0.0000              0.0000
    1996         133810.0000         761581.0000         277893.0000
    1997         270706.0000         133667.0000         468678.0000
    1998         601783.0000          81055.0000          57366.0000
    1999         255937.0000        1081504.0000         103344.0000
    2000         839491.0000         239064.0000         605858.0000
    2001         966960.0000        1316413.0000         191001.0000
    2002         287004.0000         217441.0000         260497.0000
    2003        1919368.0000         553149.0000         205656.0000
    2004        1434976.0000        2058222.0000         330800.0000

 SURVEY - INPUT DATA


INDEX                   4                  5                  6

SURVEY TAG      Acoustic            Acoustic            Acoustic          

AGE                   7                   8                   9       
TIME               JAN-1               JAN-1               JAN-1       
TYPE              NUMBERS             NUMBERS             NUMBERS      
RETRO FLAG           1                   1                   1
 ________________________________________________________________________

    1987              0.0000              0.0000              0.0000
    1988          57103.0000          32532.0000          70426.0000
    1989         188456.0000          46448.0000          25798.0000
    1990         592982.0000         179665.0000          22182.0000
    1991         191054.0000         514403.0000          79353.0000
    1992          89825.0000         138333.0000         256921.0000
    1993         130781.0000          54156.0000          96330.0000
    1994          66963.0000          58295.0000         106172.0000
    1995              0.0000              0.0000              0.0000
    1996         385027.0000         176906.0000          98150.0000
    1997         269888.0000         325664.0000         217421.0000
    1998         287046.0000         155998.0000         203382.0000
    1999          51786.0000         135246.0000          70514.0000
    2000          88214.0000          43353.0000         165716.0000
    2001         482418.0000          34377.0000          15727.0000
    2002         161049.0000         345852.0000          62451.0000
    2003         262362.0000         153037.0000         276199.0000
    2004         109146.0000         100785.0000          38693.0000

 SURVEY - INPUT DATA


INDEX                   7                  8                  9

SURVEY TAG      Acoustic            Acoustic            Acoustic          

AGE                  10                  11                  12       
TIME               JAN-1               JAN-1               JAN-1       
TYPE              NUMBERS             NUMBERS             NUMBERS      
RETRO FLAG           1                   1                   1
 ________________________________________________________________________

    1987              0.0000              0.0000              0.0000
    1988          36713.0000          23586.0000          18401.0000
    1989          32819.0000          17439.0000          10373.0000
    1990          21768.0000          13080.0000           9941.0000
    1991          37618.0000           9394.0000          12636.0000
    1992          21290.0000           9866.0000              0.0000
    1993          96649.0000          24542.0000           1130.0000
    1994          48874.0000          36201.0000              0.0000
    1995              0.0000              0.0000              0.0000
    1996          48503.0000          16226.0000          29390.0000
    1997          92979.0000          55494.0000          39048.0000
    1998         105730.0000          35469.0000          27373.0000
    1999         101626.0000          53935.0000          17414.0000
    2000          89916.0000         121345.0000          77600.0000
    2001          37940.0000          14320.0000          15413.0000
    2002          57105.0000          38405.0000          46044.0000
    2003          99206.0000          47621.0000          55126.0000
    2004          45582.0000           7039.0000              0.0000

INDEX                  10

SURVEY TAG      Acoustic          

AGE                  13       
TIME               JAN-1       
TYPE              NUMBERS      
RETRO FLAG           1
 ________________________________________________________________________

    1987              0.0000
    1988          24278.0000
    1989           9081.0000
    1990           1989.0000
    1991              0.0000
    1992           9327.0000
    1993           1130.0000
    1994           4224.0000
    1995              0.0000
    1996          47945.0000
    1997          30028.0000
    1998          14234.0000
    1999          13636.0000
    2000          21542.0000
    2001          14668.0000
    2002          38114.0000
    2003          18798.0000
    2004              0.0000

     Additional Output Files 

Population File RUN1NWWG_R_13.PP2                                               
Auxilliary File RUN1NWWG_R_13.AUX                                               
Covariance File RUN1NWWG_R_13.CV                                                
Residuals File  RUN1NWWG_R_13.RSD                                               
Log File        RUN1NWWG_R_13.LOG                                               


                             Estimation Results

 JAN-1 Population Numbers


   AGE       1987        1988        1989        1990        1991
 _____________________________________________________________________________

    3      531055.     272091.     451649.     305023.     857259.
    4      990345.     477529.     241675.     387163.     261850.
    5      300978.     853720.     392818.     193364.     296202.
    6       84663.     215128.     678100.     281582.     141181.
    7       69188.      57046.     128958.     434705.     179172.
    8      107498.      43880.      29889.      75839.     244431.
    9       42651.      53518.      20666.      19349.      39989.
   10       38052.      24165.      18054.      13109.       9761.
   11       26419.      21208.      10197.       9434.       7719.
   12       34277.      14268.       9500.       4707.       5336.
   13       34305.      37020.      26136.      26506.      24911.
 ====================================================================
 Total    2259431.    2069573.    2007642.    1750780.    2067811.

   AGE       1992        1993        1994        1995        1996
 _____________________________________________________________________________

    3     1056964.     672426.     719009.     210096.     214069.
    4      691438.     866259.     559832.     522821.     170162.
    5      190349.     509241.     615125.     399050.     342932.
    6      186213.     135813.     372813.     421051.     278660.
    7       94745.     112954.     103149.     254609.     277482.
    8      109779.      59262.      75119.      69702.     157605.
    9      117003.      62939.      40992.      48719.      42824.
   10       26625.      55633.      38358.      21661.      29654.
   11        4901.      13124.      35865.      19853.      11514.
   12        4394.       2799.       7844.      18558.       8873.
   13       24261.      23761.      23033.      23378.      28297.
 ====================================================================
 Total    2506670.    2514211.    2591137.    2009499.    1562071.

   AGE       1997        1998        1999        2000        2001
 _____________________________________________________________________________

    3      884542.     362621.     702014.     446277.     543447.
    4      178524.     763071.     285006.     581702.     349408.
    5      115731.     132923.     523939.     205896.     397071.
    6      228556.      79760.      98733.     340463.     139549.
    7      186768.     171928.      63989.      74060.     235379.
    8      170836.     137002.     116772.      45084.      56050.
    9      104989.     125134.      99342.      75823.      32922.
   10       24779.      73860.      82834.      71056.      53078.
   11       18850.      14340.      52932.      54060.      54918.
   12        4904.      13845.      10960.      35934.      38163.
   13       23299.      11448.      16266.      15782.      35073.
 ====================================================================
 Total    1941776.    1885932.    2052787.    1946136.    1935057.

 JAN-1 Population Numbers


   AGE       2002        2003        2004
 _____________________________________________________________________________

    3     2283126.    1757295.     484621.
    4      451535.    1988995.    1389196.
    5      234189.     341347.    1528132.
    6      270500.     168621.     253691.
    7       97487.     193322.     126013.
    8      161288.      68085.     150622.
    9       40869.     105922.      48129.
   10       21480.      27601.      85446.
   11       36412.      14970.      22855.
   12       40288.      26758.      10297.
   13       50048.      55066.      64795.
 ====================================================================
 Total    3687221.    4747980.    4163797.



Fishing Mortality Calculated


   AGE       1987        1988        1989        1990        1991
 _____________________________________________________________________________

    3       0.0062      0.0185      0.0541      0.0526      0.1150
    4       0.0484      0.0953      0.1230      0.1678      0.2189
    5       0.2358      0.1303      0.2329      0.2145      0.3641
    6       0.2948      0.4117      0.3446      0.3521      0.2988
    7       0.3554      0.5464      0.4309      0.4757      0.3899
    8       0.5974      0.6530      0.3348      0.5400      0.6367
    9       0.4681      0.9867      0.3552      0.5843      0.3068
   10       0.4846      0.7628      0.5491      0.4296      0.5890
   11       0.5161      0.7031      0.6731      0.4699      0.4635
   12       0.5166      0.7764      0.4780      0.5059      0.4990
   13       0.5166      0.5060      0.1104      0.0708      0.0552

   AGE       1992        1993        1994        1995        1996
 _____________________________________________________________________________

    3       0.0990      0.0833      0.2186      0.1108      0.0816
    4       0.2059      0.2424      0.2385      0.3217      0.2855
    5       0.2376      0.2118      0.2791      0.2591      0.3057
    6       0.3999      0.1751      0.2813      0.3170      0.3001
    7       0.3692      0.3079      0.2919      0.3796      0.3851
    8       0.4563      0.2686      0.3330      0.3871      0.3062
    9       0.6434      0.3952      0.5379      0.3965      0.4471
   10       0.6074      0.3390      0.5586      0.5319      0.3531
   11       0.4603      0.4147      0.5589      0.7054      0.7536
   12       0.5418      0.3544      0.4971      0.5052      0.4650
   13       0.0232      0.0114      0.0893      0.1523      0.3383

   AGE       1997        1998        1999        2000        2001
 _____________________________________________________________________________

    3       0.0477      0.1409      0.0880      0.1447      0.0853
    4       0.1950      0.2760      0.2251      0.2818      0.3001
    5       0.2722      0.1973      0.3311      0.2890      0.2838
    6       0.1847      0.1203      0.1876      0.2691      0.2587
    7       0.2099      0.2868      0.2502      0.1786      0.2780
    8       0.2113      0.2214      0.3318      0.2144      0.2159
    9       0.2517      0.3125      0.2351      0.2566      0.3270
   10       0.4470      0.2332      0.3267      0.1576      0.2769
   11       0.2086      0.1688      0.2873      0.2482      0.2098
   12       0.2796      0.2340      0.2952      0.2192      0.2574
   13       0.9573      0.4891      0.5609      0.4662      0.3067



Fishing Mortality Calculated


   AGE       2002        2003
 _____________________________________________________________________________

    3       0.0379      0.1351
    4       0.1798      0.1636
    5       0.2285      0.1968
    6       0.2359      0.1913
    7       0.2590      0.1496
    8       0.3205      0.2469
    9       0.2925      0.1148
   10       0.2611      0.0887
   11       0.2081      0.2742
   12       0.2705      0.1811
   13       0.5079      0.1109


 Average Fishing Mortality For Ages   5- 10

 Year      Average F   N Weighted  Biomass Wtd  Catch Wtd

 _____________________________________________________________________________

 1987       0.4060      0.3470      0.3653      0.3909
 1988       0.5818      0.2652      0.2914      0.4228
 1989       0.3746      0.3217      0.3258      0.3340
 1990       0.4327      0.3982      0.4051      0.4233
 1991       0.4309      0.4321      0.4411      0.4623
 1992       0.4523      0.4087      0.4260      0.4456
 1993       0.2829      0.2416      0.2497      0.2553
 1994       0.3803      0.3012      0.3083      0.3123
 1995       0.3785      0.3222      0.3287      0.3306
 1996       0.3496      0.3305      0.3341      0.3349
 1997       0.2628      0.2243      0.2254      0.2333
 1998       0.2286      0.2384      0.2425      0.2515
 1999       0.2771      0.3015      0.2986      0.3090
 2000       0.2276      0.2519      0.2478      0.2585
 2001       0.2734      0.2755      0.2749      0.2767
 2002       0.2662      0.2565      0.2598      0.2606
 2003       0.1647      0.1765      0.1733      0.1839

 Back Calculated Partial Recruitment


   AGE       1987        1988        1989        1990        1991
 _____________________________________________________________________________

    3       0.0104      0.0188      0.0803      0.0901      0.1806
    4       0.0811      0.0966      0.1828      0.2872      0.3438
    5       0.3947      0.1321      0.3461      0.3672      0.5719
    6       0.4935      0.4173      0.5120      0.6026      0.4693
    7       0.5948      0.5537      0.6402      0.8143      0.6123
    8       1.0000      0.6618      0.4975      0.9243      1.0000
    9       0.7836      1.0000      0.5277      1.0000      0.4818
   10       0.8111      0.7731      0.8158      0.7353      0.9251
   11       0.8638      0.7126      1.0000      0.8043      0.7279
   12       0.8646      0.7869      0.7103      0.8660      0.7837
   13       0.8646      0.5128      0.1640      0.1212      0.0867

   AGE       1992        1993        1994        1995        1996
 _____________________________________________________________________________

    3       0.1538      0.2008      0.3912      0.1571      0.1082
    4       0.3199      0.5845      0.4269      0.4561      0.3788
    5       0.3693      0.5109      0.4994      0.3673      0.4057
    6       0.6216      0.4223      0.5034      0.4494      0.3983
    7       0.5739      0.7425      0.5224      0.5382      0.5110
    8       0.7092      0.6477      0.5959      0.5489      0.4064
    9       1.0000      0.9530      0.9625      0.5621      0.5933
   10       0.9440      0.8176      0.9995      0.7541      0.4685
   11       0.7154      1.0000      1.0000      1.0000      1.0000
   12       0.8421      0.8546      0.8895      0.7163      0.6170
   13       0.0361      0.0275      0.1598      0.2159      0.4489

   AGE       1997        1998        1999        2000        2001
 _____________________________________________________________________________

    3       0.0498      0.2880      0.1569      0.3104      0.2608
    4       0.2036      0.5643      0.4014      0.6045      0.9178
    5       0.2844      0.4035      0.5903      0.6198      0.8680
    6       0.1929      0.2460      0.3344      0.5772      0.7911
    7       0.2192      0.5865      0.4461      0.3831      0.8502
    8       0.2207      0.4528      0.5916      0.4599      0.6602
    9       0.2629      0.6391      0.4192      0.5505      1.0000
   10       0.4669      0.4768      0.5826      0.3381      0.8467
   11       0.2179      0.3451      0.5123      0.5324      0.6415
   12       0.2921      0.4784      0.5264      0.4702      0.7871
   13       1.0000      1.0000      1.0000      1.0000      0.9379

 Back Calculated Partial Recruitment


   AGE       2002        2003
 _____________________________________________________________________________

    3       0.0747      0.4926
    4       0.3539      0.5966
    5       0.4499      0.7177
    6       0.4645      0.6976
    7       0.5099      0.5456
    8       0.6311      0.9004
    9       0.5760      0.4188
   10       0.5141      0.3234
   11       0.4097      1.0000
   12       0.5327      0.6606
   13       1.0000      0.4046

 JAN-1 Biomass


   AGE       1987        1988        1989        1990        1991
 _____________________________________________________________________________

    3       89217.      42718.      58714.      38738.     115730.
    4      198069.     105534.      49785.      76271.      49228.
    5       72235.     204039.      96633.      47374.      68719.
    6       23536.      58300.     176984.      76590.      37695.
    7       21033.      17000.      37398.     123891.      51781.
    8       34937.      13998.       9893.      23131.      74307.
    9       14459.      17875.       6985.       6269.      12916.
   10       13547.       8554.       6355.       4404.       3319.
   11        9986.       7465.       3763.       3415.       2717.
   12       13711.       5293.       3695.       1742.       1969.
   13       14271.      14919.      10480.      10046.       9915.
 ====================================================================
 Total     505001.     495695.     460687.     411871.     428295.

   AGE       1992        1993        1994        1995        1996
 _____________________________________________________________________________

    3      156431.      97502.      96347.      27312.      29756.
    4      131373.     182781.     112526.      95676.      28587.
    5       44732.     125273.     151936.      95772.      72702.
    6       50836.      39657.     101405.     116631.      71894.
    7       29560.      36597.      31254.      75874.      80192.
    8       36117.      20742.      25014.      22653.      48542.
    9       39664.      22784.      15003.      17441.      13918.
   10        9452.      20918.      14499.       8188.      10468.
   11        1872.       5066.      13951.       7882.       4064.
   12        1779.       1173.       3059.       7590.       3345.
   13        9510.       9243.       9444.      10123.      11375.
 ====================================================================
 Total     511327.     561735.     574439.     485143.     374843.

   AGE       1997        1998        1999        2000        2001
 _____________________________________________________________________________

    3      115875.      48591.      96176.      70958.      75539.
    4       34098.     141168.      58141.     126229.      74773.
    5       26965.      31636.     122078.      55180.      96885.
    6       61482.      21057.      26461.      98394.      39911.
    7       56030.      49515.      18813.      24069.      69672.
    8       55351.      44389.      36316.      15419.      18160.
    9       35801.      42545.      33677.      27524.      11424.
   10        8797.      25703.      29240.      26859.      18790.
   11        6824.       5377.      19161.      21246.      21143.
   12        1800.       5621.       4143.      14625.      15380.
   13        9250.       4751.       6572.       6770.      14836.
 ====================================================================
 Total     412272.     420354.     450777.     487273.     456513.

 JAN-1 Biomass


   AGE       2002        2003        2004
 _____________________________________________________________________________

    3      367583.     274138.      72208.
    4       95274.     375920.     295899.
    5       60421.      78168.     378977.
    6       75740.      43841.      71034.
    7       31098.      54710.      39694.
    8       53548.      21038.      49856.
    9       14468.      35590.      16797.
   10        8699.       9274.      30333.
   11       14419.       5524.       8662.
   12       16760.      10543.       3995.
   13       22372.      21971.      27019.
 ====================================================================
 Total     760381.     930718.     994475.

 Mean Biomass


   AGE       1987        1988        1989        1990        1991
 _____________________________________________________________________________

    3       84641.      40283.      54415.      35927.     104136.
    4      184069.      95869.      44624.      66912.      42150.
    5       61357.     182248.      82193.      40647.      54977.
    6       19446.      45632.     142875.      61617.      31085.
    7       16895.      12520.      29017.      94189.      40938.
    8       25154.       9835.       8023.      17085.      52581.
    9       11030.      10900.       5611.       4540.      10612.
   10       10258.       5731.       4675.       3419.       2398.
   11        7455.       5132.       2621.       2603.       2077.
   12       10234.       3526.       2807.       1306.       1481.
   13       10652.      11189.       9451.       9235.       9184.
 ====================================================================
 Total     441191.     422865.     386313.     337480.     351619.

   AGE       1992        1993        1994        1995        1996
 _____________________________________________________________________________

    3      141851.      89089.      82506.      24626.      27210.
    4      113184.     154777.      95458.      78063.      23722.
    5       37964.     107622.     126457.      80463.      59760.
    6       40007.      34670.      84310.      95369.      59252.
    7       23594.      30052.      25857.      60269.      63541.
    8       27701.      17349.      20303.      17932.      39892.
    9       27985.      17969.      11092.      13747.      10719.
   10        6775.      16931.      10621.       6069.       8417.
   11        1433.       3960.      10218.       5413.       2734.
   12        1313.        942.       2304.       5694.       2556.
   13        8948.       8747.       8604.       8947.       9210.
 ====================================================================
 Total     430754.     482108.     477728.     396592.     307014.

   AGE       1997        1998        1999        2000        2001
 _____________________________________________________________________________

    3      107723.      43182.      87676.      62943.      68954.
    4       29529.     117666.      49635.     104925.      61625.
    5       22515.      27366.      99172.      45715.      80458.
    6       53504.      18899.      22996.      82277.      33537.
    7       48181.      41062.      15872.      21007.      58017.
    8       47563.      37961.      29492.      13230.      15572.
    9       30183.      34862.      28615.      23151.       9298.
   10        6776.      21860.      23802.      23678.      15655.
   11        5871.       4715.      15887.      17941.      18182.
   12        1497.       4779.       3422.      12521.      12932.
   13        5709.       3590.       4809.       5169.      12189.
 ====================================================================
 Total     359053.     355942.     381378.     412557.     386419.

 Mean Biomass


   AGE       2002        2003
 _____________________________________________________________________________

    3      343362.     244303.
    4       83108.     330457.
    5       51500.      67636.
    6       64331.      38034.
    7       26129.      48417.
    8       43715.      17777.
    9       11966.      32027.
   10        7302.       8452.
   11       12410.       4608.
   12       14005.       9190.
   13       16764.      19809.
 ====================================================================
 Total     674591.     820710.

 Spawning Stock Biomass


   AGE       1987        1988        1989        1990        1991
 _____________________________________________________________________________

    3       16973.       8127.      11170.       7370.      22017.
    4      160148.      85329.      40254.      61669.      39803.
    5       68712.     194088.      91920.      45064.      65367.
    6       22388.      55456.     168353.      72855.      35857.
    7       20007.      16171.      35574.     117849.      49255.
    8       33233.      13315.       9411.      22003.      70683.
    9       13753.      17003.       6644.       5963.      12287.
   10       12886.       8137.       6045.       4190.       3157.
   11        9499.       7101.       3579.       3248.       2585.
   12       13042.       5035.       3515.       1657.       1873.
   13       13575.      14192.       9969.       9556.       9431.
 ====================================================================
 Total     384217.     423954.     386435.     351422.     312315.

   AGE       1992        1993        1994        1995        1996
 _____________________________________________________________________________

    3       29760.      18549.      18330.       5196.       5661.
    4      106221.     147786.      90982.      77359.      23114.
    5       42550.     119164.     144526.      91101.      69156.
    6       48357.      37723.      96459.     110943.      68388.
    7       28119.      34812.      29730.      72173.      76281.
    8       34356.      19730.      23795.      21548.      46175.
    9       37729.      21673.      14271.      16591.      13239.
   10        8991.      19898.      13792.       7788.       9957.
   11        1781.       4819.      13271.       7497.       3866.
   12        1693.       1115.       2910.       7220.       3182.
   13        9047.       8792.       8983.       9629.      10820.
 ====================================================================
 Total     348603.     434062.     457049.     427046.     329840.

   AGE       1997        1998        1999        2000        2001
 _____________________________________________________________________________

    3       22045.       9244.      18297.      13499.      14371.
    4       27570.     114141.      47010.     102062.      60458.
    5       25650.      30093.     116124.      52489.      92160.
    6       58483.      20030.      25170.      93595.      37964.
    7       53298.      47100.      17895.      22896.      66274.
    8       52651.      42224.      34545.      14667.      17275.
    9       34055.      40470.      32034.      26181.      10867.
   10        8368.      24450.      27814.      25549.      17873.
   11        6491.       5115.      18227.      20210.      20112.
   12        1712.       5347.       3941.      13912.      14630.
   13        8798.       4519.       6251.       6440.      14112.
 ====================================================================
 Total     299121.     342734.     347309.     391500.     366096.

 Spawning Stock Biomass


   AGE       2002        2003
 _____________________________________________________________________________

    3       69931.      52154.
    4       77033.     303948.
    5       57474.      74356.
    6       72046.      41703.
    7       29582.      52042.
    8       50936.      20012.
    9       13762.      33854.
   10        8275.       8822.
   11       13716.       5255.
   12       15942.      10028.
   13       21281.      20900.
 ====================================================================
 Total     429978.     623073.

 Catch Biomass


   AGE       1987        1988        1989        1990        1991
 _____________________________________________________________________________

    3         528.        747.       2942.       1890.      11972.
    4        8918.       9134.       5490.      11228.       9227.
    5       14468.      23748.      19145.       8720.      20020.
    6        5733.      18789.      49239.      21694.       9290.
    7        6004.       6841.      12503.      44809.      15961.
    8       15028.       6422.       2686.       9226.      33480.
    9        5164.      10755.       1993.       2653.       3256.
   10        4971.       4372.       2567.       1469.       1413.
   11        3848.       3608.       1764.       1223.        963.
   12        5286.       2737.       1342.        661.        739.
   13        5502.       5661.       1043.        654.        507.
 ====================================================================
 Total      75451.      92814.     100713.     104227.     106827.

   AGE       1992        1993        1994        1995        1996
 _____________________________________________________________________________

    3       14039.       7417.      18039.       2729.       2220.
    4       23299.      37512.      22771.      25113.       6772.
    5        9020.      22799.      35290.      20847.      18272.
    6       15999.       6071.      23720.      30232.      17783.
    7        8711.       9253.       7549.      22880.      24467.
    8       12640.       4660.       6761.       6942.      12217.
    9       18006.       7101.       5966.       5451.       4792.
   10        4115.       5740.       5933.       3228.       2972.
   11         660.       1642.       5711.       3818.       2060.
   12         712.        334.       1145.       2877.       1188.
   13         208.        100.        768.       1363.       3116.
 ====================================================================
 Total     107408.     102629.     133653.     125481.      95858.

   AGE       1997        1998        1999        2000        2001
 _____________________________________________________________________________

    3        5140.       6082.       7715.       9108.       5880.
    4        5757.      32473.      11175.      29572.      18494.
    5        6130.       5400.      32833.      13209.      22838.
    6        9883.       2274.       4313.      22141.       8676.
    7       10112.      11779.       3971.       3752.      16129.
    8       10051.       8406.       9786.       2837.       3362.
    9        7596.      10896.       6727.       5941.       3040.
   10        3029.       5097.       7777.       3732.       4334.
   11        1225.        796.       4564.       4453.       3814.
   12         419.       1118.       1010.       2745.       3328.
   13        5465.       1756.       2697.       2410.       3738.
 ====================================================================
 Total      64806.      86076.      92569.      99902.      93635.

 Catch Biomass


   AGE       2002        2003
 _____________________________________________________________________________

    3       13019.      32993.
    4       14939.      54057.
    5       11767.      13309.
    6       15177.       7275.
    7        6766.       7243.
    8       14010.       4389.
    9        3500.       3677.
   10        1906.        749.
   11        2582.       1263.
   12        3789.       1665.
   13        8514.       2197.
 ====================================================================
 Total      95969.     128818.

 Catch Numbers


   AGE       1987        1988        1989        1990        1991
 _____________________________________________________________________________

    3       3144.0      4757.0     22628.0     14884.0     88683.0
    4      44590.0     41331.0     26649.0     56995.0     49081.0
    5      60285.0     99366.0     77824.0     35593.0     86292.0
    6      20622.0     69331.0    188654.0     79757.0     34793.0
    7      19751.0     22955.0     43114.0    157225.0     55228.0
    8      46240.0     20131.0      8116.0     30248.0    110132.0
    9      15232.0     32201.0      5897.0      8187.0     10079.0
   10      13963.0     12349.0      7292.0      4372.0      4155.0
   11      10179.0     10250.0      4780.0      3379.0      2735.0
   12      13216.0      7378.0      3449.0      1786.0      2003.0
   13      13227.0     14048.0      2602.0      1726.0      1274.0
 ====================================================================
 Total    260449.0    334097.0    391005.0    394152.0    444455.0

   AGE       1992        1993        1994        1995        1996
 _____________________________________________________________________________

    3      94860.0     51153.0    134616.0     20991.0     15969.0
    4     122626.0    177780.0    113290.0    137232.0     40311.0
    5      38381.0     92680.0    142876.0     86864.0     86187.0
    6      58605.0     20791.0     87207.0    109140.0     68927.0
    7      27921.0     28560.0     24913.0     76780.0     84660.0
    8      38420.0     13313.0     20303.0     21361.0     39664.0
    9      53114.0     19617.0     16301.0     15225.0     14746.0
   10      11592.0     15266.0     15695.0      8541.0      8419.0
   11       1727.0      4254.0     14680.0      9617.0      5836.0
   12       1757.0       797.0      2936.0      7034.0      3152.0
   13        530.0       256.0      1874.0      3147.0      7750.0
 ====================================================================
 Total    449533.0    424467.0    574691.0    495932.0    375621.0

   AGE       1997        1998        1999        2000        2001
 _____________________________________________________________________________

    3      39240.0     45390.0     56315.0     57282.0     42304.0
    4      30141.0    175529.0     54779.0    136278.0     86422.0
    5      26307.0     22691.0    140913.0     49289.0     93597.0
    6      36738.0      8613.0     16093.0     76614.0     30336.0
    7      33705.0     40898.0     13506.0     11546.0     54491.0
    8      31022.0     25944.0     31467.0      8294.0     10375.0
    9      22277.0     32046.0     19845.0     16367.0      8762.0
   10       8531.0     14647.0     22031.0      9874.0     12244.0
   11       3383.0      2122.0     12609.0     11332.0      9907.0
   12       1141.0      2754.0      2673.0      6744.0      8259.0
   13      13767.0      4231.0      6676.0      5618.0      8838.0
 ====================================================================
 Total    246252.0    374865.0    376907.0    389238.0    365535.0

 Catch Numbers


   AGE       2002        2003
 _____________________________________________________________________________

    3      80863.0    211495.0
    4      70801.0    286017.0
    5      45607.0     58120.0
    6      54202.0     27979.0
    7      21211.0     25592.0
    8      42199.0     14203.0
    9       9888.0     10944.0
   10       4707.0      2230.0
   11       6520.0      3424.0
   12       9108.0      4225.0
   13      19046.0      5507.0
 ====================================================================
 Total    364152.0    649736.0


               Surplus Production

     Average Adjustment Factor (Delta) =   1.0000

 Year        Biomass  Delta Biomass  Catch Biomass  Surplus Production

 1987     505000.682      -9305.214      75450.782      66145.568
 1988     495695.468     -35008.800      92813.816      57805.016
 1989     460686.668     -48815.439     100713.041      51897.602
 1990     411871.229      16424.233     104226.989     120651.222
 1991     428295.462      83031.791     106827.024     189858.815
 1992     511327.253      50408.215     107408.317     157816.532
 1993     561735.469      12703.928     102628.948     115332.876
 1994     574439.397     -89296.852     133652.824      44355.972
 1995     485142.545    -110299.051     125480.745      15181.694
 1996     374843.494      37428.173      95858.270     133286.443
 1997     412271.667       8082.393      64805.906      72888.299
 1998     420354.060      30423.420      86076.430     116499.850
 1999     450777.481      36495.847      92569.079     129064.926
 2000     487273.327     -30759.846      99902.059      69142.213
 2001     456513.481     303867.774      93635.000     397502.774
 2002     760381.254     170336.296      95968.594     266304.890
 2003     930717.551      63757.101     128817.579     192574.680
 2004     994474.652


 Summary of Survey Indices Used in the Estimate

 INDEX    Survey Tag    Age   Time  Type  Catchability Std. Error   CV
 _____________________________________________________________________________

   1 Acoustic              4   JAN-1 NUMBER  0.1033E+01  0.1086E+00  0.1052E+00
   2 Acoustic              5   JAN-1 NUMBER  0.1271E+01  0.1476E+00  0.1161E+00
   3 Acoustic              6   JAN-1 NUMBER  0.1140E+01  0.1018E+00  0.8929E-01
   4 Acoustic              7   JAN-1 NUMBER  0.1204E+01  0.9083E-01  0.7545E-01
   5 Acoustic              8   JAN-1 NUMBER  0.1230E+01  0.1405E+00  0.1142E+00
   6 Acoustic              9   JAN-1 NUMBER  0.1491E+01  0.1836E+00  0.1232E+00
   7 Acoustic             10   JAN-1 NUMBER  0.1583E+01  0.2277E+00  0.1438E+00
   8 Acoustic             11   JAN-1 NUMBER  0.1312E+01  0.2310E+00  0.1761E+00


 Survey Index:    1 Tag: Acoustic           AGE =  4
 Time = JAN-1           Type = NUMBER
 Catchability =    0.103295E+01   % Variance Contribution =    10.5621
 Unweighted Residual = LN(Observed) - LN(Predicted)

 Year      Observed        Predicted         Residual      Unweighted Resid
 _____________________________________________________________________________

 1987     N/A              0.102298E+07     N/A              N/A
 1988     0.401246E+06     0.493266E+06    -0.206473E+00    -0.206473E+00
 1989     0.201284E+06     0.249640E+06    -0.215302E+00    -0.215302E+00
 1990     0.655361E+06     0.399922E+06     0.493918E+00     0.493918E+00
 1991     0.132235E+06     0.270479E+06    -0.715615E+00    -0.715615E+00
 1992     0.104999E+07     0.714224E+06     0.385340E+00     0.385340E+00
 1993     0.830608E+06     0.894806E+06    -0.744487E-01    -0.744487E-01
 1994     0.505279E+06     0.578281E+06    -0.134949E+00    -0.134949E+00
 1995     N/A              0.540050E+06     N/A              N/A
 1996     0.133810E+06     0.175769E+06    -0.272752E+00    -0.272752E+00
 1997     0.270706E+06     0.184407E+06     0.383888E+00     0.383888E+00
 1998     0.601783E+06     0.788217E+06    -0.269877E+00    -0.269877E+00
 1999     0.255937E+06     0.294398E+06    -0.140001E+00    -0.140001E+00
 2000     0.839491E+06     0.600871E+06     0.334415E+00     0.334415E+00
 2001     0.966960E+06     0.360922E+06     0.985494E+00     0.985494E+00
 2002     0.287004E+06     0.466415E+06    -0.485581E+00    -0.485581E+00
 2003     0.191937E+07     0.205454E+07    -0.680565E-01    -0.680565E-01
 2004     0.143498E+07     0.143498E+07     0.309209E-07     0.309209E-07

 Survey Index:    2 Tag: Acoustic           AGE =  5
 Time = JAN-1           Type = NUMBER
 Catchability =    0.127125E+01   % Variance Contribution =    12.8741
 Unweighted Residual = LN(Observed) - LN(Predicted)

 Year      Observed        Predicted         Residual      Unweighted Resid
 _____________________________________________________________________________

 1987     N/A              0.382618E+06     N/A              N/A
 1988     0.858012E+06     0.108529E+07    -0.234985E+00    -0.234985E+00
 1989     0.232808E+06     0.499369E+06    -0.763132E+00    -0.763132E+00
 1990     0.179364E+06     0.245814E+06    -0.315157E+00    -0.315157E+00
 1991     0.258591E+06     0.376547E+06    -0.375794E+00    -0.375794E+00
 1992     0.354521E+06     0.241981E+06     0.381910E+00     0.381910E+00
 1993     0.729556E+06     0.647372E+06     0.119515E+00     0.119515E+00
 1994     0.882868E+06     0.781976E+06     0.121352E+00     0.121352E+00
 1995     N/A              0.507292E+06     N/A              N/A
 1996     0.761581E+06     0.435951E+06     0.557866E+00     0.557866E+00
 1997     0.133667E+06     0.147122E+06    -0.959121E-01    -0.959121E-01
 1998     0.810550E+05     0.168977E+06    -0.734637E+00    -0.734637E+00
 1999     0.108150E+07     0.666056E+06     0.484734E+00     0.484734E+00
 2000     0.239064E+06     0.261744E+06    -0.906367E-01    -0.906367E-01
 2001     0.131641E+07     0.504776E+06     0.958551E+00     0.958551E+00
 2002     0.217441E+06     0.297712E+06    -0.314201E+00    -0.314201E+00
 2003     0.553149E+06     0.433936E+06     0.242730E+00     0.242730E+00
 2004     0.205822E+07     0.194264E+07     0.577972E-01     0.577972E-01

 Survey Index:    3 Tag: Acoustic           AGE =  6
 Time = JAN-1           Type = NUMBER
 Catchability =    0.114042E+01   % Variance Contribution =     7.6123
 Unweighted Residual = LN(Observed) - LN(Predicted)

 Year      Observed        Predicted         Residual      Unweighted Resid
 _____________________________________________________________________________

 1987     N/A              0.965509E+05     N/A              N/A
 1988     0.308065E+06     0.245336E+06     0.227682E+00     0.227682E+00
 1989     0.381417E+06     0.773319E+06    -0.706798E+00    -0.706798E+00
 1990     0.278836E+06     0.321122E+06    -0.141197E+00    -0.141197E+00
 1991     0.943730E+05     0.161005E+06    -0.534181E+00    -0.534181E+00
 1992     0.319866E+06     0.212361E+06     0.409612E+00     0.409612E+00
 1993     0.158778E+06     0.154884E+06     0.248320E-01     0.248320E-01
 1994     0.496297E+06     0.425163E+06     0.154702E+00     0.154702E+00
 1995     N/A              0.480175E+06     N/A              N/A
 1996     0.277893E+06     0.317790E+06    -0.134154E+00    -0.134154E+00
 1997     0.468678E+06     0.260650E+06     0.586738E+00     0.586738E+00
 1998     0.573660E+05     0.909603E+05    -0.460971E+00    -0.460971E+00
 1999     0.103344E+06     0.112597E+06    -0.857557E-01    -0.857557E-01
 2000     0.605858E+06     0.388271E+06     0.444943E+00     0.444943E+00
 2001     0.191001E+06     0.159144E+06     0.182468E+00     0.182468E+00
 2002     0.260497E+06     0.308483E+06    -0.169075E+00    -0.169075E+00
 2003     0.205656E+06     0.192299E+06     0.671559E-01     0.671559E-01
 2004     0.330800E+06     0.289315E+06     0.133999E+00     0.133999E+00

 Survey Index:    4 Tag: Acoustic           AGE =  7
 Time = JAN-1           Type = NUMBER
 Catchability =    0.120390E+01   % Variance Contribution =     5.4352
 Unweighted Residual = LN(Observed) - LN(Predicted)

 Year      Observed        Predicted         Residual      Unweighted Resid
 _____________________________________________________________________________

 1987     N/A              0.832962E+05     N/A              N/A
 1988     0.571030E+05     0.686777E+05    -0.184567E+00    -0.184567E+00
 1989     0.188456E+06     0.155254E+06     0.193804E+00     0.193804E+00
 1990     0.592982E+06     0.523343E+06     0.124927E+00     0.124927E+00
 1991     0.191054E+06     0.215706E+06    -0.121360E+00    -0.121360E+00
 1992     0.898250E+05     0.114064E+06    -0.238897E+00    -0.238897E+00
 1993     0.130781E+06     0.135986E+06    -0.390258E-01    -0.390258E-01
 1994     0.669630E+05     0.124181E+06    -0.617601E+00    -0.617601E+00
 1995     N/A              0.306525E+06     N/A              N/A
 1996     0.385027E+06     0.334062E+06     0.141987E+00     0.141987E+00
 1997     0.269888E+06     0.224850E+06     0.182573E+00     0.182573E+00
 1998     0.287046E+06     0.206985E+06     0.326997E+00     0.326997E+00
 1999     0.517860E+05     0.770364E+05    -0.397158E+00    -0.397158E+00
 2000     0.882140E+05     0.891608E+05    -0.106755E-01    -0.106755E-01
 2001     0.482418E+06     0.283374E+06     0.532044E+00     0.532044E+00
 2002     0.161049E+06     0.117364E+06     0.316425E+00     0.316425E+00
 2003     0.262362E+06     0.232741E+06     0.119798E+00     0.119798E+00
 2004     0.109146E+06     0.151708E+06    -0.329271E+00    -0.329271E+00

 Survey Index:    5 Tag: Acoustic           AGE =  8
 Time = JAN-1           Type = NUMBER
 Catchability =    0.123030E+01   % Variance Contribution =    12.4434
 Unweighted Residual = LN(Observed) - LN(Predicted)

 Year      Observed        Predicted         Residual      Unweighted Resid
 _____________________________________________________________________________

 1987     N/A              0.132254E+06     N/A              N/A
 1988     0.325320E+05     0.539850E+05    -0.506483E+00    -0.506483E+00
 1989     0.464480E+05     0.367727E+05     0.233578E+00     0.233578E+00
 1990     0.179665E+06     0.933038E+05     0.655233E+00     0.655233E+00
 1991     0.514403E+06     0.300722E+06     0.536820E+00     0.536820E+00
 1992     0.138333E+06     0.135060E+06     0.239431E-01     0.239431E-01
 1993     0.541560E+05     0.729098E+05    -0.297355E+00    -0.297355E+00
 1994     0.582950E+05     0.924181E+05    -0.460806E+00    -0.460806E+00
 1995     N/A              0.857542E+05     N/A              N/A
 1996     0.176906E+06     0.193901E+06    -0.917269E-01    -0.917269E-01
 1997     0.325664E+06     0.210178E+06     0.437910E+00     0.437910E+00
 1998     0.155998E+06     0.168553E+06    -0.774093E-01    -0.774093E-01
 1999     0.135246E+06     0.143665E+06    -0.603858E-01    -0.603858E-01
 2000     0.433530E+05     0.554669E+05    -0.246411E+00    -0.246411E+00
 2001     0.343770E+05     0.689581E+05    -0.696111E+00    -0.696111E+00
 2002     0.345852E+06     0.198432E+06     0.555567E+00     0.555567E+00
 2003     0.153037E+06     0.837643E+05     0.602672E+00     0.602672E+00
 2004     0.100785E+06     0.185309E+06    -0.609036E+00    -0.609036E+00

 Survey Index:    6 Tag: Acoustic           AGE =  9
 Time = JAN-1           Type = NUMBER
 Catchability =    0.149088E+01   % Variance Contribution =    14.3591
 Unweighted Residual = LN(Observed) - LN(Predicted)

 Year      Observed        Predicted         Residual      Unweighted Resid
 _____________________________________________________________________________

 1987     N/A              0.635870E+05     N/A              N/A
 1988     0.704260E+05     0.797891E+05    -0.124825E+00    -0.124825E+00
 1989     0.257980E+05     0.308101E+05    -0.177545E-02    -0.177545E+00
 1990     0.221820E+05     0.288476E+05    -0.262746E+00    -0.262746E+00
 1991     0.793530E+05     0.596187E+05     0.285936E+00     0.285936E+00
 1992     0.256921E+06     0.174436E+06     0.387209E+00     0.387209E+00
 1993     0.963300E+05     0.938340E+05     0.262527E-01     0.262527E-01
 1994     0.106172E+06     0.611145E+05     0.552312E+00     0.552312E+00
 1995     N/A              0.726336E+05     N/A              N/A
 1996     0.981500E+05     0.638445E+05     0.430046E+00     0.430046E+00
 1997     0.217421E+06     0.156525E+06     0.328618E+00     0.328618E+00
 1998     0.203382E+06     0.186559E+06     0.863403E-01     0.863403E-01
 1999     0.705140E+05     0.148106E+06    -0.742119E+00    -0.742119E+00
 2000     0.165716E+06     0.113042E+06     0.382516E+00     0.382516E+00
 2001     0.157270E+05     0.490822E+05    -0.113812E+01    -0.113812E+01
 2002     0.624510E+05     0.609305E+05     0.246481E-01     0.246481E-01
 2003     0.276199E+06     0.157916E+06     0.559058E+00     0.559058E+00
 2004     0.386930E+05     0.717538E+05    -0.617582E+00    -0.617582E+00

 Survey Index:    7 Tag: Acoustic           AGE = 10
 Time = JAN-1           Type = NUMBER
 Catchability =    0.158299E+01   % Variance Contribution =    16.5158
 Unweighted Residual = LN(Observed) - LN(Predicted)

 Year      Observed        Predicted         Residual      Unweighted Resid
 _____________________________________________________________________________

 1987     N/A              0.602362E+05     N/A              N/A
 1988     0.367130E+05     0.382531E+05    -0.410939E-01    -0.410939E-01
 1989     0.328190E+05     0.285789E+05     0.138340E-02     0.138340E+00
 1990     0.217680E+05     0.207509E+05     0.478534E-03     0.478534E-01
 1991     0.376180E+05     0.154519E+05     0.889753E-02     0.889753E+00
 1992     0.212900E+05     0.421465E+05    -0.682915E+00    -0.682915E+00
 1993     0.966490E+05     0.880675E+05     0.929826E-01     0.929826E-01
 1994     0.488740E+05     0.607205E+05    -0.217036E+00    -0.217036E+00
 1995     N/A              0.342888E+05     N/A              N/A
 1996     0.485030E+05     0.469415E+05     0.327225E-01     0.327225E-01
 1997     0.929790E+05     0.392254E+05     0.863050E+00     0.863050E+00
 1998     0.105730E+06     0.116921E+06    -0.100606E+00    -0.100606E+00
 1999     0.101626E+06     0.131126E+06    -0.254860E+00    -0.254860E+00
 2000     0.899160E+05     0.112481E+06    -0.223908E+00    -0.223908E+00
 2001     0.379400E+05     0.840221E+05    -0.795074E+00    -0.795074E+00
 2002     0.571050E+05     0.340031E+05     0.518441E+00     0.518441E+00
 2003     0.992060E+05     0.436918E+05     0.820038E+00     0.820038E+00
 2004     0.455820E+05     0.135260E+06    -0.108769E+01    -0.108769E+01

 Survey Index:    8 Tag: Acoustic           AGE = 11
 Time = JAN-1           Type = NUMBER
 Catchability =    0.131205E+01   % Variance Contribution =    20.1980
 Unweighted Residual = LN(Observed) - LN(Predicted)

 Year      Observed        Predicted         Residual      Unweighted Resid
 _____________________________________________________________________________

 1987     N/A              0.346631E+05     N/A              N/A
 1988     0.235860E+05     0.278255E+05    -0.165298E+00    -0.165298E+00
 1989     0.174390E+05     0.133791E+05     0.265014E-02     0.265014E+00
 1990     0.130800E+05     0.123774E+05     0.552156E-03     0.552156E-01
 1991     0.939400E+04     0.101276E+05    -0.751912E-03    -0.751912E-01
 1992     0.986600E+04     0.643003E+04     0.428115E-02     0.428115E+00
 1993     0.245420E+05     0.172194E+05     0.354350E+00     0.354350E+00
 1994     0.362010E+05     0.470562E+05    -0.262255E+00    -0.262255E+00
 1995     N/A              0.260484E+05     N/A              N/A
 1996     0.162260E+05     0.151070E+05     0.714550E-01     0.714550E-01
 1997     0.554940E+05     0.247322E+05     0.808167E+00     0.808167E+00
 1998     0.354690E+05     0.188143E+05     0.634044E+00     0.634044E+00
 1999     0.539350E+05     0.694490E+05    -0.252813E+00    -0.252813E+00
 2000     0.121345E+06     0.709299E+05     0.536946E+00     0.536946E+00
 2001     0.143200E+05     0.720547E+05    -0.161577E+01    -0.161577E+01
 2002     0.384050E+05     0.477739E+05    -0.218292E+00    -0.218292E+00
 2003     0.476210E+05     0.196417E+05     0.885621E+00     0.885621E+00
 2004     0.703900E+04     0.299874E+05    -0.144931E-01    -0.144931E+01


Survey Weight Factors - Survey Index =     6

      1987        1.0000
      1988        1.0000
      1989        0.0100
      1990        1.0000
      1991        1.0000
      1992        1.0000
      1993        1.0000
      1994        1.0000
      1995        1.0000
      1996        1.0000
      1997        1.0000
      1998        1.0000
      1999        1.0000
      2000        1.0000
      2001        1.0000
      2002        1.0000
      2003        1.0000
      2004        1.0000


Survey Weight Factors - Survey Index =     7

      1987        1.0000
      1988        1.0000
      1989        0.0100
      1990        0.0100
      1991        0.0100
      1992        1.0000
      1993        1.0000
      1994        1.0000
      1995        1.0000
      1996        1.0000
      1997        1.0000
      1998        1.0000
      1999        1.0000
      2000        1.0000
      2001        1.0000
      2002        1.0000
      2003        1.0000
      2004        1.0000


Survey Weight Factors - Survey Index =     8

      1987        1.0000
      1988        1.0000
      1989        0.0100
      1990        0.0100
      1991        0.0100
      1992        0.0100
      1993        1.0000
      1994        1.0000
      1995        1.0000
      1996        1.0000
      1997        1.0000
      1998        1.0000
      1999        1.0000
      2000        1.0000
      2001        1.0000
      2002        1.0000
      2003        1.0000
      2004        0.0100



 Plus Group Diagnostic Report 

 Calculation Method Selected = Forward

          Population  Population    F            F
 Year     Backward     Forward    Forward     Backward    Ratio

 1987      34305.      34305.    0.516566    0.516566    1.000000
 1988      27166.      37020.    0.505982    0.776384    1.534411
 1989       7167.      26136.    0.110398    0.478045    4.330188
 1990       4549.      26506.    0.070838    0.505935    7.142149
 1991       3394.      24911.    0.055213    0.499002    9.037784
 1992       1325.      24261.    0.023219    0.541847   23.336086
 1993        899.      23761.    0.011385    0.354372   31.126035
 1994       5007.      23033.    0.089305    0.497085    5.566152
 1995       8303.      23378.    0.152308    0.505230    3.317172
 1996      21816.      28297.    0.338271    0.464994    1.374617
 1997      59166.      23299.    0.957324    0.279639    0.292105
 1998      21271.      11448.    0.489052    0.233975    0.478426
 1999      27374.      16266.    0.560867    0.295246    0.526410
 2000      29935.      15782.    0.466222    0.219223    0.470210
 2001      40839.      35073.    0.306697    0.257381    0.839204
 2002      84248.      50048.    0.507857    0.270536    0.532700
 2003      34877.      55066.    0.110925    0.181130    1.632901
 2004      46530.      64795.       N/A         N/A
