 VPA Version 3.3.0

 Model ID: k=0.3, 2009-2011 Ichtio.                                                        


 Input File: RUN1NWWG_R_22.DAT                                                               
 Date of Run: 15-NOV-2017                         Time of Run: 21:43


 Levenburg-Marquardt Algorithm Completed     9 Iterations
 Residual Sum of Squares =     5.50064    

 Number of Residuals     =     56
 Number of Parameters    =      9
 Degrees of Freedom      =     47
 Mean Squared Residual   =     0.117035    
 Standard Deviation      =     0.342104    


 Number of Years =     8
 Number of Ages  =    11
 First Year      =  1987
 Youngest Age    =     3
 Oldest True Age =    12

 Number of Survey Indices Available        =    10
 Number of Survey Indices Used in Estimate =     8


 VPA Classic Method - Auto Estimated Q's


 Stock Numbers Predicted in Terminal Year Plus One (1995)
 Age    Stock Predicted     Std. Error      CV

   4         180000.000   0.000000E+00   0.000000E+00
   5         387215.868   0.640505E-06   0.165413E-11
   6         556827.908   0.591680E-06   0.106259E-11
   7         425083.735   0.946292E-06   0.222613E-11
   8          56865.900   0.598880E-05   0.105314E-09
   9          45895.420   0.679570E-05   0.148069E-09
  10          19546.926   0.131212E-04   0.671269E-09
  11          14464.618   0.134067E-04   0.926863E-09
  12          18454.870   0.115274E-04   0.624628E-09

 Catchability Values for Each Survey Used in Estimate
 INDEX     Catchability    Std. Error      CV

   1       0.924156E+00   0.122333E+00   0.132372E+00
   2       0.102993E+01   0.141702E+00   0.137584E+00
   3       0.102154E+01   0.158701E+00   0.155355E+00
   4       0.110279E+01   0.938630E-01   0.851144E-01
   5       0.129626E+01   0.225608E+00   0.174046E+00
   6       0.169514E+01   0.207364E+00   0.122328E+00
   7       0.169192E+01   0.293374E+00   0.173397E+00
   8       0.145516E+01   0.155161E+00   0.106628E+00


 -- Non-Linear Least Squares Fit --

 Maximum Marquadt Iterations    =       100
 Scaled Gradient Tolerance      =    6.055454E-05
 Scaled Step Tolerance          =    1.000000E-18
 Relative Function Tolerance    =    1.000000E-18
 Absolute Function Tolerance    =    4.930381E-32

 Reported Machine Precision     =    2.220446E-16


 VPA Method Options

 - Catchability Values Estimated as an Analytic Function of N
 - Catch Equation Used in Cohort Solution
 - Plus Group Forward Calculation Method Used
 - Arithmetic Average Used in F-Oldest Calculation
 - F-Oldest Calculation in Years Prior to Terminal Year 
   Uses Fishing Mortality in Ages  8 to 11
 - Calculation of Population of Age 3 In Year 1995
   =  Geometric Mean of First Age Populations
      Year Range Applied =  1987 to  1991
 - Survey Weight Factors Were Used

 Stock Estimates 

 Age   4
 Age   5
 Age   6
 Age   7
 Age   8
 Age   9
 Age  10
 Age  11
 Age  12

 Full F in Terminal Year               =   0.4203

 F in Oldest True Age in Terminal Year =   0.5498

 Full F Calculated Using Classic Method

 F in Oldest True Age in Terminal Year has been
 Calculated in Same Manner as in All Other Years

 Age  Input Partial  Calc Partial   Fishing     Used In
      Recruitment    Recruitment    Mortality   Full F    Comments

   3      0.500          0.758       0.5353      NO      Stock Estimate in T+1   
   4      0.800          0.347       0.2450      NO      Stock Estimate in T+1   
   5      1.000          0.309       0.2180      YES     Stock Estimate in T+1   
   6      1.000          0.252       0.1780      YES     Stock Estimate in T+1   
   7      1.000          0.492       0.3474      YES     Stock Estimate in T+1   
   8      1.000          0.496       0.3502      YES     Stock Estimate in T+1   
   9      1.000          0.824       0.5817      YES     Stock Estimate in T+1   
  10      1.000          1.000       0.7059      YES     Stock Estimate in T+1   
  11      1.000          0.795       0.5612      YES     Stock Estimate in T+1   
  12      1.000          0.779       0.5498              F-Oldest                

 Catch At Age - Input Data


   AGE       1987        1988        1989        1990        1991
 ____________________________________________________________________

    3       3144.0      4757.0     22628.0     14884.0     88683.0
    4      44590.0     41331.0     26649.0     56995.0     49081.0
    5      60285.0     99366.0     77824.0     35593.0     86292.0
    6      20622.0     69331.0    188654.0     79757.0     34793.0
    7      19751.0     22955.0     43114.0    157225.0     55228.0
    8      46240.0     20131.0      8116.0     30248.0    110132.0
    9      15232.0     32201.0      5897.0      8187.0     10079.0
   10      13963.0     12349.0      7292.0      4372.0      4155.0
   11      10179.0     10250.0      4780.0      3379.0      2735.0
   12      13216.0      7378.0      3449.0      1786.0      2003.0
   13      13227.0     14048.0      2602.0      1726.0      1274.0

   AGE       1992        1993        1994
 ____________________________________________________________________

    3      94860.0     51153.0    134616.0
    4     122626.0    177780.0    113290.0
    5      38381.0     92680.0    142876.0
    6      58605.0     20791.0     87207.0
    7      27921.0     28560.0     24913.0
    8      38420.0     13313.0     20303.0
    9      53114.0     19617.0     16301.0
   10      11592.0     15266.0     15695.0
   11       1727.0      4254.0     14680.0
   12       1757.0       797.0      2936.0
   13        530.0       256.0      1874.0

 Weight At Age - Input Data


   AGE       1987        1988        1989        1990        1991
 ____________________________________________________________________

    3       0.1680      0.1570      0.1300      0.1270      0.1350
    4       0.2000      0.2210      0.2060      0.1970      0.1880
    5       0.2400      0.2390      0.2460      0.2450      0.2320
    6       0.2780      0.2710      0.2610      0.2720      0.2670
    7       0.3040      0.2980      0.2900      0.2850      0.2890
    8       0.3250      0.3190      0.3310      0.3050      0.3040
    9       0.3390      0.3340      0.3380      0.3240      0.3230
   10       0.3560      0.3540      0.3520      0.3360      0.3400
   11       0.3780      0.3520      0.3690      0.3620      0.3520
   12       0.4000      0.3710      0.3890      0.3700      0.3690
   13       0.4160      0.4030      0.4010      0.3790      0.3980

   AGE       1992        1993        1994
 ____________________________________________________________________

    3       0.1480      0.1450      0.1340
    4       0.1900      0.2110      0.2010
    5       0.2350      0.2460      0.2470
    6       0.2730      0.2920      0.2720
    7       0.3120      0.3240      0.3030
    8       0.3290      0.3500      0.3330
    9       0.3390      0.3620      0.3660
   10       0.3550      0.3760      0.3780
   11       0.3820      0.3860      0.3890
   12       0.4050      0.4190      0.3900
   13       0.3920      0.3890      0.4100

 JAN-1 Weights at Age - Input Data


   AGE       1987        1988        1989        1990        1991
 ____________________________________________________________________

    3       0.1680      0.1570      0.1300      0.1270      0.1350
    4       0.2000      0.2210      0.2060      0.1970      0.1880
    5       0.2400      0.2390      0.2460      0.2450      0.2320
    6       0.2780      0.2710      0.2610      0.2720      0.2670
    7       0.3040      0.2980      0.2900      0.2850      0.2890
    8       0.3250      0.3190      0.3310      0.3050      0.3040
    9       0.3390      0.3340      0.3380      0.3240      0.3230
   10       0.3560      0.3540      0.3520      0.3360      0.3400
   11       0.3780      0.3520      0.3690      0.3620      0.3520
   12       0.4000      0.3710      0.3890      0.3700      0.3690
   13       0.4160      0.4030      0.4010      0.3790      0.3980

   AGE       1992        1993        1994        1995
 ____________________________________________________________________

    3       0.1480      0.1450      0.1340      0.1300
    4       0.1900      0.2110      0.2010      0.1830
    5       0.2350      0.2460      0.2470      0.2400
    6       0.2730      0.2920      0.2720      0.2770
    7       0.3120      0.3240      0.3030      0.2980
    8       0.3290      0.3500      0.3330      0.3250
    9       0.3390      0.3620      0.3660      0.3580
   10       0.3550      0.3760      0.3780      0.3780
   11       0.3820      0.3860      0.3890      0.3970
   12       0.4050      0.4190      0.3900      0.4090
   13       0.3920      0.3890      0.4100      0.4330

 SSB Weight At Age - Input Data


   AGE       1987        1988        1989        1990        1991
 ____________________________________________________________________

    3       0.1680      0.1570      0.1300      0.1270      0.1350
    4       0.2000      0.2210      0.2060      0.1970      0.1880
    5       0.2400      0.2390      0.2460      0.2450      0.2320
    6       0.2780      0.2710      0.2610      0.2720      0.2670
    7       0.3040      0.2980      0.2900      0.2850      0.2890
    8       0.3250      0.3190      0.3310      0.3050      0.3040
    9       0.3390      0.3340      0.3380      0.3240      0.3230
   10       0.3560      0.3540      0.3520      0.3360      0.3400
   11       0.3780      0.3520      0.3690      0.3620      0.3520
   12       0.4000      0.3710      0.3890      0.3700      0.3690
   13       0.4160      0.4030      0.4010      0.3790      0.3980

   AGE       1992        1993        1994
 ____________________________________________________________________

    3       0.1480      0.1450      0.1340
    4       0.1900      0.2110      0.2010
    5       0.2350      0.2460      0.2470
    6       0.2730      0.2920      0.2720
    7       0.3120      0.3240      0.3030
    8       0.3290      0.3500      0.3330
    9       0.3390      0.3620      0.3660
   10       0.3550      0.3760      0.3780
   11       0.3820      0.3860      0.3890
   12       0.4050      0.4190      0.3900
   13       0.3920      0.3890      0.4100

 Natural Mortality - Input Data


   AGE       1987        1988        1989        1990        1991
 ____________________________________________________________________

    3       0.1000      0.1000      0.1000      0.1000      0.1000
    4       0.1000      0.1000      0.1000      0.1000      0.1000
    5       0.1000      0.1000      0.1000      0.1000      0.1000
    6       0.1000      0.1000      0.1000      0.1000      0.1000
    7       0.1000      0.1000      0.1000      0.1000      0.1000
    8       0.1000      0.1000      0.1000      0.1000      0.1000
    9       0.1000      0.1000      0.1000      0.1000      0.1000
   10       0.1000      0.1000      0.1000      0.1000      0.1000
   11       0.1000      0.1000      0.1000      0.1000      0.1000
   12       0.1000      0.1000      0.1000      0.1000      0.1000
   13       0.1000      0.1000      0.1000      0.1000      0.1000

   AGE       1992        1993        1994
 ____________________________________________________________________

    3       0.1000      0.1000      0.1000
    4       0.1000      0.1000      0.1000
    5       0.1000      0.1000      0.1000
    6       0.1000      0.1000      0.1000
    7       0.1000      0.1000      0.1000
    8       0.1000      0.1000      0.1000
    9       0.1000      0.1000      0.1000
   10       0.1000      0.1000      0.1000
   11       0.1000      0.1000      0.1000
   12       0.1000      0.1000      0.1000
   13       0.1000      0.1000      0.1000

 Proportion of Natural Mortality Before Spawning =       0.5000
 Proportion of Fishing Mortality Before Spawning =       0.0000

 Maturity - Input Data


   AGE       1987        1988        1989        1990        1991
 ____________________________________________________________________

    3       0.2000      0.2000      0.2000      0.2000      0.2000
    4       0.8500      0.8500      0.8500      0.8500      0.8500
    5       1.0000      1.0000      1.0000      1.0000      1.0000
    6       1.0000      1.0000      1.0000      1.0000      1.0000
    7       1.0000      1.0000      1.0000      1.0000      1.0000
    8       1.0000      1.0000      1.0000      1.0000      1.0000
    9       1.0000      1.0000      1.0000      1.0000      1.0000
   10       1.0000      1.0000      1.0000      1.0000      1.0000
   11       1.0000      1.0000      1.0000      1.0000      1.0000
   12       1.0000      1.0000      1.0000      1.0000      1.0000
   13       1.0000      1.0000      1.0000      1.0000      1.0000

   AGE       1992        1993        1994
 ____________________________________________________________________

    3       0.2000      0.2000      0.2000
    4       0.8500      0.8500      0.8500
    5       1.0000      1.0000      1.0000
    6       1.0000      1.0000      1.0000
    7       1.0000      1.0000      1.0000
    8       1.0000      1.0000      1.0000
    9       1.0000      1.0000      1.0000
   10       1.0000      1.0000      1.0000
   11       1.0000      1.0000      1.0000
   12       1.0000      1.0000      1.0000
   13       1.0000      1.0000      1.0000

 Input Partial Recruitment

   AGE

    3       0.5000
    4       0.8000
    5       1.0000
    6       1.0000
    7       1.0000
    8       1.0000
    9       1.0000
   10       1.0000
   11       1.0000
   12       1.0000


 Input F-Plus Ratio

   YEAR

   1987       1.0000
   1988       1.0000
   1989       1.0000
   1990       1.0000
   1991       1.0000
   1992       1.0000
   1993       1.0000
   1994       1.0000

 SURVEY - INPUT DATA


INDEX                   1                  2                  3

SURVEY TAG      Acoustic            Acoustic            Acoustic          

AGE                   4                   5                   6       
TIME               JAN-1               JAN-1               JAN-1       
TYPE              NUMBERS             NUMBERS             NUMBERS      
RETRO FLAG           1                   1                   1
 ________________________________________________________________________

    1987              0.0000              0.0000              0.0000
    1988         401246.0000         858012.0000         308065.0000
    1989         201284.0000         232808.0000         381417.0000
    1990         655361.0000         179364.0000         278836.0000
    1991         132235.0000         258591.0000          94373.0000
    1992        1049990.0000         354521.0000         319866.0000
    1993         830608.0000         729556.0000         158778.0000
    1994         505279.0000         882868.0000         496297.0000
    1995              0.0000              0.0000              0.0000

 SURVEY - INPUT DATA


INDEX                   4                  5                  6

SURVEY TAG      Acoustic            Acoustic            Acoustic          

AGE                   7                   8                   9       
TIME               JAN-1               JAN-1               JAN-1       
TYPE              NUMBERS             NUMBERS             NUMBERS      
RETRO FLAG           1                   1                   1
 ________________________________________________________________________

    1987              0.0000              0.0000              0.0000
    1988          57103.0000          32532.0000          70426.0000
    1989         188456.0000          46448.0000          25798.0000
    1990         592982.0000         179665.0000          22182.0000
    1991         191054.0000         514403.0000          79353.0000
    1992          89825.0000         138333.0000         256921.0000
    1993         130781.0000          54156.0000          96330.0000
    1994          66963.0000          58295.0000         106172.0000
    1995              0.0000              0.0000              0.0000

 SURVEY - INPUT DATA


INDEX                   7                  8                  9

SURVEY TAG      Acoustic            Acoustic            Acoustic          

AGE                  10                  11                  12       
TIME               JAN-1               JAN-1               JAN-1       
TYPE              NUMBERS             NUMBERS             NUMBERS      
RETRO FLAG           1                   1                   1
 ________________________________________________________________________

    1987              0.0000              0.0000              0.0000
    1988          36713.0000          23586.0000          18401.0000
    1989          32819.0000          17439.0000          10373.0000
    1990          21768.0000          13080.0000           9941.0000
    1991          37618.0000           9394.0000          12636.0000
    1992          21290.0000           9866.0000              0.0000
    1993          96649.0000          24542.0000           1130.0000
    1994          48874.0000          36201.0000              0.0000
    1995              0.0000              0.0000              0.0000

INDEX                  10

SURVEY TAG      Acoustic          

AGE                  13       
TIME               JAN-1       
TYPE              NUMBERS      
RETRO FLAG           1
 ________________________________________________________________________

    1987              0.0000
    1988          24278.0000
    1989           9081.0000
    1990           1989.0000
    1991              0.0000
    1992           9327.0000
    1993           1130.0000
    1994           4224.0000
    1995              0.0000

     Additional Output Files 

Population File RUN1NWWG_R_22.PP2                                               
Auxilliary File RUN1NWWG_R_22.AUX                                               
Covariance File RUN1NWWG_R_22.CV                                                
Residuals File  RUN1NWWG_R_22.RSD                                               
Log File        RUN1NWWG_R_22.LOG                                               


                             Estimation Results

 JAN-1 Population Numbers


   AGE       1987        1988        1989        1990        1991
 _____________________________________________________________________________

    3      518946.     267810.     446481.     283815.    1111835.
    4      990112.     466572.     237802.     382487.     242661.
    5      299792.     853510.     382905.     189860.     291972.
    6       84378.     214055.     677910.     272617.     138011.
    7       68974.      56789.     127989.     434533.     171068.
    8      107390.      43686.      29657.      74963.     244276.
    9       42582.      53421.      20491.      19140.      39199.
   10       37978.      24103.      17967.      12951.       9572.
   11       26374.      21141.      10141.       9355.       7576.
   12       34225.      14227.       9440.       4656.       5265.
   13       34253.      36926.      26014.      26341.      24717.
 ====================================================================
 Total    2245004.    2052239.    1986796.    1710716.    2286150.

   AGE       1992        1993        1994        1995
 _____________________________________________________________________________

    3     1240422.     657963.     339764.     455371.
    4      921768.    1032247.     546746.     180000.
    5      172993.     717600.     765257.     387216.
    6      182390.     120117.     561295.     556828.
    7       91879.     109499.      88950.     425084.
    8      102456.      56672.      71995.      56866.
    9      116863.      56325.      38650.      45895.
   10       25910.      55507.      32383.      19547.
   11        4730.      12480.      35751.      14465.
   12        4265.       2644.       7262.      18455.
   13       24021.      23427.      22592.      22453.
 ====================================================================
 Total    2887697.    2844482.    2510645.    2182179.



Fishing Mortality Calculated


   AGE       1987        1988        1989        1990        1991
 _____________________________________________________________________________

    3       0.0064      0.0188      0.0547      0.0567      0.0875
    4       0.0485      0.0976      0.1252      0.1700      0.2384
    5       0.2369      0.1303      0.2397      0.2190      0.3705
    6       0.2960      0.4143      0.3447      0.3660      0.3069
    7       0.3567      0.5496      0.4350      0.4760      0.4126
    8       0.5983      0.6570      0.3379      0.5483      0.6373
    9       0.4691      0.9897      0.3588      0.5929      0.3140
   10       0.4858      0.7657      0.5526      0.4361      0.6049
   11       0.5172      0.7063      0.6784      0.4749      0.4746
   12       0.5176      0.7797      0.4819      0.5131      0.5077
   13       0.5176      0.5077      0.1109      0.0713      0.0557

   AGE       1992        1993        1994
 _____________________________________________________________________________

    3       0.0837      0.0852      0.5353
    4       0.1504      0.1993      0.2450
    5       0.2648      0.1457      0.2180
    6       0.4102      0.2004      0.1780
    7       0.3832      0.3193      0.3474
    8       0.4983      0.2827      0.3502
    9       0.6445      0.4535      0.5817
   10       0.6305      0.3399      0.7059
   11       0.4815      0.4414      0.5612
   12       0.5637      0.3794      0.5498
   13       0.0235      0.0115      0.0911


 Average Fishing Mortality For Ages   5- 10

 Year      Average F   N Weighted  Biomass Wtd  Catch Wtd

 _____________________________________________________________________________

 1987       0.4071      0.3482      0.3665      0.3920
 1988       0.5845      0.2659      0.2922      0.4246
 1989       0.3781      0.3250      0.3291      0.3365
 1990       0.4397      0.4046      0.4116      0.4286
 1991       0.4410      0.4417      0.4508      0.4699
 1992       0.4719      0.4311      0.4479      0.4630
 1993       0.2903      0.2008      0.2142      0.2346
 1994       0.3969      0.2362      0.2458      0.2701

 Back Calculated Partial Recruitment


   AGE       1987        1988        1989        1990        1991
 _____________________________________________________________________________

    3       0.0107      0.0190      0.0806      0.0956      0.1373
    4       0.0810      0.0986      0.1845      0.2868      0.3741
    5       0.3959      0.1317      0.3534      0.3693      0.5814
    6       0.4947      0.4186      0.5082      0.6173      0.4815
    7       0.5962      0.5554      0.6412      0.8027      0.6475
    8       1.0000      0.6639      0.4982      0.9248      1.0000
    9       0.7841      1.0000      0.5290      1.0000      0.4927
   10       0.8120      0.7737      0.8146      0.7356      0.9492
   11       0.8645      0.7136      1.0000      0.8010      0.7447
   12       0.8652      0.7878      0.7104      0.8653      0.7967
   13       0.8652      0.5130      0.1635      0.1202      0.0873

   AGE       1992        1993        1994
 _____________________________________________________________________________

    3       0.1299      0.1878      0.7583
    4       0.2333      0.4394      0.3471
    5       0.4108      0.3212      0.3088
    6       0.6365      0.4419      0.2521
    7       0.5946      0.7041      0.4921
    8       0.7732      0.6234      0.4961
    9       1.0000      1.0000      0.8241
   10       0.9784      0.7496      1.0000
   11       0.7471      0.9734      0.7950
   12       0.8747      0.8366      0.7788
   13       0.0364      0.0255      0.1291

 JAN-1 Biomass


   AGE       1987        1988        1989        1990        1991
 _____________________________________________________________________________

    3       87183.      42046.      58043.      36044.     150098.
    4      198022.     103112.      48987.      75350.      45620.
    5       71950.     203989.      94195.      46516.      67738.
    6       23457.      58009.     176934.      74152.      36849.
    7       20968.      16923.      37117.     123842.      49439.
    8       34902.      13936.       9816.      22864.      74260.
    9       14435.      17843.       6926.       6201.      12661.
   10       13520.       8532.       6324.       4351.       3254.
   11        9970.       7442.       3742.       3387.       2667.
   12       13690.       5278.       3672.       1723.       1943.
   13       14249.      14881.      10431.       9983.       9837.
 ====================================================================
 Total     502347.     491991.     456188.     404413.     454365.

   AGE       1992        1993        1994        1995
 _____________________________________________________________________________

    3      183582.      95405.      45528.      59198.
    4      175136.     217804.     109896.      32940.
    5       40653.     176529.     189018.      92932.
    6       49793.      35074.     152672.     154241.
    7       28666.      35478.      26952.     126675.
    8       33708.      19835.      23974.      18481.
    9       39616.      20390.      14146.      16431.
   10        9198.      20871.      12241.       7389.
   11        1807.       4817.      13907.       5742.
   12        1727.       1108.       2832.       7548.
   13        9416.       9113.       9263.       9722.
 ====================================================================
 Total     573303.     636424.     600430.     531300.

 Mean Biomass


   AGE       1987        1988        1989        1990        1991
 _____________________________________________________________________________

    3       82706.      39644.      53776.      33363.     136868.
    4      184024.      93563.      43864.      66033.      38703.
    5       61085.     182200.      79863.      39827.      54033.
    6       19370.      45352.     142827.      59272.      30274.
    7       16833.      12446.      28746.      94142.      38681.
    8       25119.       9774.       7949.      16824.      52534.
    9       11007.      10867.       5554.       4474.      10367.
   10       10232.       5709.       4645.       3368.       2335.
   11        7439.       5108.       2600.       2576.       2028.
   12       10213.       3511.       2784.       1288.       1456.
   13       10631.      11152.       9405.       9175.       9110.
 ====================================================================
 Total     438660.     419325.     382013.     330343.     376389.

   AGE       1992        1993        1994
 _____________________________________________________________________________

    3      167706.      87093.      33698.
    4      154931.     188234.      92943.
    5       34064.     156518.     161916.
    6       39001.      30296.     133290.
    7       22733.      28979.      21730.
    8       25367.      16481.      19304.
    9       27938.      15658.      10256.
   10        6526.      16885.       8404.
   11        1370.       3720.      10175.
   12        1262.        880.       2083.
   13        8858.       8623.       8431.
 ====================================================================
 Total     489757.     553366.     502230.

 Spawning Stock Biomass


   AGE       1987        1988        1989        1990        1991
 _____________________________________________________________________________

    3       16586.       7999.      11042.       6857.      28555.
    4      160110.      83371.      39608.      60924.      36886.
    5       68441.     194040.      89601.      44247.      64434.
    6       22313.      55180.     168305.      70535.      35052.
    7       19945.      16098.      35307.     117802.      47028.
    8       33200.      13256.       9338.      21749.      70638.
    9       13731.      16973.       6588.       5899.      12044.
   10       12861.       8116.       6016.       4139.       3096.
   11        9483.       7079.       3560.       3221.       2537.
   12       13022.       5021.       3493.       1639.       1848.
   13       13554.      14155.       9923.       9496.       9357.
 ====================================================================
 Total     383247.     421288.     382780.     346509.     311474.

   AGE       1992        1993        1994
 _____________________________________________________________________________

    3       34926.      18150.       8662.
    4      141605.     176104.      88856.
    5       38671.     167920.     179800.
    6       47364.      33364.     145226.
    7       27268.      33748.      25638.
    8       32064.      18868.      22805.
    9       37684.      19395.      13456.
   10        8749.      19853.      11644.
   11        1719.       4582.      13229.
   12        1643.       1054.       2694.
   13        8957.       8669.       8811.
 ====================================================================
 Total     380651.     501707.     520820.

 Catch Biomass


   AGE       1987        1988        1989        1990        1991
 _____________________________________________________________________________

    3         528.        747.       2942.       1890.      11972.
    4        8918.       9134.       5490.      11228.       9227.
    5       14468.      23748.      19145.       8720.      20020.
    6        5733.      18789.      49239.      21694.       9290.
    7        6004.       6841.      12503.      44809.      15961.
    8       15028.       6422.       2686.       9226.      33480.
    9        5164.      10755.       1993.       2653.       3256.
   10        4971.       4372.       2567.       1469.       1413.
   11        3848.       3608.       1764.       1223.        963.
   12        5286.       2737.       1342.        661.        739.
   13        5502.       5661.       1043.        654.        507.
 ====================================================================
 Total      75451.      92814.     100713.     104227.     106827.

   AGE       1992        1993        1994
 _____________________________________________________________________________

    3       14039.       7417.      18039.
    4       23299.      37512.      22771.
    5        9020.      22799.      35290.
    6       15999.       6071.      23720.
    7        8711.       9253.       7549.
    8       12640.       4660.       6761.
    9       18006.       7101.       5966.
   10        4115.       5740.       5933.
   11         660.       1642.       5711.
   12         712.        334.       1145.
   13         208.        100.        768.
 ====================================================================
 Total     107408.     102629.     133653.

 Catch Numbers


   AGE       1987        1988        1989        1990        1991
 _____________________________________________________________________________

    3       3144.0      4757.0     22628.0     14884.0     88683.0
    4      44590.0     41331.0     26649.0     56995.0     49081.0
    5      60285.0     99366.0     77824.0     35593.0     86292.0
    6      20622.0     69331.0    188654.0     79757.0     34793.0
    7      19751.0     22955.0     43114.0    157225.0     55228.0
    8      46240.0     20131.0      8116.0     30248.0    110132.0
    9      15232.0     32201.0      5897.0      8187.0     10079.0
   10      13963.0     12349.0      7292.0      4372.0      4155.0
   11      10179.0     10250.0      4780.0      3379.0      2735.0
   12      13216.0      7378.0      3449.0      1786.0      2003.0
   13      13227.0     14048.0      2602.0      1726.0      1274.0
 ====================================================================
 Total    260449.0    334097.0    391005.0    394152.0    444455.0

   AGE       1992        1993        1994
 _____________________________________________________________________________

    3      94860.0     51153.0    134616.0
    4     122626.0    177780.0    113290.0
    5      38381.0     92680.0    142876.0
    6      58605.0     20791.0     87207.0
    7      27921.0     28560.0     24913.0
    8      38420.0     13313.0     20303.0
    9      53114.0     19617.0     16301.0
   10      11592.0     15266.0     15695.0
   11       1727.0      4254.0     14680.0
   12       1757.0       797.0      2936.0
   13        530.0       256.0      1874.0
 ====================================================================
 Total    449533.0    424467.0    574691.0


               Surplus Production

     Average Adjustment Factor (Delta) =   1.0000

 Year        Biomass  Delta Biomass  Catch Biomass  Surplus Production

 1987     502346.502     -10355.229      75450.782      65095.553
 1988     491991.273     -35803.396      92813.816      57010.420
 1989     456187.877     -51775.295     100713.041      48937.746
 1990     404412.582      49952.532     104226.989     154179.521
 1991     454365.114     118938.274     106827.024     225765.298
 1992     573303.387      63120.813     107408.317     170529.130
 1993     636424.201     -35994.467     102628.948      66634.481
 1994     600429.734     -69130.004     133652.824      64522.820
 1995     531299.730


 Summary of Survey Indices Used in the Estimate

 INDEX    Survey Tag    Age   Time  Type  Catchability Std. Error   CV
 _____________________________________________________________________________

   1 Acoustic              4   JAN-1 NUMBER  0.9242E+00  0.1223E+00  0.1324E+00
   2 Acoustic              5   JAN-1 NUMBER  0.1030E+01  0.1417E+00  0.1376E+00
   3 Acoustic              6   JAN-1 NUMBER  0.1022E+01  0.1587E+00  0.1554E+00
   4 Acoustic              7   JAN-1 NUMBER  0.1103E+01  0.9386E-01  0.8511E-01
   5 Acoustic              8   JAN-1 NUMBER  0.1296E+01  0.2256E+00  0.1740E+00
   6 Acoustic              9   JAN-1 NUMBER  0.1695E+01  0.2074E+00  0.1223E+00
   7 Acoustic             10   JAN-1 NUMBER  0.1692E+01  0.2934E+00  0.1734E+00
   8 Acoustic             11   JAN-1 NUMBER  0.1455E+01  0.1552E+00  0.1066E+00


 Survey Index:    1 Tag: Acoustic           AGE =  4
 Time = JAN-1           Type = NUMBER
 Catchability =    0.924156E+00   % Variance Contribution =    13.3792
 Unweighted Residual = LN(Observed) - LN(Predicted)

 Year      Observed        Predicted         Residual      Unweighted Resid
 _____________________________________________________________________________

 1987     N/A              0.915019E+06     N/A              N/A
 1988     0.401246E+06     0.431186E+06    -0.719641E-01    -0.719641E-01
 1989     0.201284E+06     0.219766E+06    -0.878467E-01    -0.878467E-01
 1990     0.655361E+06     0.353478E+06     0.617366E+00     0.617366E+00
 1991     0.132235E+06     0.224256E+06    -0.528209E+00    -0.528209E+00
 1992     0.104999E+07     0.851858E+06     0.209116E+00     0.209116E+00
 1993     0.830608E+06     0.953958E+06    -0.138461E+00    -0.138461E+00
 1994     0.505279E+06     0.505279E+06    -0.452873E-08    -0.452873E-08
 1995     N/A              0.166348E+06     N/A              N/A

 Survey Index:    2 Tag: Acoustic           AGE =  5
 Time = JAN-1           Type = NUMBER
 Catchability =    0.102993E+01   % Variance Contribution =    14.4535
 Unweighted Residual = LN(Observed) - LN(Predicted)

 Year      Observed        Predicted         Residual      Unweighted Resid
 _____________________________________________________________________________

 1987     N/A              0.308764E+06     N/A              N/A
 1988     0.858012E+06     0.879053E+06    -0.242269E-01    -0.242269E-01
 1989     0.232808E+06     0.394364E+06    -0.527061E+00    -0.527061E+00
 1990     0.179364E+06     0.195541E+06    -0.863553E-01    -0.863553E-01
 1991     0.258591E+06     0.300710E+06    -0.150899E+00    -0.150899E+00
 1992     0.354521E+06     0.178170E+06     0.688028E+00     0.688028E+00
 1993     0.729556E+06     0.739075E+06    -0.129632E-01    -0.129632E-01
 1994     0.882868E+06     0.788158E+06     0.113477E+00     0.113477E+00
 1995     N/A              0.398804E+06     N/A              N/A

 Survey Index:    3 Tag: Acoustic           AGE =  6
 Time = JAN-1           Type = NUMBER
 Catchability =    0.102154E+01   % Variance Contribution =    18.4284
 Unweighted Residual = LN(Observed) - LN(Predicted)

 Year      Observed        Predicted         Residual      Unweighted Resid
 _____________________________________________________________________________

 1987     N/A              0.861953E+05     N/A              N/A
 1988     0.308065E+06     0.218665E+06     0.342768E+00     0.342768E+00
 1989     0.381417E+06     0.692510E+06    -0.596430E+00    -0.596430E+00
 1990     0.278836E+06     0.278488E+06     0.124880E-02     0.124880E-02
 1991     0.943730E+05     0.140983E+06    -0.401385E+00    -0.401385E+00
 1992     0.319866E+06     0.186319E+06     0.540445E+00     0.540445E+00
 1993     0.158778E+06     0.122704E+06     0.257732E+00     0.257732E+00
 1994     0.496297E+06     0.573383E+06    -0.144380E+00    -0.144380E+00
 1995     N/A              0.568820E+06     N/A              N/A

 Survey Index:    4 Tag: Acoustic           AGE =  7
 Time = JAN-1           Type = NUMBER
 Catchability =    0.110279E+01   % Variance Contribution =     5.5315
 Unweighted Residual = LN(Observed) - LN(Predicted)

 Year      Observed        Predicted         Residual      Unweighted Resid
 _____________________________________________________________________________

 1987     N/A              0.760633E+05     N/A              N/A
 1988     0.571030E+05     0.626256E+05    -0.923176E-01    -0.923176E-01
 1989     0.188456E+06     0.141145E+06     0.289078E+00     0.289078E+00
 1990     0.592982E+06     0.479197E+06     0.213052E+00     0.213052E+00
 1991     0.191054E+06     0.188652E+06     0.126531E-01     0.126531E-01
 1992     0.898250E+05     0.101323E+06    -0.120451E+00    -0.120451E+00
 1993     0.130781E+06     0.120754E+06     0.797647E-01     0.797647E-01
 1994     0.669630E+05     0.980934E+05    -0.381780E+00    -0.381780E+00
 1995     N/A              0.468777E+06     N/A              N/A

 Survey Index:    5 Tag: Acoustic           AGE =  8
 Time = JAN-1           Type = NUMBER
 Catchability =    0.129626E+01   % Variance Contribution =    23.1293
 Unweighted Residual = LN(Observed) - LN(Predicted)

 Year      Observed        Predicted         Residual      Unweighted Resid
 _____________________________________________________________________________

 1987     N/A              0.139206E+06     N/A              N/A
 1988     0.325320E+05     0.566281E+05    -0.554280E+00    -0.554280E+00
 1989     0.464480E+05     0.384433E+05     0.189149E+00     0.189149E+00
 1990     0.179665E+06     0.971714E+05     0.614618E+00     0.614618E+00
 1991     0.514403E+06     0.316645E+06     0.485227E+00     0.485227E+00
 1992     0.138333E+06     0.132810E+06     0.407478E-01     0.407478E-01
 1993     0.541560E+05     0.734614E+05    -0.304892E+00    -0.304892E+00
 1994     0.582950E+05     0.933247E+05    -0.470569E+00    -0.470569E+00
 1995     N/A              0.737130E+05     N/A              N/A

 Survey Index:    6 Tag: Acoustic           AGE =  9
 Time = JAN-1           Type = NUMBER
 Catchability =    0.169514E+01   % Variance Contribution =     9.8176
 Unweighted Residual = LN(Observed) - LN(Predicted)

 Year      Observed        Predicted         Residual      Unweighted Resid
 _____________________________________________________________________________

 1987     N/A              0.721821E+05     N/A              N/A
 1988     0.704260E+05     0.905569E+05    -0.251416E+00    -0.251416E+00
 1989     0.257980E+05     0.347349E+05    -0.297449E-02    -0.297449E+00
 1990     0.221820E+05     0.324442E+05    -0.380242E+00    -0.380242E+00
 1991     0.793530E+05     0.664474E+05     0.177495E+00     0.177495E+00
 1992     0.256921E+06     0.198099E+06     0.260003E+00     0.260003E+00
 1993     0.963300E+05     0.954798E+05     0.886495E-02     0.886495E-02
 1994     0.106172E+06     0.655175E+05     0.482744E+00     0.482744E+00
 1995     N/A              0.777994E+05     N/A              N/A

 Survey Index:    7 Tag: Acoustic           AGE = 10
 Time = JAN-1           Type = NUMBER
 Catchability =    0.169192E+01   % Variance Contribution =     9.9378
 Unweighted Residual = LN(Observed) - LN(Predicted)

 Year      Observed        Predicted         Residual      Unweighted Resid
 _____________________________________________________________________________

 1987     N/A              0.642562E+05     N/A              N/A
 1988     0.367130E+05     0.407798E+05    -0.105057E+00    -0.105057E+00
 1989     0.328190E+05     0.303983E+05     0.766209E-03     0.766209E-01
 1990     0.217680E+05     0.219113E+05    -0.655991E-04    -0.655991E-02
 1991     0.376180E+05     0.161947E+05     0.842798E-02     0.842798E+00
 1992     0.212900E+05     0.438377E+05    -0.722257E+00    -0.722257E+00
 1993     0.966490E+05     0.939140E+05     0.287066E-01     0.287066E-01
 1994     0.488740E+05     0.547895E+05    -0.114253E+00    -0.114253E+00
 1995     N/A              0.330719E+05     N/A              N/A

 Survey Index:    8 Tag: Acoustic           AGE = 11
 Time = JAN-1           Type = NUMBER
 Catchability =    0.145516E+01   % Variance Contribution =     5.3228
 Unweighted Residual = LN(Observed) - LN(Predicted)

 Year      Observed        Predicted         Residual      Unweighted Resid
 _____________________________________________________________________________

 1987     N/A              0.383790E+05     N/A              N/A
 1988     0.235860E+05     0.307635E+05    -0.265675E+00    -0.265675E+00
 1989     0.174390E+05     0.147567E+05     0.167012E-02     0.167012E+00
 1990     0.130800E+05     0.136132E+05    -0.399556E-03    -0.399556E-01
 1991     0.939400E+04     0.110244E+05    -0.160040E-02    -0.160040E+00
 1992     0.986600E+04     0.688276E+04     0.360075E-02     0.360075E+00
 1993     0.245420E+05     0.181597E+05     0.301179E+00     0.301179E+00
 1994     0.362010E+05     0.520228E+05    -0.362595E+00    -0.362595E+00
 1995     N/A              0.210483E+05     N/A              N/A


Survey Weight Factors - Survey Index =     6

      1987        1.0000
      1988        1.0000
      1989        0.0100
      1990        1.0000
      1991        1.0000
      1992        1.0000
      1993        1.0000
      1994        1.0000
      1995        1.0000


Survey Weight Factors - Survey Index =     7

      1987        1.0000
      1988        1.0000
      1989        0.0100
      1990        0.0100
      1991        0.0100
      1992        1.0000
      1993        1.0000
      1994        1.0000
      1995        1.0000


Survey Weight Factors - Survey Index =     8

      1987        1.0000
      1988        1.0000
      1989        0.0100
      1990        0.0100
      1991        0.0100
      1992        0.0100
      1993        1.0000
      1994        1.0000
      1995        1.0000



 Plus Group Diagnostic Report 

 Calculation Method Selected = Forward

          Population  Population    F            F
 Year     Backward     Forward    Forward     Backward    Ratio

 1987      34253.      34253.    0.517597    0.517597    1.000000
 1988      27089.      36926.    0.507664    0.779690    1.535838
 1989       7122.      26014.    0.110945    0.481936    4.343925
 1990       4500.      26341.    0.071296    0.513085    7.196507
 1991       3349.      24717.    0.055660    0.507707    9.121624
 1992       1286.      24021.    0.023454    0.563707   24.034504
 1993        849.      23427.    0.011548    0.379410   32.854538
 1994       4635.      22592.    0.091131    0.549782    6.032914
 1995       6212.      22453.       N/A         N/A
