 VPA Version 3.3.0

 Model ID: k=0.3, 2009-2011 Ichtio.                                                        


 Input File: RUN1NWWG_R_21.DAT                                                               
 Date of Run: 15-NOV-2017                         Time of Run: 21:43


 Levenburg-Marquardt Algorithm Completed     7 Iterations
 Residual Sum of Squares =     5.89214    

 Number of Residuals     =     64
 Number of Parameters    =      9
 Degrees of Freedom      =     55
 Mean Squared Residual   =     0.107130    
 Standard Deviation      =     0.327307    


 Number of Years =     9
 Number of Ages  =    11
 First Year      =  1987
 Youngest Age    =     3
 Oldest True Age =    12

 Number of Survey Indices Available        =    10
 Number of Survey Indices Used in Estimate =     8


 VPA Classic Method - Auto Estimated Q's


 Stock Numbers Predicted in Terminal Year Plus One (1996)
 Age    Stock Predicted     Std. Error      CV

   4         142557.386   0.503266E+05   0.353027E+00
   5         726250.882   0.256107E+06   0.352642E+00
   6         266737.341   0.812710E+05   0.304685E+00
   7         373460.924   0.103923E+06   0.278270E+00
   8         200743.174   0.549976E+05   0.273970E+00
   9          44585.204   0.126487E+05   0.283697E+00
  10          31851.365   0.993607E+04   0.311951E+00
  11          11239.226   0.395553E+04   0.351940E+00
  12           4941.747   0.785966E+04   0.159046E+01

 Catchability Values for Each Survey Used in Estimate
 INDEX     Catchability    Std. Error      CV

   1       0.938640E+00   0.120546E+00   0.128427E+00
   2       0.104865E+01   0.119866E+00   0.114305E+00
   3       0.103387E+01   0.132975E+00   0.128619E+00
   4       0.105902E+01   0.955756E-01   0.902495E-01
   5       0.121650E+01   0.199021E+00   0.163602E+00
   6       0.173892E+01   0.188210E+00   0.108234E+00
   7       0.166931E+01   0.253459E+00   0.151835E+00
   8       0.146120E+01   0.127669E+00   0.873728E-01


 -- Non-Linear Least Squares Fit --

 Maximum Marquadt Iterations    =       100
 Scaled Gradient Tolerance      =    6.055454E-05
 Scaled Step Tolerance          =    1.000000E-18
 Relative Function Tolerance    =    1.000000E-18
 Absolute Function Tolerance    =    4.930381E-32

 Reported Machine Precision     =    2.220446E-16


 VPA Method Options

 - Catchability Values Estimated as an Analytic Function of N
 - Catch Equation Used in Cohort Solution
 - Plus Group Forward Calculation Method Used
 - Arithmetic Average Used in F-Oldest Calculation
 - F-Oldest Calculation in Years Prior to Terminal Year 
   Uses Fishing Mortality in Ages  8 to 11
 - Calculation of Population of Age 3 In Year 1996
   =  Geometric Mean of First Age Populations
      Year Range Applied =  1987 to  1992
 - Survey Weight Factors Were Used

 Stock Estimates 

 Age   4
 Age   5
 Age   6
 Age   7
 Age   8
 Age   9
 Age  10
 Age  11
 Age  12

 Full F in Terminal Year               =   0.4508

 F in Oldest True Age in Terminal Year =   0.5830

 Full F Calculated Using Classic Method

 F in Oldest True Age in Terminal Year has been
 Calculated in Same Manner as in All Other Years

 Age  Input Partial  Calc Partial   Fishing     Used In
      Recruitment    Recruitment    Mortality   Full F    Comments

   3      0.500          0.126       0.1309      NO      Stock Estimate in T+1   
   4      0.800          0.158       0.1650      NO      Stock Estimate in T+1   
   5      1.000          0.258       0.2692      YES     Stock Estimate in T+1   
   6      1.000          0.235       0.2448      YES     Stock Estimate in T+1   
   7      1.000          0.297       0.3095      YES     Stock Estimate in T+1   
   8      1.000          0.359       0.3744      YES     Stock Estimate in T+1   
   9      1.000          0.359       0.3737      YES     Stock Estimate in T+1   
  10      1.000          0.520       0.5419      YES     Stock Estimate in T+1   
  11      1.000          1.000       1.0419      YES     Stock Estimate in T+1   
  12      1.000          0.560       0.5830              F-Oldest                

 Catch At Age - Input Data


   AGE       1987        1988        1989        1990        1991
 ____________________________________________________________________

    3       3144.0      4757.0     22628.0     14884.0     88683.0
    4      44590.0     41331.0     26649.0     56995.0     49081.0
    5      60285.0     99366.0     77824.0     35593.0     86292.0
    6      20622.0     69331.0    188654.0     79757.0     34793.0
    7      19751.0     22955.0     43114.0    157225.0     55228.0
    8      46240.0     20131.0      8116.0     30248.0    110132.0
    9      15232.0     32201.0      5897.0      8187.0     10079.0
   10      13963.0     12349.0      7292.0      4372.0      4155.0
   11      10179.0     10250.0      4780.0      3379.0      2735.0
   12      13216.0      7378.0      3449.0      1786.0      2003.0
   13      13227.0     14048.0      2602.0      1726.0      1274.0

   AGE       1992        1993        1994        1995
 ____________________________________________________________________

    3      94860.0     51153.0    134616.0     20991.0
    4     122626.0    177780.0    113290.0    137232.0
    5      38381.0     92680.0    142876.0     86864.0
    6      58605.0     20791.0     87207.0    109140.0
    7      27921.0     28560.0     24913.0     76780.0
    8      38420.0     13313.0     20303.0     21361.0
    9      53114.0     19617.0     16301.0     15225.0
   10      11592.0     15266.0     15695.0      8541.0
   11       1727.0      4254.0     14680.0      9617.0
   12       1757.0       797.0      2936.0      7034.0
   13        530.0       256.0      1874.0      3147.0

 Weight At Age - Input Data


   AGE       1987        1988        1989        1990        1991
 ____________________________________________________________________

    3       0.1680      0.1570      0.1300      0.1270      0.1350
    4       0.2000      0.2210      0.2060      0.1970      0.1880
    5       0.2400      0.2390      0.2460      0.2450      0.2320
    6       0.2780      0.2710      0.2610      0.2720      0.2670
    7       0.3040      0.2980      0.2900      0.2850      0.2890
    8       0.3250      0.3190      0.3310      0.3050      0.3040
    9       0.3390      0.3340      0.3380      0.3240      0.3230
   10       0.3560      0.3540      0.3520      0.3360      0.3400
   11       0.3780      0.3520      0.3690      0.3620      0.3520
   12       0.4000      0.3710      0.3890      0.3700      0.3690
   13       0.4160      0.4030      0.4010      0.3790      0.3980

   AGE       1992        1993        1994        1995
 ____________________________________________________________________

    3       0.1480      0.1450      0.1340      0.1300
    4       0.1900      0.2110      0.2010      0.1830
    5       0.2350      0.2460      0.2470      0.2400
    6       0.2730      0.2920      0.2720      0.2770
    7       0.3120      0.3240      0.3030      0.2980
    8       0.3290      0.3500      0.3330      0.3250
    9       0.3390      0.3620      0.3660      0.3580
   10       0.3550      0.3760      0.3780      0.3780
   11       0.3820      0.3860      0.3890      0.3970
   12       0.4050      0.4190      0.3900      0.4090
   13       0.3920      0.3890      0.4100      0.4330

 JAN-1 Weights at Age - Input Data


   AGE       1987        1988        1989        1990        1991
 ____________________________________________________________________

    3       0.1680      0.1570      0.1300      0.1270      0.1350
    4       0.2000      0.2210      0.2060      0.1970      0.1880
    5       0.2400      0.2390      0.2460      0.2450      0.2320
    6       0.2780      0.2710      0.2610      0.2720      0.2670
    7       0.3040      0.2980      0.2900      0.2850      0.2890
    8       0.3250      0.3190      0.3310      0.3050      0.3040
    9       0.3390      0.3340      0.3380      0.3240      0.3230
   10       0.3560      0.3540      0.3520      0.3360      0.3400
   11       0.3780      0.3520      0.3690      0.3620      0.3520
   12       0.4000      0.3710      0.3890      0.3700      0.3690
   13       0.4160      0.4030      0.4010      0.3790      0.3980

   AGE       1992        1993        1994        1995        1996
 ____________________________________________________________________

    3       0.1480      0.1450      0.1340      0.1300      0.1390
    4       0.1900      0.2110      0.2010      0.1830      0.1680
    5       0.2350      0.2460      0.2470      0.2400      0.2120
    6       0.2730      0.2920      0.2720      0.2770      0.2580
    7       0.3120      0.3240      0.3030      0.2980      0.2890
    8       0.3290      0.3500      0.3330      0.3250      0.3080
    9       0.3390      0.3620      0.3660      0.3580      0.3250
   10       0.3550      0.3760      0.3780      0.3780      0.3530
   11       0.3820      0.3860      0.3890      0.3970      0.3530
   12       0.4050      0.4190      0.3900      0.4090      0.3770
   13       0.3920      0.3890      0.4100      0.4330      0.4020

 SSB Weight At Age - Input Data


   AGE       1987        1988        1989        1990        1991
 ____________________________________________________________________

    3       0.1680      0.1570      0.1300      0.1270      0.1350
    4       0.2000      0.2210      0.2060      0.1970      0.1880
    5       0.2400      0.2390      0.2460      0.2450      0.2320
    6       0.2780      0.2710      0.2610      0.2720      0.2670
    7       0.3040      0.2980      0.2900      0.2850      0.2890
    8       0.3250      0.3190      0.3310      0.3050      0.3040
    9       0.3390      0.3340      0.3380      0.3240      0.3230
   10       0.3560      0.3540      0.3520      0.3360      0.3400
   11       0.3780      0.3520      0.3690      0.3620      0.3520
   12       0.4000      0.3710      0.3890      0.3700      0.3690
   13       0.4160      0.4030      0.4010      0.3790      0.3980

   AGE       1992        1993        1994        1995
 ____________________________________________________________________

    3       0.1480      0.1450      0.1340      0.1300
    4       0.1900      0.2110      0.2010      0.1830
    5       0.2350      0.2460      0.2470      0.2400
    6       0.2730      0.2920      0.2720      0.2770
    7       0.3120      0.3240      0.3030      0.2980
    8       0.3290      0.3500      0.3330      0.3250
    9       0.3390      0.3620      0.3660      0.3580
   10       0.3550      0.3760      0.3780      0.3780
   11       0.3820      0.3860      0.3890      0.3970
   12       0.4050      0.4190      0.3900      0.4090
   13       0.3920      0.3890      0.4100      0.4330

 Natural Mortality - Input Data


   AGE       1987        1988        1989        1990        1991
 ____________________________________________________________________

    3       0.1000      0.1000      0.1000      0.1000      0.1000
    4       0.1000      0.1000      0.1000      0.1000      0.1000
    5       0.1000      0.1000      0.1000      0.1000      0.1000
    6       0.1000      0.1000      0.1000      0.1000      0.1000
    7       0.1000      0.1000      0.1000      0.1000      0.1000
    8       0.1000      0.1000      0.1000      0.1000      0.1000
    9       0.1000      0.1000      0.1000      0.1000      0.1000
   10       0.1000      0.1000      0.1000      0.1000      0.1000
   11       0.1000      0.1000      0.1000      0.1000      0.1000
   12       0.1000      0.1000      0.1000      0.1000      0.1000
   13       0.1000      0.1000      0.1000      0.1000      0.1000

   AGE       1992        1993        1994        1995
 ____________________________________________________________________

    3       0.1000      0.1000      0.1000      0.1000
    4       0.1000      0.1000      0.1000      0.1000
    5       0.1000      0.1000      0.1000      0.1000
    6       0.1000      0.1000      0.1000      0.1000
    7       0.1000      0.1000      0.1000      0.1000
    8       0.1000      0.1000      0.1000      0.1000
    9       0.1000      0.1000      0.1000      0.1000
   10       0.1000      0.1000      0.1000      0.1000
   11       0.1000      0.1000      0.1000      0.1000
   12       0.1000      0.1000      0.1000      0.1000
   13       0.1000      0.1000      0.1000      0.1000

 Proportion of Natural Mortality Before Spawning =       0.5000
 Proportion of Fishing Mortality Before Spawning =       0.0000

 Maturity - Input Data


   AGE       1987        1988        1989        1990        1991
 ____________________________________________________________________

    3       0.2000      0.2000      0.2000      0.2000      0.2000
    4       0.8500      0.8500      0.8500      0.8500      0.8500
    5       1.0000      1.0000      1.0000      1.0000      1.0000
    6       1.0000      1.0000      1.0000      1.0000      1.0000
    7       1.0000      1.0000      1.0000      1.0000      1.0000
    8       1.0000      1.0000      1.0000      1.0000      1.0000
    9       1.0000      1.0000      1.0000      1.0000      1.0000
   10       1.0000      1.0000      1.0000      1.0000      1.0000
   11       1.0000      1.0000      1.0000      1.0000      1.0000
   12       1.0000      1.0000      1.0000      1.0000      1.0000
   13       1.0000      1.0000      1.0000      1.0000      1.0000

   AGE       1992        1993        1994        1995
 ____________________________________________________________________

    3       0.2000      0.2000      0.2000      0.2000
    4       0.8500      0.8500      0.8500      0.8500
    5       1.0000      1.0000      1.0000      1.0000
    6       1.0000      1.0000      1.0000      1.0000
    7       1.0000      1.0000      1.0000      1.0000
    8       1.0000      1.0000      1.0000      1.0000
    9       1.0000      1.0000      1.0000      1.0000
   10       1.0000      1.0000      1.0000      1.0000
   11       1.0000      1.0000      1.0000      1.0000
   12       1.0000      1.0000      1.0000      1.0000
   13       1.0000      1.0000      1.0000      1.0000

 Input Partial Recruitment

   AGE

    3       0.5000
    4       0.8000
    5       1.0000
    6       1.0000
    7       1.0000
    8       1.0000
    9       1.0000
   10       1.0000
   11       1.0000
   12       1.0000


 Input F-Plus Ratio

   YEAR

   1987       1.0000
   1988       1.0000
   1989       1.0000
   1990       1.0000
   1991       1.0000
   1992       1.0000
   1993       1.0000
   1994       1.0000
   1995       1.0000

 SURVEY - INPUT DATA


INDEX                   1                  2                  3

SURVEY TAG      Acoustic            Acoustic            Acoustic          

AGE                   4                   5                   6       
TIME               JAN-1               JAN-1               JAN-1       
TYPE              NUMBERS             NUMBERS             NUMBERS      
RETRO FLAG           1                   1                   1
 ________________________________________________________________________

    1987              0.0000              0.0000              0.0000
    1988         401246.0000         858012.0000         308065.0000
    1989         201284.0000         232808.0000         381417.0000
    1990         655361.0000         179364.0000         278836.0000
    1991         132235.0000         258591.0000          94373.0000
    1992        1049990.0000         354521.0000         319866.0000
    1993         830608.0000         729556.0000         158778.0000
    1994         505279.0000         882868.0000         496297.0000
    1995              0.0000              0.0000              0.0000
    1996         133810.0000         761581.0000         277893.0000

 SURVEY - INPUT DATA


INDEX                   4                  5                  6

SURVEY TAG      Acoustic            Acoustic            Acoustic          

AGE                   7                   8                   9       
TIME               JAN-1               JAN-1               JAN-1       
TYPE              NUMBERS             NUMBERS             NUMBERS      
RETRO FLAG           1                   1                   1
 ________________________________________________________________________

    1987              0.0000              0.0000              0.0000
    1988          57103.0000          32532.0000          70426.0000
    1989         188456.0000          46448.0000          25798.0000
    1990         592982.0000         179665.0000          22182.0000
    1991         191054.0000         514403.0000          79353.0000
    1992          89825.0000         138333.0000         256921.0000
    1993         130781.0000          54156.0000          96330.0000
    1994          66963.0000          58295.0000         106172.0000
    1995              0.0000              0.0000              0.0000
    1996         385027.0000         176906.0000          98150.0000

 SURVEY - INPUT DATA


INDEX                   7                  8                  9

SURVEY TAG      Acoustic            Acoustic            Acoustic          

AGE                  10                  11                  12       
TIME               JAN-1               JAN-1               JAN-1       
TYPE              NUMBERS             NUMBERS             NUMBERS      
RETRO FLAG           1                   1                   1
 ________________________________________________________________________

    1987              0.0000              0.0000              0.0000
    1988          36713.0000          23586.0000          18401.0000
    1989          32819.0000          17439.0000          10373.0000
    1990          21768.0000          13080.0000           9941.0000
    1991          37618.0000           9394.0000          12636.0000
    1992          21290.0000           9866.0000              0.0000
    1993          96649.0000          24542.0000           1130.0000
    1994          48874.0000          36201.0000              0.0000
    1995              0.0000              0.0000              0.0000
    1996          48503.0000          16226.0000              0.0000

INDEX                  10

SURVEY TAG      Acoustic          

AGE                  13       
TIME               JAN-1       
TYPE              NUMBERS      
RETRO FLAG           1
 ________________________________________________________________________

    1987              0.0000
    1988          24278.0000
    1989           9081.0000
    1990           1989.0000
    1991              0.0000
    1992           9327.0000
    1993           1130.0000
    1994           4224.0000
    1995              0.0000
    1996              0.0000

     Additional Output Files 

Population File RUN1NWWG_R_21.PP2                                               
Auxilliary File RUN1NWWG_R_21.AUX                                               
Covariance File RUN1NWWG_R_21.CV                                                
Residuals File  RUN1NWWG_R_21.RSD                                               
Log File        RUN1NWWG_R_21.LOG                                               


                             Estimation Results

 JAN-1 Population Numbers


   AGE       1987        1988        1989        1990        1991
 _____________________________________________________________________________

    3      521234.     271474.     456099.     308243.     928545.
    4      986041.     468643.     241118.     391189.     264763.
    5      300090.     849826.     384778.     192860.     299845.
    6       84417.     214325.     674577.     274311.     140724.
    7       68969.      56824.     128233.     431520.     172600.
    8      107372.      43682.      29689.      75183.     241555.
    9       42587.      53405.      20487.      19169.      39397.
   10       37979.      24108.      17952.      12947.       9598.
   11       26373.      21142.      10145.       9342.       7573.
   12       34224.      14226.       9440.       4660.       5252.
   13       34252.      36924.      26011.      26340.      24719.
 ====================================================================
 Total    2243539.    2054578.    1998529.    1745763.    2134571.

   AGE       1992        1993        1994        1995        1996
 _____________________________________________________________________________

    3     1200386.     656313.    1187510.     179584.     530037.
    4      755934.     996023.     545253.     946641.     142557.
    5      192984.     567581.     732491.     385866.     726251.
    6      189506.     138196.     425583.     527193.     266737.
    7       94332.     115929.     105305.     302331.     373461.
    8      103839.      58889.      77809.      71651.     200743.
    9      114409.      57575.      40655.      51151.      44585.
   10       26089.      53295.      33512.      21356.      31851.
   11        4753.      12641.      33751.      15482.      11239.
   12        4262.       2666.       7408.      16651.       4942.
   13       24012.      23417.      22601.      22594.      25866.
 ====================================================================
 Total    2710508.    2682526.    3211879.    2540500.    2358270.



Fishing Mortality Calculated


   AGE       1987        1988        1989        1990        1991
 _____________________________________________________________________________

    3       0.0064      0.0186      0.0535      0.0521      0.1057
    4       0.0487      0.0972      0.1233      0.1659      0.2162
    5       0.2366      0.1309      0.2384      0.2152      0.3588
    6       0.2958      0.4136      0.3468      0.3633      0.3000
    7       0.3567      0.5492      0.4339      0.4802      0.4081
    8       0.5984      0.6571      0.3375      0.5462      0.6473
    9       0.4690      0.9902      0.3589      0.5917      0.3122
   10       0.4858      0.7655      0.5532      0.4363      0.6027
   11       0.5173      0.7063      0.6779      0.4758      0.4748
   12       0.5176      0.7798      0.4819      0.5125      0.5092
   13       0.5176      0.5077      0.1110      0.0713      0.0557

   AGE       1992        1993        1994        1995
 _____________________________________________________________________________

    3       0.0866      0.0854      0.1267      0.1309
    4       0.1866      0.2073      0.2458      0.1650
    5       0.2339      0.1879      0.2289      0.2692
    6       0.3914      0.1718      0.2419      0.2448
    7       0.3712      0.2987      0.2850      0.3095
    8       0.4898      0.2705      0.3195      0.3744
    9       0.6639      0.4412      0.5438      0.3737
   10       0.6246      0.3568      0.6722      0.5419
   11       0.4785      0.4344      0.6065      1.0419
   12       0.5642      0.3757      0.5355      0.5830
   13       0.0235      0.0116      0.0911      0.1580


 Average Fishing Mortality For Ages   5- 10

 Year      Average F   N Weighted  Biomass Wtd  Catch Wtd

 _____________________________________________________________________________

 1987       0.4071      0.3481      0.3663      0.3919
 1988       0.5844      0.2666      0.2929      0.4247
 1989       0.3781      0.3254      0.3295      0.3372
 1990       0.4388      0.4040      0.4111      0.4294
 1991       0.4382      0.4368      0.4466      0.4685
 1992       0.4625      0.4125      0.4314      0.4543
 1993       0.2878      0.2273      0.2377      0.2483
 1994       0.3819      0.2615      0.2706      0.2825
 1995       0.3523      0.2824      0.2867      0.2899

 Back Calculated Partial Recruitment


   AGE       1987        1988        1989        1990        1991
 _____________________________________________________________________________

    3       0.0106      0.0188      0.0789      0.0880      0.1632
    4       0.0813      0.0981      0.1819      0.2804      0.3340
    5       0.3954      0.1322      0.3517      0.3636      0.5544
    6       0.4943      0.4177      0.5115      0.6139      0.4634
    7       0.5961      0.5546      0.6401      0.8116      0.6305
    8       1.0000      0.6636      0.4979      0.9231      1.0000
    9       0.7838      1.0000      0.5294      1.0000      0.4822
   10       0.8118      0.7731      0.8160      0.7373      0.9310
   11       0.8644      0.7132      1.0000      0.8041      0.7335
   12       0.8650      0.7875      0.7108      0.8661      0.7867
   13       0.8650      0.5127      0.1637      0.1205      0.0860

   AGE       1992        1993        1994        1995
 _____________________________________________________________________________

    3       0.1305      0.1935      0.1885      0.1256
    4       0.2810      0.4699      0.3656      0.1584
    5       0.3523      0.4259      0.3405      0.2584
    6       0.5896      0.3894      0.3599      0.2349
    7       0.5590      0.6771      0.4240      0.2970
    8       0.7377      0.6132      0.4753      0.3593
    9       1.0000      1.0000      0.8089      0.3587
   10       0.9407      0.8088      1.0000      0.5201
   11       0.7207      0.9846      0.9023      1.0000
   12       0.8498      0.8516      0.7966      0.5595
   13       0.0353      0.0262      0.1355      0.1517

 JAN-1 Biomass


   AGE       1987        1988        1989        1990        1991
 _____________________________________________________________________________

    3       87567.      42621.      59293.      39147.     125354.
    4      197208.     103570.      49670.      77064.      49776.
    5       72022.     203109.      94655.      47251.      69564.
    6       23468.      58082.     176065.      74613.      37573.
    7       20967.      16934.      37187.     122983.      49881.
    8       34896.      13934.       9827.      22931.      73433.
    9       14437.      17837.       6925.       6211.      12725.
   10       13521.       8534.       6319.       4350.       3263.
   11        9969.       7442.       3744.       3382.       2666.
   12       13689.       5278.       3672.       1724.       1938.
   13       14249.      14880.      10430.       9983.       9838.
 ====================================================================
 Total     501993.     492221.     457788.     409638.     436011.

   AGE       1992        1993        1994        1995        1996
 _____________________________________________________________________________

    3      177657.      95165.     159126.      23346.      73675.
    4      143627.     210161.     109596.     173235.      23950.
    5       45351.     139625.     180925.      92608.     153965.
    6       51735.      40353.     115759.     146032.      68818.
    7       29432.      37561.      31907.      90095.     107930.
    8       34163.      20611.      25910.      23287.      61829.
    9       38785.      20842.      14880.      18312.      14490.
   10        9262.      20039.      12667.       8073.      11244.
   11        1816.       4880.      13129.       6146.       3967.
   12        1726.       1117.       2889.       6810.       1863.
   13        9413.       9109.       9266.       9783.      10398.
 ====================================================================
 Total     542967.     599463.     676056.     597727.     532130.

 Mean Biomass


   AGE       1987        1988        1989        1990        1991
 _____________________________________________________________________________

    3       83071.      40191.      54966.      36316.     113303.
    4      183249.      93999.      44515.      67669.      42673.
    5       61153.     181361.      80303.      40529.      55789.
    6       19380.      45422.     141992.      59716.      30968.
    7       16831.      12456.      28814.      93310.      39108.
    8       25114.       9773.       7959.      16890.      51722.
    9       11009.      10861.       5553.       4483.      10429.
   10       10233.       5711.       4640.       3367.       2344.
   11        7439.       5109.       2602.       2571.       2027.
   12       10213.       3510.       2784.       1289.       1451.
   13       10630.      11151.       9404.       9174.       9111.
 ====================================================================
 Total     438323.     419544.     383531.     335314.     358926.

   AGE       1992        1993        1994        1995
 _____________________________________________________________________________

    3      162064.      86865.     142379.      20847.
    4      124881.     180936.      92656.     152180.
    5       38556.     121322.     154184.      77435.
    6       40873.      35334.      98043.     123520.
    7       23470.      30976.      26482.      73928.
    8       25809.      17224.      21162.      18542.
    9       27120.      16096.      10972.      14586.
   10        6589.      16086.       8825.       5957.
   11        1379.       3780.       9415.       3664.
   12        1261.        889.       2138.       4935.
   13        8855.       8619.       8435.       8623.
 ====================================================================
 Total     460856.     518127.     574692.     504215.

 Spawning Stock Biomass


   AGE       1987        1988        1989        1990        1991
 _____________________________________________________________________________

    3       16659.       8109.      11280.       7448.      23848.
    4      159452.      83741.      40161.      62310.      40246.
    5       68509.     193203.      90039.      44946.      66171.
    6       22323.      55249.     167478.      70974.      35741.
    7       19944.      16108.      35374.     116985.      47449.
    8       33194.      13255.       9348.      21812.      69851.
    9       13733.      16967.       6587.       5908.      12105.
   10       12861.       8118.       6011.       4138.       3104.
   11        9483.       7079.       3561.       3217.       2536.
   12       13022.       5021.       3493.       1640.       1844.
   13       13554.      14155.       9922.       9496.       9358.
 ====================================================================
 Total     382734.     421003.     383253.     348874.     312252.

   AGE       1992        1993        1994        1995
 _____________________________________________________________________________

    3       33799.      18105.      30273.       4441.
    4      116129.     169925.      88613.     140069.
    5       43139.     132815.     172102.      88091.
    6       49212.      38385.     110113.     138910.
    7       27996.      35729.      30351.      85701.
    8       32497.      19606.      24647.      22151.
    9       36893.      19826.      14154.      17419.
   10        8810.      19062.      12050.       7679.
   11        1727.       4642.      12489.       5846.
   12        1642.       1062.       2748.       6478.
   13        8954.       8665.       8815.       9306.
 ====================================================================
 Total     360799.     467821.     506354.     526092.

 Catch Biomass


   AGE       1987        1988        1989        1990        1991
 _____________________________________________________________________________

    3         528.        747.       2942.       1890.      11972.
    4        8918.       9134.       5490.      11228.       9227.
    5       14468.      23748.      19145.       8720.      20020.
    6        5733.      18789.      49239.      21694.       9290.
    7        6004.       6841.      12503.      44809.      15961.
    8       15028.       6422.       2686.       9226.      33480.
    9        5164.      10755.       1993.       2653.       3256.
   10        4971.       4372.       2567.       1469.       1413.
   11        3848.       3608.       1764.       1223.        963.
   12        5286.       2737.       1342.        661.        739.
   13        5502.       5661.       1043.        654.        507.
 ====================================================================
 Total      75451.      92814.     100713.     104227.     106827.

   AGE       1992        1993        1994        1995
 _____________________________________________________________________________

    3       14039.       7417.      18039.       2729.
    4       23299.      37512.      22771.      25113.
    5        9020.      22799.      35290.      20847.
    6       15999.       6071.      23720.      30232.
    7        8711.       9253.       7549.      22880.
    8       12640.       4660.       6761.       6942.
    9       18006.       7101.       5966.       5451.
   10        4115.       5740.       5933.       3228.
   11         660.       1642.       5711.       3818.
   12         712.        334.       1145.       2877.
   13         208.        100.        768.       1363.
 ====================================================================
 Total     107408.     102629.     133653.     125481.

 Catch Numbers


   AGE       1987        1988        1989        1990        1991
 _____________________________________________________________________________

    3       3144.0      4757.0     22628.0     14884.0     88683.0
    4      44590.0     41331.0     26649.0     56995.0     49081.0
    5      60285.0     99366.0     77824.0     35593.0     86292.0
    6      20622.0     69331.0    188654.0     79757.0     34793.0
    7      19751.0     22955.0     43114.0    157225.0     55228.0
    8      46240.0     20131.0      8116.0     30248.0    110132.0
    9      15232.0     32201.0      5897.0      8187.0     10079.0
   10      13963.0     12349.0      7292.0      4372.0      4155.0
   11      10179.0     10250.0      4780.0      3379.0      2735.0
   12      13216.0      7378.0      3449.0      1786.0      2003.0
   13      13227.0     14048.0      2602.0      1726.0      1274.0
 ====================================================================
 Total    260449.0    334097.0    391005.0    394152.0    444455.0

   AGE       1992        1993        1994        1995
 _____________________________________________________________________________

    3      94860.0     51153.0    134616.0     20991.0
    4     122626.0    177780.0    113290.0    137232.0
    5      38381.0     92680.0    142876.0     86864.0
    6      58605.0     20791.0     87207.0    109140.0
    7      27921.0     28560.0     24913.0     76780.0
    8      38420.0     13313.0     20303.0     21361.0
    9      53114.0     19617.0     16301.0     15225.0
   10      11592.0     15266.0     15695.0      8541.0
   11       1727.0      4254.0     14680.0      9617.0
   12       1757.0       797.0      2936.0      7034.0
   13        530.0       256.0      1874.0      3147.0
 ====================================================================
 Total    449533.0    424467.0    574691.0    495932.0


               Surplus Production

     Average Adjustment Factor (Delta) =   1.0000

 Year        Biomass  Delta Biomass  Catch Biomass  Surplus Production

 1987     501992.583      -9771.216      75450.782      65679.566
 1988     492221.367     -34433.554      92813.816      58380.262
 1989     457787.813     -48149.994     100713.041      52563.047
 1990     409637.819      26373.126     104226.989     130600.115
 1991     436010.945     106955.926     106827.024     213782.950
 1992     542966.872      56496.563     107408.317     163904.880
 1993     599463.435      76592.392     102628.948     179221.340
 1994     676055.827     -78328.770     133652.824      55324.054
 1995     597727.057     -65597.518     125480.745      59883.227
 1996     532129.540


 Summary of Survey Indices Used in the Estimate

 INDEX    Survey Tag    Age   Time  Type  Catchability Std. Error   CV
 _____________________________________________________________________________

   1 Acoustic              4   JAN-1 NUMBER  0.9386E+00  0.1205E+00  0.1284E+00
   2 Acoustic              5   JAN-1 NUMBER  0.1049E+01  0.1199E+00  0.1143E+00
   3 Acoustic              6   JAN-1 NUMBER  0.1034E+01  0.1330E+00  0.1286E+00
   4 Acoustic              7   JAN-1 NUMBER  0.1059E+01  0.9558E-01  0.9025E-01
   5 Acoustic              8   JAN-1 NUMBER  0.1216E+01  0.1990E+00  0.1636E+00
   6 Acoustic              9   JAN-1 NUMBER  0.1739E+01  0.1882E+00  0.1082E+00
   7 Acoustic             10   JAN-1 NUMBER  0.1669E+01  0.2535E+00  0.1518E+00
   8 Acoustic             11   JAN-1 NUMBER  0.1461E+01  0.1277E+00  0.8737E-01


 Survey Index:    1 Tag: Acoustic           AGE =  4
 Time = JAN-1           Type = NUMBER
 Catchability =    0.938640E+00   % Variance Contribution =    15.6756
 Unweighted Residual = LN(Observed) - LN(Predicted)

 Year      Observed        Predicted         Residual      Unweighted Resid
 _____________________________________________________________________________

 1987     N/A              0.925537E+06     N/A              N/A
 1988     0.401246E+06     0.439886E+06    -0.919419E-01    -0.919419E-01
 1989     0.201284E+06     0.226323E+06    -0.117244E+00    -0.117244E+00
 1990     0.655361E+06     0.367186E+06     0.579318E+00     0.579318E+00
 1991     0.132235E+06     0.248517E+06    -0.630933E+00    -0.630933E+00
 1992     0.104999E+07     0.709550E+06     0.391906E+00     0.391906E+00
 1993     0.830608E+06     0.934907E+06    -0.118289E+00    -0.118289E+00
 1994     0.505279E+06     0.511796E+06    -0.128161E-01    -0.128161E-01
 1995     N/A              0.888555E+06     N/A              N/A
 1996     0.133810E+06     0.133810E+06     0.631639E-09     0.631639E-09

 Survey Index:    2 Tag: Acoustic           AGE =  5
 Time = JAN-1           Type = NUMBER
 Catchability =    0.104865E+01   % Variance Contribution =    12.4179
 Unweighted Residual = LN(Observed) - LN(Predicted)

 Year      Observed        Predicted         Residual      Unweighted Resid
 _____________________________________________________________________________

 1987     N/A              0.314689E+06     N/A              N/A
 1988     0.858012E+06     0.891168E+06    -0.379151E-01    -0.379151E-01
 1989     0.232808E+06     0.403497E+06    -0.549954E+00    -0.549954E+00
 1990     0.179364E+06     0.202242E+06    -0.120046E+00    -0.120046E+00
 1991     0.258591E+06     0.314432E+06    -0.195519E+00    -0.195519E+00
 1992     0.354521E+06     0.202372E+06     0.560660E+00     0.560660E+00
 1993     0.729556E+06     0.595193E+06     0.203551E+00     0.203551E+00
 1994     0.882868E+06     0.768125E+06     0.139223E+00     0.139223E+00
 1995     N/A              0.404637E+06     N/A              N/A
 1996     0.761581E+06     0.761581E+06    -0.940904E-08    -0.940904E-08

 Survey Index:    3 Tag: Acoustic           AGE =  6
 Time = JAN-1           Type = NUMBER
 Catchability =    0.103387E+01   % Variance Contribution =    15.7227
 Unweighted Residual = LN(Observed) - LN(Predicted)

 Year      Observed        Predicted         Residual      Unweighted Resid
 _____________________________________________________________________________

 1987     N/A              0.872763E+05     N/A              N/A
 1988     0.308065E+06     0.221583E+06     0.329514E+00     0.329514E+00
 1989     0.381417E+06     0.697423E+06    -0.603498E+00    -0.603498E+00
 1990     0.278836E+06     0.283601E+06    -0.169432E-01    -0.169432E-01
 1991     0.943730E+05     0.145490E+06    -0.432851E+00    -0.432851E+00
 1992     0.319866E+06     0.195924E+06     0.490177E+00     0.490177E+00
 1993     0.158778E+06     0.142876E+06     0.105528E+00     0.105528E+00
 1994     0.496297E+06     0.439996E+06     0.120408E+00     0.120408E+00
 1995     N/A              0.545047E+06     N/A              N/A
 1996     0.277893E+06     0.275771E+06     0.766620E-02     0.766620E-02

 Survey Index:    4 Tag: Acoustic           AGE =  7
 Time = JAN-1           Type = NUMBER
 Catchability =    0.105902E+01   % Variance Contribution =     7.7411
 Unweighted Residual = LN(Observed) - LN(Predicted)

 Year      Observed        Predicted         Residual      Unweighted Resid
 _____________________________________________________________________________

 1987     N/A              0.730396E+05     N/A              N/A
 1988     0.571030E+05     0.601775E+05    -0.524424E-01    -0.524424E-01
 1989     0.188456E+06     0.135800E+06     0.327680E+00     0.327680E+00
 1990     0.592982E+06     0.456987E+06     0.260510E+00     0.260510E+00
 1991     0.191054E+06     0.182785E+06     0.442429E-01     0.442429E-01
 1992     0.898250E+05     0.998995E+05    -0.106301E+00    -0.106301E+00
 1993     0.130781E+06     0.122771E+06     0.632055E-01     0.632055E-01
 1994     0.669630E+05     0.111519E+06    -0.510055E+00    -0.510055E+00
 1995     N/A              0.320173E+06     N/A              N/A
 1996     0.385027E+06     0.395501E+06    -0.268393E-01    -0.268393E-01

 Survey Index:    5 Tag: Acoustic           AGE =  8
 Time = JAN-1           Type = NUMBER
 Catchability =    0.121650E+01   % Variance Contribution =    25.4384
 Unweighted Residual = LN(Observed) - LN(Predicted)

 Year      Observed        Predicted         Residual      Unweighted Resid
 _____________________________________________________________________________

 1987     N/A              0.130618E+06     N/A              N/A
 1988     0.325320E+05     0.531387E+05    -0.490682E+00    -0.490682E+00
 1989     0.464480E+05     0.361168E+05     0.251574E+00     0.251574E+00
 1990     0.179665E+06     0.914597E+05     0.675195E+00     0.675195E+00
 1991     0.514403E+06     0.293851E+06     0.559933E+00     0.559933E+00
 1992     0.138333E+06     0.126321E+06     0.908405E-01     0.908405E-01
 1993     0.541560E+05     0.716384E+05    -0.279763E+00    -0.279763E+00
 1994     0.582950E+05     0.946541E+05    -0.484713E+00    -0.484713E+00
 1995     N/A              0.871639E+05     N/A              N/A
 1996     0.176906E+06     0.244204E+06    -0.322385E+00    -0.322385E+00

 Survey Index:    6 Tag: Acoustic           AGE =  9
 Time = JAN-1           Type = NUMBER
 Catchability =    0.173892E+01   % Variance Contribution =     9.3658
 Unweighted Residual = LN(Observed) - LN(Predicted)

 Year      Observed        Predicted         Residual      Unweighted Resid
 _____________________________________________________________________________

 1987     N/A              0.740556E+05     N/A              N/A
 1988     0.704260E+05     0.928661E+05    -0.276597E+00    -0.276597E+00
 1989     0.257980E+05     0.356256E+05    -0.322767E-02    -0.322767E+00
 1990     0.221820E+05     0.333325E+05    -0.407251E+00    -0.407251E+00
 1991     0.793530E+05     0.685084E+05     0.146951E+00     0.146951E+00
 1992     0.256921E+06     0.198948E+06     0.255724E+00     0.255724E+00
 1993     0.963300E+05     0.100118E+06    -0.385684E-01    -0.385684E-01
 1994     0.106172E+06     0.706957E+05     0.406676E+00     0.406676E+00
 1995     N/A              0.889466E+05     N/A              N/A
 1996     0.981500E+05     0.775300E+05     0.235832E+00     0.235832E+00

 Survey Index:    7 Tag: Acoustic           AGE = 10
 Time = JAN-1           Type = NUMBER
 Catchability =    0.166931E+01   % Variance Contribution =     9.4069
 Unweighted Residual = LN(Observed) - LN(Predicted)

 Year      Observed        Predicted         Residual      Unweighted Resid
 _____________________________________________________________________________

 1987     N/A              0.633986E+05     N/A              N/A
 1988     0.367130E+05     0.402430E+05    -0.918061E-01    -0.918061E-01
 1989     0.328190E+05     0.299668E+05     0.909169E-03     0.909169E-01
 1990     0.217680E+05     0.216129E+05     0.715092E-04     0.715092E-02
 1991     0.376180E+05     0.160219E+05     0.853526E-02     0.853526E+00
 1992     0.212900E+05     0.435512E+05    -0.715700E+00    -0.715700E+00
 1993     0.966490E+05     0.889664E+05     0.828272E-01     0.828272E-01
 1994     0.488740E+05     0.559410E+05    -0.135052E+00    -0.135052E+00
 1995     N/A              0.356501E+05     N/A              N/A
 1996     0.485030E+05     0.531697E+05    -0.918634E-01    -0.918634E-01

 Survey Index:    8 Tag: Acoustic           AGE = 11
 Time = JAN-1           Type = NUMBER
 Catchability =    0.146120E+01   % Variance Contribution =     4.2315
 Unweighted Residual = LN(Observed) - LN(Predicted)

 Year      Observed        Predicted         Residual      Unweighted Resid
 _____________________________________________________________________________

 1987     N/A              0.385366E+05     N/A              N/A
 1988     0.235860E+05     0.308923E+05    -0.269852E+00    -0.269852E+00
 1989     0.174390E+05     0.148245E+05     0.162425E-02     0.162425E+00
 1990     0.130800E+05     0.136499E+05    -0.426451E-03    -0.426451E-01
 1991     0.939400E+04     0.110658E+05    -0.163792E-02    -0.163792E+00
 1992     0.986600E+04     0.694582E+04     0.350955E-02     0.350955E+00
 1993     0.245420E+05     0.184716E+05     0.284154E+00     0.284154E+00
 1994     0.362010E+05     0.493173E+05    -0.309189E+00    -0.309189E+00
 1995     N/A              0.226219E+05     N/A              N/A
 1996     0.162260E+05     0.164228E+05    -0.120547E-01    -0.120547E-01


Survey Weight Factors - Survey Index =     6

      1987        1.0000
      1988        1.0000
      1989        0.0100
      1990        1.0000
      1991        1.0000
      1992        1.0000
      1993        1.0000
      1994        1.0000
      1995        1.0000
      1996        1.0000


Survey Weight Factors - Survey Index =     7

      1987        1.0000
      1988        1.0000
      1989        0.0100
      1990        0.0100
      1991        0.0100
      1992        1.0000
      1993        1.0000
      1994        1.0000
      1995        1.0000
      1996        1.0000


Survey Weight Factors - Survey Index =     8

      1987        1.0000
      1988        1.0000
      1989        0.0100
      1990        0.0100
      1991        0.0100
      1992        0.0100
      1993        1.0000
      1994        1.0000
      1995        1.0000
      1996        1.0000



 Plus Group Diagnostic Report 

 Calculation Method Selected = Forward

          Population  Population    F            F
 Year     Backward     Forward    Forward     Backward    Ratio

 1987      34252.      34252.    0.517617    0.517617    1.000000
 1988      27088.      36924.    0.507697    0.779775    1.535906
 1989       7122.      26011.    0.110957    0.481894    4.343091
 1990       4504.      26340.    0.071301    0.512506    7.187882
 1991       3341.      24719.    0.055655    0.509246    9.150053
 1992       1286.      24012.    0.023463    0.564179   24.045325
 1993        856.      23417.    0.011554    0.375742   32.521837
 1994       4728.      22601.    0.091090    0.535508    5.878873
 1995       7450.      22594.    0.158028    0.582995    3.689181
 1996      12173.      25866.       N/A         N/A
