 VPA Version 3.3.0

 Model ID: k=0.3, 2009-2011 Ichtio.                                                        


 Input File: C:\USERS\JACOB\GITHUB_PROJETS\MGWG\STATE-SPACE\ICEHERRING\RETRO\RUN1NWWG_R_09.DA
 Date of Run: 16-NOV-2017                         Time of Run: 13:20


 Levenburg-Marquardt Algorithm Completed     5 Iterations
 Residual Sum of Squares =     36.0075    

 Number of Residuals     =    160
 Number of Parameters    =      9
 Degrees of Freedom      =    151
 Mean Squared Residual   =     0.238460    
 Standard Deviation      =     0.488324    


 Number of Years =    21
 Number of Ages  =    11
 First Year      =  1987
 Youngest Age    =     3
 Oldest True Age =    12

 Number of Survey Indices Available        =    10
 Number of Survey Indices Used in Estimate =     8


 VPA Classic Method - Auto Estimated Q's


 Stock Numbers Predicted in Terminal Year Plus One (2008)
 Age    Stock Predicted     Std. Error      CV

   4         419239.529   0.210433E+06   0.501941E+00
   5         285718.085   0.112963E+06   0.395367E+00
   6         374553.750   0.141239E+06   0.377086E+00
   7         225789.330   0.725926E+05   0.321506E+00
   8         330152.315   0.100131E+06   0.303286E+00
   9         500213.707   0.137947E+06   0.275776E+00
  10          89624.496   0.255313E+05   0.284870E+00
  11          62002.919   0.163578E+05   0.263822E+00
  12          36560.739   0.118467E+05   0.324028E+00

 Catchability Values for Each Survey Used in Estimate
 INDEX     Catchability    Std. Error      CV

   1       0.108953E+01   0.105511E+00   0.968410E-01
   2       0.131045E+01   0.136888E+00   0.104459E+00
   3       0.122593E+01   0.955733E-01   0.779601E-01
   4       0.126949E+01   0.105576E+00   0.831641E-01
   5       0.130796E+01   0.137593E+00   0.105197E+00
   6       0.149294E+01   0.185466E+00   0.124228E+00
   7       0.169853E+01   0.233193E+00   0.137291E+00
   8       0.152253E+01   0.217648E+00   0.142952E+00


 -- Non-Linear Least Squares Fit --

 Maximum Marquadt Iterations    =       100
 Scaled Gradient Tolerance      =    6.055454E-05
 Scaled Step Tolerance          =    1.000000E-18
 Relative Function Tolerance    =    1.000000E-18
 Absolute Function Tolerance    =    4.930381E-32

 Reported Machine Precision     =    2.220446E-16


 VPA Method Options

 - Catchability Values Estimated as an Analytic Function of N
 - Catch Equation Used in Cohort Solution
 - Plus Group Forward Calculation Method Used
 - Arithmetic Average Used in F-Oldest Calculation
 - F-Oldest Calculation in Years Prior to Terminal Year 
   Uses Fishing Mortality in Ages  8 to 11
 - Calculation of Population of Age 3 In Year 2008
   =  Geometric Mean of First Age Populations
      Year Range Applied =  1987 to  2004
 - Survey Weight Factors Were Used

 Stock Estimates 

 Age   4
 Age   5
 Age   6
 Age   7
 Age   8
 Age   9
 Age  10
 Age  11
 Age  12

 Full F in Terminal Year               =   0.2187

 F in Oldest True Age in Terminal Year =   0.1813

 Full F Calculated Using Classic Method

 F in Oldest True Age in Terminal Year has been
 Calculated in Same Manner as in All Other Years

 Age  Input Partial  Calc Partial   Fishing     Used In
      Recruitment    Recruitment    Mortality   Full F    Comments

   3      0.500          0.566       0.1924      NO      Stock Estimate in T+1   
   4      0.800          0.710       0.2414      NO      Stock Estimate in T+1   
   5      1.000          1.000       0.3400      YES     Stock Estimate in T+1   
   6      1.000          0.696       0.2368      YES     Stock Estimate in T+1   
   7      1.000          0.674       0.2292      YES     Stock Estimate in T+1   
   8      1.000          0.480       0.1633      YES     Stock Estimate in T+1   
   9      1.000          0.652       0.2216      YES     Stock Estimate in T+1   
  10      1.000          0.487       0.1656      YES     Stock Estimate in T+1   
  11      1.000          0.514       0.1748      YES     Stock Estimate in T+1   
  12      1.000          0.533       0.1813              F-Oldest                

 Catch At Age - Input Data


   AGE       1987        1988        1989        1990        1991
 ____________________________________________________________________

    3       3144.0      4757.0     22628.0     14884.0     88683.0
    4      44590.0     41331.0     26649.0     56995.0     49081.0
    5      60285.0     99366.0     77824.0     35593.0     86292.0
    6      20622.0     69331.0    188654.0     79757.0     34793.0
    7      19751.0     22955.0     43114.0    157225.0     55228.0
    8      46240.0     20131.0      8116.0     30248.0    110132.0
    9      15232.0     32201.0      5897.0      8187.0     10079.0
   10      13963.0     12349.0      7292.0      4372.0      4155.0
   11      10179.0     10250.0      4780.0      3379.0      2735.0
   12      13216.0      7378.0      3449.0      1786.0      2003.0
   13      13227.0     14048.0      2602.0      1726.0      1274.0

   AGE       1992        1993        1994        1995        1996
 ____________________________________________________________________

    3      94860.0     51153.0    134616.0     20991.0     15969.0
    4     122626.0    177780.0    113290.0    137232.0     40311.0
    5      38381.0     92680.0    142876.0     86864.0     86187.0
    6      58605.0     20791.0     87207.0    109140.0     68927.0
    7      27921.0     28560.0     24913.0     76780.0     84660.0
    8      38420.0     13313.0     20303.0     21361.0     39664.0
    9      53114.0     19617.0     16301.0     15225.0     14746.0
   10      11592.0     15266.0     15695.0      8541.0      8419.0
   11       1727.0      4254.0     14680.0      9617.0      5836.0
   12       1757.0       797.0      2936.0      7034.0      3152.0
   13        530.0       256.0      1874.0      3147.0      7750.0

   AGE       1997        1998        1999        2000        2001
 ____________________________________________________________________

    3      39240.0     45390.0     56315.0     57282.0     42304.0
    4      30141.0    175529.0     54779.0    136278.0     86422.0
    5      26307.0     22691.0    140913.0     49289.0     93597.0
    6      36738.0      8613.0     16093.0     76614.0     30336.0
    7      33705.0     40898.0     13506.0     11546.0     54491.0
    8      31022.0     25944.0     31467.0      8294.0     10375.0
    9      22277.0     32046.0     19845.0     16367.0      8762.0
   10       8531.0     14647.0     22031.0      9874.0     12244.0
   11       3383.0      2122.0     12609.0     11332.0      9907.0
   12       1141.0      2754.0      2673.0      6744.0      8259.0
   13      13767.0      4231.0      6676.0      5618.0      8838.0

 Catch At Age - Input Data


   AGE       2002        2003        2004        2005        2006
 ____________________________________________________________________

    3      80863.0    211495.0     63355.0     26091.0    118526.0
    4      70801.0    286017.0    139543.0     42116.0    217672.0
    5      45607.0     58120.0    182450.0    117910.0     54800.0
    6      54202.0     27979.0     40489.0    133437.0     48312.0
    7      21211.0     25592.0     13727.0     27565.0     57241.0
    8      42199.0     14203.0      9342.0     12074.0     13603.0
    9       9888.0     10944.0      5769.0      9203.0      5994.0
   10       4707.0      2230.0      7021.0      5172.0      4299.0
   11       6520.0      3424.0      3136.0      5116.0       898.0
   12       9108.0      4225.0      1861.0      1045.0      1626.0
   13      19046.0      5507.0      6720.0      4573.0      2995.0

   AGE       2007
 ____________________________________________________________________

    3      93697.0
    4      82205.0
    5     159970.0
    6      63565.0
    7      89599.0
    8      93435.0
    9      23422.0
   10      11760.0
   11       7353.0
   12       2593.0
   13       8683.0

 Weight At Age - Input Data


   AGE       1987        1988        1989        1990        1991
 ____________________________________________________________________

    3       0.1680      0.1570      0.1300      0.1270      0.1350
    4       0.2000      0.2210      0.2060      0.1970      0.1880
    5       0.2400      0.2390      0.2460      0.2450      0.2320
    6       0.2780      0.2710      0.2610      0.2720      0.2670
    7       0.3040      0.2980      0.2900      0.2850      0.2890
    8       0.3250      0.3190      0.3310      0.3050      0.3040
    9       0.3390      0.3340      0.3380      0.3240      0.3230
   10       0.3560      0.3540      0.3520      0.3360      0.3400
   11       0.3780      0.3520      0.3690      0.3620      0.3520
   12       0.4000      0.3710      0.3890      0.3700      0.3690
   13       0.4160      0.4030      0.4010      0.3790      0.3980

   AGE       1992        1993        1994        1995        1996
 ____________________________________________________________________

    3       0.1480      0.1450      0.1340      0.1300      0.1390
    4       0.1900      0.2110      0.2010      0.1830      0.1680
    5       0.2350      0.2460      0.2470      0.2400      0.2120
    6       0.2730      0.2920      0.2720      0.2770      0.2580
    7       0.3120      0.3240      0.3030      0.2980      0.2890
    8       0.3290      0.3500      0.3330      0.3250      0.3080
    9       0.3390      0.3620      0.3660      0.3580      0.3250
   10       0.3550      0.3760      0.3780      0.3780      0.3530
   11       0.3820      0.3860      0.3890      0.3970      0.3530
   12       0.4050      0.4190      0.3900      0.4090      0.3770
   13       0.3920      0.3890      0.4100      0.4330      0.4020

   AGE       1997        1998        1999        2000        2001
 ____________________________________________________________________

    3       0.1310      0.1340      0.1370      0.1590      0.1390
    4       0.1910      0.1850      0.2040      0.2170      0.2140
    5       0.2330      0.2380      0.2330      0.2680      0.2440
    6       0.2690      0.2640      0.2680      0.2890      0.2860
    7       0.3000      0.2880      0.2940      0.3250      0.2960
    8       0.3240      0.3240      0.3110      0.3420      0.3240
    9       0.3410      0.3400      0.3390      0.3630      0.3470
   10       0.3550      0.3480      0.3530      0.3780      0.3540
   11       0.3620      0.3750      0.3620      0.3930      0.3850
   12       0.3670      0.4060      0.3780      0.4070      0.4030
   13       0.3970      0.4150      0.4040      0.4290      0.4230

 Weight At Age - Input Data


   AGE       2002        2003        2004        2005        2006
 ____________________________________________________________________

    3       0.1610      0.1560      0.1490      0.1700      0.1890
    4       0.2110      0.1890      0.2130      0.2240      0.2340
    5       0.2580      0.2290      0.2480      0.2620      0.2630
    6       0.2800      0.2600      0.2800      0.2750      0.2900
    7       0.3190      0.2830      0.3150      0.2980      0.3040
    8       0.3320      0.3090      0.3310      0.3240      0.3390
    9       0.3540      0.3360      0.3490      0.3350      0.3490
   10       0.4050      0.3360      0.3550      0.3350      0.3690
   11       0.3960      0.3690      0.3790      0.3560      0.4160
   12       0.4160      0.3940      0.3880      0.3720      0.4020
   13       0.4470      0.3990      0.4170      0.4020      0.4300

   AGE       2007
 ____________________________________________________________________

    3       0.1570
    4       0.2200
    5       0.2450
    6       0.2610
    7       0.2770
    8       0.2870
    9       0.3110
   10       0.3380
   11       0.3340
   12       0.3460
   13       0.3690

 JAN-1 Weights at Age - Input Data


   AGE       1987        1988        1989        1990        1991
 ____________________________________________________________________

    3       0.1680      0.1570      0.1300      0.1270      0.1350
    4       0.2000      0.2210      0.2060      0.1970      0.1880
    5       0.2400      0.2390      0.2460      0.2450      0.2320
    6       0.2780      0.2710      0.2610      0.2720      0.2670
    7       0.3040      0.2980      0.2900      0.2850      0.2890
    8       0.3250      0.3190      0.3310      0.3050      0.3040
    9       0.3390      0.3340      0.3380      0.3240      0.3230
   10       0.3560      0.3540      0.3520      0.3360      0.3400
   11       0.3780      0.3520      0.3690      0.3620      0.3520
   12       0.4000      0.3710      0.3890      0.3700      0.3690
   13       0.4160      0.4030      0.4010      0.3790      0.3980

   AGE       1992        1993        1994        1995        1996
 ____________________________________________________________________

    3       0.1480      0.1450      0.1340      0.1300      0.1390
    4       0.1900      0.2110      0.2010      0.1830      0.1680
    5       0.2350      0.2460      0.2470      0.2400      0.2120
    6       0.2730      0.2920      0.2720      0.2770      0.2580
    7       0.3120      0.3240      0.3030      0.2980      0.2890
    8       0.3290      0.3500      0.3330      0.3250      0.3080
    9       0.3390      0.3620      0.3660      0.3580      0.3250
   10       0.3550      0.3760      0.3780      0.3780      0.3530
   11       0.3820      0.3860      0.3890      0.3970      0.3530
   12       0.4050      0.4190      0.3900      0.4090      0.3770
   13       0.3920      0.3890      0.4100      0.4330      0.4020

   AGE       1997        1998        1999        2000        2001
 ____________________________________________________________________

    3       0.1310      0.1340      0.1370      0.1590      0.1390
    4       0.1910      0.1850      0.2040      0.2170      0.2140
    5       0.2330      0.2380      0.2330      0.2680      0.2440
    6       0.2690      0.2640      0.2680      0.2890      0.2860
    7       0.3000      0.2880      0.2940      0.3250      0.2960
    8       0.3240      0.3240      0.3110      0.3420      0.3240
    9       0.3410      0.3400      0.3390      0.3630      0.3470
   10       0.3550      0.3480      0.3530      0.3780      0.3540
   11       0.3620      0.3750      0.3620      0.3930      0.3850
   12       0.3670      0.4060      0.3780      0.4070      0.4030
   13       0.3970      0.4150      0.4040      0.4290      0.4230

 JAN-1 Weights at Age - Input Data


   AGE       2002        2003        2004        2005        2006
 ____________________________________________________________________

    3       0.1610      0.1560      0.1490      0.1700      0.1890
    4       0.2110      0.1890      0.2130      0.2240      0.2340
    5       0.2580      0.2290      0.2480      0.2620      0.2630
    6       0.2800      0.2600      0.2800      0.2750      0.2900
    7       0.3190      0.2830      0.3150      0.2980      0.3040
    8       0.3320      0.3090      0.3310      0.3240      0.3390
    9       0.3540      0.3360      0.3490      0.3350      0.3490
   10       0.4050      0.3360      0.3550      0.3350      0.3690
   11       0.3960      0.3690      0.3790      0.3560      0.4160
   12       0.4160      0.3940      0.3880      0.3720      0.4020
   13       0.4470      0.3990      0.4170      0.4020      0.4300

   AGE       2007        2008
 ____________________________________________________________________

    3       0.1570      0.1740
    4       0.2200      0.2320
    5       0.2450      0.2750
    6       0.2610      0.2920
    7       0.2770      0.3070
    8       0.2870      0.3150
    9       0.3110      0.3270
   10       0.3380      0.3450
   11       0.3340      0.3660
   12       0.3460      0.3770
   13       0.3690      0.3960

 SSB Weight At Age - Input Data


   AGE       1987        1988        1989        1990        1991
 ____________________________________________________________________

    3       0.1680      0.1570      0.1300      0.1270      0.1350
    4       0.2000      0.2210      0.2060      0.1970      0.1880
    5       0.2400      0.2390      0.2460      0.2450      0.2320
    6       0.2780      0.2710      0.2610      0.2720      0.2670
    7       0.3040      0.2980      0.2900      0.2850      0.2890
    8       0.3250      0.3190      0.3310      0.3050      0.3040
    9       0.3390      0.3340      0.3380      0.3240      0.3230
   10       0.3560      0.3540      0.3520      0.3360      0.3400
   11       0.3780      0.3520      0.3690      0.3620      0.3520
   12       0.4000      0.3710      0.3890      0.3700      0.3690
   13       0.4160      0.4030      0.4010      0.3790      0.3980

   AGE       1992        1993        1994        1995        1996
 ____________________________________________________________________

    3       0.1480      0.1450      0.1340      0.1300      0.1390
    4       0.1900      0.2110      0.2010      0.1830      0.1680
    5       0.2350      0.2460      0.2470      0.2400      0.2120
    6       0.2730      0.2920      0.2720      0.2770      0.2580
    7       0.3120      0.3240      0.3030      0.2980      0.2890
    8       0.3290      0.3500      0.3330      0.3250      0.3080
    9       0.3390      0.3620      0.3660      0.3580      0.3250
   10       0.3550      0.3760      0.3780      0.3780      0.3530
   11       0.3820      0.3860      0.3890      0.3970      0.3530
   12       0.4050      0.4190      0.3900      0.4090      0.3770
   13       0.3920      0.3890      0.4100      0.4330      0.4020

   AGE       1997        1998        1999        2000        2001
 ____________________________________________________________________

    3       0.1310      0.1340      0.1370      0.1590      0.1390
    4       0.1910      0.1850      0.2040      0.2170      0.2140
    5       0.2330      0.2380      0.2330      0.2680      0.2440
    6       0.2690      0.2640      0.2680      0.2890      0.2860
    7       0.3000      0.2880      0.2940      0.3250      0.2960
    8       0.3240      0.3240      0.3110      0.3420      0.3240
    9       0.3410      0.3400      0.3390      0.3630      0.3470
   10       0.3550      0.3480      0.3530      0.3780      0.3540
   11       0.3620      0.3750      0.3620      0.3930      0.3850
   12       0.3670      0.4060      0.3780      0.4070      0.4030
   13       0.3970      0.4150      0.4040      0.4290      0.4230

 SSB Weight At Age - Input Data


   AGE       2002        2003        2004        2005        2006
 ____________________________________________________________________

    3       0.1610      0.1560      0.1490      0.1700      0.1890
    4       0.2110      0.1890      0.2130      0.2240      0.2340
    5       0.2580      0.2290      0.2480      0.2620      0.2630
    6       0.2800      0.2600      0.2800      0.2750      0.2900
    7       0.3190      0.2830      0.3150      0.2980      0.3040
    8       0.3320      0.3090      0.3310      0.3240      0.3390
    9       0.3540      0.3360      0.3490      0.3350      0.3490
   10       0.4050      0.3360      0.3550      0.3350      0.3690
   11       0.3960      0.3690      0.3790      0.3560      0.4160
   12       0.4160      0.3940      0.3880      0.3720      0.4020
   13       0.4470      0.3990      0.4170      0.4020      0.4300

   AGE       2007
 ____________________________________________________________________

    3       0.1570
    4       0.2200
    5       0.2450
    6       0.2610
    7       0.2770
    8       0.2870
    9       0.3110
   10       0.3380
   11       0.3340
   12       0.3460
   13       0.3690

 Natural Mortality - Input Data


   AGE       1987        1988        1989        1990        1991
 ____________________________________________________________________

    3       0.1000      0.1000      0.1000      0.1000      0.1000
    4       0.1000      0.1000      0.1000      0.1000      0.1000
    5       0.1000      0.1000      0.1000      0.1000      0.1000
    6       0.1000      0.1000      0.1000      0.1000      0.1000
    7       0.1000      0.1000      0.1000      0.1000      0.1000
    8       0.1000      0.1000      0.1000      0.1000      0.1000
    9       0.1000      0.1000      0.1000      0.1000      0.1000
   10       0.1000      0.1000      0.1000      0.1000      0.1000
   11       0.1000      0.1000      0.1000      0.1000      0.1000
   12       0.1000      0.1000      0.1000      0.1000      0.1000
   13       0.1000      0.1000      0.1000      0.1000      0.1000

   AGE       1992        1993        1994        1995        1996
 ____________________________________________________________________

    3       0.1000      0.1000      0.1000      0.1000      0.1000
    4       0.1000      0.1000      0.1000      0.1000      0.1000
    5       0.1000      0.1000      0.1000      0.1000      0.1000
    6       0.1000      0.1000      0.1000      0.1000      0.1000
    7       0.1000      0.1000      0.1000      0.1000      0.1000
    8       0.1000      0.1000      0.1000      0.1000      0.1000
    9       0.1000      0.1000      0.1000      0.1000      0.1000
   10       0.1000      0.1000      0.1000      0.1000      0.1000
   11       0.1000      0.1000      0.1000      0.1000      0.1000
   12       0.1000      0.1000      0.1000      0.1000      0.1000
   13       0.1000      0.1000      0.1000      0.1000      0.1000

   AGE       1997        1998        1999        2000        2001
 ____________________________________________________________________

    3       0.1000      0.1000      0.1000      0.1000      0.1000
    4       0.1000      0.1000      0.1000      0.1000      0.1000
    5       0.1000      0.1000      0.1000      0.1000      0.1000
    6       0.1000      0.1000      0.1000      0.1000      0.1000
    7       0.1000      0.1000      0.1000      0.1000      0.1000
    8       0.1000      0.1000      0.1000      0.1000      0.1000
    9       0.1000      0.1000      0.1000      0.1000      0.1000
   10       0.1000      0.1000      0.1000      0.1000      0.1000
   11       0.1000      0.1000      0.1000      0.1000      0.1000
   12       0.1000      0.1000      0.1000      0.1000      0.1000
   13       0.1000      0.1000      0.1000      0.1000      0.1000

 Natural Mortality - Input Data


   AGE       2002        2003        2004        2005        2006
 ____________________________________________________________________

    3       0.1000      0.1000      0.1000      0.1000      0.1000
    4       0.1000      0.1000      0.1000      0.1000      0.1000
    5       0.1000      0.1000      0.1000      0.1000      0.1000
    6       0.1000      0.1000      0.1000      0.1000      0.1000
    7       0.1000      0.1000      0.1000      0.1000      0.1000
    8       0.1000      0.1000      0.1000      0.1000      0.1000
    9       0.1000      0.1000      0.1000      0.1000      0.1000
   10       0.1000      0.1000      0.1000      0.1000      0.1000
   11       0.1000      0.1000      0.1000      0.1000      0.1000
   12       0.1000      0.1000      0.1000      0.1000      0.1000
   13       0.1000      0.1000      0.1000      0.1000      0.1000

   AGE       2007
 ____________________________________________________________________

    3       0.1000
    4       0.1000
    5       0.1000
    6       0.1000
    7       0.1000
    8       0.1000
    9       0.1000
   10       0.1000
   11       0.1000
   12       0.1000
   13       0.1000

 Proportion of Natural Mortality Before Spawning =       0.5000
 Proportion of Fishing Mortality Before Spawning =       0.0000

 Maturity - Input Data


   AGE       1987        1988        1989        1990        1991
 ____________________________________________________________________

    3       0.2000      0.2000      0.2000      0.2000      0.2000
    4       0.8500      0.8500      0.8500      0.8500      0.8500
    5       1.0000      1.0000      1.0000      1.0000      1.0000
    6       1.0000      1.0000      1.0000      1.0000      1.0000
    7       1.0000      1.0000      1.0000      1.0000      1.0000
    8       1.0000      1.0000      1.0000      1.0000      1.0000
    9       1.0000      1.0000      1.0000      1.0000      1.0000
   10       1.0000      1.0000      1.0000      1.0000      1.0000
   11       1.0000      1.0000      1.0000      1.0000      1.0000
   12       1.0000      1.0000      1.0000      1.0000      1.0000
   13       1.0000      1.0000      1.0000      1.0000      1.0000

   AGE       1992        1993        1994        1995        1996
 ____________________________________________________________________

    3       0.2000      0.2000      0.2000      0.2000      0.2000
    4       0.8500      0.8500      0.8500      0.8500      0.8500
    5       1.0000      1.0000      1.0000      1.0000      1.0000
    6       1.0000      1.0000      1.0000      1.0000      1.0000
    7       1.0000      1.0000      1.0000      1.0000      1.0000
    8       1.0000      1.0000      1.0000      1.0000      1.0000
    9       1.0000      1.0000      1.0000      1.0000      1.0000
   10       1.0000      1.0000      1.0000      1.0000      1.0000
   11       1.0000      1.0000      1.0000      1.0000      1.0000
   12       1.0000      1.0000      1.0000      1.0000      1.0000
   13       1.0000      1.0000      1.0000      1.0000      1.0000

   AGE       1997        1998        1999        2000        2001
 ____________________________________________________________________

    3       0.2000      0.2000      0.2000      0.2000      0.2000
    4       0.8500      0.8500      0.8500      0.8500      0.8500
    5       1.0000      1.0000      1.0000      1.0000      1.0000
    6       1.0000      1.0000      1.0000      1.0000      1.0000
    7       1.0000      1.0000      1.0000      1.0000      1.0000
    8       1.0000      1.0000      1.0000      1.0000      1.0000
    9       1.0000      1.0000      1.0000      1.0000      1.0000
   10       1.0000      1.0000      1.0000      1.0000      1.0000
   11       1.0000      1.0000      1.0000      1.0000      1.0000
   12       1.0000      1.0000      1.0000      1.0000      1.0000
   13       1.0000      1.0000      1.0000      1.0000      1.0000

 Maturity - Input Data


   AGE       2002        2003        2004        2005        2006
 ____________________________________________________________________

    3       0.2000      0.2000      0.2000      0.2000      0.2000
    4       0.8500      0.8500      0.8500      0.8500      0.8500
    5       1.0000      1.0000      1.0000      1.0000      1.0000
    6       1.0000      1.0000      1.0000      1.0000      1.0000
    7       1.0000      1.0000      1.0000      1.0000      1.0000
    8       1.0000      1.0000      1.0000      1.0000      1.0000
    9       1.0000      1.0000      1.0000      1.0000      1.0000
   10       1.0000      1.0000      1.0000      1.0000      1.0000
   11       1.0000      1.0000      1.0000      1.0000      1.0000
   12       1.0000      1.0000      1.0000      1.0000      1.0000
   13       1.0000      1.0000      1.0000      1.0000      1.0000

   AGE       2007
 ____________________________________________________________________

    3       0.2000
    4       0.8500
    5       1.0000
    6       1.0000
    7       1.0000
    8       1.0000
    9       1.0000
   10       1.0000
   11       1.0000
   12       1.0000
   13       1.0000

 Input Partial Recruitment

   AGE

    3       0.5000
    4       0.8000
    5       1.0000
    6       1.0000
    7       1.0000
    8       1.0000
    9       1.0000
   10       1.0000
   11       1.0000
   12       1.0000


 Input F-Plus Ratio

   YEAR

   1987       1.0000
   1988       1.0000
   1989       1.0000
   1990       1.0000
   1991       1.0000
   1992       1.0000
   1993       1.0000
   1994       1.0000
   1995       1.0000
   1996       1.0000
   1997       1.0000
   1998       1.0000
   1999       1.0000
   2000       1.0000
   2001       1.0000
   2002       1.0000
   2003       1.0000
   2004       1.0000
   2005       1.0000
   2006       1.0000
   2007       1.0000

 SURVEY - INPUT DATA


INDEX                   1                  2                  3

SURVEY TAG      Acoustic            Acoustic            Acoustic          

AGE                   4                   5                   6       
TIME               JAN-1               JAN-1               JAN-1       
TYPE              NUMBERS             NUMBERS             NUMBERS      
RETRO FLAG           1                   1                   1
 ________________________________________________________________________

    1987              0.0000              0.0000              0.0000
    1988         401246.0000         858012.0000         308065.0000
    1989         201284.0000         232808.0000         381417.0000
    1990         655361.0000         179364.0000         278836.0000
    1991         132235.0000         258591.0000          94373.0000
    1992        1049990.0000         354521.0000         319866.0000
    1993         830608.0000         729556.0000         158778.0000
    1994         505279.0000         882868.0000         496297.0000
    1995              0.0000              0.0000              0.0000
    1996         133810.0000         761581.0000         277893.0000
    1997         270706.0000         133667.0000         468678.0000
    1998         601783.0000          81055.0000          57366.0000
    1999         255937.0000        1081504.0000         103344.0000
    2000         839491.0000         239064.0000         605858.0000
    2001         966960.0000        1316413.0000         191001.0000
    2002         287004.0000         217441.0000         260497.0000
    2003        1919368.0000         553149.0000         205656.0000
    2004        1434976.0000        2058222.0000         330800.0000
    2005         713730.0000        1022326.0000        1046657.0000
    2006         443877.0000         344983.0000         818738.0000
    2007         608205.0000        1059597.0000         410145.0000
    2008         456773.0000         289260.0000         541585.0000

 SURVEY - INPUT DATA


INDEX                   4                  5                  6

SURVEY TAG      Acoustic            Acoustic            Acoustic          

AGE                   7                   8                   9       
TIME               JAN-1               JAN-1               JAN-1       
TYPE              NUMBERS             NUMBERS             NUMBERS      
RETRO FLAG           1                   1                   1
 ________________________________________________________________________

    1987              0.0000              0.0000              0.0000
    1988          57103.0000          32532.0000          70426.0000
    1989         188456.0000          46448.0000          25798.0000
    1990         592982.0000         179665.0000          22182.0000
    1991         191054.0000         514403.0000          79353.0000
    1992          89825.0000         138333.0000         256921.0000
    1993         130781.0000          54156.0000          96330.0000
    1994          66963.0000          58295.0000         106172.0000
    1995              0.0000              0.0000              0.0000
    1996         385027.0000         176906.0000          98150.0000
    1997         269888.0000         325664.0000         217421.0000
    1998         287046.0000         155998.0000         203382.0000
    1999          51786.0000         135246.0000          70514.0000
    2000          88214.0000          43353.0000         165716.0000
    2001         482418.0000          34377.0000          15727.0000
    2002         161049.0000         345852.0000          62451.0000
    2003         262362.0000         153037.0000         276199.0000
    2004         109146.0000         100785.0000          38693.0000
    2005         171326.0000          62429.0000          44313.0000
    2006        1220902.0000         281448.0000         122183.0000
    2007         424525.0000         693423.0000          95997.0000
    2008         309443.0000         402889.0000         702708.0000

 SURVEY - INPUT DATA


INDEX                   7                  8                  9

SURVEY TAG      Acoustic            Acoustic            Acoustic          

AGE                  10                  11                  12       
TIME               JAN-1               JAN-1               JAN-1       
TYPE              NUMBERS             NUMBERS             NUMBERS      
RETRO FLAG           1                   1                   1
 ________________________________________________________________________

    1987              0.0000              0.0000              0.0000
    1988          36713.0000          23586.0000          18401.0000
    1989          32819.0000          17439.0000          10373.0000
    1990          21768.0000          13080.0000           9941.0000
    1991          37618.0000           9394.0000          12636.0000
    1992          21290.0000           9866.0000              0.0000
    1993          96649.0000          24542.0000           1130.0000
    1994          48874.0000          36201.0000              0.0000
    1995              0.0000              0.0000              0.0000
    1996          48503.0000          16226.0000          29390.0000
    1997          92979.0000          55494.0000          39048.0000
    1998         105730.0000          35469.0000          27373.0000
    1999         101626.0000          53935.0000          17414.0000
    2000          89916.0000         121345.0000          77600.0000
    2001          37940.0000          14320.0000          15413.0000
    2002          57105.0000          38405.0000          46044.0000
    2003          99206.0000          47621.0000          55126.0000
    2004          45582.0000           7039.0000           6362.0000
    2005          10947.0000          23942.0000          12669.0000
    2006         129588.0000          73339.0000          65287.0000
    2007         123748.0000          48773.0000            955.0000
    2008         221626.0000         244772.0000              0.0000

INDEX                  10

SURVEY TAG      Acoustic          

AGE                  13       
TIME               JAN-1       
TYPE              NUMBERS      
RETRO FLAG           1
 ________________________________________________________________________

    1987              0.0000
    1988          24278.0000
    1989           9081.0000
    1990           1989.0000
    1991              0.0000
    1992           9327.0000
    1993           1130.0000
    1994           4224.0000
    1995              0.0000
    1996          47945.0000
    1997          30028.0000
    1998          14234.0000
    1999          13636.0000
    2000          21542.0000
    2001          14668.0000
    2002          38114.0000
    2003          18798.0000
    2004           7509.0000
    2005              0.0000
    2006          10115.0000
    2007              0.0000
    2008              0.0000

     Additional Output Files 

Population File C:\USERS\JACOB\GITHUB_PROJETS\MGWG\STATE-SPACE\ICEHERRING\RETRO\
Auxilliary File C:\USERS\JACOB\GITHUB_PROJETS\MGWG\STATE-SPACE\ICEHERRING\RETRO\
Covariance File C:\USERS\JACOB\GITHUB_PROJETS\MGWG\STATE-SPACE\ICEHERRING\RETRO\
Residuals File  C:\USERS\JACOB\GITHUB_PROJETS\MGWG\STATE-SPACE\ICEHERRING\RETRO\
Log File        C:\USERS\JACOB\GITHUB_PROJETS\MGWG\STATE-SPACE\ICEHERRING\RETRO\


                             Estimation Results

 JAN-1 Population Numbers


   AGE       1987        1988        1989        1990        1991
 _____________________________________________________________________________

    3      530304.     271420.     448907.     302402.     847817.
    4      989488.     476850.     241068.     384682.     259479.
    5      300785.     852946.     392204.     192815.     293958.
    6       84624.     214953.     677399.     281026.     140684.
    7       69156.      57011.     128801.     434071.     178670.
    8      107476.      43850.      29858.      75696.     243859.
    9       42640.      53499.      20639.      19321.      39860.
   10       38040.      24155.      18036.      13085.       9735.
   11       26412.      21197.      10188.       9418.       7697.
   12       34268.      14261.       9490.       4699.       5321.
   13       34296.      37004.      26115.      26478.      24879.
 ====================================================================
 Total    2257489.    2067145.    2002705.    1743693.    2051959.

   AGE       1992        1993        1994        1995        1996
 _____________________________________________________________________________

    3     1042200.     646419.     702729.     210033.     187915.
    4      682895.     852901.     536302.     508097.     170105.
    5      188204.     501514.     603044.     377770.     329621.
    6      184185.     133873.     365824.     410128.     259417.
    7       94296.     111121.     101394.     248290.     267607.
    8      109325.      58856.      73462.      68116.     151894.
    9      116486.      62529.      40625.      47221.      41390.
   10       26508.      55168.      37987.      21329.      28300.
   11        4878.      13019.      35444.      19519.      11215.
   12        4374.       2778.       7749.      18178.       8572.
   13       24219.      23705.      22964.      23230.      27820.
 ====================================================================
 Total    2477570.    2461884.    2527524.    1951910.    1483853.

   AGE       1997        1998        1999        2000        2001
 _____________________________________________________________________________

    3      796993.     339255.     603371.     475041.     550300.
    4      154860.     683855.     263867.     492453.     375431.
    5      115679.     111519.     452313.     186777.     316380.
    6      216521.      79714.      79374.     275724.     122263.
    7      169369.     161042.      63947.      56549.     176846.
    8      161911.     121266.     106930.      45046.      40212.
    9       99825.     117062.      85110.      66925.      32887.
   10       23484.      69191.      75537.      58185.      45033.
   11       17627.      13170.      48709.      47464.      43275.
   12        4634.      12739.       9902.      32116.      32198.
   13       22595.      10573.      14476.      13210.      29298.
 ====================================================================
 Total    1783501.    1719386.    1803535.    1749492.    1764123.

 JAN-1 Population Numbers


   AGE       2002        2003        2004        2005        2006
 _____________________________________________________________________________

    3     2002268.    1287836.     612457.     989902.     568550.
    4      457736.    1734868.     964502.     493992.     870898.
    5      257720.     346956.    1298249.     740217.     406968.
    6      197551.     189904.     258765.    1001455.     557834.
    7       81856.     127360.     145266.     195699.     779436.
    8      108372.      53951.      90954.     118401.     150901.
    9       26546.      58109.      35349.      73424.      95664.
   10       21449.      14656.      42192.      26508.      57697.
   11       29138.      14942.      11144.      31512.      19077.
   12       29758.      20179.      10272.       7111.      23656.
   13       39434.      35971.      41569.      38761.      36171.
 ====================================================================
 Total    3251829.    3884732.    3510719.    3716983.    3566854.

   AGE       2007        2008
 _____________________________________________________________________________

    3      561634.     549475.
    4      401978.     419240.
    5      581573.     285718.
    6      316201.     374554.
    7      458849.     225789.
    8      650873.     330152.
    9      123618.     500214.
   10       80865.      89624.
   11       48121.      62003.
   12       16408.      36561.
   13       49743.      49152.
 ====================================================================
 Total    3289863.    2922483.



Fishing Mortality Calculated


   AGE       1987        1988        1989        1990        1991
 _____________________________________________________________________________

    3       0.0062      0.0186      0.0544      0.0531      0.1163
    4       0.0485      0.0954      0.1233      0.1690      0.2211
    5       0.2360      0.1304      0.2333      0.2152      0.3675
    6       0.2950      0.4122      0.3451      0.3529      0.3001
    7       0.3556      0.5468      0.4315      0.4766      0.3912
    8       0.5976      0.6536      0.3353      0.5413      0.6388
    9       0.4683      0.9873      0.3558      0.5854      0.3079
   10       0.4848      0.7633      0.5498      0.4306      0.5911
   11       0.5163      0.7036      0.6739      0.4709      0.4651
   12       0.5167      0.7769      0.4787      0.5071      0.5008
   13       0.5167      0.5063      0.1105      0.0709      0.0553

   AGE       1992        1993        1994        1995        1996
 _____________________________________________________________________________

    3       0.1004      0.0868      0.2243      0.1108      0.0935
    4       0.2087      0.2467      0.2504      0.3327      0.2856
    5       0.2406      0.2155      0.2855      0.2759      0.3203
    6       0.4053      0.1779      0.2876      0.3270      0.3264
    7       0.3713      0.3139      0.2978      0.3914      0.4025
    8       0.4587      0.2707      0.3419      0.3982      0.3198
    9       0.6474      0.3984      0.5443      0.4120      0.4667
   10       0.6110      0.3424      0.5659      0.5428      0.3734
   11       0.4631      0.4188      0.5677      0.7229      0.7838
   12       0.5450      0.3576      0.5050      0.5190      0.4859
   13       0.0233      0.0114      0.0896      0.1534      0.3452

   AGE       1997        1998        1999        2000        2001
 _____________________________________________________________________________

    3       0.0531      0.1513      0.1031      0.1353      0.0842
    4       0.2283      0.3134      0.2455      0.3425      0.2762
    5       0.2724      0.2400      0.3950      0.3237      0.3709
    6       0.1960      0.1204      0.2391      0.3441      0.3012
    7       0.2341      0.3095      0.2504      0.2410      0.3897
    8       0.2243      0.2540      0.3686      0.2146      0.3153
    9       0.2666      0.3381      0.2803      0.2962      0.3274
   10       0.4784      0.2510      0.3646      0.1961      0.3354
   11       0.2248      0.1852      0.3165      0.2881      0.2745
   12       0.2985      0.2571      0.3325      0.2487      0.3131
   13       1.0079      0.5423      0.6578      0.5883      0.3798



Fishing Mortality Calculated


   AGE       2002        2003        2004        2005        2006
 _____________________________________________________________________________

    3       0.0433      0.1891      0.1150      0.0281      0.2467
    4       0.1771      0.1899      0.1647      0.0938      0.3038
    5       0.2054      0.1933      0.1596      0.1829      0.1524
    6       0.3390      0.1680      0.1793      0.1506      0.0953
    7       0.3169      0.2367      0.1045      0.1600      0.0803
    8       0.5233      0.3228      0.1141      0.1132      0.0994
    9       0.4940      0.2201      0.1878      0.1411      0.0681
   10       0.2615      0.1739      0.1919      0.2290      0.0815
   11       0.2674      0.2748      0.3493      0.1867      0.0507
   12       0.3865      0.2479      0.2108      0.1675      0.0749
   13       0.7024      0.1751      0.1859      0.1322      0.0910

   AGE       2007
 _____________________________________________________________________________

    3       0.1924
    4       0.2414
    5       0.3400
    6       0.2368
    7       0.2292
    8       0.1633
    9       0.2216
   10       0.1656
   11       0.1748
   12       0.1813
   13       0.2023


 Average Fishing Mortality For Ages   5- 10

 Year      Average F   N Weighted  Biomass Wtd  Catch Wtd

 _____________________________________________________________________________

 1987       0.4062      0.3472      0.3655      0.3911
 1988       0.5823      0.2655      0.2917      0.4231
 1989       0.3751      0.3221      0.3263      0.3345
 1990       0.4337      0.3991      0.4061      0.4242
 1991       0.4328      0.4345      0.4433      0.4645
 1992       0.4557      0.4127      0.4299      0.4493
 1993       0.2865      0.2454      0.2535      0.2591
 1994       0.3872      0.3079      0.3151      0.3189
 1995       0.3912      0.3356      0.3420      0.3432
 1996       0.3682      0.3491      0.3528      0.3532
 1997       0.2786      0.2387      0.2404      0.2474
 1998       0.2522      0.2637      0.2675      0.2778
 1999       0.3163      0.3527      0.3479      0.3612
 2000       0.2693      0.3045      0.2996      0.3120
 2001       0.3400      0.3567      0.3551      0.3591
 2002       0.3567      0.3190      0.3288      0.3524
 2003       0.2191      0.2046      0.2074      0.2112
 2004       0.1562      0.1571      0.1563      0.1596
 2005       0.1628      0.1611      0.1603      0.1635
 2006       0.0962      0.0996      0.0978      0.1067
 2007       0.2261      0.2373      0.2326      0.2544

 Back Calculated Partial Recruitment


   AGE       1987        1988        1989        1990        1991
 _____________________________________________________________________________

    3       0.0105      0.0188      0.0807      0.0907      0.1821
    4       0.0811      0.0966      0.1830      0.2886      0.3462
    5       0.3949      0.1321      0.3462      0.3676      0.5753
    6       0.4936      0.4175      0.5120      0.6028      0.4697
    7       0.5950      0.5538      0.6404      0.8142      0.6124
    8       1.0000      0.6620      0.4975      0.9247      1.0000
    9       0.7836      1.0000      0.5279      1.0000      0.4820
   10       0.8112      0.7731      0.8158      0.7355      0.9254
   11       0.8639      0.7127      1.0000      0.8044      0.7281
   12       0.8647      0.7869      0.7103      0.8662      0.7839
   13       0.8647      0.5128      0.1640      0.1211      0.0865

   AGE       1992        1993        1994        1995        1996
 _____________________________________________________________________________

    3       0.1552      0.2071      0.3951      0.1533      0.1193
    4       0.3224      0.5889      0.4411      0.4603      0.3644
    5       0.3717      0.5145      0.5029      0.3816      0.4086
    6       0.6261      0.4247      0.5065      0.4523      0.4164
    7       0.5736      0.7494      0.5246      0.5414      0.5135
    8       0.7085      0.6464      0.6023      0.5508      0.4080
    9       1.0000      0.9512      0.9587      0.5699      0.5955
   10       0.9439      0.8176      0.9967      0.7509      0.4765
   11       0.7153      1.0000      1.0000      1.0000      1.0000
   12       0.8419      0.8538      0.8894      0.7179      0.6200
   13       0.0359      0.0272      0.1578      0.2121      0.4404

   AGE       1997        1998        1999        2000        2001
 _____________________________________________________________________________

    3       0.0527      0.2790      0.1568      0.2300      0.2160
    4       0.2265      0.5778      0.3733      0.5821      0.7087
    5       0.2702      0.4426      0.6005      0.5503      0.9519
    6       0.1945      0.2220      0.3634      0.5849      0.7729
    7       0.2323      0.5707      0.3806      0.4096      1.0000
    8       0.2226      0.4684      0.5603      0.3648      0.8090
    9       0.2645      0.6234      0.4261      0.5035      0.8401
   10       0.4746      0.4628      0.5544      0.3333      0.8605
   11       0.2230      0.3415      0.4812      0.4896      0.7043
   12       0.2962      0.4740      0.5055      0.4228      0.8035
   13       1.0000      1.0000      1.0000      1.0000      0.9746

 Back Calculated Partial Recruitment


   AGE       2002        2003        2004        2005        2006
 _____________________________________________________________________________

    3       0.0617      0.5858      0.3291      0.1226      0.8121
    4       0.2521      0.5883      0.4714      0.4096      1.0000
    5       0.2924      0.5987      0.4568      0.7988      0.5015
    6       0.4826      0.5203      0.5134      0.6579      0.3138
    7       0.4511      0.7331      0.2991      0.6986      0.2642
    8       0.7450      1.0000      0.3266      0.4946      0.3273
    9       0.7033      0.6818      0.5376      0.6161      0.2241
   10       0.3723      0.5388      0.5492      1.0000      0.2682
   11       0.3807      0.8511      1.0000      0.8156      0.1669
   12       0.5503      0.7679      0.6034      0.7316      0.2466
   13       1.0000      0.5425      0.5320      0.5774      0.2994

   AGE       2007
 _____________________________________________________________________________

    3       0.5659
    4       0.7100
    5       1.0000
    6       0.6964
    7       0.6740
    8       0.4802
    9       0.6517
   10       0.4870
   11       0.5140
   12       0.5332
   13       0.5949

 JAN-1 Biomass


   AGE       1987        1988        1989        1990        1991
 _____________________________________________________________________________

    3       89091.      42613.      58358.      38405.     114455.
    4      197898.     105384.      49660.      75782.      48782.
    5       72188.     203854.      96482.      47240.      68198.
    6       23525.      58252.     176801.      76439.      37563.
    7       21023.      16989.      37352.     123710.      51636.
    8       34930.      13988.       9883.      23087.      74133.
    9       14455.      17869.       6976.       6260.      12875.
   10       13542.       8551.       6349.       4396.       3310.
   11        9984.       7461.       3759.       3409.       2709.
   12       13707.       5291.       3692.       1739.       1963.
   13       14267.      14913.      10472.      10035.       9902.
 ====================================================================
 Total     504611.     495165.     459784.     410503.     425526.

   AGE       1992        1993        1994        1995        1996
 _____________________________________________________________________________

    3      154246.      93731.      94166.      27304.      26120.
    4      129750.     179962.     107797.      92982.      28578.
    5       44228.     123373.     148952.      90665.      69880.
    6       50283.      39091.      99504.     113605.      66929.
    7       29420.      36003.      30722.      73990.      77338.
    8       35968.      20600.      24463.      22138.      46783.
    9       39489.      22635.      14869.      16905.      13452.
   10        9410.      20743.      14359.       8062.       9990.
   11        1863.       5025.      13788.       7749.       3959.
   12        1772.       1164.       3022.       7435.       3231.
   13        9494.       9221.       9415.      10058.      11183.
 ====================================================================
 Total     505922.     551548.     561056.     470894.     357444.

   AGE       1997        1998        1999        2000        2001
 _____________________________________________________________________________

    3      104406.      45460.      82662.      75532.      76492.
    4       29578.     126513.      53829.     106862.      80342.
    5       26953.      26541.     105389.      50056.      77197.
    6       58244.      21044.      21272.      79684.      34967.
    7       50811.      46380.      18800.      18379.      52346.
    8       52459.      39290.      33255.      15406.      13029.
    9       34040.      39801.      28852.      24294.      11412.
   10        8337.      24078.      26665.      21994.      15942.
   11        6381.       4939.      17633.      18653.      16661.
   12        1701.       5172.       3743.      13071.      12976.
   13        8970.       4388.       5848.       5667.      12393.
 ====================================================================
 Total     381881.     383608.     397948.     429598.     403756.

 JAN-1 Biomass


   AGE       2002        2003        2004        2005        2006
 _____________________________________________________________________________

    3      322365.     200902.      91256.     168283.     107456.
    4       96582.     327890.     205439.     110654.     203790.
    5       66492.      79453.     321966.     193937.     107033.
    6       55314.      49375.      72454.     275400.     161772.
    7       26112.      36043.      45759.      58318.     236949.
    8       35980.      16671.      30106.      38362.      51156.
    9        9397.      19525.      12337.      24597.      33387.
   10        8687.       4925.      14978.       8880.      21290.
   11       11538.       5514.       4224.      11218.       7936.
   12       12379.       7951.       3986.       2645.       9510.
   13       17627.      14352.      17334.      15582.      15554.
 ====================================================================
 Total     662475.     762600.     819838.     907878.     955831.

   AGE       2007        2008
 _____________________________________________________________________________

    3       88176.      95609.
    4       88435.      97264.
    5      142485.      78572.
    6       82528.     109370.
    7      127101.      69317.
    8      186801.     103998.
    9       38445.     163570.
   10       27332.      30920.
   11       16073.      22693.
   12        5677.      13783.
   13       18355.      19464.
 ====================================================================
 Total     821410.     804561.

 Mean Biomass


   AGE       1987        1988        1989        1990        1991
 _____________________________________________________________________________

    3       84521.      40183.      54076.      35610.     102922.
    4      183906.      95726.      44505.      66446.      41724.
    5       61313.     182071.      82049.      40519.      54476.
    6       19435.      45587.     142699.      61471.      30958.
    7       16886.      12510.      28973.      94014.      40798.
    8       25147.       9825.       8013.      17042.      52410.
    9       11027.      10894.       5603.       4531.      10572.
   10       10254.       5727.       4669.       3412.       2390.
   11        7453.       5128.       2617.       2598.       2070.
   12       10230.       3523.       2803.       1303.       1476.
   13       10648.      11182.       9443.       9225.       9171.
 ====================================================================
 Total     440819.     422357.     385450.     336171.     348968.

   AGE       1992        1993        1994        1995        1996
 _____________________________________________________________________________

    3      139770.      85499.      80422.      24618.      23749.
    4      111634.     152082.      90936.      75477.      23713.
    5       37482.     105806.     123600.      75575.      57054.
    6       39473.      34130.      82489.      92466.      54490.
    7       23459.      29483.      25347.      58456.      60792.
    8       27557.      17213.      19773.      17436.      38205.
    9       27813.      17826.      10961.      13231.      10269.
   10        6735.      16763.      10484.       5947.       7958.
   11        1425.       3921.      10059.       5281.       2628.
   12        1306.        934.       2268.       5543.       2445.
   13        8932.       8726.       8576.       8885.       9026.
 ====================================================================
 Total     425584.     472382.     464914.     382915.     290329.

   AGE       1997        1998        1999        2000        2001
 _____________________________________________________________________________

    3       96807.      40198.      74807.      67302.      69861.
    4       25213.     103624.      45514.      86354.      66959.
    5       22504.      22500.      83126.      40803.      61566.
    6       50415.      18887.      18041.      64342.      28804.
    7       43194.      38058.      15860.      15573.      41389.
    8       44802.      33088.      26550.      13218.      10662.
    9       28499.      32228.      24000.      20059.       9286.
   10        6331.      20306.      21327.      19037.      12925.
   11        5448.       4297.      14421.      15460.      13897.
   12        1403.       4349.       3039.      11035.      10629.
   13        5423.       3238.       4100.       4097.       9843.
 ====================================================================
 Total     330037.     320773.     330786.     357280.     335821.

 Mean Biomass


   AGE       2002        2003        2004        2005        2006
 _____________________________________________________________________________

    3      300325.     174469.      82115.     157952.      90807.
    4       84356.     284639.     180500.     100593.     167667.
    5       57299.      68862.     283573.     168920.      94595.
    6       44771.      43313.      63214.     243599.     146952.
    7       21353.      30603.      41383.      51355.     216820.
    8       26775.      13595.      27101.      34548.      46377.
    9        7086.      16708.      10720.      21857.      30732.
   10        7290.       4308.      12990.       7567.      19470.
   11        9656.       4598.       3402.       9753.       7367.
   12        9802.       6715.       3426.       2321.       8725.
   13       12121.      12547.      15077.      13905.      14159.
 ====================================================================
 Total     580834.     660357.     723502.     812370.     843672.

   AGE       2007
 _____________________________________________________________________________

    3       76455.
    4       74920.
    5      115272.
    6       70069.
    7      108301.
    8      164233.
    9       32876.
   10       24004.
   11       14054.
   12        4949.
   13       15841.
 ====================================================================
 Total     700972.

 Spawning Stock Biomass


   AGE       1987        1988        1989        1990        1991
 _____________________________________________________________________________

    3       16949.       8107.      11102.       7306.      21775.
    4      160009.      85208.      40152.      61273.      39442.
    5       68668.     193912.      91777.      44936.      64872.
    6       22378.      55411.     168178.      72711.      35731.
    7       19998.      16161.      35530.     117677.      49117.
    8       33226.      13306.       9401.      21961.      70517.
    9       13750.      16997.       6636.       5955.      12247.
   10       12882.       8134.       6039.       4182.       3149.
   11        9497.       7097.       3576.       3243.       2577.
   12       13039.       5033.       3512.       1654.       1868.
   13       13572.      14185.       9961.       9546.       9419.
 ====================================================================
 Total     383967.     423551.     385865.     350444.     310714.

   AGE       1992        1993        1994        1995        1996
 _____________________________________________________________________________

    3       29345.      17832.      17915.       5195.       4969.
    4      104909.     145507.      87158.      75180.      23106.
    5       42071.     117356.     141687.      86243.      66472.
    6       47830.      37185.      94651.     108065.      63665.
    7       27985.      34247.      29224.      70382.      73566.
    8       34214.      19595.      23270.      21058.      44502.
    9       37563.      21531.      14144.      16081.      12796.
   10        8951.      19732.      13659.       7669.       9503.
   11        1772.       4780.      13115.       7371.       3766.
   12        1685.       1107.       2875.       7072.       3074.
   13        9031.       8772.       8956.       9568.      10638.
 ====================================================================
 Total     345356.     427644.     446654.     413883.     316056.

   AGE       1997        1998        1999        2000        2001
 _____________________________________________________________________________

    3       19863.       8649.      15726.      14370.      14552.
    4       23915.     102292.      43523.      86403.      64960.
    5       25639.      25247.     100249.      47615.      73432.
    6       55404.      20018.      20235.      75798.      33262.
    7       48333.      44118.      17883.      17482.      49793.
    8       49901.      37374.      31633.      14654.      12393.
    9       32380.      37860.      27445.      23109.      10855.
   10        7930.      22904.      25364.      20921.      15164.
   11        6070.       4698.      16773.      17744.      15848.
   12        1618.       4920.       3560.      12434.      12343.
   13        8533.       4174.       5563.       5391.      11788.
 ====================================================================
 Total     279585.     312253.     307955.     335921.     314392.

 Spawning Stock Biomass


   AGE       2002        2003        2004        2005        2006
 _____________________________________________________________________________

    3       61329.      38221.      17361.      32015.      20443.
    4       78091.     265114.     166107.      89469.     164774.
    5       63249.      75578.     306263.     184479.     101813.
    6       52617.      46967.      68921.     261969.     153882.
    7       24839.      34285.      43527.      55474.     225393.
    8       34225.      15858.      28638.      36491.      48661.
    9        8939.      18572.      11735.      23398.      31759.
   10        8263.       4684.      14248.       8447.      20252.
   11       10976.       5245.       4018.      10671.       7549.
   12       11776.       7563.       3791.       2516.       9046.
   13       16767.      13652.      16489.      14822.      14795.
 ====================================================================
 Total     371070.     525739.     681096.     719751.     798365.

   AGE       2007
 _____________________________________________________________________________

    3       16775.
    4       71504.
    5      135536.
    6       78503.
    7      120902.
    8      177690.
    9       36570.
   10       25999.
   11       15289.
   12        5400.
   13       17460.
 ====================================================================
 Total     701630.

 Catch Biomass


   AGE       1987        1988        1989        1990        1991
 _____________________________________________________________________________

    3         528.        747.       2942.       1890.      11972.
    4        8918.       9134.       5490.      11228.       9227.
    5       14468.      23748.      19145.       8720.      20020.
    6        5733.      18789.      49239.      21694.       9290.
    7        6004.       6841.      12503.      44809.      15961.
    8       15028.       6422.       2686.       9226.      33480.
    9        5164.      10755.       1993.       2653.       3256.
   10        4971.       4372.       2567.       1469.       1413.
   11        3848.       3608.       1764.       1223.        963.
   12        5286.       2737.       1342.        661.        739.
   13        5502.       5661.       1043.        654.        507.
 ====================================================================
 Total      75451.      92814.     100713.     104227.     106827.

   AGE       1992        1993        1994        1995        1996
 _____________________________________________________________________________

    3       14039.       7417.      18039.       2729.       2220.
    4       23299.      37512.      22771.      25113.       6772.
    5        9020.      22799.      35290.      20847.      18272.
    6       15999.       6071.      23720.      30232.      17783.
    7        8711.       9253.       7549.      22880.      24467.
    8       12640.       4660.       6761.       6942.      12217.
    9       18006.       7101.       5966.       5451.       4792.
   10        4115.       5740.       5933.       3228.       2972.
   11         660.       1642.       5711.       3818.       2060.
   12         712.        334.       1145.       2877.       1188.
   13         208.        100.        768.       1363.       3116.
 ====================================================================
 Total     107408.     102629.     133653.     125481.      95858.

   AGE       1997        1998        1999        2000        2001
 _____________________________________________________________________________

    3        5140.       6082.       7715.       9108.       5880.
    4        5757.      32473.      11175.      29572.      18494.
    5        6130.       5400.      32833.      13209.      22838.
    6        9883.       2274.       4313.      22141.       8676.
    7       10112.      11779.       3971.       3752.      16129.
    8       10051.       8406.       9786.       2837.       3362.
    9        7596.      10896.       6727.       5941.       3040.
   10        3029.       5097.       7777.       3732.       4334.
   11        1225.        796.       4564.       4453.       3814.
   12         419.       1118.       1010.       2745.       3328.
   13        5465.       1756.       2697.       2410.       3738.
 ====================================================================
 Total      64806.      86076.      92569.      99902.      93635.

 Catch Biomass


   AGE       2002        2003        2004        2005        2006
 _____________________________________________________________________________

    3       13019.      32993.       9440.       4435.      22401.
    4       14939.      54057.      29723.       9434.      50935.
    5       11767.      13309.      45248.      30892.      14412.
    6       15177.       7275.      11337.      36695.      14010.
    7        6766.       7243.       4324.       8214.      17401.
    8       14010.       4389.       3092.       3912.       4611.
    9        3500.       3677.       2013.       3083.       2092.
   10        1906.        749.       2492.       1733.       1586.
   11        2582.       1263.       1189.       1821.        374.
   12        3789.       1665.        722.        389.        654.
   13        8514.       2197.       2802.       1838.       1288.
 ====================================================================
 Total      95969.     128818.     112382.     102447.     129766.

   AGE       2007
 _____________________________________________________________________________

    3       14710.
    4       18085.
    5       39193.
    6       16590.
    7       24819.
    8       26816.
    9        7284.
   10        3975.
   11        2456.
   12         897.
   13        3204.
 ====================================================================
 Total     158030.

 Catch Numbers


   AGE       1987        1988        1989        1990        1991
 _____________________________________________________________________________

    3       3144.0      4757.0     22628.0     14884.0     88683.0
    4      44590.0     41331.0     26649.0     56995.0     49081.0
    5      60285.0     99366.0     77824.0     35593.0     86292.0
    6      20622.0     69331.0    188654.0     79757.0     34793.0
    7      19751.0     22955.0     43114.0    157225.0     55228.0
    8      46240.0     20131.0      8116.0     30248.0    110132.0
    9      15232.0     32201.0      5897.0      8187.0     10079.0
   10      13963.0     12349.0      7292.0      4372.0      4155.0
   11      10179.0     10250.0      4780.0      3379.0      2735.0
   12      13216.0      7378.0      3449.0      1786.0      2003.0
   13      13227.0     14048.0      2602.0      1726.0      1274.0
 ====================================================================
 Total    260449.0    334097.0    391005.0    394152.0    444455.0

   AGE       1992        1993        1994        1995        1996
 _____________________________________________________________________________

    3      94860.0     51153.0    134616.0     20991.0     15969.0
    4     122626.0    177780.0    113290.0    137232.0     40311.0
    5      38381.0     92680.0    142876.0     86864.0     86187.0
    6      58605.0     20791.0     87207.0    109140.0     68927.0
    7      27921.0     28560.0     24913.0     76780.0     84660.0
    8      38420.0     13313.0     20303.0     21361.0     39664.0
    9      53114.0     19617.0     16301.0     15225.0     14746.0
   10      11592.0     15266.0     15695.0      8541.0      8419.0
   11       1727.0      4254.0     14680.0      9617.0      5836.0
   12       1757.0       797.0      2936.0      7034.0      3152.0
   13        530.0       256.0      1874.0      3147.0      7750.0
 ====================================================================
 Total    449533.0    424467.0    574691.0    495932.0    375621.0

   AGE       1997        1998        1999        2000        2001
 _____________________________________________________________________________

    3      39240.0     45390.0     56315.0     57282.0     42304.0
    4      30141.0    175529.0     54779.0    136278.0     86422.0
    5      26307.0     22691.0    140913.0     49289.0     93597.0
    6      36738.0      8613.0     16093.0     76614.0     30336.0
    7      33705.0     40898.0     13506.0     11546.0     54491.0
    8      31022.0     25944.0     31467.0      8294.0     10375.0
    9      22277.0     32046.0     19845.0     16367.0      8762.0
   10       8531.0     14647.0     22031.0      9874.0     12244.0
   11       3383.0      2122.0     12609.0     11332.0      9907.0
   12       1141.0      2754.0      2673.0      6744.0      8259.0
   13      13767.0      4231.0      6676.0      5618.0      8838.0
 ====================================================================
 Total    246252.0    374865.0    376907.0    389238.0    365535.0

 Catch Numbers


   AGE       2002        2003        2004        2005        2006
 _____________________________________________________________________________

    3      80863.0    211495.0     63355.0     26091.0    118526.0
    4      70801.0    286017.0    139543.0     42116.0    217672.0
    5      45607.0     58120.0    182450.0    117910.0     54800.0
    6      54202.0     27979.0     40489.0    133437.0     48312.0
    7      21211.0     25592.0     13727.0     27565.0     57241.0
    8      42199.0     14203.0      9342.0     12074.0     13603.0
    9       9888.0     10944.0      5769.0      9203.0      5994.0
   10       4707.0      2230.0      7021.0      5172.0      4299.0
   11       6520.0      3424.0      3136.0      5116.0       898.0
   12       9108.0      4225.0      1861.0      1045.0      1626.0
   13      19046.0      5507.0      6720.0      4573.0      2995.0
 ====================================================================
 Total    364152.0    649736.0    473413.0    384302.0    525966.0

   AGE       2007
 _____________________________________________________________________________

    3      93697.0
    4      82205.0
    5     159970.0
    6      63565.0
    7      89599.0
    8      93435.0
    9      23422.0
   10      11760.0
   11       7353.0
   12       2593.0
   13       8683.0
 ====================================================================
 Total    636282.0


               Surplus Production

     Average Adjustment Factor (Delta) =   1.0000

 Year        Biomass  Delta Biomass  Catch Biomass  Surplus Production

 1987     504610.956      -9446.327      75450.782      66004.455
 1988     495164.629     -35380.473      92813.816      57433.343
 1989     459784.157     -49280.843     100713.041      51432.198
 1990     410503.314      15023.082     104226.989     119250.071
 1991     425526.396      80395.842     106827.024     187222.866
 1992     505922.238      45626.214     107408.317     153034.531
 1993     551548.452       9508.011     102628.948     112136.959
 1994     561056.464     -90162.512     133652.824      43490.312
 1995     470893.952    -113450.104     125480.745      12030.641
 1996     357443.848      24437.529      95858.270     120295.799
 1997     381881.377       1726.338      64805.906      66532.244
 1998     383607.715      14340.176      86076.430     100416.606
 1999     397947.891      31650.391      92569.079     124219.470
 2000     429598.282     -25842.198      99902.059      74059.861
 2001     403756.084     258718.427      93635.000     352353.427
 2002     662474.511     100125.218      95968.594     196093.812
 2003     762599.729      57238.051     128817.579     186055.630
 2004     819837.781      88039.944     112381.969     200421.913
 2005     907877.725      47953.533     102447.402     150400.935
 2006     955831.258    -134421.735     129765.530      -4656.205
 2007     821409.523     -16848.643     158029.641     141180.998
 2008     804560.881


 Summary of Survey Indices Used in the Estimate

 INDEX    Survey Tag    Age   Time  Type  Catchability Std. Error   CV
 _____________________________________________________________________________

   1 Acoustic              4   JAN-1 NUMBER  0.1090E+01  0.1055E+00  0.9684E-01
   2 Acoustic              5   JAN-1 NUMBER  0.1310E+01  0.1369E+00  0.1045E+00
   3 Acoustic              6   JAN-1 NUMBER  0.1226E+01  0.9557E-01  0.7796E-01
   4 Acoustic              7   JAN-1 NUMBER  0.1269E+01  0.1056E+00  0.8316E-01
   5 Acoustic              8   JAN-1 NUMBER  0.1308E+01  0.1376E+00  0.1052E+00
   6 Acoustic              9   JAN-1 NUMBER  0.1493E+01  0.1855E+00  0.1242E+00
   7 Acoustic             10   JAN-1 NUMBER  0.1699E+01  0.2332E+00  0.1373E+00
   8 Acoustic             11   JAN-1 NUMBER  0.1523E+01  0.2176E+00  0.1430E+00


 Survey Index:    1 Tag: Acoustic           AGE =  4
 Time = JAN-1           Type = NUMBER
 Catchability =    0.108953E+01   % Variance Contribution =     9.8971
 Unweighted Residual = LN(Observed) - LN(Predicted)

 Year      Observed        Predicted         Residual      Unweighted Resid
 _____________________________________________________________________________

 1987     N/A              0.107807E+07     N/A              N/A
 1988     0.401246E+06     0.519540E+06    -0.258370E+00    -0.258370E+00
 1989     0.201284E+06     0.262650E+06    -0.266107E+00    -0.266107E+00
 1990     0.655361E+06     0.419122E+06     0.447025E+00     0.447025E+00
 1991     0.132235E+06     0.282709E+06    -0.759838E+00    -0.759838E+00
 1992     0.104999E+07     0.744032E+06     0.344452E+00     0.344452E+00
 1993     0.830608E+06     0.929258E+06    -0.112229E+00    -0.112229E+00
 1994     0.505279E+06     0.584315E+06    -0.145329E+00    -0.145329E+00
 1995     N/A              0.553585E+06     N/A              N/A
 1996     0.133810E+06     0.185334E+06    -0.325738E+00    -0.325738E+00
 1997     0.270706E+06     0.168725E+06     0.472766E+00     0.472766E+00
 1998     0.601783E+06     0.745078E+06    -0.213593E+00    -0.213593E+00
 1999     0.255937E+06     0.287490E+06    -0.116257E+00    -0.116257E+00
 2000     0.839491E+06     0.536540E+06     0.447654E+00     0.447654E+00
 2001     0.966960E+06     0.409042E+06     0.860339E+00     0.860339E+00
 2002     0.287004E+06     0.498715E+06    -0.552540E+00    -0.552540E+00
 2003     0.191937E+07     0.189018E+07     0.153214E-01     0.153214E-01
 2004     0.143498E+07     0.105085E+07     0.311548E+00     0.311548E+00
 2005     0.713730E+06     0.538217E+06     0.282242E+00     0.282242E+00
 2006     0.443877E+06     0.948867E+06    -0.759721E+00    -0.759721E+00
 2007     0.608205E+06     0.437965E+06     0.328372E+00     0.328372E+00
 2008     0.456773E+06     0.456773E+06     0.877281E-06     0.877281E-06

 Survey Index:    2 Tag: Acoustic           AGE =  5
 Time = JAN-1           Type = NUMBER
 Catchability =    0.131045E+01   % Variance Contribution =    11.5154
 Unweighted Residual = LN(Observed) - LN(Predicted)

 Year      Observed        Predicted         Residual      Unweighted Resid
 _____________________________________________________________________________

 1987     N/A              0.394165E+06     N/A              N/A
 1988     0.858012E+06     0.111775E+07    -0.264451E+00    -0.264451E+00
 1989     0.232808E+06     0.513964E+06    -0.791940E+00    -0.791940E+00
 1990     0.179364E+06     0.252675E+06    -0.342686E+00    -0.342686E+00
 1991     0.258591E+06     0.385219E+06    -0.398563E+00    -0.398563E+00
 1992     0.354521E+06     0.246633E+06     0.362867E+00     0.362867E+00
 1993     0.729556E+06     0.657211E+06     0.104431E+00     0.104431E+00
 1994     0.882868E+06     0.790261E+06     0.110813E+00     0.110813E+00
 1995     N/A              0.495050E+06     N/A              N/A
 1996     0.761581E+06     0.431952E+06     0.567081E+00     0.567081E+00
 1997     0.133667E+06     0.151592E+06    -0.125842E+00    -0.125842E+00
 1998     0.810550E+05     0.146140E+06    -0.589439E+00    -0.589439E+00
 1999     0.108150E+07     0.592735E+06     0.601360E+00     0.601360E+00
 2000     0.239064E+06     0.244763E+06    -0.235586E-01    -0.235586E-01
 2001     0.131641E+07     0.414602E+06     0.115535E+01     0.115535E+01
 2002     0.217441E+06     0.337729E+06    -0.440318E+00    -0.440318E+00
 2003     0.553149E+06     0.454669E+06     0.196057E+00     0.196057E+00
 2004     0.205822E+07     0.170129E+07     0.190454E+00     0.190454E+00
 2005     0.102233E+07     0.970020E+06     0.525190E-01     0.525190E-01
 2006     0.344983E+06     0.533313E+06    -0.435613E+00    -0.435613E+00
 2007     0.105960E+07     0.762125E+06     0.329534E+00     0.329534E+00
 2008     0.289260E+06     0.374420E+06    -0.258053E+00    -0.258053E+00

 Survey Index:    3 Tag: Acoustic           AGE =  6
 Time = JAN-1           Type = NUMBER
 Catchability =    0.122593E+01   % Variance Contribution =     6.4141
 Unweighted Residual = LN(Observed) - LN(Predicted)

 Year      Observed        Predicted         Residual      Unweighted Resid
 _____________________________________________________________________________

 1987     N/A              0.103743E+06     N/A              N/A
 1988     0.308065E+06     0.263517E+06     0.156194E+00     0.156194E+00
 1989     0.381417E+06     0.830441E+06    -0.778064E+00    -0.778064E+00
 1990     0.278836E+06     0.344518E+06    -0.211521E+00    -0.211521E+00
 1991     0.943730E+05     0.172468E+06    -0.602955E+00    -0.602955E+00
 1992     0.319866E+06     0.225798E+06     0.348263E+00     0.348263E+00
 1993     0.158778E+06     0.164119E+06    -0.330836E-01    -0.330836E-01
 1994     0.496297E+06     0.448473E+06     0.101327E+00     0.101327E+00
 1995     N/A              0.502786E+06     N/A              N/A
 1996     0.277893E+06     0.318025E+06    -0.134895E+00    -0.134895E+00
 1997     0.468678E+06     0.265439E+06     0.568530E+00     0.568530E+00
 1998     0.573660E+05     0.977233E+05    -0.532688E+00    -0.532688E+00
 1999     0.103344E+06     0.973068E+05     0.601945E-01     0.601945E-01
 2000     0.605858E+06     0.338017E+06     0.583549E+00     0.583549E+00
 2001     0.191001E+06     0.149886E+06     0.242404E+00     0.242404E+00
 2002     0.260497E+06     0.242183E+06     0.728962E-01     0.728962E-01
 2003     0.205656E+06     0.232808E+06    -0.124009E+00    -0.124009E+00
 2004     0.330800E+06     0.317227E+06     0.418970E-01     0.418970E-01
 2005     0.104666E+07     0.122771E+07    -0.159549E+00    -0.159549E+00
 2006     0.818738E+06     0.683863E+06     0.180006E+00     0.180006E+00
 2007     0.410145E+06     0.387639E+06     0.564374E-01     0.564374E-01
 2008     0.541585E+06     0.459175E+06     0.165068E+00     0.165068E+00

 Survey Index:    4 Tag: Acoustic           AGE =  7
 Time = JAN-1           Type = NUMBER
 Catchability =    0.126949E+01   % Variance Contribution =     7.2990
 Unweighted Residual = LN(Observed) - LN(Predicted)

 Year      Observed        Predicted         Residual      Unweighted Resid
 _____________________________________________________________________________

 1987     N/A              0.877929E+05     N/A              N/A
 1988     0.571030E+05     0.723748E+05    -0.237002E+00    -0.237002E+00
 1989     0.188456E+06     0.163511E+06     0.141982E+00     0.141982E+00
 1990     0.592982E+06     0.551050E+06     0.733381E-01     0.733381E-01
 1991     0.191054E+06     0.226820E+06    -0.171600E+00    -0.171600E+00
 1992     0.898250E+05     0.119708E+06    -0.287192E+00    -0.287192E+00
 1993     0.130781E+06     0.141068E+06    -0.757163E-01    -0.757163E-01
 1994     0.669630E+05     0.128719E+06    -0.653492E+00    -0.653492E+00
 1995     N/A              0.315202E+06     N/A              N/A
 1996     0.385027E+06     0.339725E+06     0.125178E+00     0.125178E+00
 1997     0.269888E+06     0.215013E+06     0.227308E+00     0.227308E+00
 1998     0.287046E+06     0.204442E+06     0.339360E+00     0.339360E+00
 1999     0.517860E+05     0.811800E+05    -0.449549E+00    -0.449549E+00
 2000     0.882140E+05     0.717889E+05     0.206035E+00     0.206035E+00
 2001     0.482418E+06     0.224505E+06     0.764914E+00     0.764914E+00
 2002     0.161049E+06     0.103916E+06     0.438128E+00     0.438128E+00
 2003     0.262362E+06     0.161682E+06     0.484092E+00     0.484092E+00
 2004     0.109146E+06     0.184414E+06    -0.524497E+00    -0.524497E+00
 2005     0.171326E+06     0.248439E+06    -0.371629E+00    -0.371629E+00
 2006     0.122090E+07     0.989489E+06     0.210157E+00     0.210157E+00
 2007     0.424525E+06     0.582506E+06    -0.316368E+00    -0.316368E+00
 2008     0.309443E+06     0.286638E+06     0.765539E-01     0.765539E-01

 Survey Index:    5 Tag: Acoustic           AGE =  8
 Time = JAN-1           Type = NUMBER
 Catchability =    0.130796E+01   % Variance Contribution =    11.6788
 Unweighted Residual = LN(Observed) - LN(Predicted)

 Year      Observed        Predicted         Residual      Unweighted Resid
 _____________________________________________________________________________

 1987     N/A              0.140574E+06     N/A              N/A
 1988     0.325320E+05     0.573543E+05    -0.567024E+00    -0.567024E+00
 1989     0.464480E+05     0.390526E+05     0.173424E+00     0.173424E+00
 1990     0.179665E+06     0.990069E+05     0.595904E+00     0.595904E+00
 1991     0.514403E+06     0.318956E+06     0.477953E+00     0.477953E+00
 1992     0.138333E+06     0.142992E+06    -0.331238E-01    -0.331238E-01
 1993     0.541560E+05     0.769811E+05    -0.351691E+00    -0.351691E+00
 1994     0.582950E+05     0.960847E+05    -0.499714E+00    -0.499714E+00
 1995     N/A              0.890923E+05     N/A              N/A
 1996     0.176906E+06     0.198670E+06    -0.116028E+00    -0.116028E+00
 1997     0.325664E+06     0.211773E+06     0.430351E+00     0.430351E+00
 1998     0.155998E+06     0.158611E+06    -0.166101E-01    -0.166101E-01
 1999     0.135246E+06     0.139859E+06    -0.335407E-01    -0.335407E-01
 2000     0.433530E+05     0.589185E+05    -0.306779E+00    -0.306779E+00
 2001     0.343770E+05     0.525950E+05    -0.425233E+00    -0.425233E+00
 2002     0.345852E+06     0.141746E+06     0.891971E+00     0.891971E+00
 2003     0.153037E+06     0.705661E+05     0.774130E+00     0.774130E+00
 2004     0.100785E+06     0.118964E+06    -0.165830E+00    -0.165830E+00
 2005     0.624290E+05     0.154864E+06    -0.908515E+00    -0.908515E+00
 2006     0.281448E+06     0.197372E+06     0.354856E+00     0.354856E+00
 2007     0.693423E+06     0.851313E+06    -0.205140E+00    -0.205140E+00
 2008     0.402889E+06     0.431825E+06    -0.693589E-01    -0.693589E-01

 Survey Index:    6 Tag: Acoustic           AGE =  9
 Time = JAN-1           Type = NUMBER
 Catchability =    0.149294E+01   % Variance Contribution =    16.1990
 Unweighted Residual = LN(Observed) - LN(Predicted)

 Year      Observed        Predicted         Residual      Unweighted Resid
 _____________________________________________________________________________

 1987     N/A              0.636588E+05     N/A              N/A
 1988     0.704260E+05     0.798703E+05    -0.125842E+00    -0.125842E+00
 1989     0.257980E+05     0.308133E+05    -0.177648E-02    -0.177648E+00
 1990     0.221820E+05     0.288450E+05    -0.262656E+00    -0.262656E+00
 1991     0.793530E+05     0.595092E+05     0.287776E+00     0.287776E+00
 1992     0.256921E+06     0.173908E+06     0.390243E+00     0.390243E+00
 1993     0.963300E+05     0.933519E+05     0.314040E-01     0.314040E-01
 1994     0.106172E+06     0.606511E+05     0.559923E+00     0.559923E+00
 1995     N/A              0.704982E+05     N/A              N/A
 1996     0.981500E+05     0.617927E+05     0.462711E+00     0.462711E+00
 1997     0.217421E+06     0.149034E+06     0.377664E+00     0.377664E+00
 1998     0.203382E+06     0.174767E+06     0.151635E+00     0.151635E+00
 1999     0.705140E+05     0.127064E+06    -0.588881E+00    -0.588881E+00
 2000     0.165716E+06     0.999159E+05     0.505946E+00     0.505946E+00
 2001     0.157270E+05     0.490990E+05    -0.113846E+01    -0.113846E+01
 2002     0.624510E+05     0.396315E+05     0.454758E+00     0.454758E+00
 2003     0.276199E+06     0.867532E+05     0.115805E+01     0.115805E+01
 2004     0.386930E+05     0.527737E+05    -0.310355E+00    -0.310355E+00
 2005     0.443130E+05     0.109618E+06    -0.905727E+00    -0.905727E+00
 2006     0.122183E+06     0.142821E+06    -0.156076E+00    -0.156076E+00
 2007     0.959970E+05     0.184554E+06    -0.653627E+00    -0.653627E+00
 2008     0.702708E+06     0.746791E+06    -0.608440E-01    -0.608440E-01

 Survey Index:    7 Tag: Acoustic           AGE = 10
 Time = JAN-1           Type = NUMBER
 Catchability =    0.169853E+01   % Variance Contribution =    18.0015
 Unweighted Residual = LN(Observed) - LN(Predicted)

 Year      Observed        Predicted         Residual      Unweighted Resid
 _____________________________________________________________________________

 1987     N/A              0.646121E+05     N/A              N/A
 1988     0.367130E+05     0.410281E+05    -0.111127E+00    -0.111127E+00
 1989     0.328190E+05     0.306346E+05     0.688773E-03     0.688773E-01
 1990     0.217680E+05     0.222247E+05    -0.207622E-03    -0.207622E-01
 1991     0.376180E+05     0.165359E+05     0.821950E-02     0.821950E+00
 1992     0.212900E+05     0.450248E+05    -0.748977E+00    -0.748977E+00
 1993     0.966490E+05     0.937047E+05     0.309378E-01     0.309378E-01
 1994     0.488740E+05     0.645227E+05    -0.277772E+00    -0.277772E+00
 1995     N/A              0.362285E+05     N/A              N/A
 1996     0.485030E+05     0.480687E+05     0.899341E-02     0.899341E-02
 1997     0.929790E+05     0.398887E+05     0.846281E+00     0.846281E+00
 1998     0.105730E+06     0.117523E+06    -0.105743E+00    -0.105743E+00
 1999     0.101626E+06     0.128302E+06    -0.233084E+00    -0.233084E+00
 2000     0.899160E+05     0.988292E+05    -0.945168E-01    -0.945168E-01
 2001     0.379400E+05     0.764892E+05    -0.701144E+00    -0.701144E+00
 2002     0.571050E+05     0.364320E+05     0.449445E+00     0.449445E+00
 2003     0.992060E+05     0.248941E+05     0.138257E+01     0.138257E+01
 2004     0.455820E+05     0.716645E+05    -0.452483E+00    -0.452483E+00
 2005     0.109470E+05     0.450248E+05    -0.141415E+01    -0.141415E+01
 2006     0.129588E+06     0.979998E+05     0.279395E+00     0.279395E+00
 2007     0.123748E+06     0.137351E+06    -0.104291E+00    -0.104291E+00
 2008     0.221626E+06     0.152230E+06     0.375600E+00     0.375600E+00

 Survey Index:    8 Tag: Acoustic           AGE = 11
 Time = JAN-1           Type = NUMBER
 Catchability =    0.152253E+01   % Variance Contribution =    18.9950
 Unweighted Residual = LN(Observed) - LN(Predicted)

 Year      Observed        Predicted         Residual      Unweighted Resid
 _____________________________________________________________________________

 1987     N/A              0.402124E+05     N/A              N/A
 1988     0.235860E+05     0.322727E+05    -0.313568E+00    -0.313568E+00
 1989     0.174390E+05     0.155118E+05     0.117109E-02     0.117109E+00
 1990     0.130800E+05     0.143386E+05    -0.918698E-03    -0.918698E-01
 1991     0.939400E+04     0.117193E+05    -0.221166E-02    -0.221166E+00
 1992     0.986600E+04     0.742616E+04     0.284086E-02     0.284086E+00
 1993     0.245420E+05     0.198218E+05     0.213602E+00     0.213602E+00
 1994     0.362010E+05     0.539644E+05    -0.399239E+00    -0.399239E+00
 1995     N/A              0.297179E+05     N/A              N/A
 1996     0.162260E+05     0.170750E+05    -0.510011E-01    -0.510011E-01
 1997     0.554940E+05     0.268373E+05     0.726482E+00     0.726482E+00
 1998     0.354690E+05     0.200516E+05     0.570349E+00     0.570349E+00
 1999     0.539350E+05     0.741602E+05    -0.318448E+00    -0.318448E+00
 2000     0.121345E+06     0.722654E+05     0.518292E+00     0.518292E+00
 2001     0.143200E+05     0.658871E+05    -0.152629E+01    -0.152629E+01
 2002     0.384050E+05     0.443628E+05    -0.144213E+00    -0.144213E+00
 2003     0.476210E+05     0.227498E+05     0.738718E+00     0.738718E+00
 2004     0.703900E+04     0.169674E+05    -0.879829E-02    -0.879829E+00
 2005     0.239420E+05     0.479776E+05    -0.695101E+00    -0.695101E+00
 2006     0.733390E+05     0.290455E+05     0.926229E+00     0.926229E+00
 2007     0.487730E+05     0.732661E+05    -0.406921E+00    -0.406921E+00
 2008     0.244772E+06     0.944011E+05     0.952775E+00     0.952775E+00


Survey Weight Factors - Survey Index =     6

      1987        1.0000
      1988        1.0000
      1989        0.0100
      1990        1.0000
      1991        1.0000
      1992        1.0000
      1993        1.0000
      1994        1.0000
      1995        1.0000
      1996        1.0000
      1997        1.0000
      1998        1.0000
      1999        1.0000
      2000        1.0000
      2001        1.0000
      2002        1.0000
      2003        1.0000
      2004        1.0000
      2005        1.0000
      2006        1.0000
      2007        1.0000
      2008        1.0000


Survey Weight Factors - Survey Index =     7

      1987        1.0000
      1988        1.0000
      1989        0.0100
      1990        0.0100
      1991        0.0100
      1992        1.0000
      1993        1.0000
      1994        1.0000
      1995        1.0000
      1996        1.0000
      1997        1.0000
      1998        1.0000
      1999        1.0000
      2000        1.0000
      2001        1.0000
      2002        1.0000
      2003        1.0000
      2004        1.0000
      2005        1.0000
      2006        1.0000
      2007        1.0000
      2008        1.0000


Survey Weight Factors - Survey Index =     8

      1987        1.0000
      1988        1.0000
      1989        0.0100
      1990        0.0100
      1991        0.0100
      1992        0.0100
      1993        1.0000
      1994        1.0000
      1995        1.0000
      1996        1.0000
      1997        1.0000
      1998        1.0000
      1999        1.0000
      2000        1.0000
      2001        1.0000
      2002        1.0000
      2003        1.0000
      2004        0.0100
      2005        1.0000
      2006        1.0000
      2007        1.0000
      2008        1.0000



 Plus Group Diagnostic Report 

 Calculation Method Selected = Forward

          Population  Population    F            F
 Year     Backward     Forward    Forward     Backward    Ratio

 1987      34296.      34296.    0.516742    0.516742    1.000000
 1988      27153.      37004.    0.506270    0.776937    1.534631
 1989       7159.      26115.    0.110491    0.478675    4.332249
 1990       4541.      26478.    0.070915    0.507061    7.150304
 1991       3384.      24879.    0.055286    0.500751    9.057379
 1992       1319.      24219.    0.023260    0.545046   23.432536
 1993        892.      23705.    0.011412    0.357580   31.333460
 1994       4946.      22964.    0.089588    0.504959    5.636478
 1995       8133.      23230.    0.153359    0.518977    3.384064
 1996      21075.      27820.    0.345176    0.485918    1.407740
 1997      55916.      22595.    1.007881    0.298516    0.296182
 1998      19571.      10573.    0.542343    0.257082    0.474021
 1999      24731.      14476.    0.657790    0.332514    0.505502
 2000      26754.      13210.    0.588302    0.248728    0.422790
 2001      34456.      29298.    0.379797    0.313127    0.824459
 2002      62228.      39434.    0.702390    0.386536    0.550315
 2003      26302.      35971.    0.175122    0.247903    1.415606
 2004      37092.      41569.    0.185866    0.210781    1.134050
 2005      31116.      38761.    0.132206    0.167496    1.266935
 2006      43573.      36171.    0.090958    0.074921    0.823689
 2007      54945.      49743.    0.202264    0.181298    0.896340
 2008      53858.      49152.       N/A         N/A
