 VPA Version 3.3.0

 Model ID: k=0.3, 2009-2011 Ichtio.                                                        


 Input File: RUN1NWWG_R_23.DAT                                                               
 Date of Run: 21-NOV-2017                         Time of Run: 16:55


 Levenburg-Marquardt Algorithm Completed     7 Iterations
 Residual Sum of Squares =     5.41322    

 Number of Residuals     =     56
 Number of Parameters    =      9
 Degrees of Freedom      =     47
 Mean Squared Residual   =     0.115175    
 Standard Deviation      =     0.339374    


 Number of Years =     7
 Number of Ages  =    11
 First Year      =  1987
 Youngest Age    =     3
 Oldest True Age =    12

 Number of Survey Indices Available        =    10
 Number of Survey Indices Used in Estimate =     8


 VPA Classic Method - Auto Estimated Q's


 Stock Numbers Predicted in Terminal Year Plus One (1994)
 Age    Stock Predicted     Std. Error      CV

   4         548233.685   0.204857E+06   0.373667E+00
   5         767893.561   0.224998E+06   0.293007E+00
   6         564690.394   0.142394E+06   0.252163E+00
   7          89852.681   0.227159E+05   0.252813E+00
   8          72206.452   0.199533E+05   0.276337E+00
   9          38798.544   0.105772E+05   0.272620E+00
  10          32922.347   0.107038E+05   0.325121E+00
  11          38422.726   0.130871E+05   0.340607E+00
  12          11162.599   0.530248E+04   0.475022E+00

 Catchability Values for Each Survey Used in Estimate
 INDEX     Catchability    Std. Error      CV

   1       0.921649E+00   0.122306E+00   0.132703E+00
   2       0.102622E+01   0.140647E+00   0.137053E+00
   3       0.101287E+01   0.156033E+00   0.154051E+00
   4       0.108953E+01   0.893687E-01   0.820248E-01
   5       0.127325E+01   0.213389E+00   0.167594E+00
   6       0.164461E+01   0.197340E+00   0.119992E+00
   7       0.161585E+01   0.302543E+00   0.187234E+00
   8       0.135023E+01   0.128962E+00   0.955114E-01


 -- Non-Linear Least Squares Fit --

 Maximum Marquadt Iterations    =       100
 Scaled Gradient Tolerance      =    6.055454E-05
 Scaled Step Tolerance          =    1.000000E-18
 Relative Function Tolerance    =    1.000000E-18
 Absolute Function Tolerance    =    4.930381E-32

 Reported Machine Precision     =    2.220446E-16


 VPA Method Options

 - Catchability Values Estimated as an Analytic Function of N
 - Catch Equation Used in Cohort Solution
 - Plus Group Forward Calculation Method Used
 - Arithmetic Average Used in F-Oldest Calculation
 - F-Oldest Calculation in Years Prior to Terminal Year 
   Uses Fishing Mortality in Ages  8 to 11
 - Calculation of Population of Age 3 In Year 1994
   =  Geometric Mean of First Age Populations
      Year Range Applied =  1987 to  1990
 - Survey Weight Factors Were Used

 Stock Estimates 

 Age   4
 Age   5
 Age   6
 Age   7
 Age   8
 Age   9
 Age  10
 Age  11
 Age  12

 Full F in Terminal Year               =   0.2885

 F in Oldest True Age in Terminal Year =   0.3394

 Full F Calculated Using Classic Method

 F in Oldest True Age in Terminal Year has been
 Calculated in Same Manner as in All Other Years

 Age  Input Partial  Calc Partial   Fishing     Used In
      Recruitment    Recruitment    Mortality   Full F    Comments

   3      0.500          0.190       0.0849      NO      Stock Estimate in T+1   
   4      0.800          0.444       0.1987      NO      Stock Estimate in T+1   
   5      1.000          0.324       0.1449      YES     Stock Estimate in T+1   
   6      1.000          0.444       0.1986      YES     Stock Estimate in T+1   
   7      1.000          0.712       0.3185      YES     Stock Estimate in T+1   
   8      1.000          0.630       0.2818      YES     Stock Estimate in T+1   
   9      1.000          1.000       0.4475      YES     Stock Estimate in T+1   
  10      1.000          0.714       0.3197      YES     Stock Estimate in T+1   
  11      1.000          0.689       0.3085      YES     Stock Estimate in T+1   
  12      1.000          0.758       0.3394              F-Oldest                

 Catch At Age - Input Data


   AGE       1987        1988        1989        1990        1991
 ____________________________________________________________________

    3       3144.0      4757.0     22628.0     14884.0     88683.0
    4      44590.0     41331.0     26649.0     56995.0     49081.0
    5      60285.0     99366.0     77824.0     35593.0     86292.0
    6      20622.0     69331.0    188654.0     79757.0     34793.0
    7      19751.0     22955.0     43114.0    157225.0     55228.0
    8      46240.0     20131.0      8116.0     30248.0    110132.0
    9      15232.0     32201.0      5897.0      8187.0     10079.0
   10      13963.0     12349.0      7292.0      4372.0      4155.0
   11      10179.0     10250.0      4780.0      3379.0      2735.0
   12      13216.0      7378.0      3449.0      1786.0      2003.0
   13      13227.0     14048.0      2602.0      1726.0      1274.0

   AGE       1992        1993
 ____________________________________________________________________

    3      94860.0     51153.0
    4     122626.0    177780.0
    5      38381.0     92680.0
    6      58605.0     20791.0
    7      27921.0     28560.0
    8      38420.0     13313.0
    9      53114.0     19617.0
   10      11592.0     15266.0
   11       1727.0      4254.0
   12       1757.0       797.0
   13        530.0       256.0

 Weight At Age - Input Data


   AGE       1987        1988        1989        1990        1991
 ____________________________________________________________________

    3       0.1680      0.1570      0.1300      0.1270      0.1350
    4       0.2000      0.2210      0.2060      0.1970      0.1880
    5       0.2400      0.2390      0.2460      0.2450      0.2320
    6       0.2780      0.2710      0.2610      0.2720      0.2670
    7       0.3040      0.2980      0.2900      0.2850      0.2890
    8       0.3250      0.3190      0.3310      0.3050      0.3040
    9       0.3390      0.3340      0.3380      0.3240      0.3230
   10       0.3560      0.3540      0.3520      0.3360      0.3400
   11       0.3780      0.3520      0.3690      0.3620      0.3520
   12       0.4000      0.3710      0.3890      0.3700      0.3690
   13       0.4160      0.4030      0.4010      0.3790      0.3980

   AGE       1992        1993
 ____________________________________________________________________

    3       0.1480      0.1450
    4       0.1900      0.2110
    5       0.2350      0.2460
    6       0.2730      0.2920
    7       0.3120      0.3240
    8       0.3290      0.3500
    9       0.3390      0.3620
   10       0.3550      0.3760
   11       0.3820      0.3860
   12       0.4050      0.4190
   13       0.3920      0.3890

 JAN-1 Weights at Age - Input Data


   AGE       1987        1988        1989        1990        1991
 ____________________________________________________________________

    3       0.1680      0.1570      0.1300      0.1270      0.1350
    4       0.2000      0.2210      0.2060      0.1970      0.1880
    5       0.2400      0.2390      0.2460      0.2450      0.2320
    6       0.2780      0.2710      0.2610      0.2720      0.2670
    7       0.3040      0.2980      0.2900      0.2850      0.2890
    8       0.3250      0.3190      0.3310      0.3050      0.3040
    9       0.3390      0.3340      0.3380      0.3240      0.3230
   10       0.3560      0.3540      0.3520      0.3360      0.3400
   11       0.3780      0.3520      0.3690      0.3620      0.3520
   12       0.4000      0.3710      0.3890      0.3700      0.3690
   13       0.4160      0.4030      0.4010      0.3790      0.3980

   AGE       1992        1993        1994
 ____________________________________________________________________

    3       0.1480      0.1450      0.1340
    4       0.1900      0.2110      0.2010
    5       0.2350      0.2460      0.2470
    6       0.2730      0.2920      0.2720
    7       0.3120      0.3240      0.3030
    8       0.3290      0.3500      0.3330
    9       0.3390      0.3620      0.3660
   10       0.3550      0.3760      0.3780
   11       0.3820      0.3860      0.3890
   12       0.4050      0.4190      0.3900
   13       0.3920      0.3890      0.4100

 SSB Weight At Age - Input Data


   AGE       1987        1988        1989        1990        1991
 ____________________________________________________________________

    3       0.1680      0.1570      0.1300      0.1270      0.1350
    4       0.2000      0.2210      0.2060      0.1970      0.1880
    5       0.2400      0.2390      0.2460      0.2450      0.2320
    6       0.2780      0.2710      0.2610      0.2720      0.2670
    7       0.3040      0.2980      0.2900      0.2850      0.2890
    8       0.3250      0.3190      0.3310      0.3050      0.3040
    9       0.3390      0.3340      0.3380      0.3240      0.3230
   10       0.3560      0.3540      0.3520      0.3360      0.3400
   11       0.3780      0.3520      0.3690      0.3620      0.3520
   12       0.4000      0.3710      0.3890      0.3700      0.3690
   13       0.4160      0.4030      0.4010      0.3790      0.3980

   AGE       1992        1993
 ____________________________________________________________________

    3       0.1480      0.1450
    4       0.1900      0.2110
    5       0.2350      0.2460
    6       0.2730      0.2920
    7       0.3120      0.3240
    8       0.3290      0.3500
    9       0.3390      0.3620
   10       0.3550      0.3760
   11       0.3820      0.3860
   12       0.4050      0.4190
   13       0.3920      0.3890

 Natural Mortality - Input Data


   AGE       1987        1988        1989        1990        1991
 ____________________________________________________________________

    3       0.1000      0.1000      0.1000      0.1000      0.1000
    4       0.1000      0.1000      0.1000      0.1000      0.1000
    5       0.1000      0.1000      0.1000      0.1000      0.1000
    6       0.1000      0.1000      0.1000      0.1000      0.1000
    7       0.1000      0.1000      0.1000      0.1000      0.1000
    8       0.1000      0.1000      0.1000      0.1000      0.1000
    9       0.1000      0.1000      0.1000      0.1000      0.1000
   10       0.1000      0.1000      0.1000      0.1000      0.1000
   11       0.1000      0.1000      0.1000      0.1000      0.1000
   12       0.1000      0.1000      0.1000      0.1000      0.1000
   13       0.1000      0.1000      0.1000      0.1000      0.1000

   AGE       1992        1993
 ____________________________________________________________________

    3       0.1000      0.1000
    4       0.1000      0.1000
    5       0.1000      0.1000
    6       0.1000      0.1000
    7       0.1000      0.1000
    8       0.1000      0.1000
    9       0.1000      0.1000
   10       0.1000      0.1000
   11       0.1000      0.1000
   12       0.1000      0.1000
   13       0.1000      0.1000

 Proportion of Natural Mortality Before Spawning =       0.5000
 Proportion of Fishing Mortality Before Spawning =       0.0000

 Maturity - Input Data


   AGE       1987        1988        1989        1990        1991
 ____________________________________________________________________

    3       0.2000      0.2000      0.2000      0.2000      0.2000
    4       0.8500      0.8500      0.8500      0.8500      0.8500
    5       1.0000      1.0000      1.0000      1.0000      1.0000
    6       1.0000      1.0000      1.0000      1.0000      1.0000
    7       1.0000      1.0000      1.0000      1.0000      1.0000
    8       1.0000      1.0000      1.0000      1.0000      1.0000
    9       1.0000      1.0000      1.0000      1.0000      1.0000
   10       1.0000      1.0000      1.0000      1.0000      1.0000
   11       1.0000      1.0000      1.0000      1.0000      1.0000
   12       1.0000      1.0000      1.0000      1.0000      1.0000
   13       1.0000      1.0000      1.0000      1.0000      1.0000

   AGE       1992        1993
 ____________________________________________________________________

    3       0.2000      0.2000
    4       0.8500      0.8500
    5       1.0000      1.0000
    6       1.0000      1.0000
    7       1.0000      1.0000
    8       1.0000      1.0000
    9       1.0000      1.0000
   10       1.0000      1.0000
   11       1.0000      1.0000
   12       1.0000      1.0000
   13       1.0000      1.0000

 Input Partial Recruitment

   AGE

    3       0.5000
    4       0.8000
    5       1.0000
    6       1.0000
    7       1.0000
    8       1.0000
    9       1.0000
   10       1.0000
   11       1.0000
   12       1.0000


 Input F-Plus Ratio

   YEAR

   1987       1.0000
   1988       1.0000
   1989       1.0000
   1990       1.0000
   1991       1.0000
   1992       1.0000
   1993       1.0000

 SURVEY - INPUT DATA


INDEX                   1                  2                  3

SURVEY TAG      Acoustic            Acoustic            Acoustic          

AGE                   4                   5                   6       
TIME               JAN-1               JAN-1               JAN-1       
TYPE              NUMBERS             NUMBERS             NUMBERS      
RETRO FLAG           1                   1                   1
 ________________________________________________________________________

    1987              0.0000              0.0000              0.0000
    1988         401246.0000         858012.0000         308065.0000
    1989         201284.0000         232808.0000         381417.0000
    1990         655361.0000         179364.0000         278836.0000
    1991         132235.0000         258591.0000          94373.0000
    1992        1049990.0000         354521.0000         319866.0000
    1993         830608.0000         729556.0000         158778.0000
    1994         505279.0000         882868.0000         496297.0000

 SURVEY - INPUT DATA


INDEX                   4                  5                  6

SURVEY TAG      Acoustic            Acoustic            Acoustic          

AGE                   7                   8                   9       
TIME               JAN-1               JAN-1               JAN-1       
TYPE              NUMBERS             NUMBERS             NUMBERS      
RETRO FLAG           1                   1                   1
 ________________________________________________________________________

    1987              0.0000              0.0000              0.0000
    1988          57103.0000          32532.0000          70426.0000
    1989         188456.0000          46448.0000          25798.0000
    1990         592982.0000         179665.0000          22182.0000
    1991         191054.0000         514403.0000          79353.0000
    1992          89825.0000         138333.0000         256921.0000
    1993         130781.0000          54156.0000          96330.0000
    1994          66963.0000          58295.0000         106172.0000

 SURVEY - INPUT DATA


INDEX                   7                  8                  9

SURVEY TAG      Acoustic            Acoustic            Acoustic          

AGE                  10                  11                  12       
TIME               JAN-1               JAN-1               JAN-1       
TYPE              NUMBERS             NUMBERS             NUMBERS      
RETRO FLAG           1                   1                   1
 ________________________________________________________________________

    1987              0.0000              0.0000              0.0000
    1988          36713.0000          23586.0000          18401.0000
    1989          32819.0000          17439.0000          10373.0000
    1990          21768.0000          13080.0000           9941.0000
    1991          37618.0000           9394.0000          12636.0000
    1992          21290.0000           9866.0000              0.0000
    1993          96649.0000          24542.0000           1130.0000
    1994          48874.0000          36201.0000              0.0000

INDEX                  10

SURVEY TAG      Acoustic          

AGE                  13       
TIME               JAN-1       
TYPE              NUMBERS      
RETRO FLAG           1
 ________________________________________________________________________

    1987              0.0000
    1988          24278.0000
    1989           9081.0000
    1990           1989.0000
    1991              0.0000
    1992           9327.0000
    1993           1130.0000
    1994              0.0000

     Additional Output Files 

Population File RUN1NWWG_R_23.PP2                                               
Auxilliary File RUN1NWWG_R_23.AUX                                               
Covariance File RUN1NWWG_R_23.CV                                                
Residuals File  RUN1NWWG_R_23.RSD                                               
Log File        RUN1NWWG_R_23.LOG                                               


                             Estimation Results

 JAN-1 Population Numbers


   AGE       1987        1988        1989        1990        1991
 _____________________________________________________________________________

    3      520039.     268081.     446830.     285163.    1116421.
    4      995551.     467562.     238047.     382803.     243880.
    5      307727.     858431.     383800.     190082.     292258.
    6       84853.     221231.     682362.     273426.     138212.
    7       69465.      57218.     134474.     438557.     171800.
    8      107731.      44130.      30045.      80822.     247910.
    9       42822.      53729.      20891.      19490.      44488.
   10       38182.      24319.      18243.      13312.       9888.
   11       26503.      21325.      10336.       9604.       7903.
   12       34384.      14343.       9606.       4832.       5490.
   13       34412.      37214.      26378.      26821.      25310.
 ====================================================================
 Total    2261669.    2067583.    2001012.    1724912.    2303559.

   AGE       1992        1993        1994
 _____________________________________________________________________________

    3     1243644.     659607.     365077.
    4      925918.    1035162.     548234.
    5      174096.     721353.     767894.
    6      182649.     121114.     564690.
    7       92061.     109733.      89853.
    8      103117.      56836.      72206.
    9      120140.      56923.      38799.
   10       30692.      58463.      32922.
   11        5015.      16795.      38423.
   12        4560.       2902.      11163.
   13       24760.      24363.      23671.
 ====================================================================
 Total    2906652.    2863252.    2552931.



Fishing Mortality Calculated


   AGE       1987        1988        1989        1990        1991
 _____________________________________________________________________________

    3       0.0064      0.0188      0.0547      0.0564      0.0871
    4       0.0482      0.0974      0.1250      0.1699      0.2371
    5       0.2300      0.1295      0.2391      0.2187      0.3701
    6       0.2941      0.3978      0.3421      0.3647      0.3063
    7       0.3537      0.5442      0.4091      0.4704      0.4105
    8       0.5957      0.6478      0.3328      0.4970      0.6244
    9       0.4658      0.9802      0.3506      0.5786      0.2712
   10       0.4825      0.7556      0.5416      0.4215      0.5789
   11       0.5140      0.6975      0.6603      0.4593      0.4499
   12       0.5145      0.7703      0.4713      0.4891      0.4811
   13       0.5145      0.5026      0.1093      0.0700      0.0543

   AGE       1992        1993
 _____________________________________________________________________________

    3       0.0835      0.0849
    4       0.1497      0.1987
    5       0.2629      0.1449
    6       0.4095      0.1986
    7       0.3823      0.3185
    8       0.4942      0.2818
    9       0.6203      0.4475
   10       0.5029      0.3197
   11       0.4471      0.3085
   12       0.5161      0.3394
   13       0.0227      0.0111


 Average Fishing Mortality For Ages   5- 10

 Year      Average F   N Weighted  Biomass Wtd  Catch Wtd

 _____________________________________________________________________________

 1987       0.4036      0.3424      0.3609      0.3878
 1988       0.5759      0.2621      0.2879      0.4170
 1989       0.3692      0.3208      0.3246      0.3309
 1990       0.4251      0.3984      0.4048      0.4200
 1991       0.4269      0.4351      0.4432      0.4628
 1992       0.4453      0.4221      0.4373      0.4496
 1993       0.2852      0.1989      0.2120      0.2316

 Back Calculated Partial Recruitment


   AGE       1987        1988        1989        1990        1991
 _____________________________________________________________________________

    3       0.0107      0.0192      0.0828      0.0974      0.1395
    4       0.0809      0.0994      0.1893      0.2936      0.3797
    5       0.3861      0.1322      0.3621      0.3779      0.5927
    6       0.4936      0.4059      0.5180      0.6303      0.4906
    7       0.5937      0.5552      0.6196      0.8131      0.6574
    8       1.0000      0.6609      0.5040      0.8590      1.0000
    9       0.7819      1.0000      0.5310      1.0000      0.4343
   10       0.8099      0.7709      0.8201      0.7284      0.9271
   11       0.8628      0.7116      1.0000      0.7939      0.7205
   12       0.8637      0.7859      0.7138      0.8453      0.7705
   13       0.8637      0.5127      0.1656      0.1209      0.0870

   AGE       1992        1993
 _____________________________________________________________________________

    3       0.1346      0.1898
    4       0.2413      0.4439
    5       0.4238      0.3237
    6       0.6602      0.4437
    7       0.6163      0.7117
    8       0.7967      0.6296
    9       1.0000      1.0000
   10       0.8108      0.7145
   11       0.7208      0.6894
   12       0.8321      0.7584
   13       0.0367      0.0248

 JAN-1 Biomass


   AGE       1987        1988        1989        1990        1991
 _____________________________________________________________________________

    3       87367.      42089.      58088.      36216.     150717.
    4      199110.     103331.      49038.      75412.      45849.
    5       73854.     205165.      94415.      46570.      67804.
    6       23589.      59954.     178096.      74372.      36903.
    7       21117.      17051.      38997.     124989.      49650.
    8       35013.      14077.       9945.      24651.      75365.
    9       14517.      17945.       7061.       6315.      14370.
   10       13593.       8609.       6421.       4473.       3362.
   11       10018.       7507.       3814.       3477.       2782.
   12       13754.       5321.       3737.       1788.       2026.
   13       14316.      14997.      10578.      10165.      10073.
 ====================================================================
 Total     506247.     496046.     460190.     408427.     458900.

   AGE       1992        1993        1994
 _____________________________________________________________________________

    3      184059.      95643.      48920.
    4      175924.     218419.     110195.
    5       40913.     177453.     189670.
    6       49863.      35365.     153596.
    7       28723.      35553.      27225.
    8       33926.      19893.      24045.
    9       40728.      20606.      14200.
   10       10896.      21982.      12445.
   11        1916.       6483.      14946.
   12        1847.       1216.       4353.
   13        9706.       9477.       9705.
 ====================================================================
 Total     578500.     642091.     609301.

 Mean Biomass


   AGE       1987        1988        1989        1990        1991
 _____________________________________________________________________________

    3       82880.      39684.      53819.      33526.     137457.
    4      185060.      93771.      43912.      66093.      38922.
    5       62905.     183320.      80073.      39879.      54097.
    6       19496.      47227.     143943.      59484.      30325.
    7       16976.      12570.      30561.      95253.      38885.
    8       25228.       9913.       8072.      18562.      53619.
    9       11086.      10973.       5684.       4585.      12004.
   10       10303.       5785.       4740.       3486.       2440.
   11        7486.       5173.       2671.       2663.       2140.
   12       10275.       3554.       2847.       1351.       1536.
   13       10695.      11264.       9544.       9348.       9334.
 ====================================================================
 Total     442391.     423235.     385866.     334229.     380760.

   AGE       1992        1993
 _____________________________________________________________________________

    3      168160.      87320.
    4      155683.     188821.
    5       34312.     157398.
    6       39069.      30574.
    7       22788.      29051.
    8       25578.      16536.
    9       29029.      15867.
   10        8183.      17952.
   11        1476.       5322.
   12        1379.        984.
   13        9134.       8970.
 ====================================================================
 Total     494789.     558795.

 Spawning Stock Biomass


   AGE       1987        1988        1989        1990        1991
 _____________________________________________________________________________

    3       16621.       8007.      11051.       6890.      28673.
    4      160990.      83548.      39649.      60974.      37071.
    5       70253.     195159.      89810.      44299.      64497.
    6       22439.      57030.     169411.      70745.      35103.
    7       20087.      16219.      37095.     118893.      47229.
    8       33305.      13391.       9460.      23448.      71689.
    9       13809.      17070.       6717.       6007.      13669.
   10       12930.       8189.       6108.       4255.       3198.
   11        9529.       7140.       3628.       3307.       2646.
   12       13083.       5062.       3554.       1701.       1927.
   13       13617.      14266.      10062.       9669.       9582.
 ====================================================================
 Total     386663.     425081.     386545.     350188.     315284.

   AGE       1992        1993
 _____________________________________________________________________________

    3       35017.      18196.
    4      142243.     176602.
    5       38917.     168798.
    6       47431.      33641.
    7       27322.      33820.
    8       32271.      18922.
    9       38741.      19601.
   10       10364.      20910.
   11        1822.       6167.
   12        1757.       1157.
   13        9233.       9015.
 ====================================================================
 Total     385118.     506828.

 Catch Biomass


   AGE       1987        1988        1989        1990        1991
 _____________________________________________________________________________

    3         528.        747.       2942.       1890.      11972.
    4        8918.       9134.       5490.      11228.       9227.
    5       14468.      23748.      19145.       8720.      20020.
    6        5733.      18789.      49239.      21694.       9290.
    7        6004.       6841.      12503.      44809.      15961.
    8       15028.       6422.       2686.       9226.      33480.
    9        5164.      10755.       1993.       2653.       3256.
   10        4971.       4372.       2567.       1469.       1413.
   11        3848.       3608.       1764.       1223.        963.
   12        5286.       2737.       1342.        661.        739.
   13        5502.       5661.       1043.        654.        507.
 ====================================================================
 Total      75451.      92814.     100713.     104227.     106827.

   AGE       1992        1993
 _____________________________________________________________________________

    3       14039.       7417.
    4       23299.      37512.
    5        9020.      22799.
    6       15999.       6071.
    7        8711.       9253.
    8       12640.       4660.
    9       18006.       7101.
   10        4115.       5740.
   11         660.       1642.
   12         712.        334.
   13         208.        100.
 ====================================================================
 Total     107408.     102629.

 Catch Numbers


   AGE       1987        1988        1989        1990        1991
 _____________________________________________________________________________

    3       3144.0      4757.0     22628.0     14884.0     88683.0
    4      44590.0     41331.0     26649.0     56995.0     49081.0
    5      60285.0     99366.0     77824.0     35593.0     86292.0
    6      20622.0     69331.0    188654.0     79757.0     34793.0
    7      19751.0     22955.0     43114.0    157225.0     55228.0
    8      46240.0     20131.0      8116.0     30248.0    110132.0
    9      15232.0     32201.0      5897.0      8187.0     10079.0
   10      13963.0     12349.0      7292.0      4372.0      4155.0
   11      10179.0     10250.0      4780.0      3379.0      2735.0
   12      13216.0      7378.0      3449.0      1786.0      2003.0
   13      13227.0     14048.0      2602.0      1726.0      1274.0
 ====================================================================
 Total    260449.0    334097.0    391005.0    394152.0    444455.0

   AGE       1992        1993
 _____________________________________________________________________________

    3      94860.0     51153.0
    4     122626.0    177780.0
    5      38381.0     92680.0
    6      58605.0     20791.0
    7      27921.0     28560.0
    8      38420.0     13313.0
    9      53114.0     19617.0
   10      11592.0     15266.0
   11       1727.0      4254.0
   12       1757.0       797.0
   13        530.0       256.0
 ====================================================================
 Total    449533.0    424467.0


               Surplus Production

     Average Adjustment Factor (Delta) =   1.0000

 Year        Biomass  Delta Biomass  Catch Biomass  Surplus Production

 1987     506246.950     -10200.646      75450.782      65250.136
 1988     496046.304     -35856.300      92813.816      56957.516
 1989     460190.004     -51763.361     100713.041      48949.680
 1990     408426.643      50473.100     104226.989     154700.089
 1991     458899.743     119600.115     106827.024     226427.139
 1992     578499.858      63590.945     107408.317     170999.262
 1993     642090.803     -32790.003     102628.948      69838.945
 1994     609300.800


 Summary of Survey Indices Used in the Estimate

 INDEX    Survey Tag    Age   Time  Type  Catchability Std. Error   CV
 _____________________________________________________________________________

   1 Acoustic              4   JAN-1 NUMBER  0.9216E+00  0.1223E+00  0.1327E+00
   2 Acoustic              5   JAN-1 NUMBER  0.1026E+01  0.1406E+00  0.1371E+00
   3 Acoustic              6   JAN-1 NUMBER  0.1013E+01  0.1560E+00  0.1541E+00
   4 Acoustic              7   JAN-1 NUMBER  0.1090E+01  0.8937E-01  0.8202E-01
   5 Acoustic              8   JAN-1 NUMBER  0.1273E+01  0.2134E+00  0.1676E+00
   6 Acoustic              9   JAN-1 NUMBER  0.1645E+01  0.1973E+00  0.1200E+00
   7 Acoustic             10   JAN-1 NUMBER  0.1616E+01  0.3025E+00  0.1872E+00
   8 Acoustic             11   JAN-1 NUMBER  0.1350E+01  0.1290E+00  0.9551E-01


 Survey Index:    1 Tag: Acoustic           AGE =  4
 Time = JAN-1           Type = NUMBER
 Catchability =    0.921649E+00   % Variance Contribution =    13.6633
 Unweighted Residual = LN(Observed) - LN(Predicted)

 Year      Observed        Predicted         Residual      Unweighted Resid
 _____________________________________________________________________________

 1987     N/A              0.917548E+06     N/A              N/A
 1988     0.401246E+06     0.430928E+06    -0.713660E-01    -0.713660E-01
 1989     0.201284E+06     0.219396E+06    -0.861620E-01    -0.861620E-01
 1990     0.655361E+06     0.352810E+06     0.619257E+00     0.619257E+00
 1991     0.132235E+06     0.224772E+06    -0.530506E+00    -0.530506E+00
 1992     0.104999E+07     0.853371E+06     0.207341E+00     0.207341E+00
 1993     0.830608E+06     0.954056E+06    -0.138565E+00    -0.138565E+00
 1994     0.505279E+06     0.505279E+06    -0.445179E-07    -0.445179E-07

 Survey Index:    2 Tag: Acoustic           AGE =  5
 Time = JAN-1           Type = NUMBER
 Catchability =    0.102622E+01   % Variance Contribution =    14.5738
 Unweighted Residual = LN(Observed) - LN(Predicted)

 Year      Observed        Predicted         Residual      Unweighted Resid
 _____________________________________________________________________________

 1987     N/A              0.315795E+06     N/A              N/A
 1988     0.858012E+06     0.880938E+06    -0.263693E-01    -0.263693E-01
 1989     0.232808E+06     0.393863E+06    -0.525790E+00    -0.525790E+00
 1990     0.179364E+06     0.195066E+06    -0.839183E-01    -0.839183E-01
 1991     0.258591E+06     0.299921E+06    -0.148271E+00    -0.148271E+00
 1992     0.354521E+06     0.178661E+06     0.685279E+00     0.685279E+00
 1993     0.729556E+06     0.740266E+06    -0.145740E-01    -0.145740E-01
 1994     0.882868E+06     0.788027E+06     0.113643E+00     0.113643E+00

 Survey Index:    3 Tag: Acoustic           AGE =  6
 Time = JAN-1           Type = NUMBER
 Catchability =    0.101287E+01   % Variance Contribution =    18.4129
 Unweighted Residual = LN(Observed) - LN(Predicted)

 Year      Observed        Predicted         Residual      Unweighted Resid
 _____________________________________________________________________________

 1987     N/A              0.859448E+05     N/A              N/A
 1988     0.308065E+06     0.224078E+06     0.318315E+00     0.318315E+00
 1989     0.381417E+06     0.691142E+06    -0.594453E+00    -0.594453E+00
 1990     0.278836E+06     0.276945E+06     0.680557E-02     0.680557E-02
 1991     0.943730E+05     0.139990E+06    -0.394317E+00    -0.394317E+00
 1992     0.319866E+06     0.184999E+06     0.547551E+00     0.547551E+00
 1993     0.158778E+06     0.122673E+06     0.257986E+00     0.257986E+00
 1994     0.496297E+06     0.571957E+06    -0.141889E+00    -0.141889E+00

 Survey Index:    4 Tag: Acoustic           AGE =  7
 Time = JAN-1           Type = NUMBER
 Catchability =    0.108953E+01   % Variance Contribution =     5.2202
 Unweighted Residual = LN(Observed) - LN(Predicted)

 Year      Observed        Predicted         Residual      Unweighted Resid
 _____________________________________________________________________________

 1987     N/A              0.756843E+05     N/A              N/A
 1988     0.571030E+05     0.623408E+05    -0.877588E-01    -0.877588E-01
 1989     0.188456E+06     0.146513E+06     0.251747E+00     0.251747E+00
 1990     0.592982E+06     0.477822E+06     0.215925E+00     0.215925E+00
 1991     0.191054E+06     0.187182E+06     0.204753E-01     0.204753E-01
 1992     0.898250E+05     0.100303E+06    -0.110335E+00    -0.110335E+00
 1993     0.130781E+06     0.119558E+06     0.897260E-01     0.897260E-01
 1994     0.669630E+05     0.978974E+05    -0.379780E+00    -0.379780E+00

 Survey Index:    5 Tag: Acoustic           AGE =  8
 Time = JAN-1           Type = NUMBER
 Catchability =    0.127325E+01   % Variance Contribution =    21.7926
 Unweighted Residual = LN(Observed) - LN(Predicted)

 Year      Observed        Predicted         Residual      Unweighted Resid
 _____________________________________________________________________________

 1987     N/A              0.137169E+06     N/A              N/A
 1988     0.325320E+05     0.561881E+05    -0.546481E+00    -0.546481E+00
 1989     0.464480E+05     0.382544E+05     0.194075E+00     0.194075E+00
 1990     0.179665E+06     0.102906E+06     0.557277E+00     0.557277E+00
 1991     0.514403E+06     0.315652E+06     0.488367E+00     0.488367E+00
 1992     0.138333E+06     0.131294E+06     0.522237E-01     0.522237E-01
 1993     0.541560E+05     0.723665E+05    -0.289875E+00    -0.289875E+00
 1994     0.582950E+05     0.919370E+05    -0.455587E+00    -0.455587E+00

 Survey Index:    6 Tag: Acoustic           AGE =  9
 Time = JAN-1           Type = NUMBER
 Catchability =    0.164461E+01   % Variance Contribution =     9.6546
 Unweighted Residual = LN(Observed) - LN(Predicted)

 Year      Observed        Predicted         Residual      Unweighted Resid
 _____________________________________________________________________________

 1987     N/A              0.704249E+05     N/A              N/A
 1988     0.704260E+05     0.883632E+05    -0.226894E+00    -0.226894E+00
 1989     0.257980E+05     0.343577E+05    -0.286530E-02    -0.286530E+00
 1990     0.221820E+05     0.320533E+05    -0.368119E+00    -0.368119E+00
 1991     0.793530E+05     0.731652E+05     0.811860E-01     0.811860E-01
 1992     0.256921E+06     0.197584E+06     0.262603E+00     0.262603E+00
 1993     0.963300E+05     0.936157E+05     0.285814E-01     0.285814E-01
 1994     0.106172E+06     0.638086E+05     0.509172E+00     0.509172E+00

 Survey Index:    7 Tag: Acoustic           AGE = 10
 Time = JAN-1           Type = NUMBER
 Catchability =    0.161585E+01   % Variance Contribution =    13.4395
 Unweighted Residual = LN(Observed) - LN(Predicted)

 Year      Observed        Predicted         Residual      Unweighted Resid
 _____________________________________________________________________________

 1987     N/A              0.616972E+05     N/A              N/A
 1988     0.367130E+05     0.392964E+05    -0.680014E-01    -0.680014E-01
 1989     0.328190E+05     0.294775E+05     0.107380E-02     0.107380E+00
 1990     0.217680E+05     0.215107E+05     0.118916E-03     0.118916E-01
 1991     0.376180E+05     0.159773E+05     0.856311E-02     0.856311E+00
 1992     0.212900E+05     0.495943E+05    -0.845639E+00    -0.845639E+00
 1993     0.966490E+05     0.944678E+05     0.228266E-01     0.228266E-01
 1994     0.488740E+05     0.531977E+05    -0.847692E-01    -0.847692E-01

 Survey Index:    8 Tag: Acoustic           AGE = 11
 Time = JAN-1           Type = NUMBER
 Catchability =    0.135023E+01   % Variance Contribution =     3.2430
 Unweighted Residual = LN(Observed) - LN(Predicted)

 Year      Observed        Predicted         Residual      Unweighted Resid
 _____________________________________________________________________________

 1987     N/A              0.357847E+05     N/A              N/A
 1988     0.235860E+05     0.287942E+05    -0.199519E+00    -0.199519E+00
 1989     0.174390E+05     0.139560E+05     0.222800E-02     0.222800E+00
 1990     0.130800E+05     0.129679E+05     0.860831E-04     0.860831E-02
 1991     0.939400E+04     0.106707E+05    -0.127434E-02    -0.127434E+00
 1992     0.986600E+04     0.677150E+04     0.376372E-02     0.376372E+00
 1993     0.245420E+05     0.226776E+05     0.790085E-01     0.790085E-01
 1994     0.362010E+05     0.518795E+05    -0.359836E+00    -0.359836E+00


Survey Weight Factors - Survey Index =     6

      1987        1.0000
      1988        1.0000
      1989        0.0100
      1990        1.0000
      1991        1.0000
      1992        1.0000
      1993        1.0000
      1994        1.0000


Survey Weight Factors - Survey Index =     7

      1987        1.0000
      1988        1.0000
      1989        0.0100
      1990        0.0100
      1991        0.0100
      1992        1.0000
      1993        1.0000
      1994        1.0000


Survey Weight Factors - Survey Index =     8

      1987        1.0000
      1988        1.0000
      1989        0.0100
      1990        0.0100
      1991        0.0100
      1992        0.0100
      1993        1.0000
      1994        1.0000



 Plus Group Diagnostic Report 

 Calculation Method Selected = Forward

          Population  Population    F            F
 Year     Backward     Forward    Forward     Backward    Ratio

 1987      34412.      34412.    0.514477    0.514477    1.000000
 1988      27310.      37214.    0.502582    0.770288    1.532661
 1989       7247.      26378.    0.109327    0.471333    4.311212
 1990       4670.      26821.    0.069976    0.489104    6.989562
 1991       3492.      25310.    0.054321    0.481094    8.856562
 1992       1376.      24760.    0.022746    0.516115   22.690711
 1993        932.      24363.    0.011102    0.339403   30.570609
 1994       2471.      23671.       N/A         N/A
