 VPA Version 3.3.0

 Model ID: k=0.3, 2009-2011 Ichtio.                                                        


 Input File: RUN1NWWG_R_17.DAT                                                               
 Date of Run: 15-NOV-2017                         Time of Run: 21:43


 Levenburg-Marquardt Algorithm Completed     6 Iterations
 Residual Sum of Squares =     10.1389    

 Number of Residuals     =     96
 Number of Parameters    =      9
 Degrees of Freedom      =     87
 Mean Squared Residual   =     0.116539    
 Standard Deviation      =     0.341379    


 Number of Years =    13
 Number of Ages  =    11
 First Year      =  1987
 Youngest Age    =     3
 Oldest True Age =    12

 Number of Survey Indices Available        =    10
 Number of Survey Indices Used in Estimate =     8


 VPA Classic Method - Auto Estimated Q's


 Stock Numbers Predicted in Terminal Year Plus One (2000)
 Age    Stock Predicted     Std. Error      CV

   4         883106.474   0.316348E+06   0.358222E+00
   5         203377.956   0.572168E+05   0.281332E+00
   6         523364.884   0.131763E+06   0.251761E+00
   7          70117.426   0.163061E+05   0.232555E+00
   8          31910.729   0.783809E+04   0.245626E+00
   9         130752.378   0.291918E+05   0.223260E+00
  10          58382.515   0.143157E+05   0.245205E+00
  11          77906.665   0.189785E+05   0.243606E+00
  12          40079.377   0.129692E+05   0.323587E+00

 Catchability Values for Each Survey Used in Estimate
 INDEX     Catchability    Std. Error      CV

   1       0.950591E+00   0.993244E-01   0.104487E+00
   2       0.113218E+01   0.121300E+00   0.107139E+00
   3       0.108010E+01   0.101356E+00   0.938397E-01
   4       0.113163E+01   0.787284E-01   0.695707E-01
   5       0.122363E+01   0.137969E+00   0.112754E+00
   6       0.154389E+01   0.148468E+00   0.961653E-01
   7       0.161298E+01   0.210458E+00   0.130478E+00
   8       0.150732E+01   0.143591E+00   0.952626E-01


 -- Non-Linear Least Squares Fit --

 Maximum Marquadt Iterations    =       100
 Scaled Gradient Tolerance      =    6.055454E-05
 Scaled Step Tolerance          =    1.000000E-18
 Relative Function Tolerance    =    1.000000E-18
 Absolute Function Tolerance    =    4.930381E-32

 Reported Machine Precision     =    2.220446E-16


 VPA Method Options

 - Catchability Values Estimated as an Analytic Function of N
 - Catch Equation Used in Cohort Solution
 - Plus Group Forward Calculation Method Used
 - Arithmetic Average Used in F-Oldest Calculation
 - F-Oldest Calculation in Years Prior to Terminal Year 
   Uses Fishing Mortality in Ages  8 to 11
 - Calculation of Population of Age 3 In Year 2000
   =  Geometric Mean of First Age Populations
      Year Range Applied =  1987 to  1996
 - Survey Weight Factors Were Used

 Stock Estimates 

 Age   4
 Age   5
 Age   6
 Age   7
 Age   8
 Age   9
 Age  10
 Age  11
 Age  12

 Full F in Terminal Year               =   0.2495

 F in Oldest True Age in Terminal Year =   0.2460

 Full F Calculated Using Classic Method

 F in Oldest True Age in Terminal Year has been
 Calculated in Same Manner as in All Other Years

 Age  Input Partial  Calc Partial   Fishing     Used In
      Recruitment    Recruitment    Mortality   Full F    Comments

   3      0.500          0.174       0.0588      NO      Stock Estimate in T+1   
   4      0.800          0.675       0.2276      NO      Stock Estimate in T+1   
   5      1.000          0.674       0.2276      YES     Stock Estimate in T+1   
   6      1.000          0.584       0.1971      YES     Stock Estimate in T+1   
   7      1.000          1.000       0.3374      YES     Stock Estimate in T+1   
   8      1.000          0.610       0.2057      YES     Stock Estimate in T+1   
   9      1.000          0.828       0.2795      YES     Stock Estimate in T+1   
  10      1.000          0.705       0.2377      YES     Stock Estimate in T+1   
  11      1.000          0.774       0.2612      YES     Stock Estimate in T+1   
  12      1.000          0.729       0.2460              F-Oldest                

 Catch At Age - Input Data


   AGE       1987        1988        1989        1990        1991
 ____________________________________________________________________

    3       3144.0      4757.0     22628.0     14884.0     88683.0
    4      44590.0     41331.0     26649.0     56995.0     49081.0
    5      60285.0     99366.0     77824.0     35593.0     86292.0
    6      20622.0     69331.0    188654.0     79757.0     34793.0
    7      19751.0     22955.0     43114.0    157225.0     55228.0
    8      46240.0     20131.0      8116.0     30248.0    110132.0
    9      15232.0     32201.0      5897.0      8187.0     10079.0
   10      13963.0     12349.0      7292.0      4372.0      4155.0
   11      10179.0     10250.0      4780.0      3379.0      2735.0
   12      13216.0      7378.0      3449.0      1786.0      2003.0
   13      13227.0     14048.0      2602.0      1726.0      1274.0

   AGE       1992        1993        1994        1995        1996
 ____________________________________________________________________

    3      94860.0     51153.0    134616.0     20991.0     15969.0
    4     122626.0    177780.0    113290.0    137232.0     40311.0
    5      38381.0     92680.0    142876.0     86864.0     86187.0
    6      58605.0     20791.0     87207.0    109140.0     68927.0
    7      27921.0     28560.0     24913.0     76780.0     84660.0
    8      38420.0     13313.0     20303.0     21361.0     39664.0
    9      53114.0     19617.0     16301.0     15225.0     14746.0
   10      11592.0     15266.0     15695.0      8541.0      8419.0
   11       1727.0      4254.0     14680.0      9617.0      5836.0
   12       1757.0       797.0      2936.0      7034.0      3152.0
   13        530.0       256.0      1874.0      3147.0      7750.0

   AGE       1997        1998        1999
 ____________________________________________________________________

    3      39240.0     45390.0     56315.0
    4      30141.0    175529.0     54779.0
    5      26307.0     22691.0    140913.0
    6      36738.0      8613.0     16093.0
    7      33705.0     40898.0     13506.0
    8      31022.0     25944.0     31467.0
    9      22277.0     32046.0     19845.0
   10       8531.0     14647.0     22031.0
   11       3383.0      2122.0     12609.0
   12       1141.0      2754.0      2673.0
   13      13767.0      4231.0      6676.0

 Weight At Age - Input Data


   AGE       1987        1988        1989        1990        1991
 ____________________________________________________________________

    3       0.1680      0.1570      0.1300      0.1270      0.1350
    4       0.2000      0.2210      0.2060      0.1970      0.1880
    5       0.2400      0.2390      0.2460      0.2450      0.2320
    6       0.2780      0.2710      0.2610      0.2720      0.2670
    7       0.3040      0.2980      0.2900      0.2850      0.2890
    8       0.3250      0.3190      0.3310      0.3050      0.3040
    9       0.3390      0.3340      0.3380      0.3240      0.3230
   10       0.3560      0.3540      0.3520      0.3360      0.3400
   11       0.3780      0.3520      0.3690      0.3620      0.3520
   12       0.4000      0.3710      0.3890      0.3700      0.3690
   13       0.4160      0.4030      0.4010      0.3790      0.3980

   AGE       1992        1993        1994        1995        1996
 ____________________________________________________________________

    3       0.1480      0.1450      0.1340      0.1300      0.1390
    4       0.1900      0.2110      0.2010      0.1830      0.1680
    5       0.2350      0.2460      0.2470      0.2400      0.2120
    6       0.2730      0.2920      0.2720      0.2770      0.2580
    7       0.3120      0.3240      0.3030      0.2980      0.2890
    8       0.3290      0.3500      0.3330      0.3250      0.3080
    9       0.3390      0.3620      0.3660      0.3580      0.3250
   10       0.3550      0.3760      0.3780      0.3780      0.3530
   11       0.3820      0.3860      0.3890      0.3970      0.3530
   12       0.4050      0.4190      0.3900      0.4090      0.3770
   13       0.3920      0.3890      0.4100      0.4330      0.4020

   AGE       1997        1998        1999
 ____________________________________________________________________

    3       0.1310      0.1340      0.1370
    4       0.1910      0.1850      0.2040
    5       0.2330      0.2380      0.2330
    6       0.2690      0.2640      0.2680
    7       0.3000      0.2880      0.2940
    8       0.3240      0.3240      0.3110
    9       0.3410      0.3400      0.3390
   10       0.3550      0.3480      0.3530
   11       0.3620      0.3750      0.3620
   12       0.3670      0.4060      0.3780
   13       0.3970      0.4150      0.4040

 JAN-1 Weights at Age - Input Data


   AGE       1987        1988        1989        1990        1991
 ____________________________________________________________________

    3       0.1680      0.1570      0.1300      0.1270      0.1350
    4       0.2000      0.2210      0.2060      0.1970      0.1880
    5       0.2400      0.2390      0.2460      0.2450      0.2320
    6       0.2780      0.2710      0.2610      0.2720      0.2670
    7       0.3040      0.2980      0.2900      0.2850      0.2890
    8       0.3250      0.3190      0.3310      0.3050      0.3040
    9       0.3390      0.3340      0.3380      0.3240      0.3230
   10       0.3560      0.3540      0.3520      0.3360      0.3400
   11       0.3780      0.3520      0.3690      0.3620      0.3520
   12       0.4000      0.3710      0.3890      0.3700      0.3690
   13       0.4160      0.4030      0.4010      0.3790      0.3980

   AGE       1992        1993        1994        1995        1996
 ____________________________________________________________________

    3       0.1480      0.1450      0.1340      0.1300      0.1390
    4       0.1900      0.2110      0.2010      0.1830      0.1680
    5       0.2350      0.2460      0.2470      0.2400      0.2120
    6       0.2730      0.2920      0.2720      0.2770      0.2580
    7       0.3120      0.3240      0.3030      0.2980      0.2890
    8       0.3290      0.3500      0.3330      0.3250      0.3080
    9       0.3390      0.3620      0.3660      0.3580      0.3250
   10       0.3550      0.3760      0.3780      0.3780      0.3530
   11       0.3820      0.3860      0.3890      0.3970      0.3530
   12       0.4050      0.4190      0.3900      0.4090      0.3770
   13       0.3920      0.3890      0.4100      0.4330      0.4020

   AGE       1997        1998        1999        2000
 ____________________________________________________________________

    3       0.1310      0.1340      0.1370      0.1590
    4       0.1910      0.1850      0.2040      0.2170
    5       0.2330      0.2380      0.2330      0.2680
    6       0.2690      0.2640      0.2680      0.2890
    7       0.3000      0.2880      0.2940      0.3250
    8       0.3240      0.3240      0.3110      0.3420
    9       0.3410      0.3400      0.3390      0.3630
   10       0.3550      0.3480      0.3530      0.3780
   11       0.3620      0.3750      0.3620      0.3930
   12       0.3670      0.4060      0.3780      0.4070
   13       0.3970      0.4150      0.4040      0.4290

 SSB Weight At Age - Input Data


   AGE       1987        1988        1989        1990        1991
 ____________________________________________________________________

    3       0.1680      0.1570      0.1300      0.1270      0.1350
    4       0.2000      0.2210      0.2060      0.1970      0.1880
    5       0.2400      0.2390      0.2460      0.2450      0.2320
    6       0.2780      0.2710      0.2610      0.2720      0.2670
    7       0.3040      0.2980      0.2900      0.2850      0.2890
    8       0.3250      0.3190      0.3310      0.3050      0.3040
    9       0.3390      0.3340      0.3380      0.3240      0.3230
   10       0.3560      0.3540      0.3520      0.3360      0.3400
   11       0.3780      0.3520      0.3690      0.3620      0.3520
   12       0.4000      0.3710      0.3890      0.3700      0.3690
   13       0.4160      0.4030      0.4010      0.3790      0.3980

   AGE       1992        1993        1994        1995        1996
 ____________________________________________________________________

    3       0.1480      0.1450      0.1340      0.1300      0.1390
    4       0.1900      0.2110      0.2010      0.1830      0.1680
    5       0.2350      0.2460      0.2470      0.2400      0.2120
    6       0.2730      0.2920      0.2720      0.2770      0.2580
    7       0.3120      0.3240      0.3030      0.2980      0.2890
    8       0.3290      0.3500      0.3330      0.3250      0.3080
    9       0.3390      0.3620      0.3660      0.3580      0.3250
   10       0.3550      0.3760      0.3780      0.3780      0.3530
   11       0.3820      0.3860      0.3890      0.3970      0.3530
   12       0.4050      0.4190      0.3900      0.4090      0.3770
   13       0.3920      0.3890      0.4100      0.4330      0.4020

   AGE       1997        1998        1999
 ____________________________________________________________________

    3       0.1310      0.1340      0.1370
    4       0.1910      0.1850      0.2040
    5       0.2330      0.2380      0.2330
    6       0.2690      0.2640      0.2680
    7       0.3000      0.2880      0.2940
    8       0.3240      0.3240      0.3110
    9       0.3410      0.3400      0.3390
   10       0.3550      0.3480      0.3530
   11       0.3620      0.3750      0.3620
   12       0.3670      0.4060      0.3780
   13       0.3970      0.4150      0.4040

 Natural Mortality - Input Data


   AGE       1987        1988        1989        1990        1991
 ____________________________________________________________________

    3       0.1000      0.1000      0.1000      0.1000      0.1000
    4       0.1000      0.1000      0.1000      0.1000      0.1000
    5       0.1000      0.1000      0.1000      0.1000      0.1000
    6       0.1000      0.1000      0.1000      0.1000      0.1000
    7       0.1000      0.1000      0.1000      0.1000      0.1000
    8       0.1000      0.1000      0.1000      0.1000      0.1000
    9       0.1000      0.1000      0.1000      0.1000      0.1000
   10       0.1000      0.1000      0.1000      0.1000      0.1000
   11       0.1000      0.1000      0.1000      0.1000      0.1000
   12       0.1000      0.1000      0.1000      0.1000      0.1000
   13       0.1000      0.1000      0.1000      0.1000      0.1000

   AGE       1992        1993        1994        1995        1996
 ____________________________________________________________________

    3       0.1000      0.1000      0.1000      0.1000      0.1000
    4       0.1000      0.1000      0.1000      0.1000      0.1000
    5       0.1000      0.1000      0.1000      0.1000      0.1000
    6       0.1000      0.1000      0.1000      0.1000      0.1000
    7       0.1000      0.1000      0.1000      0.1000      0.1000
    8       0.1000      0.1000      0.1000      0.1000      0.1000
    9       0.1000      0.1000      0.1000      0.1000      0.1000
   10       0.1000      0.1000      0.1000      0.1000      0.1000
   11       0.1000      0.1000      0.1000      0.1000      0.1000
   12       0.1000      0.1000      0.1000      0.1000      0.1000
   13       0.1000      0.1000      0.1000      0.1000      0.1000

   AGE       1997        1998        1999
 ____________________________________________________________________

    3       0.1000      0.1000      0.1000
    4       0.1000      0.1000      0.1000
    5       0.1000      0.1000      0.1000
    6       0.1000      0.1000      0.1000
    7       0.1000      0.1000      0.1000
    8       0.1000      0.1000      0.1000
    9       0.1000      0.1000      0.1000
   10       0.1000      0.1000      0.1000
   11       0.1000      0.1000      0.1000
   12       0.1000      0.1000      0.1000
   13       0.1000      0.1000      0.1000

 Proportion of Natural Mortality Before Spawning =       0.5000
 Proportion of Fishing Mortality Before Spawning =       0.0000

 Maturity - Input Data


   AGE       1987        1988        1989        1990        1991
 ____________________________________________________________________

    3       0.2000      0.2000      0.2000      0.2000      0.2000
    4       0.8500      0.8500      0.8500      0.8500      0.8500
    5       1.0000      1.0000      1.0000      1.0000      1.0000
    6       1.0000      1.0000      1.0000      1.0000      1.0000
    7       1.0000      1.0000      1.0000      1.0000      1.0000
    8       1.0000      1.0000      1.0000      1.0000      1.0000
    9       1.0000      1.0000      1.0000      1.0000      1.0000
   10       1.0000      1.0000      1.0000      1.0000      1.0000
   11       1.0000      1.0000      1.0000      1.0000      1.0000
   12       1.0000      1.0000      1.0000      1.0000      1.0000
   13       1.0000      1.0000      1.0000      1.0000      1.0000

   AGE       1992        1993        1994        1995        1996
 ____________________________________________________________________

    3       0.2000      0.2000      0.2000      0.2000      0.2000
    4       0.8500      0.8500      0.8500      0.8500      0.8500
    5       1.0000      1.0000      1.0000      1.0000      1.0000
    6       1.0000      1.0000      1.0000      1.0000      1.0000
    7       1.0000      1.0000      1.0000      1.0000      1.0000
    8       1.0000      1.0000      1.0000      1.0000      1.0000
    9       1.0000      1.0000      1.0000      1.0000      1.0000
   10       1.0000      1.0000      1.0000      1.0000      1.0000
   11       1.0000      1.0000      1.0000      1.0000      1.0000
   12       1.0000      1.0000      1.0000      1.0000      1.0000
   13       1.0000      1.0000      1.0000      1.0000      1.0000

   AGE       1997        1998        1999
 ____________________________________________________________________

    3       0.2000      0.2000      0.2000
    4       0.8500      0.8500      0.8500
    5       1.0000      1.0000      1.0000
    6       1.0000      1.0000      1.0000
    7       1.0000      1.0000      1.0000
    8       1.0000      1.0000      1.0000
    9       1.0000      1.0000      1.0000
   10       1.0000      1.0000      1.0000
   11       1.0000      1.0000      1.0000
   12       1.0000      1.0000      1.0000
   13       1.0000      1.0000      1.0000

 Input Partial Recruitment

   AGE

    3       0.5000
    4       0.8000
    5       1.0000
    6       1.0000
    7       1.0000
    8       1.0000
    9       1.0000
   10       1.0000
   11       1.0000
   12       1.0000


 Input F-Plus Ratio

   YEAR

   1987       1.0000
   1988       1.0000
   1989       1.0000
   1990       1.0000
   1991       1.0000
   1992       1.0000
   1993       1.0000
   1994       1.0000
   1995       1.0000
   1996       1.0000
   1997       1.0000
   1998       1.0000
   1999       1.0000

 SURVEY - INPUT DATA


INDEX                   1                  2                  3

SURVEY TAG      Acoustic            Acoustic            Acoustic          

AGE                   4                   5                   6       
TIME               JAN-1               JAN-1               JAN-1       
TYPE              NUMBERS             NUMBERS             NUMBERS      
RETRO FLAG           1                   1                   1
 ________________________________________________________________________

    1987              0.0000              0.0000              0.0000
    1988         401246.0000         858012.0000         308065.0000
    1989         201284.0000         232808.0000         381417.0000
    1990         655361.0000         179364.0000         278836.0000
    1991         132235.0000         258591.0000          94373.0000
    1992        1049990.0000         354521.0000         319866.0000
    1993         830608.0000         729556.0000         158778.0000
    1994         505279.0000         882868.0000         496297.0000
    1995              0.0000              0.0000              0.0000
    1996         133810.0000         761581.0000         277893.0000
    1997         270706.0000         133667.0000         468678.0000
    1998         601783.0000          81055.0000          57366.0000
    1999         255937.0000        1081504.0000         103344.0000
    2000         839491.0000         239064.0000         605858.0000

 SURVEY - INPUT DATA


INDEX                   4                  5                  6

SURVEY TAG      Acoustic            Acoustic            Acoustic          

AGE                   7                   8                   9       
TIME               JAN-1               JAN-1               JAN-1       
TYPE              NUMBERS             NUMBERS             NUMBERS      
RETRO FLAG           1                   1                   1
 ________________________________________________________________________

    1987              0.0000              0.0000              0.0000
    1988          57103.0000          32532.0000          70426.0000
    1989         188456.0000          46448.0000          25798.0000
    1990         592982.0000         179665.0000          22182.0000
    1991         191054.0000         514403.0000          79353.0000
    1992          89825.0000         138333.0000         256921.0000
    1993         130781.0000          54156.0000          96330.0000
    1994          66963.0000          58295.0000         106172.0000
    1995              0.0000              0.0000              0.0000
    1996         385027.0000         176906.0000          98150.0000
    1997         269888.0000         325664.0000         217421.0000
    1998         287046.0000         155998.0000         203382.0000
    1999          51786.0000         135246.0000          70514.0000
    2000          88214.0000          43353.0000         165716.0000

 SURVEY - INPUT DATA


INDEX                   7                  8                  9

SURVEY TAG      Acoustic            Acoustic            Acoustic          

AGE                  10                  11                  12       
TIME               JAN-1               JAN-1               JAN-1       
TYPE              NUMBERS             NUMBERS             NUMBERS      
RETRO FLAG           1                   1                   1
 ________________________________________________________________________

    1987              0.0000              0.0000              0.0000
    1988          36713.0000          23586.0000          18401.0000
    1989          32819.0000          17439.0000          10373.0000
    1990          21768.0000          13080.0000           9941.0000
    1991          37618.0000           9394.0000          12636.0000
    1992          21290.0000           9866.0000              0.0000
    1993          96649.0000          24542.0000           1130.0000
    1994          48874.0000          36201.0000              0.0000
    1995              0.0000              0.0000              0.0000
    1996          48503.0000          16226.0000          29390.0000
    1997          92979.0000          55494.0000          39048.0000
    1998         105730.0000          35469.0000          27373.0000
    1999         101626.0000          53935.0000          17414.0000
    2000          89916.0000         121345.0000              0.0000

INDEX                  10

SURVEY TAG      Acoustic          

AGE                  13       
TIME               JAN-1       
TYPE              NUMBERS      
RETRO FLAG           1
 ________________________________________________________________________

    1987              0.0000
    1988          24278.0000
    1989           9081.0000
    1990           1989.0000
    1991              0.0000
    1992           9327.0000
    1993           1130.0000
    1994           4224.0000
    1995              0.0000
    1996          47945.0000
    1997          30028.0000
    1998          14234.0000
    1999          13636.0000
    2000              0.0000

     Additional Output Files 

Population File RUN1NWWG_R_17.PP2                                               
Auxilliary File RUN1NWWG_R_17.AUX                                               
Covariance File RUN1NWWG_R_17.CV                                                
Residuals File  RUN1NWWG_R_17.RSD                                               
Log File        RUN1NWWG_R_17.LOG                                               


                             Estimation Results

 JAN-1 Population Numbers


   AGE       1987        1988        1989        1990        1991
 _____________________________________________________________________________

    3      532148.     273265.     454293.     309706.     867504.
    4      991578.     478518.     242738.     389555.     266087.
    5      301243.     854837.     393713.     194325.     298367.
    6       84720.     215368.     679110.     282392.     142050.
    7       69235.      57097.     129175.     435618.     179904.
    8      107529.      43922.      29936.      76034.     245255.
    9       42666.      53547.      20704.      19391.      40166.
   10       38069.      24179.      18079.      13143.       9799.
   11       26430.      21223.      10210.       9457.       7750.
   12       34290.      14277.       9514.       4718.       5356.
   13       34318.      37044.      26165.      26546.      24958.
 ====================================================================
 Total    2262227.    2073276.    2013636.    1760885.    2087195.

   AGE       1992        1993        1994        1995        1996
 _____________________________________________________________________________

    3     1110276.     646818.     819390.     188322.     208182.
    4      700707.     914494.     536663.     613618.     150462.
    5      194181.     517626.     658750.     378096.     425030.
    6      188170.     139279.     380397.     460502.     259712.
    7       95531.     114722.     106284.     261467.     313151.
    8      110440.      59972.      76717.      72537.     163803.
    9      117746.      63536.      41635.      50164.      45386.
   10       26784.      56304.      38898.      22241.      30959.
   11        4935.      13268.      36471.      20340.      12037.
   12        4422.       2829.       7974.      19105.       9312.
   13       24322.      23841.      23133.      23587.      28979.
 ====================================================================
 Total    2577514.    2552690.    2726311.    2109978.    1647013.

   AGE       1997        1998        1999        2000
 _____________________________________________________________________________

    3     1131710.     359545.    1035132.     458376.
    4      173197.     986714.     282222.     883106.
    5       97920.     128104.     726204.     203378.
    6      302796.      63656.      94375.     523365.
    7      169636.     239089.      49420.      70117.
    8      203076.     121507.     177514.      31911.
    9      110593.     154297.      85328.     130752.
   10       27094.      78929.     109205.      58383.
   11       20030.      16431.      57516.      77907.
   12        5375.      14913.      12852.      40079.
   13       24312.      12785.      18439.      19455.
 ====================================================================
 Total    2265739.    2175970.    2648207.    2496829.



Fishing Mortality Calculated


   AGE       1987        1988        1989        1990        1991
 _____________________________________________________________________________

    3       0.0062      0.0185      0.0537      0.0518      0.1135
    4       0.0484      0.0951      0.1224      0.1667      0.2150
    5       0.2356      0.1301      0.2323      0.2134      0.3610
    6       0.2946      0.4112      0.3440      0.3509      0.2967
    7       0.3551      0.5457      0.4300      0.4745      0.3880
    8       0.5972      0.6521      0.3342      0.5382      0.6338
    9       0.4679      0.9858      0.3544      0.5825      0.3052
   10       0.4843      0.7621      0.5480      0.4282      0.5859
   11       0.5158      0.7023      0.6719      0.4684      0.4611
   12       0.5163      0.7756      0.4771      0.5043      0.4965
   13       0.5163      0.5056      0.1103      0.0707      0.0551

   AGE       1992        1993        1994        1995        1996
 _____________________________________________________________________________

    3       0.0940      0.0867      0.1892      0.1244      0.0840
    4       0.2028      0.2280      0.2502      0.2672      0.3296
    5       0.2323      0.2080      0.2580      0.2756      0.2391
    6       0.3948      0.1704      0.2749      0.2856      0.3259
    7       0.3656      0.3024      0.2820      0.3676      0.3331
    8       0.4529      0.2650      0.3248      0.3689      0.2928
    9       0.6378      0.3907      0.5270      0.3826      0.4159
   10       0.6025      0.3343      0.5483      0.5139      0.3354
   11       0.4563      0.4091      0.5466      0.6813      0.7062
   12       0.5373      0.3498      0.4867      0.4867      0.4376
   13       0.0232      0.0113      0.0889      0.1509      0.3289

   AGE       1997        1998        1999
 _____________________________________________________________________________

    3       0.0371      0.1421      0.0588
    4       0.2016      0.2065      0.2276
    5       0.3306      0.2056      0.2276
    6       0.1362      0.1532      0.1971
    7       0.2337      0.1978      0.3374
    8       0.1747      0.2535      0.2057
    9       0.2373      0.2456      0.2795
   10       0.4001      0.2165      0.2377
   11       0.1950      0.1457      0.2612
   12       0.2518      0.2153      0.2460
   13       0.8933      0.4255      0.4764


 Average Fishing Mortality For Ages   5- 10

 Year      Average F   N Weighted  Biomass Wtd  Catch Wtd

 _____________________________________________________________________________

 1987       0.4058      0.3468      0.3650      0.3907
 1988       0.5812      0.2649      0.2910      0.4223
 1989       0.3738      0.3210      0.3251      0.3334
 1990       0.4313      0.3968      0.4038      0.4220
 1991       0.4284      0.4293      0.4383      0.4597
 1992       0.4476      0.4033      0.4207      0.4408
 1993       0.2784      0.2372      0.2452      0.2510
 1994       0.3692      0.2861      0.2936      0.2983
 1995       0.3657      0.3126      0.3177      0.3191
 1996       0.3237      0.2971      0.3030      0.3035
 1997       0.2521      0.2040      0.2044      0.2251
 1998       0.2120      0.2153      0.2178      0.2188
 1999       0.2475      0.2310      0.2321      0.2340

 Back Calculated Partial Recruitment


   AGE       1987        1988        1989        1990        1991
 _____________________________________________________________________________

    3       0.0104      0.0187      0.0800      0.0889      0.1791
    4       0.0810      0.0964      0.1822      0.2861      0.3393
    5       0.3945      0.1320      0.3458      0.3662      0.5696
    6       0.4933      0.4171      0.5120      0.6023      0.4682
    7       0.5946      0.5536      0.6400      0.8145      0.6121
    8       1.0000      0.6615      0.4974      0.9238      1.0000
    9       0.7835      1.0000      0.5275      1.0000      0.4816
   10       0.8110      0.7731      0.8157      0.7351      0.9245
   11       0.8637      0.7125      1.0000      0.8041      0.7276
   12       0.8645      0.7868      0.7102      0.8658      0.7834
   13       0.8645      0.5129      0.1641      0.1214      0.0870

   AGE       1992        1993        1994        1995        1996
 _____________________________________________________________________________

    3       0.1474      0.2119      0.3450      0.1826      0.1189
    4       0.3180      0.5573      0.4563      0.3922      0.4666
    5       0.3643      0.5085      0.4706      0.4045      0.3386
    6       0.6191      0.4164      0.5014      0.4192      0.4615
    7       0.5732      0.7391      0.5143      0.5396      0.4717
    8       0.7101      0.6476      0.5924      0.5415      0.4146
    9       1.0000      0.9549      0.9611      0.5616      0.5889
   10       0.9446      0.8170      1.0000      0.7543      0.4749
   11       0.7154      1.0000      0.9968      1.0000      1.0000
   12       0.8425      0.8549      0.8876      0.7143      0.6196
   13       0.0363      0.0277      0.1621      0.2214      0.4657

   AGE       1997        1998        1999
 _____________________________________________________________________________

    3       0.0415      0.3341      0.1235
    4       0.2257      0.4855      0.4779
    5       0.3701      0.4832      0.4777
    6       0.1525      0.3600      0.4138
    7       0.2616      0.4649      0.7083
    8       0.1956      0.5958      0.4319
    9       0.2657      0.5774      0.5867
   10       0.4479      0.5088      0.4990
   11       0.2183      0.3424      0.5483
   12       0.2819      0.5061      0.5165
   13       1.0000      1.0000      1.0000

 JAN-1 Biomass


   AGE       1987        1988        1989        1990        1991
 _____________________________________________________________________________

    3       89401.      42903.      59058.      39333.     117113.
    4      198316.     105752.      50004.      76742.      50024.
    5       72298.     204306.      96853.      47610.      69221.
    6       23552.      58365.     177248.      76811.      37927.
    7       21047.      17015.      37461.     124151.      51992.
    8       34947.      14011.       9909.      23190.      74558.
    9       14464.      17885.       6998.       6283.      12974.
   10       13553.       8559.       6364.       4416.       3332.
   11        9990.       7471.       3767.       3423.       2728.
   12       13716.       5297.       3701.       1746.       1976.
   13       14276.      14929.      10492.      10061.       9933.
 ====================================================================
 Total     505561.     496492.     461855.     413765.     431778.

   AGE       1992        1993        1994        1995        1996
 _____________________________________________________________________________

    3      164321.      93789.     109798.      24482.      28937.
    4      133134.     192958.     107869.     112292.      25278.
    5       45633.     127336.     162711.      90743.      90106.
    6       51370.      40669.     103468.     127559.      67006.
    7       29806.      37170.      32204.      77917.      90501.
    8       36335.      20990.      25547.      23575.      50451.
    9       39916.      23000.      15238.      17959.      14750.
   10        9508.      21170.      14703.       8407.      10929.
   11        1885.       5121.      14187.       8075.       4249.
   12        1791.       1186.       3110.       7814.       3511.
   13        9534.       9274.       9485.      10213.      11650.
 ====================================================================
 Total     523233.     572664.     598321.     509035.     397367.

   AGE       1997        1998        1999        2000
 _____________________________________________________________________________

    3      148254.      48179.     141813.      72882.
    4       33081.     182542.      57573.     191634.
    5       22815.      30489.     169205.      54505.
    6       81452.      16805.      25293.     151252.
    7       50891.      68858.      14529.      22788.
    8       65797.      39368.      55207.      10913.
    9       37712.      52461.      28926.      47463.
   10        9618.      27467.      38549.      22069.
   11        7251.       6162.      20821.      30617.
   12        1973.       6055.       4858.      16312.
   13        9652.       5306.       7449.       8346.
 ====================================================================
 Total     468496.     483691.     564225.     628783.

 Mean Biomass


   AGE       1987        1988        1989        1990        1991
 _____________________________________________________________________________

    3       84816.      40459.      54742.      36493.     105454.
    4      184303.      96077.      44833.      67362.      42911.
    5       61418.     182502.      82404.      40872.      55460.
    6       19461.      45695.     143128.      61828.      31307.
    7       16909.      12535.      29078.      94441.      41142.
    8       25164.       9848.       8038.      17143.      52827.
    9       11035.      10910.       5624.       4553.      10667.
   10       10264.       5736.       4684.       3431.       2411.
   11        7459.       5137.       2625.       2611.       2088.
   12       10239.       3529.       2812.       1310.       1489.
   13       10657.      11198.       9463.       9249.       9201.
 ====================================================================
 Total     441725.     423626.     387430.     339293.     354956.

   AGE       1992        1993        1994        1995        1996
 _____________________________________________________________________________

    3      149365.      85554.      95348.      21929.      26431.
    4      114865.     164505.      91005.      93983.      20549.
    5       38825.     109592.     136770.      75650.      76419.
    6       40521.      35635.      86285.     105842.      54563.
    7       23830.      30601.      26767.      62235.      73450.
    8       27912.      17586.      20814.      18819.      41722.
    9       28232.      18177.      11321.      14246.      11524.
   10        6831.      17173.      10820.       6282.       8860.
   11        1446.       4013.      10448.       5604.       2917.
   12        1324.        955.       2353.       5911.       2716.
   13        8970.       8776.       8643.       9033.       9473.
 ====================================================================
 Total     442121.     492568.     500572.     419534.     328624.

   AGE       1997        1998        1999
 _____________________________________________________________________________

    3      138540.      42789.     131124.
    4       28558.     157216.      49093.
    5       18538.      26271.     144287.
    6       72547.      14847.      21881.
    7       43271.      59551.      11769.
    8       57533.      33163.      47565.
    9       32010.      44355.      24071.
   10        7569.      23545.      32715.
   11        6279.       5463.      17475.
   12        1663.       5193.       4107.
   13        6118.       4127.       5662.
 ====================================================================
 Total     412626.     416520.     489748.

 Spawning Stock Biomass


   AGE       1987        1988        1989        1990        1991
 _____________________________________________________________________________

    3       17008.       8162.      11236.       7483.      22280.
    4      160347.      85506.      40430.      62050.      40447.
    5       68772.     194342.      92130.      45288.      65845.
    6       22403.      55518.     168603.      73064.      36078.
    7       20021.      16185.      35634.     118096.      49456.
    8       33243.      13328.       9426.      22059.      70921.
    9       13759.      17012.       6657.       5976.      12341.
   10       12892.       8142.       6053.       4201.       3169.
   11        9503.       7106.       3584.       3256.       2595.
   12       13047.       5039.       3520.       1661.       1880.
   13       13580.      14201.       9981.       9570.       9449.
 ====================================================================
 Total     384575.     424540.     387253.     352704.     314461.

   AGE       1992        1993        1994        1995        1996
 _____________________________________________________________________________

    3       31261.      17843.      20889.       4658.       5505.
    4      107645.     156015.      87217.      90793.      20438.
    5       43407.     121126.     154776.      86318.      85712.
    6       48865.      38686.      98422.     121338.      63738.
    7       28352.      35357.      30633.      74117.      86087.
    8       34563.      19967.      24301.      22425.      47991.
    9       37969.      21878.      14495.      17083.      14031.
   10        9045.      20138.      13986.       7997.      10396.
   11        1793.       4872.      13495.       7681.       4042.
   12        1703.       1128.       2958.       7433.       3339.
   13        9069.       8822.       9022.       9715.      11081.
 ====================================================================
 Total     353673.     445831.     470194.     449557.     352360.

   AGE       1997        1998        1999
 _____________________________________________________________________________

    3       28205.       9166.      26979.
    4       26747.     147594.      46551.
    5       21703.      29002.     160953.
    6       77480.      15986.      24059.
    7       48409.      65499.      13821.
    8       62588.      37448.      52514.
    9       35873.      49902.      27515.
   10        9149.      26128.      36669.
   11        6897.       5861.      19805.
   12        1876.       5759.       4621.
   13        9181.       5047.       7086.
 ====================================================================
 Total     328108.     397392.     420575.

 Catch Biomass


   AGE       1987        1988        1989        1990        1991
 _____________________________________________________________________________

    3         528.        747.       2942.       1890.      11972.
    4        8918.       9134.       5490.      11228.       9227.
    5       14468.      23748.      19145.       8720.      20020.
    6        5733.      18789.      49239.      21694.       9290.
    7        6004.       6841.      12503.      44809.      15961.
    8       15028.       6422.       2686.       9226.      33480.
    9        5164.      10755.       1993.       2653.       3256.
   10        4971.       4372.       2567.       1469.       1413.
   11        3848.       3608.       1764.       1223.        963.
   12        5286.       2737.       1342.        661.        739.
   13        5502.       5661.       1043.        654.        507.
 ====================================================================
 Total      75451.      92814.     100713.     104227.     106827.

   AGE       1992        1993        1994        1995        1996
 _____________________________________________________________________________

    3       14039.       7417.      18039.       2729.       2220.
    4       23299.      37512.      22771.      25113.       6772.
    5        9020.      22799.      35290.      20847.      18272.
    6       15999.       6071.      23720.      30232.      17783.
    7        8711.       9253.       7549.      22880.      24467.
    8       12640.       4660.       6761.       6942.      12217.
    9       18006.       7101.       5966.       5451.       4792.
   10        4115.       5740.       5933.       3228.       2972.
   11         660.       1642.       5711.       3818.       2060.
   12         712.        334.       1145.       2877.       1188.
   13         208.        100.        768.       1363.       3116.
 ====================================================================
 Total     107408.     102629.     133653.     125481.      95858.

   AGE       1997        1998        1999
 _____________________________________________________________________________

    3        5140.       6082.       7715.
    4        5757.      32473.      11175.
    5        6130.       5400.      32833.
    6        9883.       2274.       4313.
    7       10112.      11779.       3971.
    8       10051.       8406.       9786.
    9        7596.      10896.       6727.
   10        3029.       5097.       7777.
   11        1225.        796.       4564.
   12         419.       1118.       1010.
   13        5465.       1756.       2697.
 ====================================================================
 Total      64806.      86076.      92569.

 Catch Numbers


   AGE       1987        1988        1989        1990        1991
 _____________________________________________________________________________

    3       3144.0      4757.0     22628.0     14884.0     88683.0
    4      44590.0     41331.0     26649.0     56995.0     49081.0
    5      60285.0     99366.0     77824.0     35593.0     86292.0
    6      20622.0     69331.0    188654.0     79757.0     34793.0
    7      19751.0     22955.0     43114.0    157225.0     55228.0
    8      46240.0     20131.0      8116.0     30248.0    110132.0
    9      15232.0     32201.0      5897.0      8187.0     10079.0
   10      13963.0     12349.0      7292.0      4372.0      4155.0
   11      10179.0     10250.0      4780.0      3379.0      2735.0
   12      13216.0      7378.0      3449.0      1786.0      2003.0
   13      13227.0     14048.0      2602.0      1726.0      1274.0
 ====================================================================
 Total    260449.0    334097.0    391005.0    394152.0    444455.0

   AGE       1992        1993        1994        1995        1996
 _____________________________________________________________________________

    3      94860.0     51153.0    134616.0     20991.0     15969.0
    4     122626.0    177780.0    113290.0    137232.0     40311.0
    5      38381.0     92680.0    142876.0     86864.0     86187.0
    6      58605.0     20791.0     87207.0    109140.0     68927.0
    7      27921.0     28560.0     24913.0     76780.0     84660.0
    8      38420.0     13313.0     20303.0     21361.0     39664.0
    9      53114.0     19617.0     16301.0     15225.0     14746.0
   10      11592.0     15266.0     15695.0      8541.0      8419.0
   11       1727.0      4254.0     14680.0      9617.0      5836.0
   12       1757.0       797.0      2936.0      7034.0      3152.0
   13        530.0       256.0      1874.0      3147.0      7750.0
 ====================================================================
 Total    449533.0    424467.0    574691.0    495932.0    375621.0

   AGE       1997        1998        1999
 _____________________________________________________________________________

    3      39240.0     45390.0     56315.0
    4      30141.0    175529.0     54779.0
    5      26307.0     22691.0    140913.0
    6      36738.0      8613.0     16093.0
    7      33705.0     40898.0     13506.0
    8      31022.0     25944.0     31467.0
    9      22277.0     32046.0     19845.0
   10       8531.0     14647.0     22031.0
   11       3383.0      2122.0     12609.0
   12       1141.0      2754.0      2673.0
   13      13767.0      4231.0      6676.0
 ====================================================================
 Total    246252.0    374865.0    376907.0


               Surplus Production

     Average Adjustment Factor (Delta) =   1.0000

 Year        Biomass  Delta Biomass  Catch Biomass  Surplus Production

 1987     505560.941      -9069.106      75450.782      66381.676
 1988     496491.835     -34636.797      92813.816      58177.019
 1989     461855.037     -48089.627     100713.041      52623.414
 1990     413765.411      18012.929     104226.989     122239.918
 1991     431778.340      91454.643     106827.024     198281.667
 1992     523232.983      49431.103     107408.317     156839.420
 1993     572664.086      25656.640     102628.948     128285.588
 1994     598320.726     -89285.375     133652.824      44367.449
 1995     509035.351    -111668.104     125480.745      13812.641
 1996     397367.247      71128.397      95858.270     166986.667
 1997     468495.643      15195.770      64805.906      80001.676
 1998     483691.414      80533.122      86076.430     166609.552
 1999     564224.535      64558.079      92569.079     157127.158
 2000     628782.614


 Summary of Survey Indices Used in the Estimate

 INDEX    Survey Tag    Age   Time  Type  Catchability Std. Error   CV
 _____________________________________________________________________________

   1 Acoustic              4   JAN-1 NUMBER  0.9506E+00  0.9932E-01  0.1045E+00
   2 Acoustic              5   JAN-1 NUMBER  0.1132E+01  0.1213E+00  0.1071E+00
   3 Acoustic              6   JAN-1 NUMBER  0.1080E+01  0.1014E+00  0.9384E-01
   4 Acoustic              7   JAN-1 NUMBER  0.1132E+01  0.7873E-01  0.6957E-01
   5 Acoustic              8   JAN-1 NUMBER  0.1224E+01  0.1380E+00  0.1128E+00
   6 Acoustic              9   JAN-1 NUMBER  0.1544E+01  0.1485E+00  0.9617E-01
   7 Acoustic             10   JAN-1 NUMBER  0.1613E+01  0.2105E+00  0.1305E+00
   8 Acoustic             11   JAN-1 NUMBER  0.1507E+01  0.1436E+00  0.9526E-01


 Survey Index:    1 Tag: Acoustic           AGE =  4
 Time = JAN-1           Type = NUMBER
 Catchability =    0.950591E+00   % Variance Contribution =    14.2137
 Unweighted Residual = LN(Observed) - LN(Predicted)

 Year      Observed        Predicted         Residual      Unweighted Resid
 _____________________________________________________________________________

 1987     N/A              0.942585E+06     N/A              N/A
 1988     0.401246E+06     0.454875E+06    -0.125448E+00    -0.125448E+00
 1989     0.201284E+06     0.230744E+06    -0.136593E+00    -0.136593E+00
 1990     0.655361E+06     0.370308E+06     0.570852E+00     0.570852E+00
 1991     0.132235E+06     0.252940E+06    -0.648572E+00    -0.648572E+00
 1992     0.104999E+07     0.666086E+06     0.455117E+00     0.455117E+00
 1993     0.830608E+06     0.869310E+06    -0.455417E-01    -0.455417E-01
 1994     0.505279E+06     0.510147E+06    -0.958729E-02    -0.958729E-02
 1995     N/A              0.583300E+06     N/A              N/A
 1996     0.133810E+06     0.143028E+06    -0.666197E-01    -0.666197E-01
 1997     0.270706E+06     0.164640E+06     0.497274E+00     0.497274E+00
 1998     0.601783E+06     0.937961E+06    -0.443812E+00    -0.443812E+00
 1999     0.255937E+06     0.268278E+06    -0.470915E-01    -0.470915E-01
 2000     0.839491E+06     0.839473E+06     0.214293E-04     0.214293E-04

 Survey Index:    2 Tag: Acoustic           AGE =  5
 Time = JAN-1           Type = NUMBER
 Catchability =    0.113218E+01   % Variance Contribution =    14.9443
 Unweighted Residual = LN(Observed) - LN(Predicted)

 Year      Observed        Predicted         Residual      Unweighted Resid
 _____________________________________________________________________________

 1987     N/A              0.341063E+06     N/A              N/A
 1988     0.858012E+06     0.967831E+06    -0.120440E+00    -0.120440E+00
 1989     0.232808E+06     0.445755E+06    -0.649556E+00    -0.649556E+00
 1990     0.179364E+06     0.220011E+06    -0.204262E+00    -0.204262E+00
 1991     0.258591E+06     0.337806E+06    -0.267223E+00    -0.267223E+00
 1992     0.354521E+06     0.219848E+06     0.477829E+00     0.477829E+00
 1993     0.729556E+06     0.586047E+06     0.219036E+00     0.219036E+00
 1994     0.882868E+06     0.745825E+06     0.168685E+00     0.168685E+00
 1995     N/A              0.428074E+06     N/A              N/A
 1996     0.761581E+06     0.481211E+06     0.459090E+00     0.459090E+00
 1997     0.133667E+06     0.110863E+06     0.187057E+00     0.187057E+00
 1998     0.810550E+05     0.145037E+06    -0.581864E+00    -0.581864E+00
 1999     0.108150E+07     0.822195E+06     0.274130E+00     0.274130E+00
 2000     0.239064E+06     0.230261E+06     0.375180E-01     0.375180E-01

 Survey Index:    3 Tag: Acoustic           AGE =  6
 Time = JAN-1           Type = NUMBER
 Catchability =    0.108010E+01   % Variance Contribution =    11.4645
 Unweighted Residual = LN(Observed) - LN(Predicted)

 Year      Observed        Predicted         Residual      Unweighted Resid
 _____________________________________________________________________________

 1987     N/A              0.915057E+05     N/A              N/A
 1988     0.308065E+06     0.232619E+06     0.280910E+00     0.280910E+00
 1989     0.381417E+06     0.733507E+06    -0.653944E+00    -0.653944E+00
 1990     0.278836E+06     0.305012E+06    -0.897259E-01    -0.897259E-01
 1991     0.943730E+05     0.153428E+06    -0.485976E+00    -0.485976E+00
 1992     0.319866E+06     0.203242E+06     0.453504E+00     0.453504E+00
 1993     0.158778E+06     0.150435E+06     0.539743E-01     0.539743E-01
 1994     0.496297E+06     0.410867E+06     0.188906E+00     0.188906E+00
 1995     N/A              0.497388E+06     N/A              N/A
 1996     0.277893E+06     0.280515E+06    -0.939036E-02    -0.939036E-02
 1997     0.468678E+06     0.327051E+06     0.359801E+00     0.359801E+00
 1998     0.573660E+05     0.687554E+05    -0.181103E+00    -0.181103E+00
 1999     0.103344E+06     0.101935E+06     0.137318E-01     0.137318E-01
 2000     0.605858E+06     0.565287E+06     0.693124E-01     0.693124E-01

 Survey Index:    4 Tag: Acoustic           AGE =  7
 Time = JAN-1           Type = NUMBER
 Catchability =    0.113163E+01   % Variance Contribution =     6.3014
 Unweighted Residual = LN(Observed) - LN(Predicted)

 Year      Observed        Predicted         Residual      Unweighted Resid
 _____________________________________________________________________________

 1987     N/A              0.783485E+05     N/A              N/A
 1988     0.571030E+05     0.646132E+05    -0.123562E+00    -0.123562E+00
 1989     0.188456E+06     0.146179E+06     0.254035E+00     0.254035E+00
 1990     0.592982E+06     0.492959E+06     0.184738E+00     0.184738E+00
 1991     0.191054E+06     0.203585E+06    -0.635270E-01    -0.635270E-01
 1992     0.898250E+05     0.108106E+06    -0.185248E+00    -0.185248E+00
 1993     0.130781E+06     0.129823E+06     0.735355E-02     0.735355E-02
 1994     0.669630E+05     0.120274E+06    -0.585635E+00    -0.585635E+00
 1995     N/A              0.295885E+06     N/A              N/A
 1996     0.385027E+06     0.354372E+06     0.829661E-01     0.829661E-01
 1997     0.269888E+06     0.191966E+06     0.340691E+00     0.340691E+00
 1998     0.287046E+06     0.270561E+06     0.591444E-01     0.591444E-01
 1999     0.517860E+05     0.559248E+05    -0.768888E-01    -0.768888E-01
 2000     0.882140E+05     0.793471E+05     0.105933E+00     0.105933E+00

 Survey Index:    5 Tag: Acoustic           AGE =  8
 Time = JAN-1           Type = NUMBER
 Catchability =    0.122363E+01   % Variance Contribution =    16.5518
 Unweighted Residual = LN(Observed) - LN(Predicted)

 Year      Observed        Predicted         Residual      Unweighted Resid
 _____________________________________________________________________________

 1987     N/A              0.131576E+06     N/A              N/A
 1988     0.325320E+05     0.537441E+05    -0.502009E+00    -0.502009E+00
 1989     0.464480E+05     0.366304E+05     0.237455E+00     0.237455E+00
 1990     0.179665E+06     0.930378E+05     0.658088E+00     0.658088E+00
 1991     0.514403E+06     0.300102E+06     0.538885E+00     0.538885E+00
 1992     0.138333E+06     0.135138E+06     0.233695E-01     0.233695E-01
 1993     0.541560E+05     0.733840E+05    -0.303837E+00    -0.303837E+00
 1994     0.582950E+05     0.938732E+05    -0.476428E+00    -0.476428E+00
 1995     N/A              0.887587E+05     N/A              N/A
 1996     0.176906E+06     0.200434E+06    -0.124868E+00    -0.124868E+00
 1997     0.325664E+06     0.248490E+06     0.270464E+00     0.270464E+00
 1998     0.155998E+06     0.148680E+06     0.480449E-01     0.480449E-01
 1999     0.135246E+06     0.217211E+06    -0.473775E+00    -0.473775E+00
 2000     0.433530E+05     0.390470E+05     0.104611E+00     0.104611E+00

 Survey Index:    6 Tag: Acoustic           AGE =  9
 Time = JAN-1           Type = NUMBER
 Catchability =    0.154389E+01   % Variance Contribution =    11.5868
 Unweighted Residual = LN(Observed) - LN(Predicted)

 Year      Observed        Predicted         Residual      Unweighted Resid
 _____________________________________________________________________________

 1987     N/A              0.658722E+05     N/A              N/A
 1988     0.704260E+05     0.826700E+05    -0.160294E+00    -0.160294E+00
 1989     0.257980E+05     0.319641E+05    -0.214318E-02    -0.214318E+00
 1990     0.221820E+05     0.299383E+05    -0.299857E+00    -0.299857E+00
 1991     0.793530E+05     0.620112E+05     0.246591E+00     0.246591E+00
 1992     0.256921E+06     0.181787E+06     0.345935E+00     0.345935E+00
 1993     0.963300E+05     0.980926E+05    -0.181323E-01    -0.181323E-01
 1994     0.106172E+06     0.642791E+05     0.501825E+00     0.501825E+00
 1995     N/A              0.774470E+05     N/A              N/A
 1996     0.981500E+05     0.700704E+05     0.336997E+00     0.336997E+00
 1997     0.217421E+06     0.170743E+06     0.241677E+00     0.241677E+00
 1998     0.203382E+06     0.238217E+06    -0.158096E+00    -0.158096E+00
 1999     0.705140E+05     0.131737E+06    -0.624995E+00    -0.624995E+00
 2000     0.165716E+06     0.201867E+06    -0.197333E+00    -0.197333E+00

 Survey Index:    7 Tag: Acoustic           AGE = 10
 Time = JAN-1           Type = NUMBER
 Catchability =    0.161298E+01   % Variance Contribution =    14.6047
 Unweighted Residual = LN(Observed) - LN(Predicted)

 Year      Observed        Predicted         Residual      Unweighted Resid
 _____________________________________________________________________________

 1987     N/A              0.614050E+05     N/A              N/A
 1988     0.367130E+05     0.390005E+05    -0.604436E-01    -0.604436E-01
 1989     0.328190E+05     0.291612E+05     0.118167E-02     0.118167E+00
 1990     0.217680E+05     0.211992E+05     0.264790E-03     0.264790E-01
 1991     0.376180E+05     0.158057E+05     0.867110E-02     0.867110E+00
 1992     0.212900E+05     0.432023E+05    -0.707657E+00    -0.707657E+00
 1993     0.966490E+05     0.908169E+05     0.622405E-01     0.622405E-01
 1994     0.488740E+05     0.627412E+05    -0.249773E+00    -0.249773E+00
 1995     N/A              0.358735E+05     N/A              N/A
 1996     0.485030E+05     0.499368E+05    -0.291325E-01    -0.291325E-01
 1997     0.929790E+05     0.437020E+05     0.754980E+00     0.754980E+00
 1998     0.105730E+06     0.127310E+06    -0.185737E+00    -0.185737E+00
 1999     0.101626E+06     0.176146E+06    -0.550012E+00    -0.550012E+00
 2000     0.899160E+05     0.941697E+05    -0.462221E-01    -0.462221E-01

 Survey Index:    8 Tag: Acoustic           AGE = 11
 Time = JAN-1           Type = NUMBER
 Catchability =    0.150732E+01   % Variance Contribution =    10.3328
 Unweighted Residual = LN(Observed) - LN(Predicted)

 Year      Observed        Predicted         Residual      Unweighted Resid
 _____________________________________________________________________________

 1987     N/A              0.398382E+05     N/A              N/A
 1988     0.235860E+05     0.319902E+05    -0.304776E+00    -0.304776E+00
 1989     0.174390E+05     0.153895E+05     0.125022E-02     0.125022E+00
 1990     0.130800E+05     0.142541E+05    -0.859586E-03    -0.859586E-01
 1991     0.939400E+04     0.116815E+05    -0.217936E-02    -0.217936E+00
 1992     0.986600E+04     0.743858E+04     0.282414E-02     0.282414E+00
 1993     0.245420E+05     0.199992E+05     0.204694E+00     0.204694E+00
 1994     0.362010E+05     0.549729E+05    -0.417753E+00    -0.417753E+00
 1995     N/A              0.306595E+05     N/A              N/A
 1996     0.162260E+05     0.181443E+05    -0.111742E+00    -0.111742E+00
 1997     0.554940E+05     0.301922E+05     0.608691E+00     0.608691E+00
 1998     0.354690E+05     0.247667E+05     0.359159E+00     0.359159E+00
 1999     0.539350E+05     0.866944E+05    -0.474610E+00    -0.474610E+00
 2000     0.121345E+06     0.117430E+06     0.327957E-01     0.327957E-01


Survey Weight Factors - Survey Index =     6

      1987        1.0000
      1988        1.0000
      1989        0.0100
      1990        1.0000
      1991        1.0000
      1992        1.0000
      1993        1.0000
      1994        1.0000
      1995        1.0000
      1996        1.0000
      1997        1.0000
      1998        1.0000
      1999        1.0000
      2000        1.0000


Survey Weight Factors - Survey Index =     7

      1987        1.0000
      1988        1.0000
      1989        0.0100
      1990        0.0100
      1991        0.0100
      1992        1.0000
      1993        1.0000
      1994        1.0000
      1995        1.0000
      1996        1.0000
      1997        1.0000
      1998        1.0000
      1999        1.0000
      2000        1.0000


Survey Weight Factors - Survey Index =     8

      1987        1.0000
      1988        1.0000
      1989        0.0100
      1990        0.0100
      1991        0.0100
      1992        0.0100
      1993        1.0000
      1994        1.0000
      1995        1.0000
      1996        1.0000
      1997        1.0000
      1998        1.0000
      1999        1.0000
      2000        1.0000



 Plus Group Diagnostic Report 

 Calculation Method Selected = Forward

          Population  Population    F            F
 Year     Backward     Forward    Forward     Backward    Ratio

 1987      34318.      34318.    0.516313    0.516313    1.000000
 1988      27185.      37044.    0.505571    0.775594    1.534096
 1989       7177.      26165.    0.110266    0.477144    4.327220
 1990       4560.      26546.    0.070728    0.504341    7.130661
 1991       3407.      24958.    0.055108    0.496511    9.009835
 1992       1334.      24322.    0.023161    0.537335   23.200235
 1993        909.      23841.    0.011347    0.349753   30.824344
 1994       5090.      23133.    0.088900    0.486685    5.474523
 1995       8547.      23587.    0.150857    0.486680    3.226096
 1996      22896.      28979.    0.328868    0.437589    1.330592
 1997      64855.      24312.    0.893303    0.251797    0.281871
 1998      22911.      12785.    0.425462    0.215316    0.506075
 1999      32099.      18439.    0.476355    0.246036    0.516498
 2000      31802.      19455.       N/A         N/A
