 VPA Version 3.3.0

 Model ID: k=0.3, 2009-2011 Ichtio.                                                        


 Input File: RUN1NWWG_R_14.DAT                                                               
 Date of Run: 21-NOV-2017                         Time of Run: 16:55


 Levenburg-Marquardt Algorithm Completed    13 Iterations
 Residual Sum of Squares =     21.4182    

 Number of Residuals     =    120
 Number of Parameters    =      9
 Degrees of Freedom      =    111
 Mean Squared Residual   =     0.192956    
 Standard Deviation      =     0.439268    


 Number of Years =    16
 Number of Ages  =    11
 First Year      =  1987
 Youngest Age    =     3
 Oldest True Age =    12

 Number of Survey Indices Available        =    10
 Number of Survey Indices Used in Estimate =     8


 VPA Classic Method - Auto Estimated Q's


 Stock Numbers Predicted in Terminal Year Plus One (2003)
 Age    Stock Predicted     Std. Error      CV

   4        1936876.117   0.439316E+00   0.226817E-06
   5         327441.093   0.442029E+00   0.134995E-05
   6         225020.306   0.441721E+00   0.196303E-05
   7         291345.853   0.442724E+00   0.151958E-05
   8         101347.897   0.442223E+00   0.436342E-05
   9         193977.963   0.443671E+00   0.228722E-05
  10          27069.864   0.442776E+00   0.163568E-04
  11          14206.578   0.444966E+00   0.313211E-04
  12          17837.028   0.448327E+00   0.251346E-04

 Catchability Values for Each Survey Used in Estimate
 INDEX     Catchability    Std. Error      CV

   1       0.990961E+00   0.105297E+00   0.106258E+00
   2       0.120261E+01   0.142329E+00   0.118350E+00
   3       0.105322E+01   0.101513E+00   0.963835E-01
   4       0.115449E+01   0.789961E-01   0.684251E-01
   5       0.122645E+01   0.123238E+00   0.100484E+00
   6       0.152273E+01   0.185435E+00   0.121778E+00
   7       0.175096E+01   0.223675E+00   0.127744E+00
   8       0.150117E+01   0.239206E+00   0.159347E+00


 -- Non-Linear Least Squares Fit --

 Maximum Marquadt Iterations    =       100
 Scaled Gradient Tolerance      =    6.055454E-05
 Scaled Step Tolerance          =    1.000000E-18
 Relative Function Tolerance    =    1.000000E-18
 Absolute Function Tolerance    =    4.930381E-32

 Reported Machine Precision     =    2.220446E-16


 VPA Method Options

 - Catchability Values Estimated as an Analytic Function of N
 - Catch Equation Used in Cohort Solution
 - Plus Group Forward Calculation Method Used
 - Arithmetic Average Used in F-Oldest Calculation
 - F-Oldest Calculation in Years Prior to Terminal Year 
   Uses Fishing Mortality in Ages  8 to 11
 - Calculation of Population of Age 3 In Year 2003
   =  Geometric Mean of First Age Populations
      Year Range Applied =  1987 to  1999
 - Survey Weight Factors Were Used

 Stock Estimates 

 Age   4
 Age   5
 Age   6
 Age   7
 Age   8
 Age   9
 Age  10
 Age  11
 Age  12

 Full F in Terminal Year               =   0.2252

 F in Oldest True Age in Terminal Year =   0.2641

 Full F Calculated Using Classic Method

 F in Oldest True Age in Terminal Year has been
 Calculated in Same Manner as in All Other Years

 Age  Input Partial  Calc Partial   Fishing     Used In
      Recruitment    Recruitment    Mortality   Full F    Comments

   3      0.500          0.131       0.0389      NO      Stock Estimate in T+1   
   4      0.800          0.627       0.1867      NO      Stock Estimate in T+1   
   5      1.000          0.591       0.1760      YES     Stock Estimate in T+1   
   6      1.000          0.547       0.1627      YES     Stock Estimate in T+1   
   7      1.000          0.609       0.1812      YES     Stock Estimate in T+1   
   8      1.000          0.631       0.1877      YES     Stock Estimate in T+1   
   9      1.000          0.999       0.2975      YES     Stock Estimate in T+1   
  10      1.000          0.918       0.2733      YES     Stock Estimate in T+1   
  11      1.000          1.000       0.2977      YES     Stock Estimate in T+1   
  12      1.000          0.887       0.2641              F-Oldest                

 Catch At Age - Input Data


   AGE       1987        1988        1989        1990        1991
 ____________________________________________________________________

    3       3144.0      4757.0     22628.0     14884.0     88683.0
    4      44590.0     41331.0     26649.0     56995.0     49081.0
    5      60285.0     99366.0     77824.0     35593.0     86292.0
    6      20622.0     69331.0    188654.0     79757.0     34793.0
    7      19751.0     22955.0     43114.0    157225.0     55228.0
    8      46240.0     20131.0      8116.0     30248.0    110132.0
    9      15232.0     32201.0      5897.0      8187.0     10079.0
   10      13963.0     12349.0      7292.0      4372.0      4155.0
   11      10179.0     10250.0      4780.0      3379.0      2735.0
   12      13216.0      7378.0      3449.0      1786.0      2003.0
   13      13227.0     14048.0      2602.0      1726.0      1274.0

   AGE       1992        1993        1994        1995        1996
 ____________________________________________________________________

    3      94860.0     51153.0    134616.0     20991.0     15969.0
    4     122626.0    177780.0    113290.0    137232.0     40311.0
    5      38381.0     92680.0    142876.0     86864.0     86187.0
    6      58605.0     20791.0     87207.0    109140.0     68927.0
    7      27921.0     28560.0     24913.0     76780.0     84660.0
    8      38420.0     13313.0     20303.0     21361.0     39664.0
    9      53114.0     19617.0     16301.0     15225.0     14746.0
   10      11592.0     15266.0     15695.0      8541.0      8419.0
   11       1727.0      4254.0     14680.0      9617.0      5836.0
   12       1757.0       797.0      2936.0      7034.0      3152.0
   13        530.0       256.0      1874.0      3147.0      7750.0

   AGE       1997        1998        1999        2000        2001
 ____________________________________________________________________

    3      39240.0     45390.0     56315.0     57282.0     42304.0
    4      30141.0    175529.0     54779.0    136278.0     86422.0
    5      26307.0     22691.0    140913.0     49289.0     93597.0
    6      36738.0      8613.0     16093.0     76614.0     30336.0
    7      33705.0     40898.0     13506.0     11546.0     54491.0
    8      31022.0     25944.0     31467.0      8294.0     10375.0
    9      22277.0     32046.0     19845.0     16367.0      8762.0
   10       8531.0     14647.0     22031.0      9874.0     12244.0
   11       3383.0      2122.0     12609.0     11332.0      9907.0
   12       1141.0      2754.0      2673.0      6744.0      8259.0
   13      13767.0      4231.0      6676.0      5618.0      8838.0

 Catch At Age - Input Data


   AGE       2002
 ____________________________________________________________________

    3      80863.0
    4      70801.0
    5      45607.0
    6      54202.0
    7      21211.0
    8      42199.0
    9       9888.0
   10       4707.0
   11       6520.0
   12       9108.0
   13      19046.0

 Weight At Age - Input Data


   AGE       1987        1988        1989        1990        1991
 ____________________________________________________________________

    3       0.1680      0.1570      0.1300      0.1270      0.1350
    4       0.2000      0.2210      0.2060      0.1970      0.1880
    5       0.2400      0.2390      0.2460      0.2450      0.2320
    6       0.2780      0.2710      0.2610      0.2720      0.2670
    7       0.3040      0.2980      0.2900      0.2850      0.2890
    8       0.3250      0.3190      0.3310      0.3050      0.3040
    9       0.3390      0.3340      0.3380      0.3240      0.3230
   10       0.3560      0.3540      0.3520      0.3360      0.3400
   11       0.3780      0.3520      0.3690      0.3620      0.3520
   12       0.4000      0.3710      0.3890      0.3700      0.3690
   13       0.4160      0.4030      0.4010      0.3790      0.3980

   AGE       1992        1993        1994        1995        1996
 ____________________________________________________________________

    3       0.1480      0.1450      0.1340      0.1300      0.1390
    4       0.1900      0.2110      0.2010      0.1830      0.1680
    5       0.2350      0.2460      0.2470      0.2400      0.2120
    6       0.2730      0.2920      0.2720      0.2770      0.2580
    7       0.3120      0.3240      0.3030      0.2980      0.2890
    8       0.3290      0.3500      0.3330      0.3250      0.3080
    9       0.3390      0.3620      0.3660      0.3580      0.3250
   10       0.3550      0.3760      0.3780      0.3780      0.3530
   11       0.3820      0.3860      0.3890      0.3970      0.3530
   12       0.4050      0.4190      0.3900      0.4090      0.3770
   13       0.3920      0.3890      0.4100      0.4330      0.4020

   AGE       1997        1998        1999        2000        2001
 ____________________________________________________________________

    3       0.1310      0.1340      0.1370      0.1590      0.1390
    4       0.1910      0.1850      0.2040      0.2170      0.2140
    5       0.2330      0.2380      0.2330      0.2680      0.2440
    6       0.2690      0.2640      0.2680      0.2890      0.2860
    7       0.3000      0.2880      0.2940      0.3250      0.2960
    8       0.3240      0.3240      0.3110      0.3420      0.3240
    9       0.3410      0.3400      0.3390      0.3630      0.3470
   10       0.3550      0.3480      0.3530      0.3780      0.3540
   11       0.3620      0.3750      0.3620      0.3930      0.3850
   12       0.3670      0.4060      0.3780      0.4070      0.4030
   13       0.3970      0.4150      0.4040      0.4290      0.4230

 Weight At Age - Input Data


   AGE       2002
 ____________________________________________________________________

    3       0.1610
    4       0.2110
    5       0.2580
    6       0.2800
    7       0.3190
    8       0.3320
    9       0.3540
   10       0.4050
   11       0.3960
   12       0.4160
   13       0.4470

 JAN-1 Weights at Age - Input Data


   AGE       1987        1988        1989        1990        1991
 ____________________________________________________________________

    3       0.1680      0.1570      0.1300      0.1270      0.1350
    4       0.2000      0.2210      0.2060      0.1970      0.1880
    5       0.2400      0.2390      0.2460      0.2450      0.2320
    6       0.2780      0.2710      0.2610      0.2720      0.2670
    7       0.3040      0.2980      0.2900      0.2850      0.2890
    8       0.3250      0.3190      0.3310      0.3050      0.3040
    9       0.3390      0.3340      0.3380      0.3240      0.3230
   10       0.3560      0.3540      0.3520      0.3360      0.3400
   11       0.3780      0.3520      0.3690      0.3620      0.3520
   12       0.4000      0.3710      0.3890      0.3700      0.3690
   13       0.4160      0.4030      0.4010      0.3790      0.3980

   AGE       1992        1993        1994        1995        1996
 ____________________________________________________________________

    3       0.1480      0.1450      0.1340      0.1300      0.1390
    4       0.1900      0.2110      0.2010      0.1830      0.1680
    5       0.2350      0.2460      0.2470      0.2400      0.2120
    6       0.2730      0.2920      0.2720      0.2770      0.2580
    7       0.3120      0.3240      0.3030      0.2980      0.2890
    8       0.3290      0.3500      0.3330      0.3250      0.3080
    9       0.3390      0.3620      0.3660      0.3580      0.3250
   10       0.3550      0.3760      0.3780      0.3780      0.3530
   11       0.3820      0.3860      0.3890      0.3970      0.3530
   12       0.4050      0.4190      0.3900      0.4090      0.3770
   13       0.3920      0.3890      0.4100      0.4330      0.4020

   AGE       1997        1998        1999        2000        2001
 ____________________________________________________________________

    3       0.1310      0.1340      0.1370      0.1590      0.1390
    4       0.1910      0.1850      0.2040      0.2170      0.2140
    5       0.2330      0.2380      0.2330      0.2680      0.2440
    6       0.2690      0.2640      0.2680      0.2890      0.2860
    7       0.3000      0.2880      0.2940      0.3250      0.2960
    8       0.3240      0.3240      0.3110      0.3420      0.3240
    9       0.3410      0.3400      0.3390      0.3630      0.3470
   10       0.3550      0.3480      0.3530      0.3780      0.3540
   11       0.3620      0.3750      0.3620      0.3930      0.3850
   12       0.3670      0.4060      0.3780      0.4070      0.4030
   13       0.3970      0.4150      0.4040      0.4290      0.4230

 JAN-1 Weights at Age - Input Data


   AGE       2002        2003
 ____________________________________________________________________

    3       0.1610      0.1560
    4       0.2110      0.1890
    5       0.2580      0.2290
    6       0.2800      0.2600
    7       0.3190      0.2830
    8       0.3320      0.3090
    9       0.3540      0.3360
   10       0.4050      0.3360
   11       0.3960      0.3690
   12       0.4160      0.3940
   13       0.4470      0.3990

 SSB Weight At Age - Input Data


   AGE       1987        1988        1989        1990        1991
 ____________________________________________________________________

    3       0.1680      0.1570      0.1300      0.1270      0.1350
    4       0.2000      0.2210      0.2060      0.1970      0.1880
    5       0.2400      0.2390      0.2460      0.2450      0.2320
    6       0.2780      0.2710      0.2610      0.2720      0.2670
    7       0.3040      0.2980      0.2900      0.2850      0.2890
    8       0.3250      0.3190      0.3310      0.3050      0.3040
    9       0.3390      0.3340      0.3380      0.3240      0.3230
   10       0.3560      0.3540      0.3520      0.3360      0.3400
   11       0.3780      0.3520      0.3690      0.3620      0.3520
   12       0.4000      0.3710      0.3890      0.3700      0.3690
   13       0.4160      0.4030      0.4010      0.3790      0.3980

   AGE       1992        1993        1994        1995        1996
 ____________________________________________________________________

    3       0.1480      0.1450      0.1340      0.1300      0.1390
    4       0.1900      0.2110      0.2010      0.1830      0.1680
    5       0.2350      0.2460      0.2470      0.2400      0.2120
    6       0.2730      0.2920      0.2720      0.2770      0.2580
    7       0.3120      0.3240      0.3030      0.2980      0.2890
    8       0.3290      0.3500      0.3330      0.3250      0.3080
    9       0.3390      0.3620      0.3660      0.3580      0.3250
   10       0.3550      0.3760      0.3780      0.3780      0.3530
   11       0.3820      0.3860      0.3890      0.3970      0.3530
   12       0.4050      0.4190      0.3900      0.4090      0.3770
   13       0.3920      0.3890      0.4100      0.4330      0.4020

   AGE       1997        1998        1999        2000        2001
 ____________________________________________________________________

    3       0.1310      0.1340      0.1370      0.1590      0.1390
    4       0.1910      0.1850      0.2040      0.2170      0.2140
    5       0.2330      0.2380      0.2330      0.2680      0.2440
    6       0.2690      0.2640      0.2680      0.2890      0.2860
    7       0.3000      0.2880      0.2940      0.3250      0.2960
    8       0.3240      0.3240      0.3110      0.3420      0.3240
    9       0.3410      0.3400      0.3390      0.3630      0.3470
   10       0.3550      0.3480      0.3530      0.3780      0.3540
   11       0.3620      0.3750      0.3620      0.3930      0.3850
   12       0.3670      0.4060      0.3780      0.4070      0.4030
   13       0.3970      0.4150      0.4040      0.4290      0.4230

 SSB Weight At Age - Input Data


   AGE       2002
 ____________________________________________________________________

    3       0.1610
    4       0.2110
    5       0.2580
    6       0.2800
    7       0.3190
    8       0.3320
    9       0.3540
   10       0.4050
   11       0.3960
   12       0.4160
   13       0.4470

 Natural Mortality - Input Data


   AGE       1987        1988        1989        1990        1991
 ____________________________________________________________________

    3       0.1000      0.1000      0.1000      0.1000      0.1000
    4       0.1000      0.1000      0.1000      0.1000      0.1000
    5       0.1000      0.1000      0.1000      0.1000      0.1000
    6       0.1000      0.1000      0.1000      0.1000      0.1000
    7       0.1000      0.1000      0.1000      0.1000      0.1000
    8       0.1000      0.1000      0.1000      0.1000      0.1000
    9       0.1000      0.1000      0.1000      0.1000      0.1000
   10       0.1000      0.1000      0.1000      0.1000      0.1000
   11       0.1000      0.1000      0.1000      0.1000      0.1000
   12       0.1000      0.1000      0.1000      0.1000      0.1000
   13       0.1000      0.1000      0.1000      0.1000      0.1000

   AGE       1992        1993        1994        1995        1996
 ____________________________________________________________________

    3       0.1000      0.1000      0.1000      0.1000      0.1000
    4       0.1000      0.1000      0.1000      0.1000      0.1000
    5       0.1000      0.1000      0.1000      0.1000      0.1000
    6       0.1000      0.1000      0.1000      0.1000      0.1000
    7       0.1000      0.1000      0.1000      0.1000      0.1000
    8       0.1000      0.1000      0.1000      0.1000      0.1000
    9       0.1000      0.1000      0.1000      0.1000      0.1000
   10       0.1000      0.1000      0.1000      0.1000      0.1000
   11       0.1000      0.1000      0.1000      0.1000      0.1000
   12       0.1000      0.1000      0.1000      0.1000      0.1000
   13       0.1000      0.1000      0.1000      0.1000      0.1000

   AGE       1997        1998        1999        2000        2001
 ____________________________________________________________________

    3       0.1000      0.1000      0.1000      0.1000      0.1000
    4       0.1000      0.1000      0.1000      0.1000      0.1000
    5       0.1000      0.1000      0.1000      0.1000      0.1000
    6       0.1000      0.1000      0.1000      0.1000      0.1000
    7       0.1000      0.1000      0.1000      0.1000      0.1000
    8       0.1000      0.1000      0.1000      0.1000      0.1000
    9       0.1000      0.1000      0.1000      0.1000      0.1000
   10       0.1000      0.1000      0.1000      0.1000      0.1000
   11       0.1000      0.1000      0.1000      0.1000      0.1000
   12       0.1000      0.1000      0.1000      0.1000      0.1000
   13       0.1000      0.1000      0.1000      0.1000      0.1000

 Natural Mortality - Input Data


   AGE       2002
 ____________________________________________________________________

    3       0.1000
    4       0.1000
    5       0.1000
    6       0.1000
    7       0.1000
    8       0.1000
    9       0.1000
   10       0.1000
   11       0.1000
   12       0.1000
   13       0.1000

 Proportion of Natural Mortality Before Spawning =       0.5000
 Proportion of Fishing Mortality Before Spawning =       0.0000

 Maturity - Input Data


   AGE       1987        1988        1989        1990        1991
 ____________________________________________________________________

    3       0.2000      0.2000      0.2000      0.2000      0.2000
    4       0.8500      0.8500      0.8500      0.8500      0.8500
    5       1.0000      1.0000      1.0000      1.0000      1.0000
    6       1.0000      1.0000      1.0000      1.0000      1.0000
    7       1.0000      1.0000      1.0000      1.0000      1.0000
    8       1.0000      1.0000      1.0000      1.0000      1.0000
    9       1.0000      1.0000      1.0000      1.0000      1.0000
   10       1.0000      1.0000      1.0000      1.0000      1.0000
   11       1.0000      1.0000      1.0000      1.0000      1.0000
   12       1.0000      1.0000      1.0000      1.0000      1.0000
   13       1.0000      1.0000      1.0000      1.0000      1.0000

   AGE       1992        1993        1994        1995        1996
 ____________________________________________________________________

    3       0.2000      0.2000      0.2000      0.2000      0.2000
    4       0.8500      0.8500      0.8500      0.8500      0.8500
    5       1.0000      1.0000      1.0000      1.0000      1.0000
    6       1.0000      1.0000      1.0000      1.0000      1.0000
    7       1.0000      1.0000      1.0000      1.0000      1.0000
    8       1.0000      1.0000      1.0000      1.0000      1.0000
    9       1.0000      1.0000      1.0000      1.0000      1.0000
   10       1.0000      1.0000      1.0000      1.0000      1.0000
   11       1.0000      1.0000      1.0000      1.0000      1.0000
   12       1.0000      1.0000      1.0000      1.0000      1.0000
   13       1.0000      1.0000      1.0000      1.0000      1.0000

   AGE       1997        1998        1999        2000        2001
 ____________________________________________________________________

    3       0.2000      0.2000      0.2000      0.2000      0.2000
    4       0.8500      0.8500      0.8500      0.8500      0.8500
    5       1.0000      1.0000      1.0000      1.0000      1.0000
    6       1.0000      1.0000      1.0000      1.0000      1.0000
    7       1.0000      1.0000      1.0000      1.0000      1.0000
    8       1.0000      1.0000      1.0000      1.0000      1.0000
    9       1.0000      1.0000      1.0000      1.0000      1.0000
   10       1.0000      1.0000      1.0000      1.0000      1.0000
   11       1.0000      1.0000      1.0000      1.0000      1.0000
   12       1.0000      1.0000      1.0000      1.0000      1.0000
   13       1.0000      1.0000      1.0000      1.0000      1.0000

 Maturity - Input Data


   AGE       2002
 ____________________________________________________________________

    3       0.2000
    4       0.8500
    5       1.0000
    6       1.0000
    7       1.0000
    8       1.0000
    9       1.0000
   10       1.0000
   11       1.0000
   12       1.0000
   13       1.0000

 Input Partial Recruitment

   AGE

    3       0.5000
    4       0.8000
    5       1.0000
    6       1.0000
    7       1.0000
    8       1.0000
    9       1.0000
   10       1.0000
   11       1.0000
   12       1.0000


 Input F-Plus Ratio

   YEAR

   1987       1.0000
   1988       1.0000
   1989       1.0000
   1990       1.0000
   1991       1.0000
   1992       1.0000
   1993       1.0000
   1994       1.0000
   1995       1.0000
   1996       1.0000
   1997       1.0000
   1998       1.0000
   1999       1.0000
   2000       1.0000
   2001       1.0000
   2002       1.0000

 SURVEY - INPUT DATA


INDEX                   1                  2                  3

SURVEY TAG      Acoustic            Acoustic            Acoustic          

AGE                   4                   5                   6       
TIME               JAN-1               JAN-1               JAN-1       
TYPE              NUMBERS             NUMBERS             NUMBERS      
RETRO FLAG           1                   1                   1
 ________________________________________________________________________

    1987              0.0000              0.0000              0.0000
    1988         401246.0000         858012.0000         308065.0000
    1989         201284.0000         232808.0000         381417.0000
    1990         655361.0000         179364.0000         278836.0000
    1991         132235.0000         258591.0000          94373.0000
    1992        1049990.0000         354521.0000         319866.0000
    1993         830608.0000         729556.0000         158778.0000
    1994         505279.0000         882868.0000         496297.0000
    1995              0.0000              0.0000              0.0000
    1996         133810.0000         761581.0000         277893.0000
    1997         270706.0000         133667.0000         468678.0000
    1998         601783.0000          81055.0000          57366.0000
    1999         255937.0000        1081504.0000         103344.0000
    2000         839491.0000         239064.0000         605858.0000
    2001         966960.0000        1316413.0000         191001.0000
    2002         287004.0000         217441.0000         260497.0000
    2003        1919368.0000         553149.0000         205656.0000

 SURVEY - INPUT DATA


INDEX                   4                  5                  6

SURVEY TAG      Acoustic            Acoustic            Acoustic          

AGE                   7                   8                   9       
TIME               JAN-1               JAN-1               JAN-1       
TYPE              NUMBERS             NUMBERS             NUMBERS      
RETRO FLAG           1                   1                   1
 ________________________________________________________________________

    1987              0.0000              0.0000              0.0000
    1988          57103.0000          32532.0000          70426.0000
    1989         188456.0000          46448.0000          25798.0000
    1990         592982.0000         179665.0000          22182.0000
    1991         191054.0000         514403.0000          79353.0000
    1992          89825.0000         138333.0000         256921.0000
    1993         130781.0000          54156.0000          96330.0000
    1994          66963.0000          58295.0000         106172.0000
    1995              0.0000              0.0000              0.0000
    1996         385027.0000         176906.0000          98150.0000
    1997         269888.0000         325664.0000         217421.0000
    1998         287046.0000         155998.0000         203382.0000
    1999          51786.0000         135246.0000          70514.0000
    2000          88214.0000          43353.0000         165716.0000
    2001         482418.0000          34377.0000          15727.0000
    2002         161049.0000         345852.0000          62451.0000
    2003         262362.0000         153037.0000         276199.0000

 SURVEY - INPUT DATA


INDEX                   7                  8                  9

SURVEY TAG      Acoustic            Acoustic            Acoustic          

AGE                  10                  11                  12       
TIME               JAN-1               JAN-1               JAN-1       
TYPE              NUMBERS             NUMBERS             NUMBERS      
RETRO FLAG           1                   1                   1
 ________________________________________________________________________

    1987              0.0000              0.0000              0.0000
    1988          36713.0000          23586.0000          18401.0000
    1989          32819.0000          17439.0000          10373.0000
    1990          21768.0000          13080.0000           9941.0000
    1991          37618.0000           9394.0000          12636.0000
    1992          21290.0000           9866.0000              0.0000
    1993          96649.0000          24542.0000           1130.0000
    1994          48874.0000          36201.0000              0.0000
    1995              0.0000              0.0000              0.0000
    1996          48503.0000          16226.0000          29390.0000
    1997          92979.0000          55494.0000          39048.0000
    1998         105730.0000          35469.0000          27373.0000
    1999         101626.0000          53935.0000          17414.0000
    2000          89916.0000         121345.0000          77600.0000
    2001          37940.0000          14320.0000          15413.0000
    2002          57105.0000          38405.0000          46044.0000
    2003          99206.0000          47621.0000              0.0000

INDEX                  10

SURVEY TAG      Acoustic          

AGE                  13       
TIME               JAN-1       
TYPE              NUMBERS      
RETRO FLAG           1
 ________________________________________________________________________

    1987              0.0000
    1988          24278.0000
    1989           9081.0000
    1990           1989.0000
    1991              0.0000
    1992           9327.0000
    1993           1130.0000
    1994           4224.0000
    1995              0.0000
    1996          47945.0000
    1997          30028.0000
    1998          14234.0000
    1999          13636.0000
    2000          21542.0000
    2001          14668.0000
    2002          38114.0000
    2003              0.0000

     Additional Output Files 

Population File RUN1NWWG_R_14.PP2                                               
Auxilliary File RUN1NWWG_R_14.AUX                                               
Covariance File RUN1NWWG_R_14.CV                                                
Residuals File  RUN1NWWG_R_14.RSD                                               
Log File        RUN1NWWG_R_14.LOG                                               


                             Estimation Results

 JAN-1 Population Numbers


   AGE       1987        1988        1989        1990        1991
 _____________________________________________________________________________

    3      530653.     271725.     450674.     303447.     850793.
    4      989917.     477165.     241345.     386281.     260424.
    5      300886.     853333.     392489.     193065.     295405.
    6       84643.     215045.     677750.     281285.     140910.
    7       69172.      57028.     128883.     434388.     178903.
    8      107487.      43865.      29873.      75771.     244145.
    9       42645.      53508.      20652.      19335.      39928.
   10       38046.      24160.      18045.      13097.       9748.
   11       26415.      21202.      10193.       9426.       7708.
   12       34272.      14264.       9495.       4703.       5328.
   13       34301.      37012.      26125.      26492.      24895.
 ====================================================================
 Total    2258439.    2068309.    2005525.    1747289.    2058187.

   AGE       1992        1993        1994        1995        1996
 _____________________________________________________________________________

    3     1049887.     674559.     696928.     208389.     212997.
    4      685588.     859856.     561762.     502850.     168618.
    5      189059.     503950.     609334.     400796.     324878.
    6      185493.     134646.     368027.     415815.     280239.
    7       94500.     112303.     102093.     250282.     272748.
    8      109536.      59041.      74530.      68748.     153694.
    9      116745.      62719.      40792.      48186.      41961.
   10       26569.      55401.      38160.      21480.      29173.
   11        4889.      13074.      35655.      19674.      11351.
   12        4384.       2788.       7799.      18368.       8712.
   13       24240.      23733.      22998.      23306.      28060.
 ====================================================================
 Total    2490889.    2502070.    2558077.    1977895.    1532430.

   AGE       1997        1998        1999        2000        2001
 _____________________________________________________________________________

    3     1045407.     417565.     848452.     522491.     526456.
    4      177554.     908626.     334714.     714197.     418359.
    5      114335.     132045.     655574.     250857.     516896.
    6      212233.      78498.      97940.     459487.     180209.
    7      188195.     157163.      62847.      73342.     343031.
    8      166558.     138293.     103423.      44051.      55401.
    9      101453.     121264.     100509.      63756.      31988.
   10       24000.      70663.      79336.      72112.      42167.
   11       18415.      13636.      50040.      50898.      55873.
   12        4757.      13452.      10324.      33319.      35303.
   13       22939.      10993.      15499.      14514.      31563.
 ====================================================================
 Total    2075847.    2062198.    2358657.    2299027.    2237246.

 JAN-1 Population Numbers


   AGE       2002        2003
 _____________________________________________________________________________

    3     2225525.     504210.
    4      436163.    1936876.
    5      296541.     327441.
    6      378867.     225020.
    7      134262.     291346.
    8      258654.     101348.
    9       40282.     193978.
   10       20636.      27070.
   11       26547.      14207.
   12       41152.      17837.
   13       44289.      50649.
 ====================================================================
 Total    3902919.    3689982.



Fishing Mortality Calculated


   AGE       1987        1988        1989        1990        1991
 _____________________________________________________________________________

    3       0.0062      0.0186      0.0542      0.0529      0.1159
    4       0.0485      0.0954      0.1232      0.1682      0.2203
    5       0.2359      0.1304      0.2331      0.2149      0.3653
    6       0.2949      0.4119      0.3448      0.3525      0.2995
    7       0.3555      0.5466      0.4312      0.4762      0.3906
    8       0.5975      0.6533      0.3351      0.5406      0.6378
    9       0.4682      0.9870      0.3555      0.5848      0.3073
   10       0.4847      0.7630      0.5494      0.4301      0.5901
   11       0.5162      0.7033      0.6735      0.4704      0.4643
   12       0.5167      0.7767      0.4784      0.5065      0.4999
   13       0.5167      0.5061      0.1104      0.0709      0.0552

   AGE       1992        1993        1994        1995        1996
 _____________________________________________________________________________

    3       0.0997      0.0830      0.2264      0.1118      0.0820
    4       0.2078      0.2444      0.2376      0.3368      0.2885
    5       0.2394      0.2143      0.2821      0.2578      0.3258
    6       0.4018      0.1768      0.2856      0.3217      0.2982
    7       0.3704      0.3100      0.2954      0.3876      0.3932
    8       0.4576      0.2697      0.3361      0.3937      0.3154
    9       0.6454      0.3969      0.5414      0.4018      0.4587
   10       0.6091      0.3407      0.5625      0.5378      0.3600
   11       0.4617      0.4166      0.5633      0.7147      0.7697
   12       0.5434      0.3560      0.5008      0.5120      0.4760
   13       0.0232      0.0114      0.0894      0.1528      0.3417

   AGE       1997        1998        1999        2000        2001
 _____________________________________________________________________________

    3       0.0402      0.1212      0.0723      0.1223      0.0882
    4       0.1961      0.2264      0.1884      0.2233      0.2442
    5       0.2761      0.1988      0.2554      0.2308      0.2107
    6       0.2004      0.1224      0.1892      0.1923      0.1943
    7       0.2081      0.3185      0.2553      0.1805      0.1823
    8       0.2174      0.2191      0.3838      0.2200      0.2187
    9       0.2617      0.3243      0.2320      0.3134      0.3383
   10       0.4654      0.2451      0.3439      0.1551      0.3627
   11       0.2141      0.1783      0.3067      0.2658      0.2058
   12       0.2896      0.2417      0.3166      0.2386      0.2814
   13       0.9825      0.5154      0.5985      0.5192      0.3473



Fishing Mortality Calculated


   AGE       2002
 _____________________________________________________________________________

    3       0.0389
    4       0.1867
    5       0.1760
    6       0.1627
    7       0.1812
    8       0.1877
    9       0.2975
   10       0.2733
   11       0.2977
   12       0.2641
   13       0.5972


 Average Fishing Mortality For Ages   5- 10

 Year      Average F   N Weighted  Biomass Wtd  Catch Wtd

 _____________________________________________________________________________

 1987       0.4061      0.3471      0.3654      0.3910
 1988       0.5820      0.2654      0.2916      0.4230
 1989       0.3749      0.3219      0.3260      0.3343
 1990       0.4332      0.3986      0.4056      0.4238
 1991       0.4318      0.4331      0.4420      0.4633
 1992       0.4539      0.4106      0.4279      0.4473
 1993       0.2847      0.2439      0.2519      0.2574
 1994       0.3838      0.3048      0.3119      0.3158
 1995       0.3834      0.3253      0.3322      0.3346
 1996       0.3585      0.3399      0.3429      0.3444
 1997       0.2715      0.2320      0.2330      0.2408
 1998       0.2380      0.2477      0.2519      0.2641
 1999       0.2766      0.2658      0.2694      0.2737
 2000       0.2154      0.2079      0.2079      0.2133
 2001       0.2512      0.2092      0.2110      0.2155
 2002       0.2131      0.1810      0.1831      0.1847

 Back Calculated Partial Recruitment


   AGE       1987        1988        1989        1990        1991
 _____________________________________________________________________________

    3       0.0105      0.0188      0.0804      0.0904      0.1817
    4       0.0811      0.0966      0.1829      0.2876      0.3453
    5       0.3948      0.1321      0.3462      0.3675      0.5728
    6       0.4935      0.4174      0.5120      0.6028      0.4696
    7       0.5949      0.5538      0.6403      0.8142      0.6124
    8       1.0000      0.6619      0.4975      0.9244      1.0000
    9       0.7836      1.0000      0.5278      1.0000      0.4819
   10       0.8112      0.7731      0.8158      0.7354      0.9252
   11       0.8639      0.7126      1.0000      0.8043      0.7280
   12       0.8646      0.7869      0.7103      0.8660      0.7838
   13       0.8646      0.5128      0.1640      0.1212      0.0866

   AGE       1992        1993        1994        1995        1996
 _____________________________________________________________________________

    3       0.1544      0.1992      0.4019      0.1564      0.1065
    4       0.3220      0.5866      0.4219      0.4713      0.3748
    5       0.3709      0.5144      0.5009      0.3607      0.4232
    6       0.6226      0.4243      0.5070      0.4501      0.3874
    7       0.5739      0.7441      0.5245      0.5424      0.5108
    8       0.7090      0.6474      0.5968      0.5509      0.4097
    9       1.0000      0.9526      0.9611      0.5623      0.5959
   10       0.9438      0.8178      0.9986      0.7526      0.4678
   11       0.7154      1.0000      1.0000      1.0000      1.0000
   12       0.8420      0.8545      0.8891      0.7164      0.6183
   13       0.0360      0.0274      0.1588      0.2138      0.4439

   AGE       1997        1998        1999        2000        2001
 _____________________________________________________________________________

    3       0.0409      0.2351      0.1207      0.2355      0.2430
    4       0.1996      0.4393      0.3148      0.4301      0.6731
    5       0.2810      0.3857      0.4267      0.4445      0.5808
    6       0.2040      0.2374      0.3161      0.3704      0.5358
    7       0.2118      0.6179      0.4266      0.3477      0.5027
    8       0.2212      0.4252      0.6412      0.4238      0.6030
    9       0.2663      0.6292      0.3877      0.6037      0.9328
   10       0.4737      0.4756      0.5745      0.2988      1.0000
   11       0.2179      0.3459      0.5124      0.5120      0.5674
   12       0.2948      0.4690      0.5289      0.4596      0.7758
   13       1.0000      1.0000      1.0000      1.0000      0.9575

 Back Calculated Partial Recruitment


   AGE       2002
 _____________________________________________________________________________

    3       0.0652
    4       0.3126
    5       0.2947
    6       0.2724
    7       0.3035
    8       0.3144
    9       0.4981
   10       0.4576
   11       0.4984
   12       0.4421
   13       1.0000

 JAN-1 Biomass


   AGE       1987        1988        1989        1990        1991
 _____________________________________________________________________________

    3       89150.      42661.      58588.      38538.     114857.
    4      197983.     105454.      49717.      76097.      48960.
    5       72213.     203947.      96552.      47301.      68534.
    6       23531.      58277.     176893.      76509.      37623.
    7       21028.      16994.      37376.     123801.      51703.
    8       34933.      13993.       9888.      23110.      74220.
    9       14457.      17872.       6981.       6265.      12897.
   10       13544.       8553.       6352.       4400.       3314.
   11        9985.       7463.       3761.       3412.       2713.
   12       13709.       5292.       3694.       1740.       1966.
   13       14269.      14916.      10476.      10041.       9908.
 ====================================================================
 Total     504803.     495421.     460277.     411214.     426695.

   AGE       1992        1993        1994        1995        1996
 _____________________________________________________________________________

    3      155383.      97811.      93388.      27091.      29607.
    4      130262.     181430.     112914.      92022.      28328.
    5       44429.     123972.     150505.      96191.      68874.
    6       50639.      39317.     100103.     115181.      72302.
    7       29484.      36386.      30934.      74584.      78824.
    8       36037.      20664.      24818.      22343.      47338.
    9       39576.      22704.      14930.      17251.      13637.
   10        9432.      20831.      14424.       8120.      10298.
   11        1868.       5047.      13870.       7811.       4007.
   12        1776.       1168.       3042.       7513.       3284.
   13        9502.       9232.       9429.      10091.      11280.
 ====================================================================
 Total     508388.     558561.     568359.     478196.     367779.

   AGE       1997        1998        1999        2000        2001
 _____________________________________________________________________________

    3      136948.      55954.     116238.      83076.      73177.
    4       33913.     168096.      68282.     154981.      89529.
    5       26640.      31427.     152749.      67230.     126123.
    6       57091.      20723.      26248.     132792.      51540.
    7       56458.      45263.      18477.      23836.     101537.
    8       53965.      44807.      32165.      15066.      17950.
    9       34595.      41230.      34073.      23143.      11100.
   10        8520.      24591.      28006.      27258.      14927.
   11        6666.       5113.      18114.      20003.      21511.
   12        1746.       5461.       3902.      13561.      14227.
   13        9107.       4562.       6262.       6227.      13351.
 ====================================================================
 Total     425650.     447227.     504514.     567173.     534972.

 JAN-1 Biomass


   AGE       2002        2003
 _____________________________________________________________________________

    3      358310.      78657.
    4       92030.     366070.
    5       76508.      74984.
    6      106083.      58505.
    7       42830.      82451.
    8       85873.      31317.
    9       14260.      65177.
   10        8357.       9095.
   11       10513.       5242.
   12       17119.       7028.
   13       19797.      20209.
 ====================================================================
 Total     831680.     798734.

 Mean Biomass


   AGE       1987        1988        1989        1990        1991
 _____________________________________________________________________________

    3       84577.      40229.      54295.      35736.     103305.
    4      183987.      95792.      44559.      66746.      41894.
    5       61336.     182160.      82116.      40577.      54799.
    6       19440.      45610.     142787.      61539.      31016.
    7       16891.      12515.      28996.      94102.      40863.
    8       25150.       9830.       8018.      17064.      52495.
    9       11028.      10897.       5607.       4536.      10593.
   10       10256.       5729.       4672.       3416.       2394.
   11        7454.       5130.       2619.       2600.       2073.
   12       10232.       3524.       2805.       1305.       1479.
   13       10650.      11186.       9447.       9230.       9177.
 ====================================================================
 Total     441002.     422603.     385921.     336851.     350089.

   AGE       1992        1993        1994        1995        1996
 _____________________________________________________________________________

    3      140853.      89384.      79679.      24414.      27069.
    4      112122.     153485.      95828.      74555.      23474.
    5       37674.     106379.     125088.      80863.      56089.
    6       39817.      34345.      83063.      93978.      59642.
    7       23520.      29850.      25550.      59027.      62223.
    8       27624.      17274.      20114.      17633.      38737.
    9       27899.      17893.      11021.      13564.      10448.
   10        6756.      16847.      10548.       6003.       8254.
   11        1429.       3941.      10138.       5342.       2676.
   12        1309.        938.       2286.       5619.       2497.
   13        8940.       8737.       8590.       8917.       9119.
 ====================================================================
 Total     427944.     479072.     471906.     389916.     300228.

   AGE       1997        1998        1999        2000        2001
 _____________________________________________________________________________

    3      127780.      50198.     106778.      74491.      66705.
    4       29353.     143417.      59318.     132422.      75748.
    5       22204.      27166.     128554.      57242.     108413.
    6       49314.      18581.      22793.     115145.      44648.
    7       48589.      36986.      15551.      20785.      88462.
    8       46240.      38361.      25501.      12893.      15371.
    9       29030.      33600.      28993.      18956.       8987.
   10        6508.      20796.      22616.      24059.      11950.
   11        5721.       4464.      14883.      16752.      18533.
   12        1446.       4626.       3192.      11504.      11829.
   13        5563.       3407.       4506.       4642.      10765.
 ====================================================================
 Total     371747.     381603.     432685.     488890.     461410.

 Mean Biomass


   AGE       2002
 _____________________________________________________________________________

    3      334535.
    4       80013.
    5       66858.
    6       93294.
    7       37334.
    8       74623.
    9       11767.
   10        6975.
   11        8674.
   12       14349.
   13       14255.
 ====================================================================
 Total     742677.

 Spawning Stock Biomass


   AGE       1987        1988        1989        1990        1991
 _____________________________________________________________________________

    3       16960.       8116.      11146.       7332.      21851.
    4      160078.      85264.      40198.      61528.      39586.
    5       68691.     194000.      91843.      44994.      65191.
    6       22383.      55435.     168266.      72778.      35788.
    7       20003.      16166.      35553.     117763.      49181.
    8       33230.      13310.       9406.      21983.      70600.
    9       13752.      17000.       6640.       5959.      12268.
   10       12884.       8136.       6042.       4186.       3153.
   11        9498.       7099.       3578.       3246.       2581.
   12       13040.       5034.       3513.       1655.       1870.
   13       13573.      14189.       9965.       9551.       9425.
 ====================================================================
 Total     384092.     423748.     386151.     350974.     311495.

   AGE       1992        1993        1994        1995        1996
 _____________________________________________________________________________

    3       29561.      18608.      17767.       5154.       5633.
    4      105322.     146694.      91296.      74404.      22904.
    5       42262.     117926.     143165.      91500.      65515.
    6       48170.      37399.      95221.     109563.      68775.
    7       28046.      34611.      29426.      70946.      74980.
    8       34280.      19656.      23608.      21253.      45029.
    9       37646.      21597.      14202.      16409.      12972.
   10        8972.      19815.      13721.       7724.       9796.
   11        1776.       4800.      13193.       7430.       3812.
   12        1689.       1111.       2893.       7146.       3124.
   13        9039.       8782.       8969.       9599.      10730.
 ====================================================================
 Total     346764.     431000.     453461.     421129.     323270.

   AGE       1997        1998        1999        2000        2001
 _____________________________________________________________________________

    3       26054.      10645.      22114.      15805.      13922.
    4       27420.     135913.      55209.     125309.      72388.
    5       25341.      29894.     145299.      63951.     119971.
    6       54306.      19713.      24968.     126315.      49026.
    7       53705.      43056.      17576.      22674.      96585.
    8       51333.      42622.      30596.      14331.      17074.
    9       32908.      39219.      32411.      22015.      10558.
   10        8105.      23391.      26640.      25929.      14199.
   11        6341.       4864.      17231.      19027.      20462.
   12        1661.       5195.       3712.      12900.      13533.
   13        8663.       4340.       5956.       5923.      12700.
 ====================================================================
 Total     295836.     358851.     381711.     454178.     440420.

 Spawning Stock Biomass


   AGE       2002
 _____________________________________________________________________________

    3       68167.
    4       74411.
    5       72776.
    6      100909.
    7       40741.
    8       81685.
    9       13564.
   10        7950.
   11       10000.
   12       16284.
   13       18832.
 ====================================================================
 Total     505319.

 Catch Biomass


   AGE       1987        1988        1989        1990        1991
 _____________________________________________________________________________

    3         528.        747.       2942.       1890.      11972.
    4        8918.       9134.       5490.      11228.       9227.
    5       14468.      23748.      19145.       8720.      20020.
    6        5733.      18789.      49239.      21694.       9290.
    7        6004.       6841.      12503.      44809.      15961.
    8       15028.       6422.       2686.       9226.      33480.
    9        5164.      10755.       1993.       2653.       3256.
   10        4971.       4372.       2567.       1469.       1413.
   11        3848.       3608.       1764.       1223.        963.
   12        5286.       2737.       1342.        661.        739.
   13        5502.       5661.       1043.        654.        507.
 ====================================================================
 Total      75451.      92814.     100713.     104227.     106827.

   AGE       1992        1993        1994        1995        1996
 _____________________________________________________________________________

    3       14039.       7417.      18039.       2729.       2220.
    4       23299.      37512.      22771.      25113.       6772.
    5        9020.      22799.      35290.      20847.      18272.
    6       15999.       6071.      23720.      30232.      17783.
    7        8711.       9253.       7549.      22880.      24467.
    8       12640.       4660.       6761.       6942.      12217.
    9       18006.       7101.       5966.       5451.       4792.
   10        4115.       5740.       5933.       3228.       2972.
   11         660.       1642.       5711.       3818.       2060.
   12         712.        334.       1145.       2877.       1188.
   13         208.        100.        768.       1363.       3116.
 ====================================================================
 Total     107408.     102629.     133653.     125481.      95858.

   AGE       1997        1998        1999        2000        2001
 _____________________________________________________________________________

    3        5140.       6082.       7715.       9108.       5880.
    4        5757.      32473.      11175.      29572.      18494.
    5        6130.       5400.      32833.      13209.      22838.
    6        9883.       2274.       4313.      22141.       8676.
    7       10112.      11779.       3971.       3752.      16129.
    8       10051.       8406.       9786.       2837.       3362.
    9        7596.      10896.       6727.       5941.       3040.
   10        3029.       5097.       7777.       3732.       4334.
   11        1225.        796.       4564.       4453.       3814.
   12         419.       1118.       1010.       2745.       3328.
   13        5465.       1756.       2697.       2410.       3738.
 ====================================================================
 Total      64806.      86076.      92569.      99902.      93635.

 Catch Biomass


   AGE       2002
 _____________________________________________________________________________

    3       13019.
    4       14939.
    5       11767.
    6       15177.
    7        6766.
    8       14010.
    9        3500.
   10        1906.
   11        2582.
   12        3789.
   13        8514.
 ====================================================================
 Total      95969.

 Catch Numbers


   AGE       1987        1988        1989        1990        1991
 _____________________________________________________________________________

    3       3144.0      4757.0     22628.0     14884.0     88683.0
    4      44590.0     41331.0     26649.0     56995.0     49081.0
    5      60285.0     99366.0     77824.0     35593.0     86292.0
    6      20622.0     69331.0    188654.0     79757.0     34793.0
    7      19751.0     22955.0     43114.0    157225.0     55228.0
    8      46240.0     20131.0      8116.0     30248.0    110132.0
    9      15232.0     32201.0      5897.0      8187.0     10079.0
   10      13963.0     12349.0      7292.0      4372.0      4155.0
   11      10179.0     10250.0      4780.0      3379.0      2735.0
   12      13216.0      7378.0      3449.0      1786.0      2003.0
   13      13227.0     14048.0      2602.0      1726.0      1274.0
 ====================================================================
 Total    260449.0    334097.0    391005.0    394152.0    444455.0

   AGE       1992        1993        1994        1995        1996
 _____________________________________________________________________________

    3      94860.0     51153.0    134616.0     20991.0     15969.0
    4     122626.0    177780.0    113290.0    137232.0     40311.0
    5      38381.0     92680.0    142876.0     86864.0     86187.0
    6      58605.0     20791.0     87207.0    109140.0     68927.0
    7      27921.0     28560.0     24913.0     76780.0     84660.0
    8      38420.0     13313.0     20303.0     21361.0     39664.0
    9      53114.0     19617.0     16301.0     15225.0     14746.0
   10      11592.0     15266.0     15695.0      8541.0      8419.0
   11       1727.0      4254.0     14680.0      9617.0      5836.0
   12       1757.0       797.0      2936.0      7034.0      3152.0
   13        530.0       256.0      1874.0      3147.0      7750.0
 ====================================================================
 Total    449533.0    424467.0    574691.0    495932.0    375621.0

   AGE       1997        1998        1999        2000        2001
 _____________________________________________________________________________

    3      39240.0     45390.0     56315.0     57282.0     42304.0
    4      30141.0    175529.0     54779.0    136278.0     86422.0
    5      26307.0     22691.0    140913.0     49289.0     93597.0
    6      36738.0      8613.0     16093.0     76614.0     30336.0
    7      33705.0     40898.0     13506.0     11546.0     54491.0
    8      31022.0     25944.0     31467.0      8294.0     10375.0
    9      22277.0     32046.0     19845.0     16367.0      8762.0
   10       8531.0     14647.0     22031.0      9874.0     12244.0
   11       3383.0      2122.0     12609.0     11332.0      9907.0
   12       1141.0      2754.0      2673.0      6744.0      8259.0
   13      13767.0      4231.0      6676.0      5618.0      8838.0
 ====================================================================
 Total    246252.0    374865.0    376907.0    389238.0    365535.0

 Catch Numbers


   AGE       2002
 _____________________________________________________________________________

    3      80863.0
    4      70801.0
    5      45607.0
    6      54202.0
    7      21211.0
    8      42199.0
    9       9888.0
   10       4707.0
   11       6520.0
   12       9108.0
   13      19046.0
 ====================================================================
 Total    364152.0


               Surplus Production

     Average Adjustment Factor (Delta) =   1.0000

 Year        Biomass  Delta Biomass  Catch Biomass  Surplus Production

 1987     504802.556      -9381.294      75450.782      66069.488
 1988     495421.263     -35144.061      92813.816      57669.755
 1989     460277.202     -49063.286     100713.041      51649.755
 1990     411213.916      15481.491     104226.989     119708.480
 1991     426695.407      81692.964     106827.024     188519.988
 1992     508388.371      50173.105     107408.317     157581.422
 1993     558561.476       9797.221     102628.948     112426.169
 1994     568358.697     -90162.769     133652.824      43490.055
 1995     478195.928    -110417.265     125480.745      15063.480
 1996     367778.664      57870.893      95858.270     153729.163
 1997     425649.556      21577.620      64805.906      86383.526
 1998     447227.176      57287.178      86076.430     143363.608
 1999     504514.353      62658.249      92569.079     155227.328
 2000     567172.602     -32200.462      99902.059      67701.597
 2001     534972.140     296707.641      93635.000     390342.641
 2002     831679.781     -32945.614      95968.594      63022.980
 2003     798734.167


 Summary of Survey Indices Used in the Estimate

 INDEX    Survey Tag    Age   Time  Type  Catchability Std. Error   CV
 _____________________________________________________________________________

   1 Acoustic              4   JAN-1 NUMBER  0.9910E+00  0.1053E+00  0.1063E+00
   2 Acoustic              5   JAN-1 NUMBER  0.1203E+01  0.1423E+00  0.1183E+00
   3 Acoustic              6   JAN-1 NUMBER  0.1053E+01  0.1015E+00  0.9638E-01
   4 Acoustic              7   JAN-1 NUMBER  0.1154E+01  0.7900E-01  0.6843E-01
   5 Acoustic              8   JAN-1 NUMBER  0.1226E+01  0.1232E+00  0.1005E+00
   6 Acoustic              9   JAN-1 NUMBER  0.1523E+01  0.1854E+00  0.1218E+00
   7 Acoustic             10   JAN-1 NUMBER  0.1751E+01  0.2237E+00  0.1277E+00
   8 Acoustic             11   JAN-1 NUMBER  0.1501E+01  0.2392E+00  0.1593E+00


 Survey Index:    1 Tag: Acoustic           AGE =  4
 Time = JAN-1           Type = NUMBER
 Catchability =    0.990961E+00   % Variance Contribution =    11.0702
 Unweighted Residual = LN(Observed) - LN(Predicted)

 Year      Observed        Predicted         Residual      Unweighted Resid
 _____________________________________________________________________________

 1987     N/A              0.980969E+06     N/A              N/A
 1988     0.401246E+06     0.472852E+06    -0.164208E+00    -0.164208E+00
 1989     0.201284E+06     0.239163E+06    -0.172429E+00    -0.172429E+00
 1990     0.655361E+06     0.382790E+06     0.537701E+00     0.537701E+00
 1991     0.132235E+06     0.258070E+06    -0.668649E+00    -0.668649E+00
 1992     0.104999E+07     0.679390E+06     0.435340E+00     0.435340E+00
 1993     0.830608E+06     0.852083E+06    -0.255263E-01    -0.255263E-01
 1994     0.505279E+06     0.556684E+06    -0.968864E-01    -0.968864E-01
 1995     N/A              0.498305E+06     N/A              N/A
 1996     0.133810E+06     0.167094E+06    -0.222134E+00    -0.222134E+00
 1997     0.270706E+06     0.175949E+06     0.430837E+00     0.430837E+00
 1998     0.601783E+06     0.900412E+06    -0.402956E+00    -0.402956E+00
 1999     0.255937E+06     0.331688E+06    -0.259264E+00    -0.259264E+00
 2000     0.839491E+06     0.707742E+06     0.170717E+00     0.170717E+00
 2001     0.966960E+06     0.414578E+06     0.846897E+00     0.846897E+00
 2002     0.287004E+06     0.432220E+06    -0.409439E+00    -0.409439E+00
 2003     0.191937E+07     0.191937E+07     0.290565E-07     0.290565E-07

 Survey Index:    2 Tag: Acoustic           AGE =  5
 Time = JAN-1           Type = NUMBER
 Catchability =    0.120261E+01   % Variance Contribution =    13.7332
 Unweighted Residual = LN(Observed) - LN(Predicted)

 Year      Observed        Predicted         Residual      Unweighted Resid
 _____________________________________________________________________________

 1987     N/A              0.361849E+06     N/A              N/A
 1988     0.858012E+06     0.102623E+07    -0.179027E+00    -0.179027E+00
 1989     0.232808E+06     0.472012E+06    -0.706791E+00    -0.706791E+00
 1990     0.179364E+06     0.232182E+06    -0.258104E+00    -0.258104E+00
 1991     0.258591E+06     0.355257E+06    -0.317594E+00    -0.317594E+00
 1992     0.354521E+06     0.227364E+06     0.444215E+00     0.444215E+00
 1993     0.729556E+06     0.606056E+06     0.185464E+00     0.185464E+00
 1994     0.882868E+06     0.732792E+06     0.186314E+00     0.186314E+00
 1995     N/A              0.482001E+06     N/A              N/A
 1996     0.761581E+06     0.390701E+06     0.667453E+00     0.667453E+00
 1997     0.133667E+06     0.137500E+06    -0.282727E-01    -0.282727E-01
 1998     0.810550E+05     0.158799E+06    -0.672513E+00    -0.672513E+00
 1999     0.108150E+07     0.788400E+06     0.316102E+00     0.316102E+00
 2000     0.239064E+06     0.301684E+06    -0.232648E+00    -0.232648E+00
 2001     0.131641E+07     0.621624E+06     0.750330E+00     0.750330E+00
 2002     0.217441E+06     0.356624E+06    -0.494753E+00    -0.494753E+00
 2003     0.553149E+06     0.393784E+06     0.339824E+00     0.339824E+00

 Survey Index:    3 Tag: Acoustic           AGE =  6
 Time = JAN-1           Type = NUMBER
 Catchability =    0.105322E+01   % Variance Contribution =     9.1084
 Unweighted Residual = LN(Observed) - LN(Predicted)

 Year      Observed        Predicted         Residual      Unweighted Resid
 _____________________________________________________________________________

 1987     N/A              0.891475E+05     N/A              N/A
 1988     0.308065E+06     0.226489E+06     0.307614E+00     0.307614E+00
 1989     0.381417E+06     0.713818E+06    -0.626735E+00    -0.626735E+00
 1990     0.278836E+06     0.296254E+06    -0.605947E-01    -0.605947E-01
 1991     0.943730E+05     0.148409E+06    -0.452716E+00    -0.452716E+00
 1992     0.319866E+06     0.195364E+06     0.493037E+00     0.493037E+00
 1993     0.158778E+06     0.141812E+06     0.113006E+00     0.113006E+00
 1994     0.496297E+06     0.387612E+06     0.247169E+00     0.247169E+00
 1995     N/A              0.437944E+06     N/A              N/A
 1996     0.277893E+06     0.295153E+06    -0.602562E-01    -0.602562E-01
 1997     0.468678E+06     0.223528E+06     0.740379E+00     0.740379E+00
 1998     0.573660E+05     0.826756E+05    -0.365472E+00    -0.365472E+00
 1999     0.103344E+06     0.103152E+06     0.185773E-02     0.185773E-02
 2000     0.605858E+06     0.483940E+06     0.224684E+00     0.224684E+00
 2001     0.191001E+06     0.189800E+06     0.630862E-02     0.630862E-02
 2002     0.260497E+06     0.399030E+06    -0.426445E+00    -0.426445E+00
 2003     0.205656E+06     0.236995E+06    -0.141836E+00    -0.141836E+00

 Survey Index:    4 Tag: Acoustic           AGE =  7
 Time = JAN-1           Type = NUMBER
 Catchability =    0.115449E+01   % Variance Contribution =     4.5906
 Unweighted Residual = LN(Observed) - LN(Predicted)

 Year      Observed        Predicted         Residual      Unweighted Resid
 _____________________________________________________________________________

 1987     N/A              0.798585E+05     N/A              N/A
 1988     0.571030E+05     0.658382E+05    -0.142344E+00    -0.142344E+00
 1989     0.188456E+06     0.148794E+06     0.236299E+00     0.236299E+00
 1990     0.592982E+06     0.501496E+06     0.167568E+00     0.167568E+00
 1991     0.191054E+06     0.206542E+06    -0.779470E-01    -0.779470E-01
 1992     0.898250E+05     0.109100E+06    -0.194399E+00    -0.194399E+00
 1993     0.130781E+06     0.129652E+06     0.866872E-02     0.866872E-02
 1994     0.669630E+05     0.117865E+06    -0.565404E+00    -0.565404E+00
 1995     N/A              0.288947E+06     N/A              N/A
 1996     0.385027E+06     0.314885E+06     0.201106E+00     0.201106E+00
 1997     0.269888E+06     0.217269E+06     0.216872E+00     0.216872E+00
 1998     0.287046E+06     0.181443E+06     0.458699E+00     0.458699E+00
 1999     0.517860E+05     0.725559E+05    -0.337238E+00    -0.337238E+00
 2000     0.882140E+05     0.846727E+05     0.409730E-01     0.409730E-01
 2001     0.482418E+06     0.396025E+06     0.197333E+00     0.197333E+00
 2002     0.161049E+06     0.155004E+06     0.382550E-01     0.382550E-01
 2003     0.262362E+06     0.336356E+06    -0.248444E+00    -0.248444E+00

 Survey Index:    5 Tag: Acoustic           AGE =  8
 Time = JAN-1           Type = NUMBER
 Catchability =    0.122645E+01   % Variance Contribution =     9.8999
 Unweighted Residual = LN(Observed) - LN(Predicted)

 Year      Observed        Predicted         Residual      Unweighted Resid
 _____________________________________________________________________________

 1987     N/A              0.131827E+06     N/A              N/A
 1988     0.325320E+05     0.537982E+05    -0.503016E+00    -0.503016E+00
 1989     0.464480E+05     0.366380E+05     0.237246E+00     0.237246E+00
 1990     0.179665E+06     0.929288E+05     0.659260E+00     0.659260E+00
 1991     0.514403E+06     0.299431E+06     0.541122E+00     0.541122E+00
 1992     0.138333E+06     0.134340E+06     0.292894E-01     0.292894E-01
 1993     0.541560E+05     0.724106E+05    -0.290484E+00    -0.290484E+00
 1994     0.582950E+05     0.914069E+05    -0.449805E+00    -0.449805E+00
 1995     N/A              0.843156E+05     N/A              N/A
 1996     0.176906E+06     0.188498E+06    -0.634665E-01    -0.634665E-01
 1997     0.325664E+06     0.204275E+06     0.466401E+00     0.466401E+00
 1998     0.155998E+06     0.169610E+06    -0.836560E-01    -0.836560E-01
 1999     0.135246E+06     0.126843E+06     0.641466E-01     0.641466E-01
 2000     0.433530E+05     0.540268E+05    -0.220104E+00    -0.220104E+00
 2001     0.343770E+05     0.679463E+05    -0.681330E+00    -0.681330E+00
 2002     0.345852E+06     0.317226E+06     0.863980E-01     0.863980E-01
 2003     0.153037E+06     0.124298E+06     0.207998E+00     0.207998E+00

 Survey Index:    6 Tag: Acoustic           AGE =  9
 Time = JAN-1           Type = NUMBER
 Catchability =    0.152273E+01   % Variance Contribution =    14.3571
 Unweighted Residual = LN(Observed) - LN(Predicted)

 Year      Observed        Predicted         Residual      Unweighted Resid
 _____________________________________________________________________________

 1987     N/A              0.649375E+05     N/A              N/A
 1988     0.704260E+05     0.814791E+05    -0.145784E+00    -0.145784E+00
 1989     0.257980E+05     0.314482E+05    -0.198046E-02    -0.198046E+00
 1990     0.221820E+05     0.294420E+05    -0.283140E+00    -0.283140E+00
 1991     0.793530E+05     0.607994E+05     0.266326E+00     0.266326E+00
 1992     0.256921E+06     0.177771E+06     0.368271E+00     0.368271E+00
 1993     0.963300E+05     0.955050E+05     0.860075E-02     0.860075E-02
 1994     0.106172E+06     0.621158E+05     0.536059E+00     0.536059E+00
 1995     N/A              0.733750E+05     N/A              N/A
 1996     0.981500E+05     0.638955E+05     0.429247E+00     0.429247E+00
 1997     0.217421E+06     0.154486E+06     0.341735E+00     0.341735E+00
 1998     0.203382E+06     0.184653E+06     0.966069E-01     0.966069E-01
 1999     0.705140E+05     0.153049E+06    -0.774947E+00    -0.774947E+00
 2000     0.165716E+06     0.970837E+05     0.534702E+00     0.534702E+00
 2001     0.157270E+05     0.487086E+05    -0.113048E+01    -0.113048E+01
 2002     0.624510E+05     0.613385E+05     0.179751E-01     0.179751E-01
 2003     0.276199E+06     0.295377E+06    -0.671304E-01    -0.671304E-01

 Survey Index:    7 Tag: Acoustic           AGE = 10
 Time = JAN-1           Type = NUMBER
 Catchability =    0.175096E+01   % Variance Contribution =    13.0652
 Unweighted Residual = LN(Observed) - LN(Predicted)

 Year      Observed        Predicted         Residual      Unweighted Resid
 _____________________________________________________________________________

 1987     N/A              0.666171E+05     N/A              N/A
 1988     0.367130E+05     0.423034E+05    -0.141737E+00    -0.141737E+00
 1989     0.328190E+05     0.315958E+05     0.379828E-03     0.379828E-01
 1990     0.217680E+05     0.229316E+05    -0.520768E-03    -0.520768E-01
 1991     0.376180E+05     0.170685E+05     0.790248E-02     0.790248E+00
 1992     0.212900E+05     0.465216E+05    -0.781678E+00    -0.781678E+00
 1993     0.966490E+05     0.970050E+05    -0.367638E-02    -0.367638E-02
 1994     0.488740E+05     0.668162E+05    -0.312701E+00    -0.312701E+00
 1995     N/A              0.376110E+05     N/A              N/A
 1996     0.485030E+05     0.510801E+05    -0.517694E-01    -0.517694E-01
 1997     0.929790E+05     0.420234E+05     0.794148E+00     0.794148E+00
 1998     0.105730E+06     0.123727E+06    -0.157192E+00    -0.157192E+00
 1999     0.101626E+06     0.138914E+06    -0.312557E+00    -0.312557E+00
 2000     0.899160E+05     0.126265E+06    -0.339506E+00    -0.339506E+00
 2001     0.379400E+05     0.738331E+05    -0.665801E+00    -0.665801E+00
 2002     0.571050E+05     0.361324E+05     0.457703E+00     0.457703E+00
 2003     0.992060E+05     0.473983E+05     0.738613E+00     0.738613E+00

 Survey Index:    8 Tag: Acoustic           AGE = 11
 Time = JAN-1           Type = NUMBER
 Catchability =    0.150117E+01   % Variance Contribution =    24.1754
 Unweighted Residual = LN(Observed) - LN(Predicted)

 Year      Observed        Predicted         Residual      Unweighted Resid
 _____________________________________________________________________________

 1987     N/A              0.396538E+05     N/A              N/A
 1988     0.235860E+05     0.318281E+05    -0.299696E+00    -0.299696E+00
 1989     0.174390E+05     0.153009E+05     0.130795E-02     0.130795E+00
 1990     0.130800E+05     0.141495E+05    -0.785921E-03    -0.785921E-01
 1991     0.939400E+04     0.115711E+05    -0.208438E-02    -0.208438E+00
 1992     0.986600E+04     0.733913E+04     0.295874E-02     0.295874E+00
 1993     0.245420E+05     0.196264E+05     0.223512E+00     0.223512E+00
 1994     0.362010E+05     0.535234E+05    -0.391031E+00    -0.391031E+00
 1995     N/A              0.295345E+05     N/A              N/A
 1996     0.162260E+05     0.170399E+05    -0.489429E-01    -0.489429E-01
 1997     0.554940E+05     0.276444E+05     0.696850E+00     0.696850E+00
 1998     0.354690E+05     0.204698E+05     0.549707E+00     0.549707E+00
 1999     0.539350E+05     0.751178E+05    -0.331278E+00    -0.331278E+00
 2000     0.121345E+06     0.764065E+05     0.462569E+00     0.462569E+00
 2001     0.143200E+05     0.838747E+05    -0.176767E+01    -0.176767E+01
 2002     0.384050E+05     0.398521E+05    -0.369885E-01    -0.369885E-01
 2003     0.476210E+05     0.213264E+05     0.803327E+00     0.803327E+00


Survey Weight Factors - Survey Index =     6

      1987        1.0000
      1988        1.0000
      1989        0.0100
      1990        1.0000
      1991        1.0000
      1992        1.0000
      1993        1.0000
      1994        1.0000
      1995        1.0000
      1996        1.0000
      1997        1.0000
      1998        1.0000
      1999        1.0000
      2000        1.0000
      2001        1.0000
      2002        1.0000
      2003        1.0000


Survey Weight Factors - Survey Index =     7

      1987        1.0000
      1988        1.0000
      1989        0.0100
      1990        0.0100
      1991        0.0100
      1992        1.0000
      1993        1.0000
      1994        1.0000
      1995        1.0000
      1996        1.0000
      1997        1.0000
      1998        1.0000
      1999        1.0000
      2000        1.0000
      2001        1.0000
      2002        1.0000
      2003        1.0000


Survey Weight Factors - Survey Index =     8

      1987        1.0000
      1988        1.0000
      1989        0.0100
      1990        0.0100
      1991        0.0100
      1992        0.0100
      1993        1.0000
      1994        1.0000
      1995        1.0000
      1996        1.0000
      1997        1.0000
      1998        1.0000
      1999        1.0000
      2000        1.0000
      2001        1.0000
      2002        1.0000
      2003        1.0000



 Plus Group Diagnostic Report 

 Calculation Method Selected = Forward

          Population  Population    F            F
 Year     Backward     Forward    Forward     Backward    Ratio

 1987      34301.      34301.    0.516654    0.516654    1.000000
 1988      27160.      37012.    0.506125    0.776660    1.534521
 1989       7163.      26125.    0.110444    0.478360    4.331221
 1990       4545.      26492.    0.070876    0.506492    7.146150
 1991       3389.      24895.    0.055249    0.499872    9.047547
 1992       1322.      24240.    0.023240    0.543446   23.384418
 1993        895.      23733.    0.011399    0.355995   31.231628
 1994       4978.      22998.    0.089447    0.500800    5.598882
 1995       8218.      23306.    0.152818    0.512004    3.350426
 1996      21420.      28060.    0.341661    0.475954    1.393059
 1997      57396.      22939.    0.982464    0.289615    0.294784
 1998      20666.      10993.    0.515387    0.241695    0.468957
 1999      25784.      15499.    0.598540    0.316585    0.528929
 2000      27756.      14514.    0.519188    0.238603    0.459570
 2001      37778.      31563.    0.347287    0.281382    0.810231
 2002      86055.      44289.    0.597230    0.264050    0.442125
 2003      88390.      50649.       N/A         N/A
