 VPA Version 3.3.0

 Model ID: k=0.3, 2009-2011 Ichtio.                                                        


 Input File: RUN1NWWG_R_19.DAT                                                               
 Date of Run: 21-NOV-2017                         Time of Run: 16:55


 Levenburg-Marquardt Algorithm Completed     7 Iterations
 Residual Sum of Squares =     7.54140    

 Number of Residuals     =     80
 Number of Parameters    =      9
 Degrees of Freedom      =     71
 Mean Squared Residual   =     0.106217    
 Standard Deviation      =     0.325909    


 Number of Years =    11
 Number of Ages  =    11
 First Year      =  1987
 Youngest Age    =     3
 Oldest True Age =    12

 Number of Survey Indices Available        =    10
 Number of Survey Indices Used in Estimate =     8


 VPA Classic Method - Auto Estimated Q's


 Stock Numbers Predicted in Terminal Year Plus One (1998)
 Age    Stock Predicted     Std. Error      CV

   4         618612.961   0.213850E+06   0.345693E+00
   5         119738.242   0.323783E+05   0.270409E+00
   6          66083.603   0.171621E+05   0.259702E+00
   7         364585.636   0.816774E+05   0.224028E+00
   8         152201.334   0.356880E+05   0.234479E+00
   9         170908.042   0.395213E+05   0.231243E+00
  10          91484.562   0.219941E+05   0.240413E+00
  11          29306.493   0.737459E+04   0.251637E+00
  12          24727.079   0.735980E+04   0.297641E+00

 Catchability Values for Each Survey Used in Estimate
 INDEX     Catchability    Std. Error      CV

   1       0.972787E+00   0.119531E+00   0.122875E+00
   2       0.103771E+01   0.111071E+00   0.107035E+00
   3       0.980704E+00   0.990552E-01   0.101004E+00
   4       0.101672E+01   0.948754E-01   0.933152E-01
   5       0.118445E+01   0.159935E+00   0.135029E+00
   6       0.156255E+01   0.128142E+00   0.820082E-01
   7       0.153309E+01   0.211066E+00   0.137674E+00
   8       0.137110E+01   0.109537E+00   0.798899E-01


 -- Non-Linear Least Squares Fit --

 Maximum Marquadt Iterations    =       100
 Scaled Gradient Tolerance      =    6.055454E-05
 Scaled Step Tolerance          =    1.000000E-18
 Relative Function Tolerance    =    1.000000E-18
 Absolute Function Tolerance    =    4.930381E-32

 Reported Machine Precision     =    2.220446E-16


 VPA Method Options

 - Catchability Values Estimated as an Analytic Function of N
 - Catch Equation Used in Cohort Solution
 - Plus Group Forward Calculation Method Used
 - Arithmetic Average Used in F-Oldest Calculation
 - F-Oldest Calculation in Years Prior to Terminal Year 
   Uses Fishing Mortality in Ages  8 to 11
 - Calculation of Population of Age 3 In Year 1998
   =  Geometric Mean of First Age Populations
      Year Range Applied =  1987 to  1994
 - Survey Weight Factors Were Used

 Stock Estimates 

 Age   4
 Age   5
 Age   6
 Age   7
 Age   8
 Age   9
 Age  10
 Age  11
 Age  12

 Full F in Terminal Year               =   0.1908

 F in Oldest True Age in Terminal Year =   0.1833

 Full F Calculated Using Classic Method

 F in Oldest True Age in Terminal Year has been
 Calculated in Same Manner as in All Other Years

 Age  Input Partial  Calc Partial   Fishing     Used In
      Recruitment    Recruitment    Mortality   Full F    Comments

   3      0.500          0.183       0.0585      NO      Stock Estimate in T+1   
   4      0.800          0.669       0.2142      NO      Stock Estimate in T+1   
   5      1.000          1.000       0.3203      YES     Stock Estimate in T+1   
   6      1.000          0.285       0.0914      YES     Stock Estimate in T+1   
   7      1.000          0.596       0.1908      YES     Stock Estimate in T+1   
   8      1.000          0.497       0.1590      YES     Stock Estimate in T+1   
   9      1.000          0.649       0.2079      YES     Stock Estimate in T+1   
  10      1.000          0.762       0.2439      YES     Stock Estimate in T+1   
  11      1.000          0.381       0.1222      YES     Stock Estimate in T+1   
  12      1.000          0.572       0.1833              F-Oldest                

 Catch At Age - Input Data


   AGE       1987        1988        1989        1990        1991
 ____________________________________________________________________

    3       3144.0      4757.0     22628.0     14884.0     88683.0
    4      44590.0     41331.0     26649.0     56995.0     49081.0
    5      60285.0     99366.0     77824.0     35593.0     86292.0
    6      20622.0     69331.0    188654.0     79757.0     34793.0
    7      19751.0     22955.0     43114.0    157225.0     55228.0
    8      46240.0     20131.0      8116.0     30248.0    110132.0
    9      15232.0     32201.0      5897.0      8187.0     10079.0
   10      13963.0     12349.0      7292.0      4372.0      4155.0
   11      10179.0     10250.0      4780.0      3379.0      2735.0
   12      13216.0      7378.0      3449.0      1786.0      2003.0
   13      13227.0     14048.0      2602.0      1726.0      1274.0

   AGE       1992        1993        1994        1995        1996
 ____________________________________________________________________

    3      94860.0     51153.0    134616.0     20991.0     15969.0
    4     122626.0    177780.0    113290.0    137232.0     40311.0
    5      38381.0     92680.0    142876.0     86864.0     86187.0
    6      58605.0     20791.0     87207.0    109140.0     68927.0
    7      27921.0     28560.0     24913.0     76780.0     84660.0
    8      38420.0     13313.0     20303.0     21361.0     39664.0
    9      53114.0     19617.0     16301.0     15225.0     14746.0
   10      11592.0     15266.0     15695.0      8541.0      8419.0
   11       1727.0      4254.0     14680.0      9617.0      5836.0
   12       1757.0       797.0      2936.0      7034.0      3152.0
   13        530.0       256.0      1874.0      3147.0      7750.0

   AGE       1997
 ____________________________________________________________________

    3      39240.0
    4      30141.0
    5      26307.0
    6      36738.0
    7      33705.0
    8      31022.0
    9      22277.0
   10       8531.0
   11       3383.0
   12       1141.0
   13      13767.0

 Weight At Age - Input Data


   AGE       1987        1988        1989        1990        1991
 ____________________________________________________________________

    3       0.1680      0.1570      0.1300      0.1270      0.1350
    4       0.2000      0.2210      0.2060      0.1970      0.1880
    5       0.2400      0.2390      0.2460      0.2450      0.2320
    6       0.2780      0.2710      0.2610      0.2720      0.2670
    7       0.3040      0.2980      0.2900      0.2850      0.2890
    8       0.3250      0.3190      0.3310      0.3050      0.3040
    9       0.3390      0.3340      0.3380      0.3240      0.3230
   10       0.3560      0.3540      0.3520      0.3360      0.3400
   11       0.3780      0.3520      0.3690      0.3620      0.3520
   12       0.4000      0.3710      0.3890      0.3700      0.3690
   13       0.4160      0.4030      0.4010      0.3790      0.3980

   AGE       1992        1993        1994        1995        1996
 ____________________________________________________________________

    3       0.1480      0.1450      0.1340      0.1300      0.1390
    4       0.1900      0.2110      0.2010      0.1830      0.1680
    5       0.2350      0.2460      0.2470      0.2400      0.2120
    6       0.2730      0.2920      0.2720      0.2770      0.2580
    7       0.3120      0.3240      0.3030      0.2980      0.2890
    8       0.3290      0.3500      0.3330      0.3250      0.3080
    9       0.3390      0.3620      0.3660      0.3580      0.3250
   10       0.3550      0.3760      0.3780      0.3780      0.3530
   11       0.3820      0.3860      0.3890      0.3970      0.3530
   12       0.4050      0.4190      0.3900      0.4090      0.3770
   13       0.3920      0.3890      0.4100      0.4330      0.4020

   AGE       1997
 ____________________________________________________________________

    3       0.1310
    4       0.1910
    5       0.2330
    6       0.2690
    7       0.3000
    8       0.3240
    9       0.3410
   10       0.3550
   11       0.3620
   12       0.3670
   13       0.3970

 JAN-1 Weights at Age - Input Data


   AGE       1987        1988        1989        1990        1991
 ____________________________________________________________________

    3       0.1680      0.1570      0.1300      0.1270      0.1350
    4       0.2000      0.2210      0.2060      0.1970      0.1880
    5       0.2400      0.2390      0.2460      0.2450      0.2320
    6       0.2780      0.2710      0.2610      0.2720      0.2670
    7       0.3040      0.2980      0.2900      0.2850      0.2890
    8       0.3250      0.3190      0.3310      0.3050      0.3040
    9       0.3390      0.3340      0.3380      0.3240      0.3230
   10       0.3560      0.3540      0.3520      0.3360      0.3400
   11       0.3780      0.3520      0.3690      0.3620      0.3520
   12       0.4000      0.3710      0.3890      0.3700      0.3690
   13       0.4160      0.4030      0.4010      0.3790      0.3980

   AGE       1992        1993        1994        1995        1996
 ____________________________________________________________________

    3       0.1480      0.1450      0.1340      0.1300      0.1390
    4       0.1900      0.2110      0.2010      0.1830      0.1680
    5       0.2350      0.2460      0.2470      0.2400      0.2120
    6       0.2730      0.2920      0.2720      0.2770      0.2580
    7       0.3120      0.3240      0.3030      0.2980      0.2890
    8       0.3290      0.3500      0.3330      0.3250      0.3080
    9       0.3390      0.3620      0.3660      0.3580      0.3250
   10       0.3550      0.3760      0.3780      0.3780      0.3530
   11       0.3820      0.3860      0.3890      0.3970      0.3530
   12       0.4050      0.4190      0.3900      0.4090      0.3770
   13       0.3920      0.3890      0.4100      0.4330      0.4020

   AGE       1997        1998
 ____________________________________________________________________

    3       0.1310      0.1340
    4       0.1910      0.1850
    5       0.2330      0.2380
    6       0.2690      0.2640
    7       0.3000      0.2880
    8       0.3240      0.3240
    9       0.3410      0.3400
   10       0.3550      0.3480
   11       0.3620      0.3750
   12       0.3670      0.4060
   13       0.3970      0.4150

 SSB Weight At Age - Input Data


   AGE       1987        1988        1989        1990        1991
 ____________________________________________________________________

    3       0.1680      0.1570      0.1300      0.1270      0.1350
    4       0.2000      0.2210      0.2060      0.1970      0.1880
    5       0.2400      0.2390      0.2460      0.2450      0.2320
    6       0.2780      0.2710      0.2610      0.2720      0.2670
    7       0.3040      0.2980      0.2900      0.2850      0.2890
    8       0.3250      0.3190      0.3310      0.3050      0.3040
    9       0.3390      0.3340      0.3380      0.3240      0.3230
   10       0.3560      0.3540      0.3520      0.3360      0.3400
   11       0.3780      0.3520      0.3690      0.3620      0.3520
   12       0.4000      0.3710      0.3890      0.3700      0.3690
   13       0.4160      0.4030      0.4010      0.3790      0.3980

   AGE       1992        1993        1994        1995        1996
 ____________________________________________________________________

    3       0.1480      0.1450      0.1340      0.1300      0.1390
    4       0.1900      0.2110      0.2010      0.1830      0.1680
    5       0.2350      0.2460      0.2470      0.2400      0.2120
    6       0.2730      0.2920      0.2720      0.2770      0.2580
    7       0.3120      0.3240      0.3030      0.2980      0.2890
    8       0.3290      0.3500      0.3330      0.3250      0.3080
    9       0.3390      0.3620      0.3660      0.3580      0.3250
   10       0.3550      0.3760      0.3780      0.3780      0.3530
   11       0.3820      0.3860      0.3890      0.3970      0.3530
   12       0.4050      0.4190      0.3900      0.4090      0.3770
   13       0.3920      0.3890      0.4100      0.4330      0.4020

   AGE       1997
 ____________________________________________________________________

    3       0.1310
    4       0.1910
    5       0.2330
    6       0.2690
    7       0.3000
    8       0.3240
    9       0.3410
   10       0.3550
   11       0.3620
   12       0.3670
   13       0.3970

 Natural Mortality - Input Data


   AGE       1987        1988        1989        1990        1991
 ____________________________________________________________________

    3       0.1000      0.1000      0.1000      0.1000      0.1000
    4       0.1000      0.1000      0.1000      0.1000      0.1000
    5       0.1000      0.1000      0.1000      0.1000      0.1000
    6       0.1000      0.1000      0.1000      0.1000      0.1000
    7       0.1000      0.1000      0.1000      0.1000      0.1000
    8       0.1000      0.1000      0.1000      0.1000      0.1000
    9       0.1000      0.1000      0.1000      0.1000      0.1000
   10       0.1000      0.1000      0.1000      0.1000      0.1000
   11       0.1000      0.1000      0.1000      0.1000      0.1000
   12       0.1000      0.1000      0.1000      0.1000      0.1000
   13       0.1000      0.1000      0.1000      0.1000      0.1000

   AGE       1992        1993        1994        1995        1996
 ____________________________________________________________________

    3       0.1000      0.1000      0.1000      0.1000      0.1000
    4       0.1000      0.1000      0.1000      0.1000      0.1000
    5       0.1000      0.1000      0.1000      0.1000      0.1000
    6       0.1000      0.1000      0.1000      0.1000      0.1000
    7       0.1000      0.1000      0.1000      0.1000      0.1000
    8       0.1000      0.1000      0.1000      0.1000      0.1000
    9       0.1000      0.1000      0.1000      0.1000      0.1000
   10       0.1000      0.1000      0.1000      0.1000      0.1000
   11       0.1000      0.1000      0.1000      0.1000      0.1000
   12       0.1000      0.1000      0.1000      0.1000      0.1000
   13       0.1000      0.1000      0.1000      0.1000      0.1000

   AGE       1997
 ____________________________________________________________________

    3       0.1000
    4       0.1000
    5       0.1000
    6       0.1000
    7       0.1000
    8       0.1000
    9       0.1000
   10       0.1000
   11       0.1000
   12       0.1000
   13       0.1000

 Proportion of Natural Mortality Before Spawning =       0.5000
 Proportion of Fishing Mortality Before Spawning =       0.0000

 Maturity - Input Data


   AGE       1987        1988        1989        1990        1991
 ____________________________________________________________________

    3       0.2000      0.2000      0.2000      0.2000      0.2000
    4       0.8500      0.8500      0.8500      0.8500      0.8500
    5       1.0000      1.0000      1.0000      1.0000      1.0000
    6       1.0000      1.0000      1.0000      1.0000      1.0000
    7       1.0000      1.0000      1.0000      1.0000      1.0000
    8       1.0000      1.0000      1.0000      1.0000      1.0000
    9       1.0000      1.0000      1.0000      1.0000      1.0000
   10       1.0000      1.0000      1.0000      1.0000      1.0000
   11       1.0000      1.0000      1.0000      1.0000      1.0000
   12       1.0000      1.0000      1.0000      1.0000      1.0000
   13       1.0000      1.0000      1.0000      1.0000      1.0000

   AGE       1992        1993        1994        1995        1996
 ____________________________________________________________________

    3       0.2000      0.2000      0.2000      0.2000      0.2000
    4       0.8500      0.8500      0.8500      0.8500      0.8500
    5       1.0000      1.0000      1.0000      1.0000      1.0000
    6       1.0000      1.0000      1.0000      1.0000      1.0000
    7       1.0000      1.0000      1.0000      1.0000      1.0000
    8       1.0000      1.0000      1.0000      1.0000      1.0000
    9       1.0000      1.0000      1.0000      1.0000      1.0000
   10       1.0000      1.0000      1.0000      1.0000      1.0000
   11       1.0000      1.0000      1.0000      1.0000      1.0000
   12       1.0000      1.0000      1.0000      1.0000      1.0000
   13       1.0000      1.0000      1.0000      1.0000      1.0000

   AGE       1997
 ____________________________________________________________________

    3       0.2000
    4       0.8500
    5       1.0000
    6       1.0000
    7       1.0000
    8       1.0000
    9       1.0000
   10       1.0000
   11       1.0000
   12       1.0000
   13       1.0000

 Input Partial Recruitment

   AGE

    3       0.5000
    4       0.8000
    5       1.0000
    6       1.0000
    7       1.0000
    8       1.0000
    9       1.0000
   10       1.0000
   11       1.0000
   12       1.0000


 Input F-Plus Ratio

   YEAR

   1987       1.0000
   1988       1.0000
   1989       1.0000
   1990       1.0000
   1991       1.0000
   1992       1.0000
   1993       1.0000
   1994       1.0000
   1995       1.0000
   1996       1.0000
   1997       1.0000

 SURVEY - INPUT DATA


INDEX                   1                  2                  3

SURVEY TAG      Acoustic            Acoustic            Acoustic          

AGE                   4                   5                   6       
TIME               JAN-1               JAN-1               JAN-1       
TYPE              NUMBERS             NUMBERS             NUMBERS      
RETRO FLAG           1                   1                   1
 ________________________________________________________________________

    1987              0.0000              0.0000              0.0000
    1988         401246.0000         858012.0000         308065.0000
    1989         201284.0000         232808.0000         381417.0000
    1990         655361.0000         179364.0000         278836.0000
    1991         132235.0000         258591.0000          94373.0000
    1992        1049990.0000         354521.0000         319866.0000
    1993         830608.0000         729556.0000         158778.0000
    1994         505279.0000         882868.0000         496297.0000
    1995              0.0000              0.0000              0.0000
    1996         133810.0000         761581.0000         277893.0000
    1997         270706.0000         133667.0000         468678.0000
    1998         601783.0000          81055.0000          57366.0000

 SURVEY - INPUT DATA


INDEX                   4                  5                  6

SURVEY TAG      Acoustic            Acoustic            Acoustic          

AGE                   7                   8                   9       
TIME               JAN-1               JAN-1               JAN-1       
TYPE              NUMBERS             NUMBERS             NUMBERS      
RETRO FLAG           1                   1                   1
 ________________________________________________________________________

    1987              0.0000              0.0000              0.0000
    1988          57103.0000          32532.0000          70426.0000
    1989         188456.0000          46448.0000          25798.0000
    1990         592982.0000         179665.0000          22182.0000
    1991         191054.0000         514403.0000          79353.0000
    1992          89825.0000         138333.0000         256921.0000
    1993         130781.0000          54156.0000          96330.0000
    1994          66963.0000          58295.0000         106172.0000
    1995              0.0000              0.0000              0.0000
    1996         385027.0000         176906.0000          98150.0000
    1997         269888.0000         325664.0000         217421.0000
    1998         287046.0000         155998.0000         203382.0000

 SURVEY - INPUT DATA


INDEX                   7                  8                  9

SURVEY TAG      Acoustic            Acoustic            Acoustic          

AGE                  10                  11                  12       
TIME               JAN-1               JAN-1               JAN-1       
TYPE              NUMBERS             NUMBERS             NUMBERS      
RETRO FLAG           1                   1                   1
 ________________________________________________________________________

    1987              0.0000              0.0000              0.0000
    1988          36713.0000          23586.0000          18401.0000
    1989          32819.0000          17439.0000          10373.0000
    1990          21768.0000          13080.0000           9941.0000
    1991          37618.0000           9394.0000          12636.0000
    1992          21290.0000           9866.0000              0.0000
    1993          96649.0000          24542.0000           1130.0000
    1994          48874.0000          36201.0000              0.0000
    1995              0.0000              0.0000              0.0000
    1996          48503.0000          16226.0000          29390.0000
    1997          92979.0000          55494.0000          39048.0000
    1998         105730.0000          35469.0000              0.0000

INDEX                  10

SURVEY TAG      Acoustic          

AGE                  13       
TIME               JAN-1       
TYPE              NUMBERS      
RETRO FLAG           1
 ________________________________________________________________________

    1987              0.0000
    1988          24278.0000
    1989           9081.0000
    1990           1989.0000
    1991              0.0000
    1992           9327.0000
    1993           1130.0000
    1994           4224.0000
    1995              0.0000
    1996          47945.0000
    1997          30028.0000
    1998              0.0000

     Additional Output Files 

Population File RUN1NWWG_R_19.PP2                                               
Auxilliary File RUN1NWWG_R_19.AUX                                               
Covariance File RUN1NWWG_R_19.CV                                                
Residuals File  RUN1NWWG_R_19.RSD                                               
Log File        RUN1NWWG_R_19.LOG                                               


                             Estimation Results

 JAN-1 Population Numbers


   AGE       1987        1988        1989        1990        1991
 _____________________________________________________________________________

    3      537523.     277674.     478566.     338482.     892877.
    4      998476.     483381.     246728.     411518.     292124.
    5      302711.     861078.     398113.     197935.     318235.
    6       85007.     216695.     684756.     286371.     145315.
    7       69483.      57357.     130375.     440722.     183501.
    8      107697.      44146.      30170.      77118.     249865.
    9       42750.      53698.      20905.      19603.      41144.
   10       38161.      24254.      18215.      13325.       9990.
   11       26487.      21306.      10278.       9579.       7915.
   12       34358.      14329.       9588.       4780.       5467.
   13       34387.      37167.      26323.      26756.      25203.
 ====================================================================
 Total    2277039.    2091086.    2054018.    1826189.    2171636.

   AGE       1992        1993        1994        1995        1996
 _____________________________________________________________________________

    3     1140627.     697536.    1006820.     191604.     197959.
    4      723663.     941955.     582552.     783172.     153432.
    5      217732.     538390.     683587.     419599.     578379.
    6      206129.     160580.     399178.     482963.     297244.
    7       98483.     130953.     125554.     278452.     333462.
    8      113691.      62641.      91394.      89964.     179155.
    9      121903.      66473.      44048.      63435.      61141.
   10       27669.      60054.      41552.      24419.      42957.
   11        5107.      14066.      39861.      22736.      14005.
   12        4571.       2985.       8695.      22165.      11473.
   13       24644.      24267.      23660.      24714.      32764.
 ====================================================================
 Total    2684221.    2699901.    3046902.    2403224.    1901970.

   AGE       1997        1998
 _____________________________________________________________________________

    3      724888.     602189.
    4      163948.     618613.
    5      100604.     119738.
    6      441506.      66084.
    7      203571.     364586.
    8      221438.     152201.
    9      124475.     170908.
   10       41335.      91485.
   11       30879.      29306.
   12        7150.      24727.
   13       29687.      19229.
 ====================================================================
 Total    2089480.    2259066.



Fishing Mortality Calculated


   AGE       1987        1988        1989        1990        1991
 _____________________________________________________________________________

    3       0.0062      0.0182      0.0509      0.0473      0.1101
    4       0.0480      0.0941      0.1203      0.1571      0.1939
    5       0.2343      0.1291      0.2294      0.2090      0.3343
    6       0.2934      0.4081      0.3406      0.3451      0.2890
    7       0.3536      0.5424      0.4251      0.4675      0.3787
    8       0.5959      0.6475      0.3312      0.5283      0.6177
    9       0.4668      0.9811      0.3503      0.5741      0.2968
   10       0.4828      0.7586      0.5426      0.4209      0.5709
   11       0.5144      0.6984      0.6656      0.4608      0.4491
   12       0.5150      0.7714      0.4724      0.4960      0.4836
   13       0.5150      0.5034      0.1096      0.0702      0.0546

   AGE       1992        1993        1994        1995        1996
 _____________________________________________________________________________

    3       0.0914      0.0801      0.1512      0.1222      0.0885
    4       0.1957      0.2206      0.2281      0.2031      0.3221
    5       0.2045      0.1992      0.2474      0.2447      0.1700
    6       0.3537      0.1461      0.2602      0.2704      0.2785
    7       0.3525      0.2597      0.2333      0.3410      0.3094
    8       0.4367      0.2521      0.2652      0.2862      0.2641
    9       0.6080      0.3699      0.4899      0.2898      0.2915
   10       0.5765      0.3098      0.5030      0.4560      0.2301
   11       0.4370      0.3810      0.4869      0.5840      0.5724
   12       0.5146      0.3282      0.4362      0.4040      0.3395
   13       0.0229      0.0111      0.0868      0.1435      0.2850

   AGE       1997
 _____________________________________________________________________________

    3       0.0585
    4       0.2142
    5       0.3203
    6       0.0914
    7       0.1908
    8       0.1590
    9       0.2079
   10       0.2439
   11       0.1222
   12       0.1833
   13       0.6629


 Average Fishing Mortality For Ages   5- 10

 Year      Average F   N Weighted  Biomass Wtd  Catch Wtd

 _____________________________________________________________________________

 1987       0.4045      0.3453      0.3635      0.3894
 1988       0.5778      0.2628      0.2887      0.4197
 1989       0.3699      0.3175      0.3216      0.3299
 1990       0.4241      0.3901      0.3970      0.4153
 1991       0.4146      0.4115      0.4211      0.4430
 1992       0.4220      0.3715      0.3895      0.4130
 1993       0.2561      0.2195      0.2262      0.2326
 1994       0.3332      0.2664      0.2721      0.2770
 1995       0.3147      0.2822      0.2860      0.2874
 1996       0.2573      0.2408      0.2485      0.2537
 1997       0.2022      0.1612      0.1621      0.1883

 Back Calculated Partial Recruitment


   AGE       1987        1988        1989        1990        1991
 _____________________________________________________________________________

    3       0.0103      0.0185      0.0765      0.0824      0.1783
    4       0.0806      0.0959      0.1808      0.2736      0.3139
    5       0.3931      0.1316      0.3447      0.3641      0.5412
    6       0.4924      0.4159      0.5118      0.6011      0.4679
    7       0.5933      0.5529      0.6386      0.8143      0.6131
    8       1.0000      0.6599      0.4975      0.9202      1.0000
    9       0.7832      1.0000      0.5263      1.0000      0.4805
   10       0.8102      0.7732      0.8152      0.7332      0.9243
   11       0.8631      0.7119      1.0000      0.8027      0.7270
   12       0.8641      0.7863      0.7098      0.8640      0.7829
   13       0.8641      0.5131      0.1646      0.1222      0.0883

   AGE       1992        1993        1994        1995        1996
 _____________________________________________________________________________

    3       0.1503      0.2104      0.3006      0.2092      0.1546
    4       0.3219      0.5791      0.4535      0.3478      0.5627
    5       0.3363      0.5228      0.4919      0.4191      0.2971
    6       0.5817      0.3834      0.5173      0.4630      0.4866
    7       0.5797      0.6816      0.4639      0.5839      0.5405
    8       0.7182      0.6618      0.5272      0.4901      0.4615
    9       1.0000      0.9708      0.9740      0.4963      0.5092
   10       0.9483      0.8133      1.0000      0.7807      0.4020
   11       0.7188      1.0000      0.9680      1.0000      1.0000
   12       0.8463      0.8615      0.8673      0.6918      0.5932
   13       0.0376      0.0293      0.1726      0.2457      0.4979

   AGE       1997
 _____________________________________________________________________________

    3       0.0883
    4       0.3232
    5       0.4831
    6       0.1379
    7       0.2878
    8       0.2399
    9       0.3137
   10       0.3679
   11       0.1843
   12       0.2764
   13       1.0000

 JAN-1 Biomass


   AGE       1987        1988        1989        1990        1991
 _____________________________________________________________________________

    3       90304.      43595.      62214.      42987.     120538.
    4      199695.     106827.      50826.      81069.      54919.
    5       72651.     205798.      97936.      48494.      73831.
    6       23632.      58724.     178721.      77893.      38799.
    7       21123.      17092.      37809.     125606.      53032.
    8       35002.      14082.       9986.      23521.      75959.
    9       14492.      17935.       7066.       6351.      13290.
   10       13585.       8586.       6412.       4477.       3397.
   11       10012.       7500.       3792.       3468.       2786.
   12       13743.       5316.       3730.       1768.       2017.
   13       14305.      14978.      10556.      10140.      10031.
 ====================================================================
 Total     508544.     500434.     469048.     425775.     448598.

   AGE       1992        1993        1994        1995        1996
 _____________________________________________________________________________

    3      168813.     101143.     134914.      24909.      27516.
    4      137496.     198753.     117093.     143321.      25777.
    5       51167.     132444.     168846.     100704.     122616.
    6       56273.      46889.     108577.     133781.      76689.
    7       30727.      42429.      38043.      82979.      96371.
    8       37404.      21924.      30434.      29238.      55180.
    9       41325.      24063.      16121.      22710.      19871.
   10        9822.      22580.      15707.       9231.      15164.
   11        1951.       5430.      15506.       9026.       4944.
   12        1851.       1251.       3391.       9066.       4325.
   13        9660.       9440.       9700.      10701.      13171.
 ====================================================================
 Total     546491.     606346.     658332.     575664.     461623.

   AGE       1997        1998
 _____________________________________________________________________________

    3       94960.      80693.
    4       31314.     114443.
    5       23441.      28498.
    6      118765.      17446.
    7       61071.     105001.
    8       71746.      49313.
    9       42446.      58109.
   10       14674.      31837.
   11       11178.      10990.
   12        2624.      10039.
   13       11786.       7980.
 ====================================================================
 Total     484005.     514349.

 Mean Biomass


   AGE       1987        1988        1989        1990        1991
 _____________________________________________________________________________

    3       85675.      41118.      57746.      39971.     108717.
    4      185616.      97101.      45616.      71487.      47584.
    5       61755.     183923.      83438.      41717.      59888.
    6       19537.      46042.     144544.      62868.      32143.
    7       16981.      12611.      29414.      95850.      42142.
    8       25217.       9918.       8112.      17464.      54202.
    9       11063.      10962.       5689.       4621.      10970.
   10       10295.       5762.       4730.       3490.       2474.
   11        7480.       5166.       2650.       2654.       2144.
   12       10265.       3548.       2840.       1332.       1528.
   13       10685.      11246.       9523.       9325.       9294.
 ====================================================================
 Total     444571.     427397.     394302.     350779.     371087.

   AGE       1992        1993        1994        1995        1996
 _____________________________________________________________________________

    3      153642.      92556.     119303.      22336.      25078.
    4      119029.     170041.      99822.     123637.      21028.
    5       44112.     114468.     142637.      85179.     107456.
    6       45239.      41566.      91174.     111800.      63844.
    7       24715.      35637.      32352.      67099.      79082.
    8       28945.      18480.      25496.      24254.      46249.
    9       29615.      19201.      12178.      18807.      16443.
   10        7138.      18525.      11795.       7081.      12915.
   11        1510.       4310.      11729.       6538.       3599.
   12        1383.       1017.       2625.       7121.       3500.
   13        9091.       8934.       8848.       9498.      10932.
 ====================================================================
 Total     464418.     524736.     557961.     483348.     390126.

   AGE       1997
 _____________________________________________________________________________

    3       87815.
    4       26871.
    5       19138.
    6      108089.
    7       52993.
    8       63207.
    9       36533.
   10       12417.
   11       10024.
   12        2285.
   13        8245.
 ====================================================================
 Total     427617.

 Spawning Stock Biomass


   AGE       1987        1988        1989        1990        1991
 _____________________________________________________________________________

    3       17180.       8294.      11836.       8178.      22932.
    4      161463.      86375.      41095.      65548.      44405.
    5       69107.     195761.      93160.      46129.      70230.
    6       22479.      55860.     170005.      74094.      36907.
    7       20093.      16259.      35965.     119480.      50445.
    8       33295.      13396.       9499.      22374.      72254.
    9       13785.      17061.       6721.       6042.      12641.
   10       12923.       8167.       6099.       4259.       3231.
   11        9524.       7134.       3607.       3299.       2650.
   12       13073.       5057.       3548.       1682.       1919.
   13       13607.      14248.      10041.       9646.       9542.
 ====================================================================
 Total     386529.     427610.     391576.     360730.     327156.

   AGE       1992        1993        1994        1995        1996
 _____________________________________________________________________________

    3       32116.      19242.      25667.       4739.       5235.
    4      111172.     160700.      94675.     115881.      20842.
    5       48672.     125985.     160611.      95792.     116636.
    6       53529.      44603.     103281.     127256.      72949.
    7       29228.      40360.      36188.      78932.      91671.
    8       35580.      20855.      28950.      27812.      52489.
    9       39310.      22890.      15335.      21602.      18902.
   10        9343.      21479.      14941.       8780.      14424.
   11        1856.       5165.      14750.       8586.       4703.
   12        1761.       1190.       3226.       8623.       4114.
   13        9189.       8979.       9227.      10179.      12529.
 ====================================================================
 Total     371756.     471447.     506850.     508184.     414492.

   AGE       1997
 _____________________________________________________________________________

    3       18066.
    4       25319.
    5       22298.
    6      112973.
    7       58093.
    8       68247.
    9       40376.
   10       13958.
   11       10633.
   12        2496.
   13       11211.
 ====================================================================
 Total     383669.

 Catch Biomass


   AGE       1987        1988        1989        1990        1991
 _____________________________________________________________________________

    3         528.        747.       2942.       1890.      11972.
    4        8918.       9134.       5490.      11228.       9227.
    5       14468.      23748.      19145.       8720.      20020.
    6        5733.      18789.      49239.      21694.       9290.
    7        6004.       6841.      12503.      44809.      15961.
    8       15028.       6422.       2686.       9226.      33480.
    9        5164.      10755.       1993.       2653.       3256.
   10        4971.       4372.       2567.       1469.       1413.
   11        3848.       3608.       1764.       1223.        963.
   12        5286.       2737.       1342.        661.        739.
   13        5502.       5661.       1043.        654.        507.
 ====================================================================
 Total      75451.      92814.     100713.     104227.     106827.

   AGE       1992        1993        1994        1995        1996
 _____________________________________________________________________________

    3       14039.       7417.      18039.       2729.       2220.
    4       23299.      37512.      22771.      25113.       6772.
    5        9020.      22799.      35290.      20847.      18272.
    6       15999.       6071.      23720.      30232.      17783.
    7        8711.       9253.       7549.      22880.      24467.
    8       12640.       4660.       6761.       6942.      12217.
    9       18006.       7101.       5966.       5451.       4792.
   10        4115.       5740.       5933.       3228.       2972.
   11         660.       1642.       5711.       3818.       2060.
   12         712.        334.       1145.       2877.       1188.
   13         208.        100.        768.       1363.       3116.
 ====================================================================
 Total     107408.     102629.     133653.     125481.      95858.

   AGE       1997
 _____________________________________________________________________________

    3        5140.
    4        5757.
    5        6130.
    6        9883.
    7       10112.
    8       10051.
    9        7596.
   10        3029.
   11        1225.
   12         419.
   13        5465.
 ====================================================================
 Total      64806.

 Catch Numbers


   AGE       1987        1988        1989        1990        1991
 _____________________________________________________________________________

    3       3144.0      4757.0     22628.0     14884.0     88683.0
    4      44590.0     41331.0     26649.0     56995.0     49081.0
    5      60285.0     99366.0     77824.0     35593.0     86292.0
    6      20622.0     69331.0    188654.0     79757.0     34793.0
    7      19751.0     22955.0     43114.0    157225.0     55228.0
    8      46240.0     20131.0      8116.0     30248.0    110132.0
    9      15232.0     32201.0      5897.0      8187.0     10079.0
   10      13963.0     12349.0      7292.0      4372.0      4155.0
   11      10179.0     10250.0      4780.0      3379.0      2735.0
   12      13216.0      7378.0      3449.0      1786.0      2003.0
   13      13227.0     14048.0      2602.0      1726.0      1274.0
 ====================================================================
 Total    260449.0    334097.0    391005.0    394152.0    444455.0

   AGE       1992        1993        1994        1995        1996
 _____________________________________________________________________________

    3      94860.0     51153.0    134616.0     20991.0     15969.0
    4     122626.0    177780.0    113290.0    137232.0     40311.0
    5      38381.0     92680.0    142876.0     86864.0     86187.0
    6      58605.0     20791.0     87207.0    109140.0     68927.0
    7      27921.0     28560.0     24913.0     76780.0     84660.0
    8      38420.0     13313.0     20303.0     21361.0     39664.0
    9      53114.0     19617.0     16301.0     15225.0     14746.0
   10      11592.0     15266.0     15695.0      8541.0      8419.0
   11       1727.0      4254.0     14680.0      9617.0      5836.0
   12       1757.0       797.0      2936.0      7034.0      3152.0
   13        530.0       256.0      1874.0      3147.0      7750.0
 ====================================================================
 Total    449533.0    424467.0    574691.0    495932.0    375621.0

   AGE       1997
 _____________________________________________________________________________

    3      39240.0
    4      30141.0
    5      26307.0
    6      36738.0
    7      33705.0
    8      31022.0
    9      22277.0
   10       8531.0
   11       3383.0
   12       1141.0
   13      13767.0
 ====================================================================
 Total    246252.0


               Surplus Production

     Average Adjustment Factor (Delta) =   1.0000

 Year        Biomass  Delta Biomass  Catch Biomass  Surplus Production

 1987     508543.704      -8109.294      75450.782      67341.488
 1988     500434.410     -31386.875      92813.816      61426.941
 1989     469047.536     -43272.126     100713.041      57440.915
 1990     425775.410      22823.075     104226.989     127050.064
 1991     448598.485      97892.126     106827.024     204719.150
 1992     546490.611      59854.951     107408.317     167263.268
 1993     606345.562      51986.700     102628.948     154615.648
 1994     658332.262     -82668.358     133652.824      50984.466
 1995     575663.904    -114041.051     125480.745      11439.694
 1996     461622.853      22382.248      95858.270     118240.518
 1997     484005.101      30343.825      64805.906      95149.731
 1998     514348.926


 Summary of Survey Indices Used in the Estimate

 INDEX    Survey Tag    Age   Time  Type  Catchability Std. Error   CV
 _____________________________________________________________________________

   1 Acoustic              4   JAN-1 NUMBER  0.9728E+00  0.1195E+00  0.1229E+00
   2 Acoustic              5   JAN-1 NUMBER  0.1038E+01  0.1111E+00  0.1070E+00
   3 Acoustic              6   JAN-1 NUMBER  0.9807E+00  0.9906E-01  0.1010E+00
   4 Acoustic              7   JAN-1 NUMBER  0.1017E+01  0.9488E-01  0.9332E-01
   5 Acoustic              8   JAN-1 NUMBER  0.1184E+01  0.1599E+00  0.1350E+00
   6 Acoustic              9   JAN-1 NUMBER  0.1563E+01  0.1281E+00  0.8201E-01
   7 Acoustic             10   JAN-1 NUMBER  0.1533E+01  0.2111E+00  0.1377E+00
   8 Acoustic             11   JAN-1 NUMBER  0.1371E+01  0.1095E+00  0.7989E-01


 Survey Index:    1 Tag: Acoustic           AGE =  4
 Time = JAN-1           Type = NUMBER
 Catchability =    0.972787E+00   % Variance Contribution =    18.0185
 Unweighted Residual = LN(Observed) - LN(Predicted)

 Year      Observed        Predicted         Residual      Unweighted Resid
 _____________________________________________________________________________

 1987     N/A              0.971305E+06     N/A              N/A
 1988     0.401246E+06     0.470227E+06    -0.158642E+00    -0.158642E+00
 1989     0.201284E+06     0.240013E+06    -0.175978E+00    -0.175978E+00
 1990     0.655361E+06     0.400320E+06     0.492923E+00     0.492923E+00
 1991     0.132235E+06     0.284175E+06    -0.765009E+00    -0.765009E+00
 1992     0.104999E+07     0.703970E+06     0.399800E+00     0.399800E+00
 1993     0.830608E+06     0.916322E+06    -0.982099E-01    -0.982099E-01
 1994     0.505279E+06     0.566699E+06    -0.114717E+00    -0.114717E+00
 1995     N/A              0.761860E+06     N/A              N/A
 1996     0.133810E+06     0.149257E+06    -0.109247E+00    -0.109247E+00
 1997     0.270706E+06     0.159487E+06     0.529074E+00     0.529074E+00
 1998     0.601783E+06     0.601779E+06     0.675439E-05     0.675439E-05

 Survey Index:    2 Tag: Acoustic           AGE =  5
 Time = JAN-1           Type = NUMBER
 Catchability =    0.103771E+01   % Variance Contribution =    13.6722
 Unweighted Residual = LN(Observed) - LN(Predicted)

 Year      Observed        Predicted         Residual      Unweighted Resid
 _____________________________________________________________________________

 1987     N/A              0.314127E+06     N/A              N/A
 1988     0.858012E+06     0.893549E+06    -0.405829E-01    -0.405829E-01
 1989     0.232808E+06     0.413126E+06    -0.573539E+00    -0.573539E+00
 1990     0.179364E+06     0.205399E+06    -0.135538E+00    -0.135538E+00
 1991     0.258591E+06     0.330236E+06    -0.244559E+00    -0.244559E+00
 1992     0.354521E+06     0.225943E+06     0.450485E+00     0.450485E+00
 1993     0.729556E+06     0.558693E+06     0.266836E+00     0.266836E+00
 1994     0.882868E+06     0.709365E+06     0.218805E+00     0.218805E+00
 1995     N/A              0.435422E+06     N/A              N/A
 1996     0.761581E+06     0.600190E+06     0.238151E+00     0.238151E+00
 1997     0.133667E+06     0.104398E+06     0.247139E+00     0.247139E+00
 1998     0.810550E+05     0.124254E+06    -0.427196E+00    -0.427196E+00

 Survey Index:    3 Tag: Acoustic           AGE =  6
 Time = JAN-1           Type = NUMBER
 Catchability =    0.980704E+00   % Variance Contribution =    12.1750
 Unweighted Residual = LN(Observed) - LN(Predicted)

 Year      Observed        Predicted         Residual      Unweighted Resid
 _____________________________________________________________________________

 1987     N/A              0.833665E+05     N/A              N/A
 1988     0.308065E+06     0.212514E+06     0.371304E+00     0.371304E+00
 1989     0.381417E+06     0.671543E+06    -0.565685E+00    -0.565685E+00
 1990     0.278836E+06     0.280846E+06    -0.718129E-02    -0.718129E-02
 1991     0.943730E+05     0.142511E+06    -0.412162E+00    -0.412162E+00
 1992     0.319866E+06     0.202152E+06     0.458883E+00     0.458883E+00
 1993     0.158778E+06     0.157482E+06     0.819660E-02     0.819660E-02
 1994     0.496297E+06     0.391476E+06     0.237251E+00     0.237251E+00
 1995     N/A              0.473644E+06     N/A              N/A
 1996     0.277893E+06     0.291508E+06    -0.478309E-01    -0.478309E-01
 1997     0.468678E+06     0.432986E+06     0.792100E-01     0.792100E-01
 1998     0.573660E+05     0.648084E+05    -0.121984E+00    -0.121984E+00

 Survey Index:    4 Tag: Acoustic           AGE =  7
 Time = JAN-1           Type = NUMBER
 Catchability =    0.101672E+01   % Variance Contribution =    10.3919
 Unweighted Residual = LN(Observed) - LN(Predicted)

 Year      Observed        Predicted         Residual      Unweighted Resid
 _____________________________________________________________________________

 1987     N/A              0.706443E+05     N/A              N/A
 1988     0.571030E+05     0.583160E+05    -0.210200E-01    -0.210200E-01
 1989     0.188456E+06     0.132554E+06     0.351871E+00     0.351871E+00
 1990     0.592982E+06     0.448091E+06     0.280169E+00     0.280169E+00
 1991     0.191054E+06     0.186569E+06     0.237535E-01     0.237535E-01
 1992     0.898250E+05     0.100130E+06    -0.108605E+00    -0.108605E+00
 1993     0.130781E+06     0.133143E+06    -0.178998E-01    -0.178998E-01
 1994     0.669630E+05     0.127654E+06    -0.645181E+00    -0.645181E+00
 1995     N/A              0.283107E+06     N/A              N/A
 1996     0.385027E+06     0.339038E+06     0.127202E+00     0.127202E+00
 1997     0.269888E+06     0.206974E+06     0.265412E+00     0.265412E+00
 1998     0.287046E+06     0.370682E+06    -0.255701E+00    -0.255701E+00

 Survey Index:    5 Tag: Acoustic           AGE =  8
 Time = JAN-1           Type = NUMBER
 Catchability =    0.118445E+01   % Variance Contribution =    21.7593
 Unweighted Residual = LN(Observed) - LN(Predicted)

 Year      Observed        Predicted         Residual      Unweighted Resid
 _____________________________________________________________________________

 1987     N/A              0.127562E+06     N/A              N/A
 1988     0.325320E+05     0.522880E+05    -0.474543E+00    -0.474543E+00
 1989     0.464480E+05     0.357349E+05     0.262204E+00     0.262204E+00
 1990     0.179665E+06     0.913420E+05     0.676483E+00     0.676483E+00
 1991     0.514403E+06     0.295952E+06     0.552811E+00     0.552811E+00
 1992     0.138333E+06     0.134661E+06     0.269052E-01     0.269052E-01
 1993     0.541560E+05     0.741946E+05    -0.314822E+00    -0.314822E+00
 1994     0.582950E+05     0.108252E+06    -0.618943E+00    -0.618943E+00
 1995     N/A              0.106558E+06     N/A              N/A
 1996     0.176906E+06     0.212199E+06    -0.181907E+00    -0.181907E+00
 1997     0.325664E+06     0.262282E+06     0.216447E+00     0.216447E+00
 1998     0.155998E+06     0.180274E+06    -0.144636E+00    -0.144636E+00

 Survey Index:    6 Tag: Acoustic           AGE =  9
 Time = JAN-1           Type = NUMBER
 Catchability =    0.156255E+01   % Variance Contribution =     7.2874
 Unweighted Residual = LN(Observed) - LN(Predicted)

 Year      Observed        Predicted         Residual      Unweighted Resid
 _____________________________________________________________________________

 1987     N/A              0.667987E+05     N/A              N/A
 1988     0.704260E+05     0.839064E+05    -0.175139E+00    -0.175139E+00
 1989     0.257980E+05     0.326658E+05    -0.236033E-02    -0.236033E+00
 1990     0.221820E+05     0.306313E+05    -0.322740E+00    -0.322740E+00
 1991     0.793530E+05     0.642895E+05     0.210509E+00     0.210509E+00
 1992     0.256921E+06     0.190480E+06     0.299219E+00     0.299219E+00
 1993     0.963300E+05     0.103867E+06    -0.753350E-01    -0.753350E-01
 1994     0.106172E+06     0.688269E+05     0.433465E+00     0.433465E+00
 1995     N/A              0.991202E+05     N/A              N/A
 1996     0.981500E+05     0.955352E+05     0.270025E-01     0.270025E-01
 1997     0.217421E+06     0.194499E+06     0.111411E+00     0.111411E+00
 1998     0.203382E+06     0.267053E+06    -0.272359E+00    -0.272359E+00

 Survey Index:    7 Tag: Acoustic           AGE = 10
 Time = JAN-1           Type = NUMBER
 Catchability =    0.153309E+01   % Variance Contribution =    11.5149
 Unweighted Residual = LN(Observed) - LN(Predicted)

 Year      Observed        Predicted         Residual      Unweighted Resid
 _____________________________________________________________________________

 1987     N/A              0.585035E+05     N/A              N/A
 1988     0.367130E+05     0.371842E+05    -0.127526E-01    -0.127526E-01
 1989     0.328190E+05     0.279256E+05     0.161465E-02     0.161465E+00
 1990     0.217680E+05     0.204288E+05     0.634961E-03     0.634961E-01
 1991     0.376180E+05     0.153160E+05     0.898588E-02     0.898588E+00
 1992     0.212900E+05     0.424186E+05    -0.689349E+00    -0.689349E+00
 1993     0.966490E+05     0.920672E+05     0.485675E-01     0.485675E-01
 1994     0.488740E+05     0.637026E+05    -0.264980E+00    -0.264980E+00
 1995     N/A              0.374370E+05     N/A              N/A
 1996     0.485030E+05     0.658562E+05    -0.305847E+00    -0.305847E+00
 1997     0.929790E+05     0.633703E+05     0.383378E+00     0.383378E+00
 1998     0.105730E+06     0.140254E+06    -0.282564E+00    -0.282564E+00

 Survey Index:    8 Tag: Acoustic           AGE = 11
 Time = JAN-1           Type = NUMBER
 Catchability =    0.137110E+01   % Variance Contribution =     5.1807
 Unweighted Residual = LN(Observed) - LN(Predicted)

 Year      Observed        Predicted         Residual      Unweighted Resid
 _____________________________________________________________________________

 1987     N/A              0.363165E+05     N/A              N/A
 1988     0.235860E+05     0.292124E+05    -0.213939E+00    -0.213939E+00
 1989     0.174390E+05     0.140918E+05     0.213119E-02     0.213119E+00
 1990     0.130800E+05     0.131345E+05    -0.415528E-04    -0.415528E-02
 1991     0.939400E+04     0.108518E+05    -0.144263E-02    -0.144263E+00
 1992     0.986600E+04     0.700290E+04     0.342770E-02     0.342770E+00
 1993     0.245420E+05     0.192861E+05     0.240999E+00     0.240999E+00
 1994     0.362010E+05     0.546530E+05    -0.411918E+00    -0.411918E+00
 1995     N/A              0.311741E+05     N/A              N/A
 1996     0.162260E+05     0.192025E+05    -0.168427E+00    -0.168427E+00
 1997     0.554940E+05     0.423384E+05     0.270582E+00     0.270582E+00
 1998     0.354690E+05     0.401823E+05    -0.124767E+00    -0.124767E+00


Survey Weight Factors - Survey Index =     6

      1987        1.0000
      1988        1.0000
      1989        0.0100
      1990        1.0000
      1991        1.0000
      1992        1.0000
      1993        1.0000
      1994        1.0000
      1995        1.0000
      1996        1.0000
      1997        1.0000
      1998        1.0000


Survey Weight Factors - Survey Index =     7

      1987        1.0000
      1988        1.0000
      1989        0.0100
      1990        0.0100
      1991        0.0100
      1992        1.0000
      1993        1.0000
      1994        1.0000
      1995        1.0000
      1996        1.0000
      1997        1.0000
      1998        1.0000


Survey Weight Factors - Survey Index =     8

      1987        1.0000
      1988        1.0000
      1989        0.0100
      1990        0.0100
      1991        0.0100
      1992        0.0100
      1993        1.0000
      1994        1.0000
      1995        1.0000
      1996        1.0000
      1997        1.0000
      1998        1.0000



 Plus Group Diagnostic Report 

 Calculation Method Selected = Forward

          Population  Population    F            F
 Year     Backward     Forward    Forward     Backward    Ratio

 1987      34387.      34387.    0.514975    0.514975    1.000000
 1988      27283.      37167.    0.503396    0.771419    1.532432
 1989       7234.      26323.    0.109566    0.472442    4.311926
 1990       4619.      26756.    0.070153    0.496035    7.070727
 1991       3477.      25203.    0.054557    0.483609    8.864350
 1992       1379.      24644.    0.022855    0.514556   22.514404
 1993        959.      24267.    0.011146    0.328201   29.444594
 1994       5550.      23660.    0.086836    0.436225    5.023561
 1995       9917.      24714.    0.143466    0.404002    2.816021
 1996      28209.      32764.    0.284989    0.339524    1.191361
 1997      86264.      29687.    0.662919    0.183259    0.276442
 1998      70371.      19229.       N/A         N/A
