#nyears
 43
#year1
 1965
#nages
 8
#nfleets
 2
#nselblocks
 2
#navailindices
 8
#M
  0.35 0.35 0.35 0.35 0.35 0.35 0.35 0.35
 0.35 0.35 0.35 0.35 0.35 0.35 0.35 0.35
 0.35 0.35 0.35 0.35 0.35 0.35 0.35 0.35
 0.35 0.35 0.35 0.35 0.35 0.35 0.35 0.35
 0.35 0.35 0.35 0.35 0.35 0.35 0.35 0.35
 0.35 0.35 0.35 0.35 0.35 0.35 0.35 0.35
 0.35 0.35 0.35 0.35 0.35 0.35 0.35 0.35
 0.35 0.35 0.35 0.35 0.35 0.35 0.35 0.35
 0.35 0.35 0.35 0.35 0.35 0.35 0.35 0.35
 0.35 0.35 0.35 0.35 0.35 0.35 0.35 0.35
 0.35 0.35 0.35 0.35 0.35 0.35 0.35 0.35
 0.35 0.35 0.35 0.35 0.35 0.35 0.35 0.35
 0.35 0.35 0.35 0.35 0.35 0.35 0.35 0.35
 0.35 0.35 0.35 0.35 0.35 0.35 0.35 0.35
 0.35 0.35 0.35 0.35 0.35 0.35 0.35 0.35
 0.35 0.35 0.35 0.35 0.35 0.35 0.35 0.35
 0.35 0.35 0.35 0.35 0.35 0.35 0.35 0.35
 0.35 0.35 0.35 0.35 0.35 0.35 0.35 0.35
 0.35 0.35 0.35 0.35 0.35 0.35 0.35 0.35
 0.35 0.35 0.35 0.35 0.35 0.35 0.35 0.35
 0.35 0.35 0.35 0.35 0.35 0.35 0.35 0.35
 0.35 0.35 0.35 0.35 0.35 0.35 0.35 0.35
 0.35 0.35 0.35 0.35 0.35 0.35 0.35 0.35
 0.35 0.35 0.35 0.35 0.35 0.35 0.35 0.35
 0.35 0.35 0.35 0.35 0.35 0.35 0.35 0.35
 0.35 0.35 0.35 0.35 0.35 0.35 0.35 0.35
 0.35 0.35 0.35 0.35 0.35 0.35 0.35 0.35
 0.35 0.35 0.35 0.35 0.35 0.35 0.35 0.35
 0.35 0.35 0.35 0.35 0.35 0.35 0.35 0.35
 0.35 0.35 0.35 0.35 0.35 0.35 0.35 0.35
 0.35 0.35 0.35 0.35 0.35 0.35 0.35 0.35
 0.35 0.35 0.35 0.35 0.35 0.35 0.35 0.35
 0.35 0.35 0.35 0.35 0.35 0.35 0.35 0.35
 0.35 0.35 0.35 0.35 0.35 0.35 0.35 0.35
 0.35 0.35 0.35 0.35 0.35 0.35 0.35 0.35
 0.35 0.35 0.35 0.35 0.35 0.35 0.35 0.35
 0.35 0.35 0.35 0.35 0.35 0.35 0.35 0.35
 0.35 0.35 0.35 0.35 0.35 0.35 0.35 0.35
 0.35 0.35 0.35 0.35 0.35 0.35 0.35 0.35
 0.35 0.35 0.35 0.35 0.35 0.35 0.35 0.35
 0.35 0.35 0.35 0.35 0.35 0.35 0.35 0.35
 0.35 0.35 0.35 0.35 0.35 0.35 0.35 0.35
 0.35 0.35 0.35 0.35 0.35 0.35 0.35 0.35
#isfecund
 0
#fracyearSSB
 0.85
#mature
  0.001 0.017 0.212 0.811 0.986 0.999 1 1
 0.003 0.038 0.305 0.843 0.986 0.999 1 1
 0.003 0.038 0.305 0.843 0.986 0.999 1 1
 0.003 0.038 0.305 0.843 0.986 0.999 1 1
 0.003 0.038 0.305 0.843 0.986 0.999 1 1
 0.003 0.038 0.305 0.843 0.986 0.999 1 1
 0.006 0.059 0.398 0.875 0.987 0.999 1 1
 0.003 0.029 0.622 0.938 0.993 0.999 1 1
 0 0 0.846 1 1 1 1 1
 0 0.002 0.55 0.984 1 1 1 1
 0 0.002 0.55 0.984 1 1 1 1
 0 0.002 0.55 0.984 1 1 1 1
 0 0.004 0.254 0.968 1 1 1 1
 0.001 0.015 0.293 0.92 0.997 1 1 1
 0 0.003 0.43 0.995 1 1 1 1
 0 0.001 0.164 0.968 1 1 1 1
 0 0.001 0.157 0.967 1 1 1 1
 0.021 0.16 0.632 0.939 0.993 0.999 1 1
 0 0.009 0.58 0.995 1 1 1 1
 0 0 0.61 1 1 1 1 1
 0.001 0.04 0.722 0.994 1 1 1 1
 0.001 0.023 0.503 0.977 0.999 1 1 1
 0 0.01 0.307 0.949 0.999 1 1 1
 0 0.004 0.296 0.978 1 1 1 1
 0.001 0.023 0.418 0.956 0.998 1 1 1
 0 0.004 0.238 0.965 1 1 1 1
 0 0.003 0.229 0.971 1 1 1 1
 0 0.016 0.398 0.965 0.999 1 1 1
 0 0.006 0.323 0.975 1 1 1 1
 0 0.004 0.162 0.912 0.998 1 1 1
 0.001 0.024 0.332 0.908 0.995 1 1 1
 0.001 0.032 0.447 0.952 0.998 1 1 1
 0.131 0.493 0.862 0.976 0.996 0.999 1 1
 0.002 0.06 0.63 0.979 0.999 1 1 1
 0.003 0.04 0.363 0.886 0.991 0.999 1 1
 0.002 0.048 0.627 0.982 0.999 1 1 1
 0.205 0.544 0.847 0.962 0.992 0.998 1 1
 0.002 0.045 0.535 0.965 0.999 1 1 1
 0.009 0.099 0.58 0.945 0.995 1 1 1
 0.002 0.054 0.635 0.982 0.999 1 1 1
 0 0.005 0.571 0.997 1 1 1 1
 0 0.002 0.336 0.994 1 1 1 1
 0 0.012 0.769 0.999 1 1 1 1
#nWAAmatrices
 3
#WAA_ini
  0.006 0.024 0.062 0.112 0.165 0.244 0.28 0.306
 0.009 0.027 0.069 0.142 0.219 0.272 0.3 0.28
 0.005 0.028 0.062 0.122 0.188 0.213 0.238 0.264
 0.005 0.033 0.068 0.143 0.186 0.237 0.276 0.305
 0.01 0.035 0.1 0.137 0.206 0.24 0.288 0.321
 0.01 0.044 0.121 0.159 0.186 0.232 0.269 0.292
 0.012 0.044 0.129 0.168 0.199 0.242 0.289 0.321
 0.026 0.039 0.113 0.175 0.212 0.26 0.292 0.307
 0.01 0.044 0.11 0.137 0.219 0.28 0.331 0.376
 0.01 0.038 0.103 0.167 0.203 0.271 0.294 0.332
 0.016 0.044 0.107 0.177 0.206 0.244 0.292 0.297
 0.014 0.036 0.106 0.174 0.205 0.229 0.263 0.289
 0.012 0.037 0.094 0.153 0.196 0.227 0.236 0.276
 0.011 0.036 0.096 0.158 0.196 0.22 0.239 0.251
 0.006 0.031 0.082 0.169 0.216 0.243 0.28 0.299
 0.012 0.041 0.097 0.15 0.229 0.265 0.291 0.29
 0.01 0.041 0.098 0.177 0.213 0.281 0.31 0.328
 0.019 0.041 0.104 0.204 0.229 0.253 0.305 0.334
 0.018 0.041 0.125 0.199 0.218 0.283 0.319 0.354
 0.014 0.041 0.117 0.154 0.195 0.209 0.291 0.326
 0.017 0.036 0.099 0.148 0.162 0.188 0.198 0.286
 0.018 0.042 0.101 0.159 0.21 0.236 0.247 0.205
 0.011 0.041 0.092 0.137 0.088 0.147 0.145 0.157
 0.009 0.031 0.091 0.106 0.121 0.129 0.19 0.23
 0.009 0.031 0.066 0.102 0.116 0.132 0.157 0.199
 0.006 0.029 0.08 0.138 0.174 0.167 0.177 0.22
 0.004 0.036 0.073 0.124 0.15 0.184 0.2 0.208
 0.009 0.035 0.073 0.124 0.138 0.164 0.191 0.208
 0.009 0.032 0.078 0.119 0.123 0.147 0.183 0.221
 0.009 0.029 0.07 0.118 0.134 0.152 0.162 0.196
 0.014 0.046 0.089 0.118 0.134 0.149 0.16 0.181
 0.024 0.043 0.083 0.12 0.146 0.164 0.179 0.194
 0.016 0.045 0.085 0.118 0.147 0.167 0.182 0.198
 0.016 0.037 0.08 0.112 0.132 0.158 0.178 0.194
 0.023 0.047 0.087 0.116 0.132 0.148 0.176 0.192
 0.018 0.06 0.101 0.127 0.147 0.159 0.182 0.202
 0.005 0.047 0.089 0.127 0.147 0.161 0.174 0.2
 0.02 0.045 0.093 0.121 0.138 0.158 0.169 0.179
 0.015 0.052 0.09 0.13 0.149 0.166 0.184 0.189
 0.011 0.043 0.092 0.125 0.152 0.166 0.186 0.193
 0.019 0.042 0.083 0.123 0.149 0.17 0.188 0.205
 0.016 0.066 0.085 0.12 0.147 0.172 0.188 0.204
 0.016 0.047 0.085 0.118 0.141 0.161 0.185 0.191
 0.013 0.038 0.095 0.113 0.202 0.265 0.298 0.321
 0.016 0.047 0.096 0.17 0.224 0.279 0.302 0.321
 0.016 0.043 0.107 0.172 0.206 0.226 0.242 0.265
 0.011 0.038 0.069 0.176 0.221 0.265 0.298 0.321
 0.011 0.041 0.102 0.134 0.206 0.265 0.298 0.321
 0.011 0.061 0.126 0.163 0.191 0.239 0.276 0.299
 0.014 0.068 0.144 0.17 0.202 0.248 0.296 0.328
 0.031 0.069 0.154 0.197 0.235 0.268 0.289 0.304
 0.011 0.051 0.133 0.17 0.238 0.295 0.352 0.387
 0.008 0.045 0.124 0.169 0.196 0.27 0.29 0.318
 0.015 0.055 0.133 0.188 0.211 0.248 0.295 0.298
 0.015 0.088 0.132 0.184 0.21 0.236 0.278 0.325
 0.013 0.045 0.131 0.175 0.215 0.243 0.249 0.281
 0.032 0.05 0.119 0.178 0.208 0.239 0.252 0.261
 0.015 0.073 0.133 0.187 0.229 0.253 0.302 0.308
 0.007 0.054 0.104 0.185 0.25 0.294 0.319 0.332
 0.015 0.039 0.135 0.192 0.236 0.301 0.339 0.36
 0.017 0.05 0.139 0.2 0.24 0.272 0.328 0.341
 0.024 0.069 0.144 0.214 0.265 0.297 0.332 0.358
 0.007 0.064 0.14 0.193 0.239 0.286 0.313 0.343
 0.005 0.047 0.146 0.208 0.237 0.268 0.318 0.348
 0.032 0.057 0.116 0.176 0.227 0.252 0.271 0.252
 0.01 0.068 0.108 0.159 0.202 0.238 0.256 0.273
 0.027 0.066 0.117 0.154 0.192 0.229 0.264 0.272
 0.023 0.068 0.116 0.172 0.201 0.232 0.26 0.289
 0.023 0.062 0.106 0.156 0.189 0.216 0.233 0.255
 0.023 0.063 0.096 0.142 0.171 0.205 0.225 0.239
 0.023 0.06 0.101 0.135 0.164 0.19 0.22 0.238
 0.023 0.047 0.096 0.137 0.156 0.18 0.209 0.238
 0.023 0.054 0.086 0.12 0.138 0.159 0.18 0.213
 0.027 0.051 0.095 0.123 0.145 0.162 0.175 0.196
 0.028 0.055 0.088 0.125 0.15 0.171 0.188 0.204
 0.01 0.056 0.091 0.124 0.153 0.175 0.194 0.208
 0.026 0.052 0.092 0.117 0.138 0.164 0.187 0.208
 0.026 0.06 0.091 0.123 0.14 0.157 0.186 0.205
 0.026 0.065 0.111 0.137 0.156 0.172 0.198 0.224
 0.033 0.056 0.099 0.134 0.153 0.166 0.181 0.204
 0.03 0.059 0.099 0.126 0.143 0.167 0.183 0.192
 0.027 0.059 0.099 0.137 0.153 0.171 0.192 0.195
 0.026 0.047 0.091 0.129 0.155 0.173 0.194 0.223
 0.026 0.054 0.087 0.131 0.159 0.183 0.199 0.214
 0.026 0.062 0.089 0.133 0.163 0.184 0.203 0.212
 0.026 0.064 0.106 0.14 0.164 0.184 0.203 0.242
 0.007 0.022 0.064 0.102 0.169 0.227 0.281 0.31
 0.01 0.025 0.06 0.127 0.159 0.238 0.283 0.31
 0.011 0.027 0.071 0.128 0.187 0.225 0.26 0.283
 0.006 0.025 0.055 0.138 0.195 0.234 0.26 0.278
 0.005 0.022 0.063 0.096 0.191 0.242 0.281 0.31
 0.004 0.026 0.072 0.129 0.16 0.222 0.27 0.299
 0.006 0.027 0.093 0.147 0.181 0.217 0.266 0.301
 0.024 0.031 0.103 0.168 0.2 0.233 0.268 0.3
 0.005 0.04 0.096 0.162 0.217 0.263 0.307 0.335
 0.003 0.022 0.08 0.15 0.182 0.253 0.292 0.334
 0.006 0.021 0.078 0.153 0.189 0.22 0.282 0.294
 0.008 0.036 0.085 0.156 0.199 0.223 0.262 0.31
 0.007 0.026 0.107 0.152 0.199 0.226 0.242 0.28
 0.021 0.026 0.073 0.153 0.191 0.227 0.248 0.255
 0.008 0.049 0.082 0.149 0.202 0.229 0.269 0.279
 0.003 0.028 0.088 0.157 0.216 0.26 0.284 0.317
 0.008 0.017 0.086 0.142 0.209 0.274 0.316 0.339
 0.008 0.027 0.074 0.164 0.215 0.253 0.314 0.34
 0.015 0.034 0.085 0.173 0.23 0.267 0.3 0.343
 0.003 0.039 0.099 0.167 0.227 0.275 0.305 0.337
 0.002 0.019 0.097 0.171 0.214 0.253 0.302 0.33
 0.022 0.018 0.074 0.161 0.217 0.244 0.27 0.283
 0.004 0.046 0.078 0.136 0.188 0.233 0.254 0.272
 0.017 0.026 0.089 0.129 0.174 0.215 0.251 0.264
 0.014 0.043 0.088 0.142 0.176 0.211 0.244 0.277
 0.014 0.038 0.085 0.135 0.18 0.209 0.232 0.258
 0.014 0.038 0.077 0.123 0.163 0.197 0.221 0.236
 0.016 0.037 0.08 0.114 0.153 0.18 0.213 0.231
 0.015 0.033 0.076 0.118 0.145 0.172 0.199 0.229
 0.015 0.035 0.064 0.107 0.138 0.157 0.18 0.211
 0.019 0.034 0.072 0.103 0.132 0.149 0.167 0.188
 0.02 0.039 0.067 0.109 0.136 0.157 0.174 0.189
 0.005 0.04 0.071 0.105 0.139 0.162 0.182 0.198
 0.017 0.023 0.072 0.103 0.131 0.159 0.181 0.201
 0.017 0.039 0.068 0.107 0.128 0.147 0.175 0.196
 0.018 0.041 0.082 0.112 0.138 0.155 0.176 0.204
 0.025 0.038 0.081 0.122 0.145 0.161 0.176 0.201
 0.022 0.044 0.075 0.112 0.138 0.16 0.175 0.186
 0.02 0.042 0.076 0.116 0.139 0.156 0.179 0.189
 0.018 0.035 0.073 0.113 0.146 0.163 0.182 0.207
 0.017 0.037 0.064 0.109 0.144 0.168 0.186 0.204
 0.017 0.04 0.069 0.107 0.146 0.171 0.192 0.206
 0.016 0.041 0.081 0.112 0.147 0.173 0.193 0.221
#WAApointbio
  1 1 1 1 1 1 2 3
#sel_blocks
  1 1 1 1 1 1 1 1 1 1 1 1 1 1 1 1 1 1 1 1 1 1 1 1 1 1 1 1 1 1 1 1 1 1 1 1 1 1 1 1 1 1 1
 2 2 2 2 2 2 2 2 2 2 2 2 2 2 2 2 2 2 2 2 2 2 2 2 2 2 2 2 2 2 2 2 2 2 2 2 2 2 2 2 2 2 2
#sel_option
  1 1
#sel_ini
  0.1 1 0 1
 0.9 1 0 1
 1 1 0 1
 1 1 0 1
 1 -1 0 1
 1 -1 0 1
 1 -1 0 1
 1 -1 0 1
 2 1 0 1
 0.1 1 0 1
 0 0 0 0
 0 0 0 0
 0 0 0 0
 0 0 0 0
 0.01 3 1 0.9
 1 -3 1 0.9
 0.3 3 1 0.9
 0.2 3 1 0.9
 0.01 3 1 0.9
 0.01 3 1 0.9
 0.01 3 1 0.9
 0.01 3 1 0.9
 0 0 0 0
 0 0 0 0
 1.5 2 1 0.9
 0.01 1 1 0.9
 2 2 1 0.9
 0.5 1 0 1
#sel_start_age
  1 1
#sel_end_age
  8 8
#Freport_agemin
 5
#Freport_agemax
 5
#Freport_wtopt
 1
#use_likelihood_constants
 0
#release_mort
  1 1
#CAA_ini
  0.001 0.965 0.026 0.008 0 0 0 0 58161
 0 0.416 0.529 0.017 0.027 0.009 0.002 0 162020
 0 0.048 0.213 0.168 0.094 0.138 0.265 0.075 258310
 0.005 0.711 0.21 0.039 0.024 0.01 0.001 0 421090
 0.096 0.257 0.486 0.062 0.017 0.009 0.019 0.055 362150
 0.075 0.25 0.111 0.201 0.143 0.074 0.063 0.082 302110
 0.053 0.028 0.209 0.182 0.184 0.125 0.084 0.135 327980
 0.017 0.234 0.087 0.141 0.182 0.164 0.098 0.077 225730
 0.017 0.153 0.524 0.139 0.052 0.038 0.043 0.034 247030
 0.008 0.103 0.126 0.629 0.07 0.023 0.021 0.02 203460
 0.007 0.025 0.066 0.14 0.635 0.061 0.029 0.037 190690
 0 0.007 0.176 0.089 0.114 0.545 0.04 0.03 79732
 0.013 0.174 0.078 0.264 0.068 0.076 0.293 0.033 56665
 0.008 0.201 0.263 0.118 0.191 0.026 0.037 0.155 52423
 0 0.209 0.332 0.225 0.075 0.092 0.014 0.053 33756
 0.001 0.106 0.425 0.363 0.053 0.015 0.022 0.014 57120
 0 0.107 0.039 0.495 0.299 0.033 0.01 0.017 26883
 0.002 0.233 0.2 0.04 0.297 0.186 0.02 0.023 29334
 0.033 0.369 0.243 0.191 0.011 0.079 0.062 0.013 29369
 0 0.222 0.464 0.16 0.107 0.007 0.026 0.014 46189
 0.001 0.178 0.157 0.401 0.154 0.086 0.004 0.019 27316
 0.005 0.291 0.431 0.105 0.101 0.043 0.019 0.005 38100
 0.001 0.155 0.306 0.428 0.057 0.038 0.01 0.005 47971
 0.001 0.124 0.23 0.21 0.321 0.077 0.026 0.011 51019
 0 0.322 0.259 0.106 0.093 0.158 0.041 0.02 54082
 0 0.172 0.333 0.135 0.066 0.073 0.131 0.089 54737
 0 0.145 0.281 0.182 0.146 0.074 0.062 0.11 78032
 0 0.093 0.277 0.166 0.182 0.119 0.065 0.097 88910
 0 0.128 0.245 0.193 0.181 0.108 0.081 0.064 74593
 0 0.152 0.236 0.134 0.169 0.159 0.087 0.064 63161
 0.003 0.198 0.128 0.068 0.073 0.164 0.198 0.168 106180
 0.001 0.266 0.159 0.081 0.103 0.203 0.134 0.053 116790
 0 0.081 0.551 0.094 0.066 0.085 0.093 0.03 123820
 0 0.163 0.178 0.425 0.1 0.048 0.049 0.037 103730
 0.001 0.147 0.345 0.118 0.229 0.093 0.04 0.028 110200
 0 0.271 0.07 0.154 0.19 0.231 0.058 0.027 109090
 0 0.079 0.422 0.065 0.112 0.142 0.141 0.039 120550
 0.009 0.089 0.168 0.341 0.131 0.1 0.103 0.06 93176
 0.002 0.285 0.193 0.083 0.229 0.079 0.075 0.054 102320
 0.001 0.198 0.462 0.112 0.08 0.093 0.042 0.012 94628
 0 0.064 0.442 0.276 0.08 0.074 0.052 0.011 93670
 0 0.077 0.293 0.383 0.148 0.044 0.031 0.024 102990
 0 0.236 0.214 0.203 0.198 0.102 0.029 0.017 81116
 0.045 0.865 0.06 0.025 0.004 0 0 0 68122
 0.045 0.368 0.519 0.042 0.025 0.001 0 0 58780
 0.18 0.487 0.162 0.147 0.015 0.007 0.002 0.001 47386
 0.07 0.801 0.085 0.017 0.022 0.003 0.002 0.001 56676
 0.12 0.619 0.219 0.009 0.013 0.01 0.008 0.003 34650
 0.057 0.848 0.036 0.03 0.013 0.008 0.005 0.002 19386
 0.32 0.473 0.123 0.029 0.017 0.014 0.012 0.012 17848
 0.008 0.93 0.012 0.013 0.015 0.01 0.008 0.004 54693
 0.1 0.46 0.387 0.044 0.005 0.002 0.001 0.001 26528
 0.056 0.741 0.126 0.073 0.004 0 0 0 26060
 0.055 0.791 0.104 0.017 0.027 0.003 0.001 0.002 42770
 0.083 0.635 0.227 0.023 0.017 0.013 0.002 0.001 64813
 0.436 0.452 0.06 0.028 0.008 0.008 0.008 0 46920
 0.154 0.78 0.059 0.003 0.002 0.001 0 0.001 59151
 0.004 0.764 0.219 0.01 0.001 0.001 0 0.001 85120
 0.349 0.293 0.29 0.064 0.003 0 0 0.001 55851
 0.042 0.903 0.026 0.016 0.012 0.001 0 0 77819
 0.071 0.809 0.111 0.004 0.003 0.002 0 0 41076
 0.126 0.769 0.076 0.025 0.001 0.001 0.001 0 15244
 0.152 0.654 0.119 0.039 0.03 0.004 0.002 0.001 9169
 0.061 0.823 0.072 0.027 0.011 0.005 0 0 33900
 0.074 0.438 0.364 0.072 0.03 0.013 0.006 0.001 30005
 0.187 0.454 0.131 0.14 0.06 0.019 0.007 0.002 29306
 0.12 0.688 0.071 0.035 0.061 0.022 0.003 0.001 36019
 0.045 0.645 0.141 0.035 0.037 0.071 0.019 0.007 45873
 0.02 0.762 0.113 0.049 0.01 0.012 0.024 0.011 39448
 0.011 0.806 0.094 0.047 0.019 0.006 0.005 0.011 26707
 0.001 0.749 0.164 0.057 0.016 0.006 0.003 0.003 35807
 0.004 0.616 0.221 0.073 0.046 0.024 0.01 0.006 33860
 0.005 0.741 0.153 0.024 0.039 0.022 0.009 0.008 22781
 0.153 0.688 0.106 0.039 0.005 0.004 0.004 0 18254
 0.018 0.859 0.07 0.029 0.013 0.004 0.004 0.002 16544
 0.026 0.61 0.319 0.032 0.01 0.001 0.001 0 20826
 0.001 0.843 0.082 0.048 0.012 0.007 0.005 0.002 24981
 0.001 0.467 0.418 0.052 0.038 0.018 0.006 0.001 19298
 0.006 0.911 0.029 0.028 0.019 0.005 0.002 0 16884
 0.005 0.453 0.477 0.032 0.023 0.007 0.002 0.001 20237
 0.131 0.74 0.067 0.047 0.012 0.002 0 0 11920
 0.059 0.833 0.08 0.015 0.01 0.002 0.001 0 9160
 0.021 0.578 0.326 0.059 0.008 0.005 0.001 0.002 20781
 0.006 0.507 0.366 0.096 0.021 0.003 0.001 0.001 13123
 0.521 0.363 0.086 0.015 0.01 0.003 0.002 0 13870
 0.01 0.925 0.056 0.005 0.001 0.002 0.001 0 31347
#Discard_ini
  0 0 0 0 0 0 0 0 0
 0 0 0 0 0 0 0 0 0
 0 0 0 0 0 0 0 0 0
 0 0 0 0 0 0 0 0 0
 0 0 0 0 0 0 0 0 0
 0 0 0 0 0 0 0 0 0
 0 0 0 0 0 0 0 0 0
 0 0 0 0 0 0 0 0 0
 0 0 0 0 0 0 0 0 0
 0 0 0 0 0 0 0 0 0
 0 0 0 0 0 0 0 0 0
 0 0 0 0 0 0 0 0 0
 0 0 0 0 0 0 0 0 0
 0 0 0 0 0 0 0 0 0
 0 0 0 0 0 0 0 0 0
 0 0 0 0 0 0 0 0 0
 0 0 0 0 0 0 0 0 0
 0 0 0 0 0 0 0 0 0
 0 0 0 0 0 0 0 0 0
 0 0 0 0 0 0 0 0 0
 0 0 0 0 0 0 0 0 0
 0 0 0 0 0 0 0 0 0
 0 0 0 0 0 0 0 0 0
 0 0 0 0 0 0 0 0 0
 0 0 0 0 0 0 0 0 0
 0 0 0 0 0 0 0 0 0
 0 0 0 0 0 0 0 0 0
 0 0 0 0 0 0 0 0 0
 0 0 0 0 0 0 0 0 0
 0 0 0 0 0 0 0 0 0
 0 0 0 0 0 0 0 0 0
 0 0 0 0 0 0 0 0 0
 0 0 0 0 0 0 0 0 0
 0 0 0 0 0 0 0 0 0
 0 0 0 0 0 0 0 0 0
 0 0 0 0 0 0 0 0 0
 0 0 0 0 0 0 0 0 0
 0 0 0 0 0 0 0 0 0
 0 0 0 0 0 0 0 0 0
 0 0 0 0 0 0 0 0 0
 0 0 0 0 0 0 0 0 0
 0 0 0 0 0 0 0 0 0
 0 0 0 0 0 0 0 0 0
 0 0 0 0 0 0 0 0 0
 0 0 0 0 0 0 0 0 0
 0 0 0 0 0 0 0 0 0
 0 0 0 0 0 0 0 0 0
 0 0 0 0 0 0 0 0 0
 0 0 0 0 0 0 0 0 0
 0 0 0 0 0 0 0 0 0
 0 0 0 0 0 0 0 0 0
 0 0 0 0 0 0 0 0 0
 0 0 0 0 0 0 0 0 0
 0 0 0 0 0 0 0 0 0
 0 0 0 0 0 0 0 0 0
 0 0 0 0 0 0 0 0 0
 0 0 0 0 0 0 0 0 0
 0 0 0 0 0 0 0 0 0
 0 0 0 0 0 0 0 0 0
 0 0 0 0 0 0 0 0 0
 0 0 0 0 0 0 0 0 0
 0 0 0 0 0 0 0 0 0
 0 0 0 0 0 0 0 0 0
 0 0 0 0 0 0 0 0 0
 0 0 0 0 0 0 0 0 0
 0 0 0 0 0 0 0 0 0
 0 0 0 0 0 0 0 0 0
 0 0 0 0 0 0 0 0 0
 0 0 0 0 0 0 0 0 0
 0 0 0 0 0 0 0 0 0
 0 0 0 0 0 0 0 0 0
 0 0 0 0 0 0 0 0 0
 0 0 0 0 0 0 0 0 0
 0 0 0 0 0 0 0 0 0
 0 0 0 0 0 0 0 0 0
 0 0 0 0 0 0 0 0 0
 0 0 0 0 0 0 0 0 0
 0 0 0 0 0 0 0 0 0
 0 0 0 0 0 0 0 0 0
 0 0 0 0 0 0 0 0 0
 0 0 0 0 0 0 0 0 0
 0 0 0 0 0 0 0 0 0
 0 0 0 0 0 0 0 0 0
 0 0 0 0 0 0 0 0 0
 0 0 0 0 0 0 0 0 0
 0 0 0 0 0 0 0 0 0
#proportion_release_ini
  0 0 0 0 0 0 0 0
 0 0 0 0 0 0 0 0
 0 0 0 0 0 0 0 0
 0 0 0 0 0 0 0 0
 0 0 0 0 0 0 0 0
 0 0 0 0 0 0 0 0
 0 0 0 0 0 0 0 0
 0 0 0 0 0 0 0 0
 0 0 0 0 0 0 0 0
 0 0 0 0 0 0 0 0
 0 0 0 0 0 0 0 0
 0 0 0 0 0 0 0 0
 0 0 0 0 0 0 0 0
 0 0 0 0 0 0 0 0
 0 0 0 0 0 0 0 0
 0 0 0 0 0 0 0 0
 0 0 0 0 0 0 0 0
 0 0 0 0 0 0 0 0
 0 0 0 0 0 0 0 0
 0 0 0 0 0 0 0 0
 0 0 0 0 0 0 0 0
 0 0 0 0 0 0 0 0
 0 0 0 0 0 0 0 0
 0 0 0 0 0 0 0 0
 0 0 0 0 0 0 0 0
 0 0 0 0 0 0 0 0
 0 0 0 0 0 0 0 0
 0 0 0 0 0 0 0 0
 0 0 0 0 0 0 0 0
 0 0 0 0 0 0 0 0
 0 0 0 0 0 0 0 0
 0 0 0 0 0 0 0 0
 0 0 0 0 0 0 0 0
 0 0 0 0 0 0 0 0
 0 0 0 0 0 0 0 0
 0 0 0 0 0 0 0 0
 0 0 0 0 0 0 0 0
 0 0 0 0 0 0 0 0
 0 0 0 0 0 0 0 0
 0 0 0 0 0 0 0 0
 0 0 0 0 0 0 0 0
 0 0 0 0 0 0 0 0
 0 0 0 0 0 0 0 0
 0 0 0 0 0 0 0 0
 0 0 0 0 0 0 0 0
 0 0 0 0 0 0 0 0
 0 0 0 0 0 0 0 0
 0 0 0 0 0 0 0 0
 0 0 0 0 0 0 0 0
 0 0 0 0 0 0 0 0
 0 0 0 0 0 0 0 0
 0 0 0 0 0 0 0 0
 0 0 0 0 0 0 0 0
 0 0 0 0 0 0 0 0
 0 0 0 0 0 0 0 0
 0 0 0 0 0 0 0 0
 0 0 0 0 0 0 0 0
 0 0 0 0 0 0 0 0
 0 0 0 0 0 0 0 0
 0 0 0 0 0 0 0 0
 0 0 0 0 0 0 0 0
 0 0 0 0 0 0 0 0
 0 0 0 0 0 0 0 0
 0 0 0 0 0 0 0 0
 0 0 0 0 0 0 0 0
 0 0 0 0 0 0 0 0
 0 0 0 0 0 0 0 0
 0 0 0 0 0 0 0 0
 0 0 0 0 0 0 0 0
 0 0 0 0 0 0 0 0
 0 0 0 0 0 0 0 0
 0 0 0 0 0 0 0 0
 0 0 0 0 0 0 0 0
 0 0 0 0 0 0 0 0
 0 0 0 0 0 0 0 0
 0 0 0 0 0 0 0 0
 0 0 0 0 0 0 0 0
 0 0 0 0 0 0 0 0
 0 0 0 0 0 0 0 0
 0 0 0 0 0 0 0 0
 0 0 0 0 0 0 0 0
 0 0 0 0 0 0 0 0
 0 0 0 0 0 0 0 0
 0 0 0 0 0 0 0 0
 0 0 0 0 0 0 0 0
 0 0 0 0 0 0 0 0
#index_units_aggregate_ini
  2 2 2 2 2 2 2 1
#index_units_proportions_ini
  2 2 2 2 2 2 2 1
#index_WAApoint_ini
  3 3 3 3 3 3 3 3
#index_month_ini
  3 9 3 9 6 2 6 9
#index_sel_choice_ini
  -1 -1 -1 -1 -1 -1 -1 -1
#index_sel_option_ini
  1 1 1 2 1 2 1 2
#index_start_age_ini
  3 4 2 2 5 1 1 1
#index_end_age_ini
  8 8 8 8 8 8 1 8
#index_estimate_proportions_ini
  0 0 1 1 0 0 0 0
#use_index
  0 0 1 1 0 0 0 0
#index_sel_ini
  0 -1 0 1
 0 -1 0 1
 0.5 -1 0 1
 1 -1 0 1
 1 -1 0 1
 1 -1 0 1
 1 -1 0 1
 1 -1 0 1
 4.5 -1 0 1
 0.01 -1 0 1
 0 0 0 0
 0 0 0 0
 0 0 0 0
 0 0 0 0
 0 -1 0 1
 0 -1 0 1
 0 -1 0 1
 0.5 -1 0 1
 1 -1 0 1
 1 -1 0 1
 1 -1 0 1
 1 -1 0 1
 4.5 -1 0 1
 0.01 -1 0 1
 0 0 0 0
 0 0 0 0
 0 0 0 0
 0 0 0 0
 0 -3 0 1
 0.5 3 0 1
 0.7 3 0 1
 0.9 3 0 1
 1 -3 0 1
 1 -3 0 1
 1 -3 0 1
 1 -3 0 1
 3 1 0 1
 0.26 1 0 1
 0 0 0 0
 0 0 0 0
 0 0 0 0
 0 0 0 0
 0 0 0 0
 0 0 0 0
 0 0 0 0
 0 0 0 0
 0 0 0 0
 0 0 0 0
 0 0 0 0
 0 0 0 0
 3 1 0 1
 0.4 2 0 1
 0 0 0 0
 0 0 0 0
 0 0 0 0
 0 0 0 0
 0 -1 0 1
 0 -1 0 1
 0 -1 0 1
 0 -1 0 1
 1 -1 0 1
 1 -1 0 1
 1 -1 0 1
 1 -1 0 1
 4.5 -1 0 1
 0.01 -1 0 1
 0 0 0 0
 0 0 0 0
 0 0 0 0
 0 0 0 0
 0 0 0 0
 0 0 0 0
 0 0 0 0
 0 0 0 0
 0 0 0 0
 0 0 0 0
 0 0 0 0
 0 0 0 0
 3.1 2 0 1
 0.17 2 0 1
 0 0 0 0
 0 0 0 0
 0 0 0 0
 0 0 0 0
 1 -1 0 1
 0 -1 0 1
 0 -1 0 1
 0 -1 0 1
 0 -1 0 1
 0 -1 0 1
 0 -1 0 1
 0 -1 0 1
 0 0 0 0
 0 0 0 0
 0 0 0 0
 0 0 0 0
 0 0 0 0
 0 0 0 0
 0 -1 0 1
 0 -1 0 1
 0 -1 0 1
 0 -1 0 1
 0 -1 0 1
 1 -1 0 1
 1 -1 0 1
 1 -1 0 1
 3 2 0 1
 0.26 1 0 1
 0 0 0 0
 0 0 0 0
 0 0 0 0
 0 0 0 0
#index_ini
  1965 -999 -999 -999 -999 -999 -999 -999 -999 -999 -999 0
 1966 -999 -999 -999 -999 -999 -999 -999 -999 -999 -999 0
 1967 -999 -999 -999 -999 -999 -999 -999 -999 -999 -999 0
 1968 26.9137 0.869 -999 -999 -999 -999 -999 -999 -999 -999 0
 1969 11.1475 0.953 -999 -999 -999 -999 -999 -999 -999 -999 0
 1970 8.2279 0.854 -999 -999 -999 -999 -999 -999 -999 -999 0
 1971 1.8146 0.58 -999 -999 -999 -999 -999 -999 -999 -999 0
 1972 2.8563 0.584 -999 -999 -999 -999 -999 -999 -999 -999 0
 1973 8.2686 0.57 -999 -999 -999 -999 -999 -999 -999 -999 0
 1974 5.6599 0.661 -999 -999 -999 -999 -999 -999 -999 -999 0
 1975 1.1519 0.949 -999 -999 -999 -999 -999 -999 -999 -999 0
 1976 1.101 0.421 -999 -999 -999 -999 -999 -999 -999 -999 0
 1977 1.0327 0.9 -999 -999 -999 -999 -999 -999 -999 -999 0
 1978 3.0605 0.862 -999 -999 -999 -999 -999 -999 -999 -999 0
 1979 5.4829 0.878 -999 -999 -999 -999 -999 -999 -999 -999 0
 1980 6.2321 0.62 -999 -999 -999 -999 -999 -999 -999 -999 0
 1981 2.1898 0.791 -999 -999 -999 -999 -999 -999 -999 -999 0
 1982 0.6042 0.9 -999 -999 -999 -999 -999 -999 -999 -999 0
 1983 0.3991 0.729 -999 -999 -999 -999 -999 -999 -999 -999 0
 1984 2.8301 0.853 -999 -999 -999 -999 -999 -999 -999 -999 0
 1985 -999 -999 -999 -999 -999 -999 -999 -999 -999 -999 0
 1986 -999 -999 -999 -999 -999 -999 -999 -999 -999 -999 0
 1987 -999 -999 -999 -999 -999 -999 -999 -999 -999 -999 0
 1988 -999 -999 -999 -999 -999 -999 -999 -999 -999 -999 0
 1989 -999 -999 -999 -999 -999 -999 -999 -999 -999 -999 0
 1990 -999 -999 -999 -999 -999 -999 -999 -999 -999 -999 0
 1991 -999 -999 -999 -999 -999 -999 -999 -999 -999 -999 0
 1992 -999 -999 -999 -999 -999 -999 -999 -999 -999 -999 0
 1993 -999 -999 -999 -999 -999 -999 -999 -999 -999 -999 0
 1994 -999 -999 -999 -999 -999 -999 -999 -999 -999 -999 0
 1995 -999 -999 -999 -999 -999 -999 -999 -999 -999 -999 0
 1996 -999 -999 -999 -999 -999 -999 -999 -999 -999 -999 0
 1997 -999 -999 -999 -999 -999 -999 -999 -999 -999 -999 0
 1998 -999 -999 -999 -999 -999 -999 -999 -999 -999 -999 0
 1999 -999 -999 -999 -999 -999 -999 -999 -999 -999 -999 0
 2000 -999 -999 -999 -999 -999 -999 -999 -999 -999 -999 0
 2001 -999 -999 -999 -999 -999 -999 -999 -999 -999 -999 0
 2002 -999 -999 -999 -999 -999 -999 -999 -999 -999 -999 0
 2003 -999 -999 -999 -999 -999 -999 -999 -999 -999 -999 0
 2004 -999 -999 -999 -999 -999 -999 -999 -999 -999 -999 0
 2005 -999 -999 -999 -999 -999 -999 -999 -999 -999 -999 0
 2006 -999 -999 -999 -999 -999 -999 -999 -999 -999 -999 0
 2007 -999 -999 -999 -999 -999 -999 -999 -999 -999 -999 0
 1965 2.72 0.761 -999 -999 -999 -999 -999 -999 -999 -999 0
 1966 6.03 0.63 -999 -999 -999 -999 -999 -999 -999 -999 0
 1967 1.97 0.758 -999 -999 -999 -999 -999 -999 -999 -999 0
 1968 0.76 0.547 -999 -999 -999 -999 -999 -999 -999 -999 0
 1969 0.38 0.788 -999 -999 -999 -999 -999 -999 -999 -999 0
 1970 0.34 0.971 -999 -999 -999 -999 -999 -999 -999 -999 0
 1971 1.74 0.9 -999 -999 -999 -999 -999 -999 -999 -999 0
 1972 0.51 0.811 -999 -999 -999 -999 -999 -999 -999 -999 0
 1973 0.06 0.9 -999 -999 -999 -999 -999 -999 -999 -999 0
 1974 0.11 0.9 -999 -999 -999 -999 -999 -999 -999 -999 0
 1975 0.53 0.9 -999 -999 -999 -999 -999 -999 -999 -999 0
 1976 0.12 0.9 -999 -999 -999 -999 -999 -999 -999 -999 0
 1977 0.06 0.9 -999 -999 -999 -999 -999 -999 -999 -999 0
 1978 0.49 0.9 -999 -999 -999 -999 -999 -999 -999 -999 0
 1979 0.04 0.9 -999 -999 -999 -999 -999 -999 -999 -999 0
 1980 0.01 0.9 -999 -999 -999 -999 -999 -999 -999 -999 0
 1981 0.01 0.9 -999 -999 -999 -999 -999 -999 -999 -999 0
 1982 0.1 0.9 -999 -999 -999 -999 -999 -999 -999 -999 0
 1983 0.17 0.855 -999 -999 -999 -999 -999 -999 -999 -999 0
 1984 1.04 0.9 -999 -999 -999 -999 -999 -999 -999 -999 0
 1985 -999 -999 -999 -999 -999 -999 -999 -999 -999 -999 0
 1986 -999 -999 -999 -999 -999 -999 -999 -999 -999 -999 0
 1987 -999 -999 -999 -999 -999 -999 -999 -999 -999 -999 0
 1988 -999 -999 -999 -999 -999 -999 -999 -999 -999 -999 0
 1989 -999 -999 -999 -999 -999 -999 -999 -999 -999 -999 0
 1990 -999 -999 -999 -999 -999 -999 -999 -999 -999 -999 0
 1991 -999 -999 -999 -999 -999 -999 -999 -999 -999 -999 0
 1992 -999 -999 -999 -999 -999 -999 -999 -999 -999 -999 0
 1993 -999 -999 -999 -999 -999 -999 -999 -999 -999 -999 0
 1994 -999 -999 -999 -999 -999 -999 -999 -999 -999 -999 0
 1995 -999 -999 -999 -999 -999 -999 -999 -999 -999 -999 0
 1996 -999 -999 -999 -999 -999 -999 -999 -999 -999 -999 0
 1997 -999 -999 -999 -999 -999 -999 -999 -999 -999 -999 0
 1998 -999 -999 -999 -999 -999 -999 -999 -999 -999 -999 0
 1999 -999 -999 -999 -999 -999 -999 -999 -999 -999 -999 0
 2000 -999 -999 -999 -999 -999 -999 -999 -999 -999 -999 0
 2001 -999 -999 -999 -999 -999 -999 -999 -999 -999 -999 0
 2002 -999 -999 -999 -999 -999 -999 -999 -999 -999 -999 0
 2003 -999 -999 -999 -999 -999 -999 -999 -999 -999 -999 0
 2004 -999 -999 -999 -999 -999 -999 -999 -999 -999 -999 0
 2005 -999 -999 -999 -999 -999 -999 -999 -999 -999 -999 0
 2006 -999 -999 -999 -999 -999 -999 -999 -999 -999 -999 0
 2007 -999 -999 -999 -999 -999 -999 -999 -999 -999 -999 0
 1965 -999 -999 -999 -999 -999 -999 -999 -999 -999 0 0
 1966 -999 -999 -999 -999 -999 -999 -999 -999 -999 0 0
 1967 -999 -999 -999 -999 -999 -999 -999 -999 -999 0 0
 1968 -999 -999 -999 -999 -999 -999 -999 -999 -999 0 0
 1969 -999 -999 -999 -999 -999 -999 -999 -999 -999 0 0
 1970 -999 -999 -999 -999 -999 -999 -999 -999 -999 0 0
 1971 -999 -999 -999 -999 -999 -999 -999 -999 -999 0 0
 1972 -999 -999 -999 -999 -999 -999 -999 -999 -999 0 0
 1973 -999 -999 -999 -999 -999 -999 -999 -999 -999 0 0
 1974 -999 -999 -999 -999 -999 -999 -999 -999 -999 0 0
 1975 -999 -999 -999 -999 -999 -999 -999 -999 -999 0 0
 1976 -999 -999 -999 -999 -999 -999 -999 -999 -999 0 0
 1977 -999 -999 -999 -999 -999 -999 -999 -999 -999 0 0
 1978 -999 -999 -999 -999 -999 -999 -999 -999 -999 0 0
 1979 -999 -999 -999 -999 -999 -999 -999 -999 -999 0 0
 1980 -999 -999 -999 -999 -999 -999 -999 -999 -999 0 0
 1981 -999 -999 -999 -999 -999 -999 -999 -999 -999 0 0
 1982 -999 -999 -999 -999 -999 -999 -999 -999 -999 0 0
 1983 -999 -999 -999 -999 -999 -999 -999 -999 -999 0 0
 1984 -999 -999 -999 -999 -999 -999 -999 -999 -999 0 0
 1985 3.9687 0.459 -999 -999 -999 -999 -999 -999 -999 0 0
 1986 34.4579 0.9 -999 -999 -999 -999 -999 -999 -999 0 0
 1987 7.76 0.443 0 0.184 0.275 0.493 0.029 0.018 0 0 19
 1988 14.32 0.482 0 0.226 0.277 0.244 0.23 0.022 0.001 0 19
 1989 9.7 0.699 0 0.171 0.171 0.298 0.205 0.142 0.013 0 19
 1990 9.34 0.405 0 0.318 0.255 0.285 0.124 0.017 0 0 19
 1991 23.61 0.385 0 0.192 0.285 0.456 0.04 0.013 0.002 0 19
 1992 36.32 0.492 0 0.303 0.44 0.179 0.057 0.016 0.005 0 19
 1993 72.25 0.588 0 0.1 0.451 0.354 0.079 0.013 0.001 0 19
 1994 34.7 0.383 0 0.125 0.098 0.349 0.317 0.095 0.015 0.001 19
 1995 28.1 0.434 0 0.216 0.134 0.115 0.415 0.101 0.019 0 19
 1996 64.92 0.672 0 0.63 0.131 0.078 0.043 0.069 0.039 0.01 19
 1997 66.92 0.534 0 0.298 0.51 0.088 0.04 0.039 0.017 0.003 19
 1998 51.69 0.543 0 0.092 0.227 0.531 0.097 0.031 0.017 0.005 19
 1999 86.92 0.366 0 0.025 0.219 0.126 0.506 0.076 0.035 0.013 19
 2000 33.28 0.476 0 0.453 0.121 0.134 0.136 0.124 0.022 0.007 19
 2001 35.07 0.387 0 0.153 0.553 0.052 0.054 0.081 0.09 0.015 19
 2002 27.27 0.613 0 0.139 0.059 0.319 0.049 0.042 0.025 0.014 19
 2003 17.85 0.539 0 0.148 0.102 0.079 0.32 0.099 0.107 0.051 19
 2004 47.87 0.811 0 0.649 0.234 0.024 0.014 0.036 0.02 0.02 19
 2005 19.68 0.526 0 0.05 0.68 0.125 0.036 0.014 0.035 0.05 19
 2006 27.15 0.689 0 0.04 0.186 0.3 0.293 0.055 0.03 0.076 19
 2007 17.12 0.48 0 0.156 0.191 0.211 0.223 0.132 0.03 0.044 19
 1965 -999 -999 -999 -999 -999 -999 -999 -999 -999 0 0
 1966 -999 -999 -999 -999 -999 -999 -999 -999 -999 0 0
 1967 -999 -999 -999 -999 -999 -999 -999 -999 -999 0 0
 1968 -999 -999 -999 -999 -999 -999 -999 -999 -999 0 0
 1969 -999 -999 -999 -999 -999 -999 -999 -999 -999 0 0
 1970 -999 -999 -999 -999 -999 -999 -999 -999 -999 0 0
 1971 -999 -999 -999 -999 -999 -999 -999 -999 -999 0 0
 1972 -999 -999 -999 -999 -999 -999 -999 -999 -999 0 0
 1973 -999 -999 -999 -999 -999 -999 -999 -999 -999 0 0
 1974 -999 -999 -999 -999 -999 -999 -999 -999 -999 0 0
 1975 -999 -999 -999 -999 -999 -999 -999 -999 -999 0 0
 1976 -999 -999 -999 -999 -999 -999 -999 -999 -999 0 0
 1977 -999 -999 -999 -999 -999 -999 -999 -999 -999 0 0
 1978 -999 -999 -999 -999 -999 -999 -999 -999 -999 0 0
 1979 -999 -999 -999 -999 -999 -999 -999 -999 -999 0 0
 1980 -999 -999 -999 -999 -999 -999 -999 -999 -999 0 0
 1981 -999 -999 -999 -999 -999 -999 -999 -999 -999 0 0
 1982 -999 -999 -999 -999 -999 -999 -999 -999 -999 0 0
 1983 -999 -999 -999 -999 -999 -999 -999 -999 -999 0 0
 1984 -999 -999 -999 -999 -999 -999 -999 -999 -999 0 0
 1985 2.18 0.9 -999 -999 -999 -999 -999 -999 -999 0 0
 1986 1.05 0.831 -999 -999 -999 -999 -999 -999 -999 0 0
 1987 10.69 0.876 0 0.212 0.401 0.315 0.041 0.023 0.003 0.002 28
 1988 12.51 0.9 0 0.087 0.309 0.393 0.153 0.016 0.005 0 28
 1989 15.96 0.9 0 0.098 0.303 0.281 0.141 0.148 0.017 0.006 28
 1990 15.72 0.9 0 0.186 0.638 0.136 0.03 0.006 0.003 0 28
 1991 23.32 0.9 0 0.13 0.557 0.262 0.041 0.008 0.001 0 28
 1992 63.5 0.573 0 0.04 0.449 0.293 0.177 0.032 0.008 0 28
 1993 18.89 0.961 0 0.021 0.107 0.404 0.362 0.088 0.017 0 28
 1994 15.35 0.52 0 0.053 0.075 0.3 0.265 0.216 0.065 0.022 28
 1995 78.44 0.847 0 0.005 0.062 0.07 0.188 0.167 0.057 0.007 28
 1996 42.19 0.739 0 0.287 0.178 0.179 0.075 0.167 0.085 0.025 28
 1997 41.42 0.817 0 0.049 0.469 0.126 0.112 0.116 0.097 0.025 28
 1998 23.19 0.247 0 0.077 0.138 0.405 0.137 0.102 0.098 0.043 28
 1999 15.15 0.451 0 0.019 0.204 0.231 0.363 0.096 0.054 0.029 28
 2000 23.21 0.622 0 0.054 0.05 0.183 0.268 0.3 0.108 0.038 28
 2001 28.42 0.601 0 0.022 0.43 0.068 0.115 0.18 0.137 0.046 28
 2002 86.83 0.9 0 0.031 0.079 0.48 0.126 0.128 0.097 0.049 28
 2003 38.58 0.9 0 0.035 0.04 0.041 0.133 0.057 0.03 0.026 28
 2004 45.73 0.53 0 0.238 0.3 0.076 0.054 0.104 0.114 0.113 28
 2005 28.79 0.615 0 0.053 0.312 0.231 0.123 0.102 0.084 0.091 28
 2006 31.63 0.9 0 0.027 0.393 0.31 0.15 0.062 0.034 0.023 28
 2007 25.76 0.468 0 0.223 0.149 0.201 0.238 0.14 0.037 0.012 28
 1965 -999 0.9 -999 -999 -999 -999 -999 -999 -999 -999 0
 1966 -999 0.9 -999 -999 -999 -999 -999 -999 -999 -999 0
 1967 -999 0.9 -999 -999 -999 -999 -999 -999 -999 -999 0
 1968 -999 0.9 -999 -999 -999 -999 -999 -999 -999 -999 0
 1969 -999 0.9 -999 -999 -999 -999 -999 -999 -999 -999 0
 1970 -999 0.9 -999 -999 -999 -999 -999 -999 -999 -999 0
 1971 -999 0.9 -999 -999 -999 -999 -999 -999 -999 -999 0
 1972 -999 0.9 -999 -999 -999 -999 -999 -999 -999 -999 0
 1973 -999 0.9 -999 -999 -999 -999 -999 -999 -999 -999 0
 1974 -999 0.9 -999 -999 -999 -999 -999 -999 -999 -999 0
 1975 -999 0.9 -999 -999 -999 -999 -999 -999 -999 -999 0
 1976 -999 0.9 -999 -999 -999 -999 -999 -999 -999 -999 0
 1977 -999 0.9 -999 -999 -999 -999 -999 -999 -999 -999 0
 1978 -999 0.9 -999 -999 -999 -999 -999 -999 -999 -999 0
 1979 -999 0.9 -999 -999 -999 -999 -999 -999 -999 -999 0
 1980 -999 0.9 -999 -999 -999 -999 -999 -999 -999 -999 0
 1981 -999 0.9 -999 -999 -999 -999 -999 -999 -999 -999 0
 1982 -999 0.9 -999 -999 -999 -999 -999 -999 -999 -999 0
 1983 2.04 0.589 -999 -999 -999 -999 -999 -999 -999 -999 0
 1984 -999 0.9 -999 -999 -999 -999 -999 -999 -999 -999 0
 1985 0.26 0.9 -999 -999 -999 -999 -999 -999 -999 -999 0
 1986 0.63 0.787 -999 -999 -999 -999 -999 -999 -999 -999 0
 1987 8.12 0.625 -999 -999 -999 -999 -999 -999 -999 -999 0
 1988 25.44 0.9 -999 -999 -999 -999 -999 -999 -999 -999 0
 1989 8.93 0.567 -999 -999 -999 -999 -999 -999 -999 -999 0
 1990 16.77 0.565 -999 -999 -999 -999 -999 -999 -999 -999 0
 1991 13.98 0.52 -999 -999 -999 -999 -999 -999 -999 -999 0
 1992 8.96 0.617 -999 -999 -999 -999 -999 -999 -999 -999 0
 1993 13.53 0.422 -999 -999 -999 -999 -999 -999 -999 -999 0
 1994 20.77 0.54 -999 -999 -999 -999 -999 -999 -999 -999 0
 1995 75.47 0.912 -999 -999 -999 -999 -999 -999 -999 -999 0
 1996 40.23 0.695 -999 -999 -999 -999 -999 -999 -999 -999 0
 1997 16 0.509 -999 -999 -999 -999 -999 -999 -999 -999 0
 1998 45.99 0.553 -999 -999 -999 -999 -999 -999 -999 -999 0
 1999 41.08 0.738 -999 -999 -999 -999 -999 -999 -999 -999 0
 2000 8.26 0.594 -999 -999 -999 -999 -999 -999 -999 -999 0
 2001 24.28 0.591 -999 -999 -999 -999 -999 -999 -999 -999 0
 2002 30.22 0.522 -999 -999 -999 -999 -999 -999 -999 -999 0
 2003 48.3 0.491 -999 -999 -999 -999 -999 -999 -999 -999 0
 2004 30.63 0.552 -999 -999 -999 -999 -999 -999 -999 -999 0
 2005 33.95 0.389 -999 -999 -999 -999 -999 -999 -999 -999 0
 2006 25.51 0.9 -999 -999 -999 -999 -999 -999 -999 -999 0
 2007 24.59 0.617 -999 -999 -999 -999 -999 -999 -999 -999 0
 1965 -999 -999 -999 -999 -999 -999 -999 -999 -999 -999 0
 1966 -999 -999 -999 -999 -999 -999 -999 -999 -999 -999 0
 1967 -999 -999 -999 -999 -999 -999 -999 -999 -999 -999 0
 1968 -999 -999 -999 -999 -999 -999 -999 -999 -999 -999 0
 1969 -999 -999 -999 -999 -999 -999 -999 -999 -999 -999 0
 1970 -999 -999 -999 -999 -999 -999 -999 -999 -999 -999 0
 1971 -999 -999 -999 -999 -999 -999 -999 -999 -999 -999 0
 1972 -999 -999 -999 -999 -999 -999 -999 -999 -999 -999 0
 1973 -999 -999 -999 -999 -999 -999 -999 -999 -999 -999 0
 1974 -999 -999 -999 -999 -999 -999 -999 -999 -999 -999 0
 1975 -999 -999 -999 -999 -999 -999 -999 -999 -999 -999 0
 1976 -999 -999 -999 -999 -999 -999 -999 -999 -999 -999 0
 1977 -999 -999 -999 -999 -999 -999 -999 -999 -999 -999 0
 1978 -999 -999 -999 -999 -999 -999 -999 -999 -999 -999 0
 1979 -999 -999 -999 -999 -999 -999 -999 -999 -999 -999 0
 1980 -999 -999 -999 -999 -999 -999 -999 -999 -999 -999 0
 1981 -999 -999 -999 -999 -999 -999 -999 -999 -999 -999 0
 1982 -999 -999 -999 -999 -999 -999 -999 -999 -999 -999 0
 1983 -999 -999 -999 -999 -999 -999 -999 -999 -999 -999 0
 1984 -999 -999 -999 -999 -999 -999 -999 -999 -999 -999 0
 1985 -999 -999 -999 -999 -999 -999 -999 -999 -999 -999 0
 1986 -999 -999 -999 -999 -999 -999 -999 -999 -999 -999 0
 1987 -999 -999 -999 -999 -999 -999 -999 -999 -999 -999 0
 1988 -999 -999 -999 -999 -999 -999 -999 -999 -999 -999 0
 1989 -999 -999 -999 -999 -999 -999 -999 -999 -999 -999 0
 1990 -999 -999 -999 -999 -999 -999 -999 -999 -999 -999 0
 1991 -999 -999 -999 -999 -999 -999 -999 -999 -999 -999 0
 1992 61.758 0.572 0 0.234 0.373 0.218 0.12 0.039 0.016 0 34
 1993 56.375 0.495 0 0.006 0.325 0.342 0.197 0.116 0.014 0 34
 1994 8.345 0.582 0 0.018 0.119 0.266 0.28 0.23 0.055 0.031 34
 1995 19.755 0.565 0 0.004 0.048 0.056 0.278 0.346 0.214 0.054 34
 1996 125.968 0.682 0.001 0.664 0.059 0.032 0.037 0.127 0.061 0.019 34
 1997 61.196 0.9 0 0.016 0.14 0.025 0.116 0.28 0.282 0.14 34
 1998 63.147 0.527 0.001 0.016 0.214 0.543 0.129 0.058 0.033 0.006 34
 1999 62.851 0.405 0 0 0.094 0.221 0.428 0.135 0.084 0.037 34
 2000 75.206 0.972 0 0.724 0.043 0.083 0.077 0.063 0.007 0.003 34
 2001 83.174 0.734 0 0.074 0.497 0.053 0.153 0.123 0.078 0.021 34
 2002 81.219 0.9 0.001 0.014 0.029 0.565 0.119 0.123 0.12 0.029 34
 2003 83.64 0.885 0.001 0.195 0.102 0.069 0.344 0.103 0.112 0.073 34
 2004 38.882 0.521 0.001 0.382 0.46 0.057 0.017 0.039 0.022 0.022 34
 2005 110.22 0.9 0.001 0.015 0.482 0.253 0.096 0.046 0.048 0.057 34
 2006 57.784 0.656 0 0.007 0.322 0.375 0.175 0.048 0.045 0.028 34
 2007 63.735 0.716 0 0.008 0.105 0.294 0.404 0.14 0.024 0.025 34
 1965 -999 -999 0 0 0 0 0 0 0 0 0
 1966 -999 -999 0 0 0 0 0 0 0 0 0
 1967 -999 -999 0 0 0 0 0 0 0 0 0
 1968 -999 -999 0 0 0 0 0 0 0 0 0
 1969 -999 -999 0 0 0 0 0 0 0 0 0
 1970 -999 -999 0 0 0 0 0 0 0 0 0
 1971 -999 -999 0 0 0 0 0 0 0 0 0
 1972 -999 -999 0 0 0 0 0 0 0 0 0
 1973 -999 -999 0 0 0 0 0 0 0 0 0
 1974 -999 -999 0 0 0 0 0 0 0 0 0
 1975 -999 -999 0 0 0 0 0 0 0 0 0
 1976 -999 -999 0 0 0 0 0 0 0 0 0
 1977 -999 -999 0 0 0 0 0 0 0 0 0
 1978 433.287 0.522 0 0 0 0 0 0 0 0 0
 1979 125.487 0.446 0 0 0 0 0 0 0 0 0
 1980 188.557 0.552 0 0 0 0 0 0 0 0 0
 1981 127.23 0.644 0 0 0 0 0 0 0 0 0
 1982 325.48 0.468 0 0 0 0 0 0 0 0 0
 1983 326.327 0.497 0 0 0 0 0 0 0 0 0
 1984 157.04 0.586 0 0 0 0 0 0 0 0 0
 1985 69.082 0.725 0 0 0 0 0 0 0 0 0
 1986 750.62 0.442 0 0 0 0 0 0 0 0 0
 1987 1213.42 0.43 0 0 0 0 0 0 0 0 0
 1988 1048.9 0.531 0 0 0 0 0 0 0 0 0
 1989 1832.25 0.329 0 0 0 0 0 0 0 0 0
 1990 4794.38 0.324 0 0 0 0 0 0 0 0 0
 1991 3842.97 0.316 0 0 0 0 0 0 0 0 0
 1992 3578.15 0.316 0 0 0 0 0 0 0 0 0
 1993 3276.07 0.316 0 0 0 0 0 0 0 0 0
 1994 2949.82 0.32 0 0 0 0 0 0 0 0 0
 1995 8671.52 0.636 0 0 0 0 0 0 0 0 0
 1996 -999 -999 0 0 0 0 0 0 0 0 0
 1997 -999 -999 0 0 0 0 0 0 0 0 0
 1998 12484 0.636 0 0 0 0 0 0 0 0 0
 1999 -999 -999 0 0 0 0 0 0 0 0 0
 2000 4307.01 0.455 0 0 0 0 0 0 0 0 0
 2001 11114.4 0.413 0 0 0 0 0 0 0 0 0
 2002 8053 0.43 0 0 0 0 0 0 0 0 0
 2003 6973.69 0.425 0 0 0 0 0 0 0 0 0
 2004 4937.92 0.48 0 0 0 0 0 0 0 0 0
 2005 899.195 0.522 0 0 0 0 0 0 0 0 0
 2006 729.457 0.514 0 0 0 0 0 0 0 0 0
 2007 304.204 0.733 0 0 0 0 0 0 0 0 0
 1965 -999 -999 0 0 0 0 0 0 0 0 0
 1966 -999 -999 0 0 0 0 0 0 0 0 0
 1967 -999 -999 0 0 0 0 0 0 0 0 0
 1968 -999 -999 0 0 0 0 0 0 0 0 0
 1969 -999 -999 0 0 0 0 0 0 0 0 0
 1970 -999 -999 0 0 0 0 0 0 0 0 0
 1971 -999 -999 0 0 0 0 0 0 0 0 0
 1972 -999 -999 0 0 0 0 0 0 0 0 0
 1973 -999 -999 0 0 0 0 0 0 0 0 0
 1974 -999 -999 0 0 0 0 0 0 0 0 0
 1975 -999 -999 0 0 0 0 0 0 0 0 0
 1976 -999 -999 0 0 0 0 0 0 0 0 0
 1977 -999 -999 0 0 0 0 0 0 0 0 0
 1978 -999 -999 0 0 0 0 0 0 0 0 0
 1979 -999 -999 0 0 0 0 0 0 0 0 0
 1980 -999 -999 0 0 0 0 0 0 0 0 0
 1981 -999 -999 0 0 0 0 0 0 0 0 0
 1982 -999 -999 0 0 0 0 0 0 0 0 0
 1983 -999 -999 0 0 0 0 0 0 0 0 0
 1984 -999 -999 0 0 0 0 0 0 0 0 0
 1985 -999 -999 0 0 0 0 0 0 0 0 0
 1986 -999 -999 0 0 0 0 0 0 0 0 0
 1987 -999 -999 0 0 0 0 0 0 0 0 0
 1988 -999 -999 0 0 0 0 0 0 0 0 0
 1989 -999 -999 0 0 0 0 0 0 0 0 0
 1990 -999 -999 0 0 0 0 0 0 0 0 0
 1991 -999 -999 0 0 0 0 0 0 0 0 0
 1992 -999 -999 0 0 0 0 0 0 0 0 0
 1993 -999 -999 0 0 0 0 0 0 0 0 0
 1994 -999 -999 0 0 0 0 0 0 0 0 0
 1995 -999 -999 0 0 0 0 0 0 0 0 0
 1996 -999 -999 0 0 0 0 0 0 0 0 0
 1997 -999 -999 0 0 0 0 0 0 0 0 0
 1998 -999 -999 0 0 0 0 0 0 0 0 0
 1999 652128 0.87 0 0 0.159 0.1 0.604 0.098 0.039 0 10
 2000 599913 0.675 0 0.031 0.014 0.333 0.392 0.082 0.09 0.054 10
 2001 604245 0.728 0.002 0.002 0.568 0.04 0.091 0.07 0.171 0.054 10
 2002 206933 0.479 0.005 0 0.044 0.525 0.174 0.162 0.08 0.012 10
 2003 240608 0.976 0 0.05 0.038 0.342 0.404 0.099 0.062 0.005 10
 2004 68364 0.568 0 0.05 0.228 0.079 0.125 0.278 0.144 0.093 10
 2005 106547 0.568 0 0 0.518 0.255 0.058 0.063 0.055 0.052 10
 2006 68510 0.639 0 0 0.163 0.552 0.164 0.053 0.033 0.034 10
 2007 70135 0.9 0 0.245 0.154 0.207 0.236 0.112 0.02 0.025 10
#phase_Fmult_year1
 1
#phase_Fmult_devs
 2
#phase_recruit_devs
 3
#phase_N_year1_devs
 1
#phase_q_year1
 1
#phase_q_devs
 -4
#phase_SR_scaler
 1
#phase_steepness
 3
#recruit_CV
  1 1 1 1 1 1 1 1 1 1 1 1 1 1 1 1 1 1 1 1 1 1 1 1 1 1 1 1 1 1 1 1 1 1 1 1 1 1 1 1 1 1 1
#lambda_ind_ini
  1 1 1 1 1 1 1 1
#lambda_catch_tot
  1 1
#lambda_Discard_tot
  0 0
#catch_tot_CV
  0.1 0.1
 0.1 0.1
 0.1 0.1
 0.1 0.1
 0.1 0.1
 0.1 0.1
 0.1 0.1
 0.1 0.1
 0.1 0.1
 0.1 0.1
 0.1 0.1
 0.1 0.1
 0.1 0.1
 0.1 0.1
 0.1 0.1
 0.1 0.1
 0.1 0.1
 0.1 0.1
 0.1 0.1
 0.1 0.1
 0.1 0.1
 0.1 0.1
 0.1 0.1
 0.1 0.1
 0.1 0.1
 0.1 0.1
 0.1 0.1
 0.1 0.1
 0.1 0.1
 0.1 0.1
 0.1 0.1
 0.1 0.1
 0.1 0.1
 0.1 0.1
 0.1 0.1
 0.1 0.1
 0.1 0.1
 0.1 0.1
 0.1 0.1
 0.1 0.1
 0.1 0.1
 0.1 0.1
 0.1 0.1
#discard_tot_CV
  0 0
 0 0
 0 0
 0 0
 0 0
 0 0
 0 0
 0 0
 0 0
 0 0
 0 0
 0 0
 0 0
 0 0
 0 0
 0 0
 0 0
 0 0
 0 0
 0 0
 0 0
 0 0
 0 0
 0 0
 0 0
 0 0
 0 0
 0 0
 0 0
 0 0
 0 0
 0 0
 0 0
 0 0
 0 0
 0 0
 0 0
 0 0
 0 0
 0 0
 0 0
 0 0
 0 0
#input_eff_samp_size_catch_ini
  13 29
 13 29
 13 29
 13 29
 13 29
 13 29
 13 29
 13 29
 13 29
 13 29
 13 29
 13 29
 13 29
 13 29
 13 29
 13 29
 13 29
 13 29
 13 29
 13 29
 60 29
 60 29
 60 29
 60 29
 60 29
 60 29
 60 29
 60 29
 60 29
 60 29
 60 5
 60 5
 60 5
 60 5
 60 5
 60 5
 60 5
 60 5
 60 5
 60 5
 60 5
 60 5
 60 5
#input_eff_samp_size_discard_ini
  0 0
 0 0
 0 0
 0 0
 0 0
 0 0
 0 0
 0 0
 0 0
 0 0
 0 0
 0 0
 0 0
 0 0
 0 0
 0 0
 0 0
 0 0
 0 0
 0 0
 0 0
 0 0
 0 0
 0 0
 0 0
 0 0
 0 0
 0 0
 0 0
 0 0
 0 0
 0 0
 0 0
 0 0
 0 0
 0 0
 0 0
 0 0
 0 0
 0 0
 0 0
 0 0
 0 0
#lambda_Fmult_year1
  0 0
#Fmult_year1_CV
  1 1
#lambda_Fmult_devs
  0 0
#Fmult_devs_CV
  1 1
#lambda_N_year1_devs
 1
#N_year1_CV
 0.8
#lambda_recruit_devs
 1
#lambda_q_year1_ini
  0 0 0 0 0 0 0 0
#q_year1_CV_ini
  1 1 1 1 1 1 1 1
#lambda_q_devs_ini
  0 0 0 0 0 0 0 0
#q_devs_CV_ini
  1 1 1 1 1 1 1 1
#lambda_steepness
 0
#steepness_CV
 1
#lambda_SR_scaler
 0
#SR_scaler_CV
 1
#NAA_year1_flag
 2
#NAA_year1_ini
  3.6425e+006 8.25736e+006 1.22627e+006 1.41732e+006 2.46078e+006 96214 80000 688883
#Fmult_year1_ini
  0.4 0.1
#q_year1_iniavail
  1.125e-007 1.125e-007 1.125e-007 1.125e-007 1.125e-007 1.125e-007 1.125e-007 0.8
#is_SR_scaler_R
 0
#SR_scaler_ini
 2e+006
#SR_steepness_ini
 0.99
#Fmult_max_value
 5
#ignore_guesses
 0
#do_projections
 0
#directed_fleet
  1 1
#nfinalyear
 2008
#project_ini
  2008 -1 3 -99 1
#doMCMC
 0
#MCMCnyear_opt
 0
#MCMCnboot
 0
#MCMCnthin
 0
#MCMCseed
 0
#fillR_opt
 2
#Ravg_start
 0
#Ravg_end
 0
#make_Rfile
 1
#test_value
 -23456
